
Gurobi 9.1.2 (win64, Java) logging started Sat Dec 18 01:51:23 2021

Academic license - for non-commercial use only - expires 2022-09-02
Gurobi Optimizer version 9.1.2 build v9.1.2rc0 (win64)
Thread count: 4 physical cores, 8 logical processors, using up to 8 threads
Optimize a model with 294050 rows, 750 columns and 882750 nonzeros
Model fingerprint: 0xa796728a
Variable types: 0 continuous, 750 integer (750 binary)
Coefficient statistics:
  Matrix range     [1e+00, 1e+00]
  Objective range  [1e+00, 1e+00]
  Bounds range     [1e+00, 1e+00]
  RHS range        [1e+00, 1e+00]
Found heuristic solution: objective 3.0000000
Presolve time: 1.30s
Presolved: 294050 rows, 750 columns, 882750 nonzeros
Variable types: 0 continuous, 750 integer (750 binary)

Starting sifting (using dual simplex for sub-problems)...

    Iter     Pivots    Primal Obj      Dual Obj        Time
       0         50    -infinity     -3.0000000e+00      2s
       1        149  -4.8500618e+01  -2.5757135e+01      2s

Sifting complete


Root relaxation: objective 2.725000e+01, 779 iterations, 0.93 seconds

    Nodes    |    Current Node    |     Objective Bounds      |     Work
 Expl Unexpl |  Obj  Depth IntInf | Incumbent    BestBd   Gap | It/Node Time

     0     0   27.25000    0   98    3.00000   27.25000   808%     -    3s
H    0     0                      19.0000000   27.25000  43.4%     -    3s
     0     0   26.21452    0  131   19.00000   26.21452  38.0%     -    8s
     0     0   26.17586    0  134   19.00000   26.17586  37.8%     -    9s
     0     0   26.17339    0  134   19.00000   26.17339  37.8%     -   10s
     0     0   26.17339    0  131   19.00000   26.17339  37.8%     -   10s
     0     0   24.94474    0  156   19.00000   24.94474  31.3%     -   14s
     0     0   24.66392    0  163   19.00000   24.66392  29.8%     -   15s
     0     0   24.54237    0  167   19.00000   24.54237  29.2%     -   16s
     0     0   24.51483    0  167   19.00000   24.51483  29.0%     -   17s
     0     0   24.51340    0  175   19.00000   24.51340  29.0%     -   18s
     0     0   24.51340    0  175   19.00000   24.51340  29.0%     -   18s
     0     0   23.59448    0  171   19.00000   23.59448  24.2%     -   22s
H    0     0                      20.0000000   23.59448  18.0%     -   23s
H    0     0                      21.0000000   23.59448  12.4%     -   23s
     0     0   23.29849    0  182   21.00000   23.29849  10.9%     -   24s
     0     0   23.26234    0  182   21.00000   23.26234  10.8%     -   25s
     0     0   23.25412    0  176   21.00000   23.25412  10.7%     -   26s
     0     0   23.25027    0  175   21.00000   23.25027  10.7%     -   26s
     0     0   23.24849    0  174   21.00000   23.24849  10.7%     -   27s
     0     0   23.24816    0  174   21.00000   23.24816  10.7%     -   27s
     0     0   22.91482    0  175   21.00000   22.91482  9.12%     -   30s
     0     0   22.87699    0  182   21.00000   22.87699  8.94%     -   31s
     0     0   22.85021    0  182   21.00000   22.85021  8.81%     -   32s
     0     0   22.83832    0  186   21.00000   22.83832  8.75%     -   32s
     0     0   22.83291    0  182   21.00000   22.83291  8.73%     -   33s
     0     0   22.83254    0  182   21.00000   22.83254  8.73%     -   33s
     0     0   22.73881    0  187   21.00000   22.73881  8.28%     -   35s
     0     0   22.72460    0  193   21.00000   22.72460  8.21%     -   36s
     0     0   22.71527    0  211   21.00000   22.71527  8.17%     -   37s
     0     0   22.71208    0  218   21.00000   22.71208  8.15%     -   37s
     0     0   22.71122    0  217   21.00000   22.71122  8.15%     -   38s
     0     0   22.71107    0  218   21.00000   22.71107  8.15%     -   38s
     0     0   22.63411    0  184   21.00000   22.63411  7.78%     -   41s
     0     0   22.60679    0  181   21.00000   22.60679  7.65%     -   42s
     0     0   22.59769    0  189   21.00000   22.59769  7.61%     -   42s
     0     0   22.59729    0  196   21.00000   22.59729  7.61%     -   43s
     0     0   22.57198    0  202   21.00000   22.57198  7.49%     -   45s
     0     0   22.56697    0  205   21.00000   22.56697  7.46%     -   46s
     0     0   22.56618    0  201   21.00000   22.56618  7.46%     -   46s
     0     0   22.56593    0  200   21.00000   22.56593  7.46%     -   47s
     0     0   22.55185    0  204   21.00000   22.55185  7.39%     -   50s
     0     0   22.54008    0  201   21.00000   22.54008  7.33%     -   50s
     0     0   22.53827    0  204   21.00000   22.53827  7.33%     -   51s
     0     0   22.53696    0  194   21.00000   22.53696  7.32%     -   52s
     0     0   22.53388    0  215   21.00000   22.53388  7.30%     -   52s
     0     0   22.53295    0  206   21.00000   22.53295  7.30%     -   53s
     0     0   22.53293    0  215   21.00000   22.53293  7.30%     -   53s
     0     0   22.49195    0  198   21.00000   22.49195  7.10%     -   55s
     0     0   22.48619    0  195   21.00000   22.48619  7.08%     -   56s
     0     0   22.48512    0  200   21.00000   22.48512  7.07%     -   57s
     0     0   22.48481    0  198   21.00000   22.48481  7.07%     -   57s
     0     0   22.47796    0  189   21.00000   22.47796  7.04%     -   59s
     0     0   22.47572    0  194   21.00000   22.47572  7.03%     -   60s
     0     0   22.47377    0  198   21.00000   22.47377  7.02%     -   60s
     0     0   22.47262    0  212   21.00000   22.47262  7.01%     -   60s
     0     0   22.47226    0  215   21.00000   22.47226  7.01%     -   61s
     0     0   22.46920    0  167   21.00000   22.46920  7.00%     -   63s
H    0     0                      22.0000000   22.46920  2.13%     -   64s
     0     0   22.46920    0  167   22.00000   22.46920  2.13%     -   64s

Cutting planes:
  Gomory: 8
  MIR: 62
  Zero half: 47
  RLT: 38
  BQP: 42

Explored 1 nodes (5186 simplex iterations) in 64.07 seconds
Thread count was 8 (of 8 available processors)

Solution count 5: 22 21 20 ... 3

Optimal solution found (tolerance 1.00e-04)
Best objective 2.200000000000e+01, best bound 2.200000000000e+01, gap 0.0000%
