
Gurobi 9.1.2 (win64, Java) logging started Sat Dec 18 01:50:07 2021

Academic license - for non-commercial use only - expires 2022-09-02
Gurobi Optimizer version 9.1.2 build v9.1.2rc0 (win64)
Thread count: 4 physical cores, 8 logical processors, using up to 8 threads
Optimize a model with 196050 rows, 500 columns and 588500 nonzeros
Model fingerprint: 0xb34d2323
Variable types: 0 continuous, 500 integer (500 binary)
Coefficient statistics:
  Matrix range     [1e+00, 1e+00]
  Objective range  [1e+00, 1e+00]
  Bounds range     [1e+00, 1e+00]
  RHS range        [1e+00, 1e+00]
Found heuristic solution: objective 1.0000000
Presolve time: 1.31s
Presolved: 196050 rows, 500 columns, 588500 nonzeros
Variable types: 0 continuous, 500 integer (500 binary)

Starting sifting (using dual simplex for sub-problems)...

    Iter     Pivots    Primal Obj      Dual Obj        Time
       0         50    -infinity     -1.0000000e+00      2s
       1        101  -5.0000000e+01  -2.5507373e+01      2s

Sifting complete


Root relaxation: objective 2.800000e+01, 539 iterations, 0.89 seconds

    Nodes    |    Current Node    |     Objective Bounds      |     Work
 Expl Unexpl |  Obj  Depth IntInf | Incumbent    BestBd   Gap | It/Node Time

     0     0   28.00000    0   98    1.00000   28.00000  2700%     -    3s
H    0     0                      15.0000000   28.00000  86.7%     -    3s
H    0     0                      16.0000000   28.00000  75.0%     -    3s
     0     0   26.28708    0  162   16.00000   26.28708  64.3%     -   10s
H    0     0                      17.0000000   26.28708  54.6%     -   10s
     0     0   26.28708    0  162   17.00000   26.28708  54.6%     -   11s
     0     0   24.65204    0  170   17.00000   24.65204  45.0%     -   17s
H    0     0                      18.0000000   24.65204  37.0%     -   18s
H    0     0                      19.0000000   24.65204  29.7%     -   18s
     0     0   24.30445    0  174   19.00000   24.30445  27.9%     -   20s
     0     0   24.19414    0  176   19.00000   24.19414  27.3%     -   21s
     0     0   24.18806    0  176   19.00000   24.18806  27.3%     -   22s
     0     0   24.18326    0  175   19.00000   24.18326  27.3%     -   23s
     0     0   24.18128    0  180   19.00000   24.18128  27.3%     -   23s
     0     0   24.18044    0  180   19.00000   24.18044  27.3%     -   24s
     0     0   24.18012    0  181   19.00000   24.18012  27.3%     -   24s
     0     0   23.30499    0  177   19.00000   23.30499  22.7%     -   31s
     0     0   23.11302    0  178   19.00000   23.11302  21.6%     -   34s
     0     0   23.09348    0  185   19.00000   23.09348  21.5%     -   34s
     0     0   23.08404    0  194   19.00000   23.08404  21.5%     -   35s
     0     0   23.08354    0  196   19.00000   23.08354  21.5%     -   35s
     0     0   23.08017    0  184   19.00000   23.08017  21.5%     -   36s
     0     0   23.07813    0  188   19.00000   23.07813  21.5%     -   36s
     0     0   23.07782    0  192   19.00000   23.07782  21.5%     -   36s
     0     0   22.64101    0  171   19.00000   22.64101  19.2%     -   40s
     0     0   22.47343    0  188   19.00000   22.47343  18.3%     -   41s
     0     0   22.44082    0  205   19.00000   22.44082  18.1%     -   41s
     0     0   22.43493    0  211   19.00000   22.43493  18.1%     -   42s
     0     0   22.43110    0  215   19.00000   22.43110  18.1%     -   42s
     0     0   22.42882    0  212   19.00000   22.42882  18.0%     -   43s
     0     0   22.42651    0  213   19.00000   22.42651  18.0%     -   43s
     0     0   22.42622    0  208   19.00000   22.42622  18.0%     -   43s
     0     0   22.30919    0  201   19.00000   22.30919  17.4%     -   46s
     0     0   22.27863    0  197   19.00000   22.27863  17.3%     -   47s
     0     0   22.26787    0  212   19.00000   22.26787  17.2%     -   47s
     0     0   22.25568    0  207   19.00000   22.25568  17.1%     -   48s
     0     0   22.24815    0  212   19.00000   22.24815  17.1%     -   48s
     0     0   22.24635    0  208   19.00000   22.24635  17.1%     -   49s
     0     0   22.24357    0  214   19.00000   22.24357  17.1%     -   49s
     0     0   22.24318    0  214   19.00000   22.24318  17.1%     -   49s
     0     0   22.21509    0  194   19.00000   22.21509  16.9%     -   52s
     0     0   22.19993    0  209   19.00000   22.19993  16.8%     -   53s
     0     0   22.19250    0  214   19.00000   22.19250  16.8%     -   54s
     0     0   22.18565    0  214   19.00000   22.18565  16.8%     -   54s
     0     0   22.18375    0  212   19.00000   22.18375  16.8%     -   55s
     0     0   22.18295    0  216   19.00000   22.18295  16.8%     -   55s
     0     0   22.18263    0  217   19.00000   22.18263  16.8%     -   55s
     0     0   22.16490    0  213   19.00000   22.16490  16.7%     -   57s
H    0     0                      20.0000000   22.16490  10.8%     -   58s
     0     0   22.15773    0  217   20.00000   22.15773  10.8%     -   58s
     0     0   22.15366    0  222   20.00000   22.15366  10.8%     -   59s
     0     0   22.15162    0  220   20.00000   22.15162  10.8%     -   59s
     0     0   22.15072    0  218   20.00000   22.15072  10.8%     -   59s
     0     0   22.15036    0  222   20.00000   22.15036  10.8%     -   60s
     0     0   22.11267    0  209   20.00000   22.11267  10.6%     -   62s
     0     0   22.08776    0  216   20.00000   22.08776  10.4%     -   63s
     0     0   22.07588    0  218   20.00000   22.07588  10.4%     -   63s
     0     0   22.07064    0  219   20.00000   22.07064  10.4%     -   64s
     0     0   22.06745    0  222   20.00000   22.06745  10.3%     -   64s
     0     0   22.06675    0  224   20.00000   22.06675  10.3%     -   64s
     0     0   22.06630    0  227   20.00000   22.06630  10.3%     -   65s
     0     0   22.03932    0  208   20.00000   22.03932  10.2%     -   67s
     0     0   22.02513    0  217   20.00000   22.02513  10.1%     -   68s
     0     0   22.02421    0  199   20.00000   22.02421  10.1%     -   68s
     0     0   22.02318    0  223   20.00000   22.02318  10.1%     -   68s
     0     0   22.02318    0  231   20.00000   22.02318  10.1%     -   69s
     0     0   22.00126    0  203   20.00000   22.00126  10.0%     -   71s
     0     0   21.99474    0  210   20.00000   21.99474  10.0%     -   72s
     0     0   21.99252    0  168   20.00000   21.99252  10.0%     -   72s
     0     0   21.99252    0  169   20.00000   21.99252  10.0%     -   72s
     0     0   21.98677    0  180   20.00000   21.98677  9.93%     -   74s
H    0     0                      21.0000000   21.98677  4.70%     -   74s
     0     0   21.98677    0  180   21.00000   21.98677  4.70%     -   74s

Cutting planes:
  Gomory: 1
  Cover: 1
  MIR: 94
  Zero half: 39
  RLT: 21
  BQP: 40

Explored 1 nodes (8068 simplex iterations) in 74.76 seconds
Thread count was 8 (of 8 available processors)

Solution count 8: 21 20 19 ... 1

Optimal solution found (tolerance 1.00e-04)
Best objective 2.100000000000e+01, best bound 2.100000000000e+01, gap 0.0000%
