
Gurobi 9.1.2 (win64, Java) logging started Sat Dec 18 06:56:56 2021

Academic license - for non-commercial use only - expires 2022-09-02
Gurobi Optimizer version 9.1.2 build v9.1.2rc0 (win64)
Thread count: 4 physical cores, 8 logical processors, using up to 8 threads
Optimize a model with 1617100 rows, 1000 columns and 4852000 nonzeros
Model fingerprint: 0x72f5795a
Variable types: 0 continuous, 1000 integer (1000 binary)
Coefficient statistics:
  Matrix range     [1e+00, 1e+00]
  Objective range  [1e+00, 1e+00]
  Bounds range     [1e+00, 1e+00]
  RHS range        [1e+00, 1e+00]
Found heuristic solution: objective 10.0000000
Presolve removed 0 rows and 0 columns (presolve time = 5s) ...
Presolve time: 7.04s
Presolved: 1617100 rows, 1000 columns, 4852000 nonzeros
Variable types: 0 continuous, 1000 integer (1000 binary)

Root simplex log...

Iteration    Objective       Primal Inf.    Dual Inf.      Time
       0    1.0000000e+02   0.000000e+00   1.424700e+04     13s
     927    6.2411205e+01   0.000000e+00   6.016467e+06     15s
    2767    6.0504573e+01   0.000000e+00   5.748167e+04     20s
    4722    5.8343492e+01   0.000000e+00   2.399873e+04     25s
    6562    5.6787724e+01   0.000000e+00   2.846429e+04     30s
    8287    5.5717813e+01   0.000000e+00   7.758987e+06     35s
    9552    5.5147734e+01   0.000000e+00   4.188055e+04     40s
   11047    5.4810601e+01   0.000000e+00   6.385650e+04     45s
   12542    5.4409588e+01   0.000000e+00   1.750009e+05     50s
   13807    5.4009119e+01   0.000000e+00   5.117233e+03     56s
   13946    5.4000000e+01   0.000000e+00   0.000000e+00     57s
   13946    5.4000000e+01   0.000000e+00   0.000000e+00     57s

Root relaxation: objective 5.400000e+01, 13946 iterations, 48.55 seconds
Total elapsed time = 63.91s

    Nodes    |    Current Node    |     Objective Bounds      |     Work
 Expl Unexpl |  Obj  Depth IntInf | Incumbent    BestBd   Gap | It/Node Time

     0     0   54.00000    0  200   10.00000   54.00000   440%     -   67s
H    0     0                      20.0000000   54.00000   170%     -   67s
     0     0   48.95645    0  367   20.00000   48.95645   145%     -  362s
     0     0   48.94552    0  362   20.00000   48.94552   145%     -  376s
     0     0   48.93699    0  362   20.00000   48.93699   145%     -  381s
     0     0   48.93569    0  400   20.00000   48.93569   145%     -  385s
     0     0   48.93530    0  400   20.00000   48.93530   145%     -  387s
     0     0   45.17934    0  451   20.00000   45.17934   126%     -  601s
     0     0   44.56019    0  445   20.00000   44.56019   123%     -  661s
     0     0   44.44453    0  429   20.00000   44.44453   122%     -  680s
     0     0   44.38032    0  435   20.00000   44.38032   122%     -  693s
     0     0   44.35966    0  457   20.00000   44.35966   122%     -  702s
     0     0   44.34378    0  467   20.00000   44.34378   122%     -  711s
     0     0   44.33876    0  466   20.00000   44.33876   122%     -  716s
     0     0   44.33530    0  466   20.00000   44.33530   122%     -  720s
     0     0   44.33425    0  472   20.00000   44.33425   122%     -  724s
     0     0   44.33381    0  471   20.00000   44.33381   122%     -  727s
     0     0   41.92688    0  478   20.00000   41.92688   110%     -  925s
H    0     0                      22.0000000   41.92688  90.6%     -  927s
H    0     0                      26.0000000   41.92688  61.3%     -  931s
     0     0   41.49562    0  512   26.00000   41.49562  59.6%     -  988s
     0     0   41.38713    0  517   26.00000   41.38713  59.2%     - 1015s
     0     0   41.34221    0  529   26.00000   41.34221  59.0%     - 1032s
     0     0   41.32453    0  520   26.00000   41.32453  58.9%     - 1043s
     0     0   41.32158    0  527   26.00000   41.32158  58.9%     - 1048s
     0     0   41.31870    0  532   26.00000   41.31870  58.9%     - 1053s
     0     0   41.31595    0  528   26.00000   41.31595  58.9%     - 1058s
     0     0   41.31538    0  535   26.00000   41.31538  58.9%     - 1062s
     0     0   40.48530    0  493   26.00000   40.48530  55.7%     - 1194s
     0     0   40.19113    0  521   26.00000   40.19113  54.6%     - 1253s
     0     0   40.12948    0  525   26.00000   40.12948  54.3%     - 1274s
     0     0   40.10138    0  517   26.00000   40.10138  54.2%     - 1289s
     0     0   40.08948    0  534   26.00000   40.08948  54.2%     - 1298s
     0     0   40.08167    0  531   26.00000   40.08167  54.2%     - 1306s
     0     0   40.07342    0  527   26.00000   40.07342  54.1%     - 1314s
     0     0   40.07019    0  531   26.00000   40.07019  54.1%     - 1320s
     0     0   40.06972    0  522   26.00000   40.06972  54.1%     - 1323s
     0     0   39.99985    0  523   26.00000   39.99985  53.8%     - 1358s
     0     0   39.96534    0  543   26.00000   39.96534  53.7%     - 1376s
     0     0   39.94546    0  543   26.00000   39.94546  53.6%     - 1387s
     0     0   39.93077    0  551   26.00000   39.93077  53.6%     - 1398s
     0     0   39.92322    0  550   26.00000   39.92322  53.6%     - 1407s
     0     0   39.91953    0  551   26.00000   39.91953  53.5%     - 1414s
     0     0   39.91871    0  562   26.00000   39.91871  53.5%     - 1420s
     0     0   39.85622    0  545   26.00000   39.85622  53.3%     - 1458s
     0     0   39.81159    0  531   26.00000   39.81159  53.1%     - 1481s
     0     0   39.79843    0  539   26.00000   39.79843  53.1%     - 1492s
     0     0   39.78867    0  550   26.00000   39.78867  53.0%     - 1502s
     0     0   39.78356    0  563   26.00000   39.78356  53.0%     - 1509s
     0     0   39.78006    0  555   26.00000   39.78006  53.0%     - 1516s
     0     0   39.77871    0  577   26.00000   39.77871  53.0%     - 1521s
     0     0   39.69986    0  543   26.00000   39.69986  52.7%     - 1562s
     0     0   39.66018    0  556   26.00000   39.66018  52.5%     - 1588s
     0     0   39.64246    0  575   26.00000   39.64246  52.5%     - 1600s
     0     0   39.63641    0  596   26.00000   39.63641  52.4%     - 1610s
     0     0   39.63258    0  592   26.00000   39.63258  52.4%     - 1617s
     0     0   39.63110    0  600   26.00000   39.63110  52.4%     - 1622s
     0     0   39.63052    0  600   26.00000   39.63052  52.4%     - 1626s
     0     0   39.58559    0  573   26.00000   39.58559  52.3%     - 1666s
     0     0   39.57223    0  591   26.00000   39.57223  52.2%     - 1680s
     0     0   39.56446    0  579   26.00000   39.56446  52.2%     - 1691s
     0     0   39.55950    0  606   26.00000   39.55950  52.2%     - 1699s
     0     0   39.55630    0  610   26.00000   39.55630  52.1%     - 1705s
     0     0   39.55415    0  604   26.00000   39.55415  52.1%     - 1710s
     0     0   39.55254    0  603   26.00000   39.55254  52.1%     - 1716s
     0     0   39.55117    0  605   26.00000   39.55117  52.1%     - 1720s
     0     0   39.51187    0  575   26.00000   39.51187  52.0%     - 1755s
H    0     0                      27.0000000   39.51187  46.3%     - 1761s
     0     0   39.48748    0  622   27.00000   39.48748  46.2%     - 1778s
     0     0   39.47970    0  613   27.00000   39.47970  46.2%     - 1786s
     0     0   39.47516    0  622   27.00000   39.47516  46.2%     - 1794s
     0     0          -    0        27.00000   39.47516  46.2%     - 1800s

Cutting planes:
  Gomory: 2
  Cover: 6
  MIR: 289
  Zero half: 283
  RLT: 58
  BQP: 136

Explored 1 nodes (77932 simplex iterations) in 1800.20 seconds
Thread count was 8 (of 8 available processors)

Solution count 5: 27 26 22 ... 10

Time limit reached
Best objective 2.700000000000e+01, best bound 3.900000000000e+01, gap 44.4444%
