
Gurobi 9.1.2 (win64, Java) logging started Sat Dec 18 08:27:15 2021

Academic license - for non-commercial use only - expires 2022-09-02
Gurobi Optimizer version 9.1.2 build v9.1.2rc0 (win64)
Thread count: 4 physical cores, 8 logical processors, using up to 8 threads
Optimize a model with 1588875 rows, 625 columns and 4766875 nonzeros
Model fingerprint: 0x5aa42993
Variable types: 0 continuous, 625 integer (625 binary)
Coefficient statistics:
  Matrix range     [1e+00, 1e+00]
  Objective range  [1e+00, 1e+00]
  Bounds range     [1e+00, 1e+00]
  RHS range        [1e+00, 1e+00]
Found heuristic solution: objective 27.0000000
Presolve removed 0 rows and 0 columns (presolve time = 6s) ...
Presolve time: 5.56s
Presolved: 1588875 rows, 625 columns, 4766875 nonzeros
Variable types: 0 continuous, 625 integer (625 binary)

Root simplex log...

Iteration    Objective       Primal Inf.    Dual Inf.      Time
       0    1.2500000e+02   0.000000e+00   5.108200e+04     11s
    1594    8.8283541e+01   0.000000e+00   1.327242e+06     15s
    3304    8.6205830e+01   0.000000e+00   3.738487e+06     20s
    5014    8.3356557e+01   0.000000e+00   4.510417e+04     25s
    6838    8.1975490e+01   0.000000e+00   1.109477e+05     30s
    8548    8.0254714e+01   0.000000e+00   3.761249e+05     35s
   10258    7.8766821e+01   0.000000e+00   8.043833e+04     40s
   11398    7.8414804e+01   0.000000e+00   9.945409e+06     45s
   13222    7.6569117e+01   0.000000e+00   1.079904e+05     51s
   14704    7.4939597e+01   0.000000e+00   2.175109e+04     55s
   16128    7.3503552e+01   0.000000e+00   3.782245e+05     61s
   17316    7.2692315e+01   0.000000e+00   3.321347e+05     65s
   18816    7.1416739e+01   0.000000e+00   2.157302e+04     70s
   20526    7.0930326e+01   0.000000e+00   4.671525e+06     75s
   23388    7.0244405e+01   0.000000e+00   5.073005e+03     80s
   24678    7.0000000e+01   0.000000e+00   0.000000e+00     83s
   24678    7.0000000e+01   0.000000e+00   0.000000e+00     84s

Root relaxation: objective 7.000000e+01, 24678 iterations, 76.63 seconds
Total elapsed time = 90.85s

    Nodes    |    Current Node    |     Objective Bounds      |     Work
 Expl Unexpl |  Obj  Depth IntInf | Incumbent    BestBd   Gap | It/Node Time

     0     0   70.00000    0  250   27.00000   70.00000   159%     -   94s
H    0     0                      34.0000000   70.00000   106%     -   95s
     0     0   62.80267    0  455   34.00000   62.80267  84.7%     -  398s
     0     0   62.79075    0  452   34.00000   62.79075  84.7%     -  412s
     0     0   62.78675    0  452   34.00000   62.78675  84.7%     -  419s
     0     0   62.78669    0  452   34.00000   62.78669  84.7%     -  421s
     0     0   58.83260    0  474   34.00000   58.83260  73.0%     -  841s
     0     0   58.34531    0  473   34.00000   58.34531  71.6%     -  906s
     0     0   58.11792    0  502   34.00000   58.11792  70.9%     -  946s
     0     0   58.04859    0  492   34.00000   58.04859  70.7%     -  964s
     0     0   58.02490    0  508   34.00000   58.02490  70.7%     -  972s
     0     0   58.02179    0  511   34.00000   58.02179  70.7%     -  977s
     0     0   58.01636    0  500   34.00000   58.01636  70.6%     -  983s
     0     0   58.01270    0  519   34.00000   58.01270  70.6%     -  987s
     0     0   58.01111    0  510   34.00000   58.01111  70.6%     -  991s
     0     0   58.00991    0  510   34.00000   58.00991  70.6%     -  996s
     0     0   58.00908    0  507   34.00000   58.00908  70.6%     - 1000s
     0     0   56.20065    0  509   34.00000   56.20065  65.3%     - 1221s
H    0     0                      37.0000000   56.20065  51.9%     - 1223s
H    0     0                      43.0000000   56.20065  30.7%     - 1224s
     0     0   55.80169    0  518   43.00000   55.80169  29.8%     - 1281s
     0     0   55.68423    0  509   43.00000   55.68423  29.5%     - 1304s
     0     0   55.63176    0  513   43.00000   55.63176  29.4%     - 1324s
     0     0   55.60909    0  521   43.00000   55.60909  29.3%     - 1334s
     0     0   55.59701    0  525   43.00000   55.59701  29.3%     - 1342s
     0     0   55.59164    0  522   43.00000   55.59164  29.3%     - 1349s
     0     0   55.58741    0  528   43.00000   55.58741  29.3%     - 1354s
     0     0   55.58468    0  527   43.00000   55.58468  29.3%     - 1358s
     0     0   55.58247    0  529   43.00000   55.58247  29.3%     - 1362s
     0     0   55.58192    0  528   43.00000   55.58192  29.3%     - 1366s
     0     0   55.17692    0  519   43.00000   55.17692  28.3%     - 1443s
     0     0   55.00950    0  539   43.00000   55.00950  27.9%     - 1485s
     0     0   54.93551    0  545   43.00000   54.93551  27.8%     - 1507s
     0     0   54.88587    0  545   43.00000   54.88587  27.6%     - 1527s
     0     0   54.87209    0  551   43.00000   54.87209  27.6%     - 1536s
     0     0   54.85776    0  550   43.00000   54.85776  27.6%     - 1545s
     0     0   54.85402    0  551   43.00000   54.85402  27.6%     - 1551s
     0     0   54.85071    0  554   43.00000   54.85071  27.6%     - 1556s
     0     0   54.84555    0  554   43.00000   54.84555  27.5%     - 1563s
     0     0   54.84405    0  550   43.00000   54.84405  27.5%     - 1567s
     0     0   54.84329    0  554   43.00000   54.84329  27.5%     - 1571s
     0     0   54.77753    0  550   43.00000   54.77753  27.4%     - 1617s
     0     0   54.71472    0  545   43.00000   54.71472  27.2%     - 1638s
     0     0   54.67001    0  554   43.00000   54.67001  27.1%     - 1656s
     0     0   54.65304    0  562   43.00000   54.65304  27.1%     - 1667s
     0     0   54.64206    0  559   43.00000   54.64206  27.1%     - 1676s
     0     0   54.63757    0  554   43.00000   54.63757  27.1%     - 1683s
     0     0   54.63546    0  559   43.00000   54.63546  27.1%     - 1688s
     0     0   54.63294    0  559   43.00000   54.63294  27.1%     - 1693s
     0     0   54.63138    0  563   43.00000   54.63138  27.0%     - 1697s
     0     0   54.62887    0  562   43.00000   54.62887  27.0%     - 1703s
     0     0   54.62773    0  561   43.00000   54.62773  27.0%     - 1706s
     0     0   54.60451    0  553   43.00000   54.60451  27.0%     - 1740s
     0     0   54.57582    0  551   43.00000   54.57582  26.9%     - 1759s
     0     0   54.55796    0  553   43.00000   54.55796  26.9%     - 1772s
     0     0   54.53905    0  555   43.00000   54.53905  26.8%     - 1783s
     0     0   54.53077    0  566   43.00000   54.53077  26.8%     - 1794s
     0     0          -    0        43.00000   54.53077  26.8%     - 1800s

Cutting planes:
  Cover: 1
  MIR: 464
  Zero half: 228
  RLT: 171
  BQP: 76

Explored 1 nodes (63659 simplex iterations) in 1800.20 seconds
Thread count was 8 (of 8 available processors)

Solution count 4: 43 37 34 27 

Time limit reached
Best objective 4.300000000000e+01, best bound 5.400000000000e+01, gap 25.5814%
