
Gurobi 9.1.2 (win64, Java) logging started Sat Dec 18 02:30:47 2021

Academic license - for non-commercial use only - expires 2022-09-02
Gurobi Optimizer version 9.1.2 build v9.1.2rc0 (win64)
Thread count: 4 physical cores, 8 logical processors, using up to 8 threads
Optimize a model with 1350575 rows, 1500 columns and 4053000 nonzeros
Model fingerprint: 0x86d64396
Variable types: 0 continuous, 1500 integer (1500 binary)
Coefficient statistics:
  Matrix range     [1e+00, 1e+00]
  Objective range  [1e+00, 1e+00]
  Bounds range     [1e+00, 1e+00]
  RHS range        [1e+00, 1e+00]
Found heuristic solution: objective 5.0000000
Presolve removed 0 rows and 0 columns (presolve time = 6s) ...
Presolve time: 5.73s
Presolved: 1350575 rows, 1500 columns, 4053000 nonzeros
Variable types: 0 continuous, 1500 integer (1500 binary)

Root simplex log...

Iteration    Objective       Primal Inf.    Dual Inf.      Time
       0    7.5000000e+01   0.000000e+00   2.908000e+03     10s
   32618    4.0473397e+01   0.000000e+00   2.574470e+05     16s
   38873    4.0250000e+01   0.000000e+00   0.000000e+00     17s
   38873    4.0250000e+01   0.000000e+00   0.000000e+00     17s

Root relaxation: objective 4.025000e+01, 38873 iterations, 10.27 seconds
Total elapsed time = 33.88s
Total elapsed time = 36.80s

    Nodes    |    Current Node    |     Objective Bounds      |     Work
 Expl Unexpl |  Obj  Depth IntInf | Incumbent    BestBd   Gap | It/Node Time

     0     0   40.25000    0  135    5.00000   40.25000   705%     -   39s
H    0     0                      21.0000000   40.25000  91.7%     -   39s
H    0     0                      23.0000000   40.25000  75.0%     -   40s
     0     0   38.44270    0  228   23.00000   38.44270  67.1%     -   67s
H    0     0                      26.0000000   38.44270  47.9%     -   69s
H    0     0                      28.0000000   38.44270  37.3%     -   70s
     0     0   38.37980    0  222   28.00000   38.37980  37.1%     -   72s
     0     0   38.37581    0  224   28.00000   38.37581  37.1%     -   74s
     0     0   38.37369    0  224   28.00000   38.37369  37.0%     -   76s
     0     0   36.77874    0  237   28.00000   36.77874  31.4%     -   97s
     0     0   36.55832    0  242   28.00000   36.55832  30.6%     -  105s
     0     0   36.47753    0  271   28.00000   36.47753  30.3%     -  109s
     0     0   36.45647    0  265   28.00000   36.45647  30.2%     -  112s
     0     0   36.43788    0  264   28.00000   36.43788  30.1%     -  115s
     0     0   36.43625    0  265   28.00000   36.43625  30.1%     -  118s
     0     0   36.43531    0  264   28.00000   36.43531  30.1%     -  120s
     0     0   35.38781    0  269   28.00000   35.38781  26.4%     -  139s
H    0     0                      29.0000000   35.38781  22.0%     -  141s
     0     0   35.15158    0  286   29.00000   35.15158  21.2%     -  148s
     0     0   35.07444    0  292   29.00000   35.07444  20.9%     -  152s
     0     0   35.01480    0  276   29.00000   35.01480  20.7%     -  157s
     0     0   35.00767    0  282   29.00000   35.00767  20.7%     -  159s
     0     0   35.00293    0  278   29.00000   35.00293  20.7%     -  162s
     0     0   35.00293    0  278   29.00000   35.00293  20.7%     -  164s
     0     0   34.43346    0  289   29.00000   34.43346  18.7%     -  185s
     0     0   34.29747    0  307   29.00000   34.29747  18.3%     -  196s
     0     0   34.23276    0  313   29.00000   34.23276  18.0%     -  202s
     0     0   34.21661    0  315   29.00000   34.21661  18.0%     -  205s
     0     0   34.21424    0  318   29.00000   34.21424  18.0%     -  207s
     0     0   34.21310    0  315   29.00000   34.21310  18.0%     -  209s
     0     0   34.21179    0  317   29.00000   34.21179  18.0%     -  211s
     0     0   34.21167    0  319   29.00000   34.21167  18.0%     -  213s
     0     0   33.87012    0  307   29.00000   33.87012  16.8%     -  232s
     0     0   33.79034    0  306   29.00000   33.79034  16.5%     -  240s
     0     0   33.75932    0  314   29.00000   33.75932  16.4%     -  244s
     0     0   33.74888    0  323   29.00000   33.74888  16.4%     -  247s
     0     0   33.74466    0  344   29.00000   33.74466  16.4%     -  250s
     0     0   33.74232    0  346   29.00000   33.74232  16.4%     -  253s
     0     0   33.73753    0  344   29.00000   33.73753  16.3%     -  255s
     0     0   33.73570    0  351   29.00000   33.73570  16.3%     -  258s
     0     0   33.73564    0  359   29.00000   33.73564  16.3%     -  260s
     0     0   33.47944    0  308   29.00000   33.47944  15.4%     -  277s
     0     0   33.40193    0  319   29.00000   33.40193  15.2%     -  285s
     0     0   33.37218    0  331   29.00000   33.37218  15.1%     -  290s
     0     0   33.35370    0  323   29.00000   33.35370  15.0%     -  294s
     0     0   33.34917    0  314   29.00000   33.34917  15.0%     -  297s
     0     0   33.34827    0  313   29.00000   33.34827  15.0%     -  300s
     0     0   33.34802    0  316   29.00000   33.34802  15.0%     -  302s
     0     0   33.28718    0  315   29.00000   33.28718  14.8%     -  314s
     0     0   33.26366    0  319   29.00000   33.26366  14.7%     -  321s
     0     0   33.25811    0  320   29.00000   33.25811  14.7%     -  323s
     0     0   33.25589    0  325   29.00000   33.25589  14.7%     -  326s
     0     0   33.25550    0  335   29.00000   33.25550  14.7%     -  327s
     0     0   33.22096    0  310   29.00000   33.22096  14.6%     -  339s
     0     0   33.19927    0  303   29.00000   33.19927  14.5%     -  344s
     0     0   33.18936    0  324   29.00000   33.18936  14.4%     -  347s
     0     0   33.18313    0  332   29.00000   33.18313  14.4%     -  350s
     0     0   33.18076    0  343   29.00000   33.18076  14.4%     -  353s
     0     0   33.17986    0  333   29.00000   33.17986  14.4%     -  355s
     0     0   33.17967    0  331   29.00000   33.17967  14.4%     -  357s
     0     0   33.13490    0  305   29.00000   33.13490  14.3%     -  368s
H    0     0                      30.0000000   33.13490  10.4%     -  370s
     0     0   33.12700    0  327   30.00000   33.12700  10.4%     -  373s
     0     0   33.12458    0  323   30.00000   33.12458  10.4%     -  376s
     0     0   33.12150    0  320   30.00000   33.12150  10.4%     -  378s
     0     0   33.12011    0  314   30.00000   33.12011  10.4%     -  380s
     0     0   33.11888    0  335   30.00000   33.11888  10.4%     -  383s
     0     0   33.11880    0  336   30.00000   33.11880  10.4%     -  385s
     0     0   33.09059    0  316   30.00000   33.09059  10.3%     -  396s
     0     0   33.08125    0  339   30.00000   33.08125  10.3%     -  400s
     0     0   33.07741    0  313   30.00000   33.07741  10.3%     -  403s
     0     0   33.07467    0  331   30.00000   33.07467  10.2%     -  405s
     0     0   33.07419    0  340   30.00000   33.07419  10.2%     -  407s
     0     0   33.03983    0  323   30.00000   33.03983  10.1%     -  419s
     0     0   33.02771    0  336   30.00000   33.02771  10.1%     -  423s
     0     0   33.01742    0  349   30.00000   33.01742  10.1%     -  427s
     0     0   33.01466    0  344   30.00000   33.01466  10.0%     -  429s
     0     0   33.01446    0  349   30.00000   33.01446  10.0%     -  432s
     0     0   32.99347    0  348   30.00000   32.99347  10.0%     -  443s
     0     0   32.98575    0  338   30.00000   32.98575  10.0%     -  447s
     0     0   32.97900    0  317   30.00000   32.97900  9.93%     -  451s
     0     0   32.97582    0  335   30.00000   32.97582  9.92%     -  453s
     0     0   32.97519    0  343   30.00000   32.97519  9.92%     -  455s
     0     0   32.96325    0  319   30.00000   32.96325  9.88%     -  466s
     0     0   32.95729    0  365   30.00000   32.95729  9.86%     -  470s
     0     0   32.95232    0  374   30.00000   32.95232  9.84%     -  473s
     0     0   32.95086    0  349   30.00000   32.95086  9.84%     -  475s
     0     0   32.95073    0  377   30.00000   32.95073  9.84%     -  477s
     0     0   32.93904    0  311   30.00000   32.93904  9.80%     -  489s
     0     0   32.93826    0  329   30.00000   32.93826  9.79%     -  493s
     0     0   32.93788    0  338   30.00000   32.93788  9.79%     -  495s
     0     0   32.92519    0  299   30.00000   32.92519  9.75%     -  507s
     0     0   32.92241    0  293   30.00000   32.92241  9.74%     -  511s
     0     0   32.92116    0  299   30.00000   32.92116  9.74%     -  513s
     0     0   32.92090    0  299   30.00000   32.92090  9.74%     -  515s
     0     0   32.90327    0  284   30.00000   32.90327  9.68%     -  523s
     0     0   32.89362    0  279   30.00000   32.89362  9.65%     -  527s
     0     0   32.89131    0  302   30.00000   32.89131  9.64%     -  529s
     0     0   32.89123    0  307   30.00000   32.89123  9.64%     -  531s
     0     0   32.87578    0  275   30.00000   32.87578  9.59%     -  542s
     0     0   32.86138    0  302   30.00000   32.86138  9.54%     -  547s
     0     0   32.85712    0  271   30.00000   32.85712  9.52%     -  549s
     0     0   32.85619    0  292   30.00000   32.85619  9.52%     -  551s
     0     0   32.85573    0  295   30.00000   32.85573  9.52%     -  553s
     0     0   32.84784    0  289   30.00000   32.84784  9.49%     -  562s
     0     0   32.84179    0  292   30.00000   32.84179  9.47%     -  567s
     0     0   32.83866    0  322   30.00000   32.83866  9.46%     -  570s
     0     0   32.83780    0  291   30.00000   32.83780  9.46%     -  572s
     0     0   32.83745    0  327   30.00000   32.83745  9.46%     -  574s
     0     0   32.80183    0  291   30.00000   32.80183  9.34%     -  585s
     0     0   32.80151    0  305   30.00000   32.80151  9.34%     -  589s
     0     0   32.79421    0  287   30.00000   32.79421  9.31%     -  599s
     0     0   32.79055    0  283   30.00000   32.79055  9.30%     -  603s
     0     0   32.79030    0  296   30.00000   32.79030  9.30%     -  605s
     0     0   32.78904    0  306   30.00000   32.78904  9.30%     -  614s
     0     0   32.78873    0  308   30.00000   32.78873  9.30%     -  617s
     0     0   32.76724    0  290   30.00000   32.76724  9.22%     -  627s
     0     0   32.76416    0  312   30.00000   32.76416  9.21%     -  631s
     0     0   32.76006    0  309   30.00000   32.76006  9.20%     -  633s
     0     0   32.75925    0  313   30.00000   32.75925  9.20%     -  635s
     0     0   32.75925    0  315   30.00000   32.75925  9.20%     -  637s
     0     0   32.74916    0  311   30.00000   32.74916  9.16%     -  646s
     0     0   32.74641    0  302   30.00000   32.74641  9.15%     -  650s
     0     0   32.74641    0  308   30.00000   32.74641  9.15%     -  651s
     0     0   32.74029    0  277   30.00000   32.74029  9.13%     -  660s
     0     0   32.73647    0  299   30.00000   32.73647  9.12%     -  664s
     0     0   32.73587    0  284   30.00000   32.73587  9.12%     -  666s
     0     0   32.73457    0  265   30.00000   32.73457  9.12%     -  675s
     0     0   32.73457    0  269   30.00000   32.73457  9.12%     -  678s
     0     0   32.73287    0  288   30.00000   32.73287  9.11%     -  687s
     0     0   32.73287    0  250   30.00000   32.73287  9.11%     -  699s
H    0     0                      31.0000000   32.73287  5.59%     -  711s
     0     2   32.73287    0  250   31.00000   32.73287  5.59%     -  737s
     1     4   32.63063    1  238   31.00000   32.73283  5.59%   323  746s
     3     8   32.45723    2  236   31.00000   32.54608  4.99%   306  759s
     7    10   32.18336    3  215   31.00000   32.45651  4.70%   333  768s
    11     8     cutoff    4        31.00000   32.45651  4.70%   329  776s
    15    12   32.02489    4  231   31.00000   32.45651  4.70%   354  788s
    19    12     cutoff    5        31.00000   32.45651  4.70%   322  793s
    23    14     cutoff    5        31.00000   32.45651  4.70%   288  807s
    29    17   32.32638    4  275   31.00000   32.45651  4.70%   271  820s
    33    19   32.23522    5  240   31.00000   32.45651  4.70%   266  825s
    39    18   32.07652    6  246   31.00000   32.45651  4.70%   244  833s
    46    20     cutoff    6        31.00000   32.45651  4.70%   222  839s
    50    18   32.16722    5  242   31.00000   32.45651  4.70%   219  846s
    56    18   32.12164    6  268   31.00000   32.45651  4.70%   209  861s
    60    13   32.00157    7  255   31.00000   32.45651  4.70%   216  875s
    65    13     cutoff    7        31.00000   32.37026  4.42%   234  899s
    71    11   32.14058    4  249   31.00000   32.37026  4.42%   251  909s
    77    12   32.07398    5  242   31.00000   32.37026  4.42%   246  923s
    82     7   32.02558    6  237   31.00000   32.37026  4.42%   245  937s
    91     2     cutoff    7        31.00000   32.28163  4.13%   234  952s
    98     2   32.06605    5  302   31.00000   32.26680  4.09%   242  963s
   100     2   32.02751    6  277   31.00000   32.06605  3.44%   242  966s

Cutting planes:
  Gomory: 10
  Cover: 1
  MIR: 276
  Zero half: 84
  RLT: 37
  BQP: 180

Explored 104 nodes (83734 simplex iterations) in 968.24 seconds
Thread count was 8 (of 8 available processors)

Solution count 8: 31 30 29 ... 5

Optimal solution found (tolerance 1.00e-04)
Best objective 3.100000000000e+01, best bound 3.100000000000e+01, gap 0.0000%
