
Gurobi 9.1.2 (win64, Java) logging started Sat Dec 18 01:49:42 2021

Academic license - for non-commercial use only - expires 2022-09-02
Gurobi Optimizer version 9.1.2 build v9.1.2rc0 (win64)
Thread count: 4 physical cores, 8 logical processors, using up to 8 threads
Optimize a model with 98050 rows, 250 columns and 294250 nonzeros
Model fingerprint: 0x8edb00cb
Variable types: 0 continuous, 250 integer (250 binary)
Coefficient statistics:
  Matrix range     [1e+00, 1e+00]
  Objective range  [1e+00, 1e+00]
  Bounds range     [1e+00, 1e+00]
  RHS range        [1e+00, 1e+00]
Found heuristic solution: objective 6.0000000
Presolve time: 0.84s
Presolved: 98050 rows, 250 columns, 294250 nonzeros
Variable types: 0 continuous, 250 integer (250 binary)

Starting sifting (using dual simplex for sub-problems)...

    Iter     Pivots    Primal Obj      Dual Obj        Time
       0         50    -infinity     -5.0000000e+00      1s
       1        205  -4.9000304e+01  -5.0463853e+00      2s
       2        265  -4.8001358e+01  -2.6507676e+01      2s
       3       1004  -2.9257960e+01  -2.8906328e+01      2s

Sifting complete


Root relaxation: objective 2.925000e+01, 1212 iterations, 0.65 seconds

    Nodes    |    Current Node    |     Objective Bounds      |     Work
 Expl Unexpl |  Obj  Depth IntInf | Incumbent    BestBd   Gap | It/Node Time

     0     0   29.25000    0   91    6.00000   29.25000   388%     -    2s
H    0     0                      18.0000000   29.25000  62.5%     -    2s
H    0     0                      20.0000000   29.25000  46.3%     -    3s
     0     0   27.98636    0  128   20.00000   27.98636  39.9%     -    9s
     0     0   27.98636    0  124   20.00000   27.98636  39.9%     -   10s
     0     0   26.28876    0  130   20.00000   26.28876  31.4%     -   15s
H    0     0                      22.0000000   26.28876  19.5%     -   16s
     0     0   26.19330    0  134   22.00000   26.19330  19.1%     -   16s
     0     0   26.11696    0  132   22.00000   26.11696  18.7%     -   17s
     0     0   26.08974    0  125   22.00000   26.08974  18.6%     -   18s
     0     0   26.08352    0  129   22.00000   26.08352  18.6%     -   18s
     0     0   26.08352    0  131   22.00000   26.08352  18.6%     -   18s
     0     0   25.57301    0  130   22.00000   25.57301  16.2%     -   20s
H    0     0                      23.0000000   25.57301  11.2%     -   20s
H    0     0                      24.0000000   25.57301  6.55%     -   20s
     0     0   25.53707    0  137   24.00000   25.53707  6.40%     -   21s
     0     0   25.49974    0  115   24.00000   25.49974  6.25%     -   21s
     0     0   25.49304    0  123   24.00000   25.49304  6.22%     -   21s
     0     0   25.49034    0  122   24.00000   25.49034  6.21%     -   21s
     0     0   25.49009    0  124   24.00000   25.49009  6.21%     -   21s
     0     0   25.13585    0  124   24.00000   25.13585  4.73%     -   23s
     0     0     cutoff    0        24.00000   24.00000  0.00%     -   23s

Cutting planes:
  MIR: 95
  Zero half: 38
  RLT: 45
  BQP: 15

Explored 1 nodes (2963 simplex iterations) in 24.00 seconds
Thread count was 8 (of 8 available processors)

Solution count 6: 24 23 22 ... 6

Optimal solution found (tolerance 1.00e-04)
Best objective 2.400000000000e+01, best bound 2.400000000000e+01, gap 0.0000%
