
Gurobi 9.1.2 (win64, Java) logging started Sat Dec 18 07:57:06 2021

Academic license - for non-commercial use only - expires 2022-09-02
Gurobi Optimizer version 9.1.2 build v9.1.2rc0 (win64)
Thread count: 4 physical cores, 8 logical processors, using up to 8 threads
Optimize a model with 3234100 rows, 2000 columns and 9704000 nonzeros
Model fingerprint: 0xb71d13ea
Variable types: 0 continuous, 2000 integer (2000 binary)
Coefficient statistics:
  Matrix range     [1e+00, 1e+00]
  Objective range  [1e+00, 1e+00]
  Bounds range     [1e+00, 1e+00]
  RHS range        [1e+00, 1e+00]
Found heuristic solution: objective 6.0000000
Presolve removed 0 rows and 0 columns (presolve time = 5s) ...
Presolve removed 0 rows and 0 columns (presolve time = 11s) ...
Presolve removed 0 rows and 0 columns (presolve time = 17s) ...
Presolve time: 16.94s
Presolved: 3234100 rows, 2000 columns, 9704000 nonzeros
Variable types: 0 continuous, 2000 integer (2000 binary)

Root simplex log...

Iteration    Objective       Primal Inf.    Dual Inf.      Time
       0    1.0000000e+02   0.000000e+00   7.863000e+03     29s
    6031    6.0974074e+01   0.000000e+00   4.509736e+05     30s
   28644    5.3583333e+01   0.000000e+00   0.000000e+00     35s
   28644    5.3583333e+01   0.000000e+00   0.000000e+00     37s

Root relaxation: objective 5.358333e+01, 28644 iterations, 16.06 seconds
Total elapsed time = 82.30s
Total elapsed time = 89.07s
Total elapsed time = 92.61s

    Nodes    |    Current Node    |     Objective Bounds      |     Work
 Expl Unexpl |  Obj  Depth IntInf | Incumbent    BestBd   Gap | It/Node Time

     0     0   53.58333    0  211    6.00000   53.58333   793%     -   99s
H    0     0                      30.0000000   53.58333  78.6%     -   99s
H    0     0                      34.0000000   53.58333  57.6%     -  100s
     0     0   50.41794    0  296   34.00000   50.41794  48.3%     -  289s
     0     0   50.36704    0  296   34.00000   50.36704  48.1%     -  312s
     0     0   50.35978    0  299   34.00000   50.35978  48.1%     -  319s
     0     0   50.35591    0  312   34.00000   50.35591  48.1%     -  327s
     0     0   50.35580    0  313   34.00000   50.35580  48.1%     -  332s
     0     0   47.46244    0  389   34.00000   47.46244  39.6%     -  464s
     0     0   46.90102    0  383   34.00000   46.90102  37.9%     -  516s
     0     0   46.85922    0  390   34.00000   46.85922  37.8%     -  532s
     0     0   46.85280    0  392   34.00000   46.85280  37.8%     -  542s
     0     0   46.84891    0  388   34.00000   46.84891  37.8%     -  550s
     0     0   46.84458    0  401   34.00000   46.84458  37.8%     -  556s
     0     0   46.84311    0  405   34.00000   46.84311  37.8%     -  562s
     0     0   46.84227    0  407   34.00000   46.84227  37.8%     -  567s
     0     0   46.84214    0  405   34.00000   46.84214  37.8%     -  572s
     0     0   44.16460    0  400   34.00000   44.16460  29.9%     -  712s
     0     0   43.75472    0  426   34.00000   43.75472  28.7%     -  764s
     0     0   43.64477    0  436   34.00000   43.64477  28.4%     -  789s
     0     0   43.61748    0  447   34.00000   43.61748  28.3%     -  804s
     0     0   43.59599    0  459   34.00000   43.59599  28.2%     -  815s
     0     0   43.58697    0  471   34.00000   43.58697  28.2%     -  825s
     0     0   43.58451    0  473   34.00000   43.58451  28.2%     -  833s
     0     0   43.58414    0  474   34.00000   43.58414  28.2%     -  839s
     0     0   42.41003    0  465   34.00000   42.41003  24.7%     -  988s
H    0     0                      35.0000000   42.41003  21.2%     -  994s
     0     0   42.19862    0  479   35.00000   42.19862  20.6%     - 1037s
     0     0   42.13440    0  485   35.00000   42.13440  20.4%     - 1058s
     0     0   42.08528    0  485   35.00000   42.08528  20.2%     - 1080s
     0     0   42.07756    0  488   35.00000   42.07756  20.2%     - 1090s
     0     0   42.05098    0  485   35.00000   42.05098  20.1%     - 1100s
     0     0   42.03705    0  498   35.00000   42.03705  20.1%     - 1111s
     0     0   42.03420    0  497   35.00000   42.03420  20.1%     - 1118s
     0     0   42.03165    0  500   35.00000   42.03165  20.1%     - 1125s
     0     0   42.03140    0  501   35.00000   42.03140  20.1%     - 1130s
     0     0   41.69224    0  483   35.00000   41.69224  19.1%     - 1194s
     0     0   41.63188    0  496   35.00000   41.63188  18.9%     - 1220s
     0     0   41.60489    0  513   35.00000   41.60489  18.9%     - 1237s
     0     0   41.59609    0  519   35.00000   41.59609  18.8%     - 1247s
     0     0   41.59274    0  533   35.00000   41.59274  18.8%     - 1256s
     0     0   41.59200    0  526   35.00000   41.59200  18.8%     - 1261s
     0     0   41.46693    0  494   35.00000   41.46693  18.5%     - 1312s
     0     0   41.42708    0  507   35.00000   41.42708  18.4%     - 1337s
     0     0   41.41020    0  488   35.00000   41.41020  18.3%     - 1349s
     0     0   41.40418    0  520   35.00000   41.40418  18.3%     - 1360s
     0     0   41.40072    0  519   35.00000   41.40072  18.3%     - 1367s
     0     0   41.39973    0  513   35.00000   41.39973  18.3%     - 1373s
     0     0   41.30466    0  481   35.00000   41.30466  18.0%     - 1422s
H    0     0                      36.0000000   41.30466  14.7%     - 1428s
     0     0   41.27280    0  486   36.00000   41.27280  14.6%     - 1448s
     0     0   41.26589    0  520   36.00000   41.26589  14.6%     - 1458s
     0     0   41.25357    0  489   36.00000   41.25357  14.6%     - 1469s
     0     0   41.24948    0  535   36.00000   41.24948  14.6%     - 1480s
     0     0   41.24789    0  517   36.00000   41.24789  14.6%     - 1487s
     0     0   41.24645    0  552   36.00000   41.24645  14.6%     - 1495s
     0     0   41.24477    0  546   36.00000   41.24477  14.6%     - 1502s
     0     0   41.24464    0  550   36.00000   41.24464  14.6%     - 1508s
     0     0   41.15599    0  494   36.00000   41.15599  14.3%     - 1558s
     0     0   41.12339    0  511   36.00000   41.12339  14.2%     - 1580s
     0     0   41.11713    0  511   36.00000   41.11713  14.2%     - 1591s
     0     0   41.11115    0  516   36.00000   41.11115  14.2%     - 1600s
     0     0   41.10867    0  510   36.00000   41.10867  14.2%     - 1609s
     0     0   41.10735    0  514   36.00000   41.10735  14.2%     - 1615s
     0     0   41.10726    0  512   36.00000   41.10726  14.2%     - 1620s
     0     0   41.06000    0  499   36.00000   41.06000  14.1%     - 1659s
     0     0   41.04323    0  505   36.00000   41.04323  14.0%     - 1676s
     0     0   41.03834    0  508   36.00000   41.03834  14.0%     - 1686s
     0     0   41.03685    0  529   36.00000   41.03685  14.0%     - 1693s
     0     0   41.03579    0  531   36.00000   41.03579  14.0%     - 1699s
     0     0   41.01212    0  508   36.00000   41.01212  13.9%     - 1731s
     0     0   41.00134    0  520   36.00000   41.00134  13.9%     - 1749s
     0     0   40.99949    0  512   36.00000   40.99949  13.9%     - 1757s
     0     0   40.99932    0  541   36.00000   40.99932  13.9%     - 1763s
     0     0   40.97208    0  498   36.00000   40.97208  13.8%     - 1798s

Cutting planes:
  Gomory: 9
  Cover: 3
  MIR: 262
  Zero half: 134
  RLT: 30
  BQP: 128

Explored 1 nodes (66866 simplex iterations) in 1800.91 seconds
Thread count was 8 (of 8 available processors)

Solution count 5: 36 35 34 ... 6

Time limit reached
Best objective 3.600000000000e+01, best bound 4.000000000000e+01, gap 11.1111%
