
Gurobi 9.1.2 (win64, Java) logging started Sat Dec 18 02:18:04 2021

Academic license - for non-commercial use only - expires 2022-09-02
Gurobi Optimizer version 9.1.2 build v9.1.2rc0 (win64)
Thread count: 4 physical cores, 8 logical processors, using up to 8 threads
Optimize a model with 1012950 rows, 1125 columns and 3039750 nonzeros
Model fingerprint: 0x00fe87ab
Variable types: 0 continuous, 1125 integer (1125 binary)
Coefficient statistics:
  Matrix range     [1e+00, 1e+00]
  Objective range  [1e+00, 1e+00]
  Bounds range     [1e+00, 1e+00]
  RHS range        [1e+00, 1e+00]
Found heuristic solution: objective 4.0000000
Presolve time: 4.02s
Presolved: 1012950 rows, 1125 columns, 3039750 nonzeros
Variable types: 0 continuous, 1125 integer (1125 binary)

Root simplex log...

Iteration    Objective       Primal Inf.    Dual Inf.      Time
       0    7.5000000e+01   0.000000e+00   4.099000e+03      7s
   29290    4.0497861e+01   0.000000e+00   1.394018e+05     10s
   37638    4.0250000e+01   0.000000e+00   0.000000e+00     12s
   37638    4.0250000e+01   0.000000e+00   0.000000e+00     12s

Root relaxation: objective 4.025000e+01, 37638 iterations, 6.90 seconds

    Nodes    |    Current Node    |     Objective Bounds      |     Work
 Expl Unexpl |  Obj  Depth IntInf | Incumbent    BestBd   Gap | It/Node Time

     0     0   40.25000    0  154    4.00000   40.25000   906%     -   34s
H    0     0                      19.0000000   40.25000   112%     -   35s
     0     0   37.34562    0  225   19.00000   37.34562  96.6%     -   93s
H    0     0                      21.0000000   37.34562  77.8%     -   95s
H    0     0                      25.0000000   37.34562  49.4%     -   95s
     0     0   37.34261    0  225   25.00000   37.34261  49.4%     -   96s
     0     0   37.34243    0  224   25.00000   37.34243  49.4%     -   98s
     0     0   35.15305    0  272   25.00000   35.15305  40.6%     -  129s
     0     0   34.91560    0  282   25.00000   34.91560  39.7%     -  137s
     0     0   34.88666    0  276   25.00000   34.88666  39.5%     -  140s
     0     0   34.86422    0  281   25.00000   34.86422  39.5%     -  144s
     0     0   34.86070    0  286   25.00000   34.86070  39.4%     -  146s
     0     0   34.86029    0  286   25.00000   34.86029  39.4%     -  147s
     0     0   33.22352    0  300   25.00000   33.22352  32.9%     -  176s
     0     0   32.87899    0  301   25.00000   32.87899  31.5%     -  187s
     0     0   32.80931    0  318   25.00000   32.80931  31.2%     -  192s
     0     0   32.79454    0  317   25.00000   32.79454  31.2%     -  195s
     0     0   32.79116    0  321   25.00000   32.79116  31.2%     -  197s
     0     0   32.79069    0  316   25.00000   32.79069  31.2%     -  199s
     0     0   32.38915    0  307   25.00000   32.38915  29.6%     -  216s
H    0     0                      26.0000000   32.38915  24.6%     -  217s
     0     0   32.29643    0  317   26.00000   32.29643  24.2%     -  223s
     0     0   32.24213    0  321   26.00000   32.24213  24.0%     -  227s
     0     0   32.23231    0  331   26.00000   32.23231  24.0%     -  230s
     0     0   32.22459    0  323   26.00000   32.22459  23.9%     -  232s
     0     0   32.22430    0  323   26.00000   32.22430  23.9%     -  234s
     0     0   32.06562    0  317   26.00000   32.06562  23.3%     -  247s
H    0     0                      28.0000000   32.06562  14.5%     -  248s
H    0     0                      29.0000000   32.06562  10.6%     -  248s
     0     0   32.01197    0  329   29.00000   32.01197  10.4%     -  252s
     0     0   31.99428    0  335   29.00000   31.99428  10.3%     -  255s
     0     0   31.98707    0  342   29.00000   31.98707  10.3%     -  258s
     0     0   31.98298    0  349   29.00000   31.98298  10.3%     -  260s
     0     0   31.98052    0  347   29.00000   31.98052  10.3%     -  262s
     0     0   31.98025    0  353   29.00000   31.98025  10.3%     -  264s
     0     0   31.85493    0  338   29.00000   31.85493  9.84%     -  277s
     0     0   31.81869    0  313   29.00000   31.81869  9.72%     -  282s
     0     0   31.81199    0  343   29.00000   31.81199  9.70%     -  285s
     0     0   31.80827    0  321   29.00000   31.80827  9.68%     -  287s
     0     0   31.80695    0  327   29.00000   31.80695  9.68%     -  289s
     0     0   31.80563    0  344   29.00000   31.80563  9.67%     -  290s
     0     0   31.80489    0  344   29.00000   31.80489  9.67%     -  292s
     0     0   31.75686    0  334   29.00000   31.75686  9.51%     -  303s
     0     0   31.74484    0  328   29.00000   31.74484  9.46%     -  308s
     0     0   31.74016    0  347   29.00000   31.74016  9.45%     -  310s
     0     0   31.73751    0  344   29.00000   31.73751  9.44%     -  312s
     0     0   31.73439    0  344   29.00000   31.73439  9.43%     -  315s
     0     0   31.73348    0  347   29.00000   31.73348  9.43%     -  317s
     0     0   31.73338    0  344   29.00000   31.73338  9.43%     -  318s
     0     0   31.68615    0  338   29.00000   31.68615  9.26%     -  329s
     0     0   31.65851    0  324   29.00000   31.65851  9.17%     -  333s
     0     0   31.65318    0  335   29.00000   31.65318  9.15%     -  336s
     0     0   31.65076    0  349   29.00000   31.65076  9.14%     -  338s
     0     0   31.64987    0  339   29.00000   31.64987  9.14%     -  340s
     0     0   31.64972    0  347   29.00000   31.64972  9.14%     -  341s
     0     0   31.60382    0  306   29.00000   31.60382  8.98%     -  353s
     0     0   31.57657    0  335   29.00000   31.57657  8.88%     -  358s
     0     0   31.56960    0  332   29.00000   31.56960  8.86%     -  361s
     0     0   31.56583    0  336   29.00000   31.56583  8.85%     -  363s
     0     0   31.56374    0  338   29.00000   31.56374  8.84%     -  364s
     0     0   31.56359    0  339   29.00000   31.56359  8.84%     -  366s
     0     0   31.51605    0  321   29.00000   31.51605  8.68%     -  376s
     0     0   31.50391    0  352   29.00000   31.50391  8.63%     -  380s
     0     0   31.50206    0  342   29.00000   31.50206  8.63%     -  382s
     0     0   31.49927    0  363   29.00000   31.49927  8.62%     -  384s
     0     0   31.49767    0  360   29.00000   31.49767  8.61%     -  386s
     0     0   31.49754    0  363   29.00000   31.49754  8.61%     -  387s
     0     0   31.44764    0  321   29.00000   31.44764  8.44%     -  399s
     0     0   31.43631    0  319   29.00000   31.43631  8.40%     -  404s
     0     0   31.43325    0  313   29.00000   31.43325  8.39%     -  407s
     0     0   31.43026    0  318   29.00000   31.43026  8.38%     -  409s
     0     0   31.42818    0  351   29.00000   31.42818  8.37%     -  411s
     0     0   31.42731    0  336   29.00000   31.42731  8.37%     -  413s
     0     0   31.40970    0  327   29.00000   31.40970  8.31%     -  425s
     0     0   31.40350    0  314   29.00000   31.40350  8.29%     -  428s
     0     0   31.40259    0  327   29.00000   31.40259  8.28%     -  430s
     0     0   31.40218    0  325   29.00000   31.40218  8.28%     -  432s
     0     0   31.38359    0  324   29.00000   31.38359  8.22%     -  442s
     0     0   31.37605    0  319   29.00000   31.37605  8.19%     -  446s
     0     0   31.37437    0  324   29.00000   31.37437  8.19%     -  448s
     0     0   31.37429    0  325   29.00000   31.37429  8.19%     -  449s
     0     0   31.36980    0  314   29.00000   31.36980  8.17%     -  458s
     0     0   31.36837    0  325   29.00000   31.36837  8.17%     -  462s
     0     0   31.36814    0  341   29.00000   31.36814  8.17%     -  464s
     0     0   31.35441    0  326   29.00000   31.35441  8.12%     -  474s
     0     0   31.35291    0  324   29.00000   31.35291  8.11%     -  477s
     0     0   31.35183    0  331   29.00000   31.35183  8.11%     -  479s
     0     0   31.35183    0  328   29.00000   31.35183  8.11%     -  481s
     0     0   31.35139    0  322   29.00000   31.35139  8.11%     -  490s
     0     0   31.35109    0  346   29.00000   31.35109  8.11%     -  493s
     0     0   31.33974    0  308   29.00000   31.33974  8.07%     -  503s
     0     0   31.33160    0  336   29.00000   31.33160  8.04%     -  507s
     0     0   31.32846    0  342   29.00000   31.32846  8.03%     -  510s
     0     0   31.32639    0  349   29.00000   31.32639  8.02%     -  513s
     0     0   31.32616    0  345   29.00000   31.32616  8.02%     -  515s
     0     0   31.31871    0  329   29.00000   31.31871  8.00%     -  525s
     0     0   31.31381    0  304   29.00000   31.31381  7.98%     -  528s
     0     0   31.30685    0  317   29.00000   31.30685  7.95%     -  530s
     0     0   31.30634    0  312   29.00000   31.30634  7.95%     -  532s
     0     0   31.30317    0  327   29.00000   31.30317  7.94%     -  541s
     0     0   31.30248    0  319   29.00000   31.30248  7.94%     -  544s
     0     0   31.29600    0  342   29.00000   31.29600  7.92%     -  553s
     0     0   31.29390    0  330   29.00000   31.29390  7.91%     -  556s
     0     0   31.29339    0  319   29.00000   31.29339  7.91%     -  558s
     0     0   31.29034    0  334   29.00000   31.29034  7.90%     -  566s
     0     0   31.29034    0  312   29.00000   31.29034  7.90%     -  573s
     0     2   31.29034    0  309   29.00000   31.29034  7.90%     -  615s
     1     4   31.13408    1  288   29.00000   31.29010  7.90%   387  632s
     3     8   31.10117    2  303   29.00000   31.13408  7.36%   368  649s
     7    12   30.83411    3  316   29.00000   31.09964  7.24%   581  680s
    11    16   30.73789    4  317   29.00000   31.09964  7.24%   730  704s
    15    18   30.49911    5  298   29.00000   31.09964  7.24%   665  725s
    19    18     cutoff    5        29.00000   31.09964  7.24%   587  742s
    23    20   30.21503    6  283   29.00000   31.09964  7.24%   534  758s
*   25    20               6      30.0000000   31.09964  3.67%   494  758s

Cutting planes:
  Gomory: 7
  Cover: 3
  MIR: 320
  StrongCG: 1
  Zero half: 118
  RLT: 70
  BQP: 204

Explored 44 nodes (72392 simplex iterations) in 759.67 seconds
Thread count was 8 (of 8 available processors)

Solution count 8: 30 29 28 ... 4

Optimal solution found (tolerance 1.00e-04)
Best objective 3.000000000000e+01, best bound 3.000000000000e+01, gap 0.0000%
