
Gurobi 9.1.2 (win64, Java) logging started Sat Dec 18 01:52:41 2021

Academic license - for non-commercial use only - expires 2022-09-02
Gurobi Optimizer version 9.1.2 build v9.1.2rc0 (win64)
Thread count: 4 physical cores, 8 logical processors, using up to 8 threads
Optimize a model with 337700 rows, 375 columns and 1013250 nonzeros
Model fingerprint: 0x47ac8410
Variable types: 0 continuous, 375 integer (375 binary)
Coefficient statistics:
  Matrix range     [1e+00, 1e+00]
  Objective range  [1e+00, 1e+00]
  Bounds range     [1e+00, 1e+00]
  RHS range        [1e+00, 1e+00]
Found heuristic solution: objective 17.0000000
Presolve time: 1.23s
Presolved: 337700 rows, 375 columns, 1013250 nonzeros
Variable types: 0 continuous, 375 integer (375 binary)

Starting sifting (using dual simplex for sub-problems)...

    Iter     Pivots    Primal Obj      Dual Obj        Time
       0         75    -infinity     -1.1000000e+01      2s
       1        281  -7.0501892e+01  -1.1022351e+01      2s
       2        462  -6.9501821e+01  -4.0259879e+01      2s
       3       1258  -4.2910580e+01  -4.2155330e+01      2s

Sifting complete


Root relaxation: objective 4.290000e+01, 1660 iterations, 0.96 seconds

    Nodes    |    Current Node    |     Objective Bounds      |     Work
 Expl Unexpl |  Obj  Depth IntInf | Incumbent    BestBd   Gap | It/Node Time

     0     0   42.90000    0  217   17.00000   42.90000   152%     -    5s
H    0     0                      20.0000000   42.90000   115%     -    5s
H    0     0                      21.0000000   42.90000   104%     -    6s
H    0     0                      23.0000000   42.90000  86.5%     -    6s
     0     0   38.78657    0  232   23.00000   38.78657  68.6%     -   22s
H    0     0                      26.0000000   38.78657  49.2%     -   23s
H    0     0                      27.0000000   38.78657  43.7%     -   23s
     0     0   38.49051    0  228   27.00000   38.49051  42.6%     -   25s
     0     0   38.41995    0  230   27.00000   38.41995  42.3%     -   26s
     0     0   38.39615    0  229   27.00000   38.39615  42.2%     -   27s
     0     0   38.38876    0  231   27.00000   38.38876  42.2%     -   28s
     0     0   38.38223    0  230   27.00000   38.38223  42.2%     -   29s
     0     0   38.37543    0  217   27.00000   38.37543  42.1%     -   29s
     0     0   38.37412    0  231   27.00000   38.37412  42.1%     -   30s
     0     0   38.37412    0  231   27.00000   38.37412  42.1%     -   30s
     0     0   37.21632    0  224   27.00000   37.21632  37.8%     -   41s
H    0     0                      33.0000000   37.21632  12.8%     -   42s
     0     0   36.96188    0  229   33.00000   36.96188  12.0%     -   44s
     0     0   36.86995    0  232   33.00000   36.86995  11.7%     -   46s
     0     0   36.77856    0  238   33.00000   36.77856  11.5%     -   48s
     0     0   36.76851    0  237   33.00000   36.76851  11.4%     -   49s
     0     0   36.74210    0  234   33.00000   36.74210  11.3%     -   50s
     0     0   36.73738    0  237   33.00000   36.73738  11.3%     -   50s
     0     0   36.73621    0  239   33.00000   36.73621  11.3%     -   51s
     0     0   36.73544    0  237   33.00000   36.73544  11.3%     -   52s
     0     0   36.73543    0  238   33.00000   36.73543  11.3%     -   52s
     0     0   36.38554    0  237   33.00000   36.38554  10.3%     -   59s
     0     0   36.13497    0  235   33.00000   36.13497  9.50%     -   62s
     0     0   36.05525    0  244   33.00000   36.05525  9.26%     -   64s
     0     0   36.02684    0  227   33.00000   36.02684  9.17%     -   65s
     0     0   36.01840    0  234   33.00000   36.01840  9.15%     -   66s
     0     0   36.01511    0  237   33.00000   36.01511  9.14%     -   67s
     0     0   36.01104    0  248   33.00000   36.01104  9.12%     -   67s
     0     0   36.00895    0  250   33.00000   36.00895  9.12%     -   68s
     0     0   36.00836    0  246   33.00000   36.00836  9.12%     -   69s
     0     0   35.93969    0  234   33.00000   35.93969  8.91%     -   74s
     0     0   35.87813    0  235   33.00000   35.87813  8.72%     -   76s
     0     0   35.87016    0  239   33.00000   35.87016  8.70%     -   77s
     0     0   35.86666    0  237   33.00000   35.86666  8.69%     -   77s
     0     0   35.86394    0  239   33.00000   35.86394  8.68%     -   78s
     0     0   35.85865    0  241   33.00000   35.85865  8.66%     -   79s
     0     0   35.85444    0  240   33.00000   35.85444  8.65%     -   79s
     0     0   35.85324    0  238   33.00000   35.85324  8.65%     -   80s
     0     0   35.85174    0  241   33.00000   35.85174  8.64%     -   80s
     0     0   35.85077    0  238   33.00000   35.85077  8.64%     -   81s
     0     0   35.85042    0  241   33.00000   35.85042  8.64%     -   81s
     0     0   35.79099    0  231   33.00000   35.79099  8.46%     -   86s
     0     0   35.75460    0  241   33.00000   35.75460  8.35%     -   88s
     0     0   35.73267    0  246   33.00000   35.73267  8.28%     -   89s
     0     0   35.72003    0  245   33.00000   35.72003  8.24%     -   89s
     0     0   35.71553    0  246   33.00000   35.71553  8.23%     -   90s
     0     0   35.71298    0  243   33.00000   35.71298  8.22%     -   91s
     0     0   35.70831    0  243   33.00000   35.70831  8.21%     -   92s
     0     0   35.70701    0  244   33.00000   35.70701  8.20%     -   92s
     0     0   35.70676    0  246   33.00000   35.70676  8.20%     -   93s
     0     0   35.67886    0  247   33.00000   35.67886  8.12%     -   97s
     0     0   35.67127    0  236   33.00000   35.67127  8.09%     -   99s
     0     0   35.66823    0  232   33.00000   35.66823  8.09%     -   99s
     0     0   35.66521    0  252   33.00000   35.66521  8.08%     -  100s
     0     0   35.66313    0  232   33.00000   35.66313  8.07%     -  100s
     0     0   35.66201    0  241   33.00000   35.66201  8.07%     -  101s
     0     0   35.65788    0  238   33.00000   35.65788  8.05%     -  102s
     0     0   35.65690    0  252   33.00000   35.65690  8.05%     -  102s
     0     0   35.65551    0  244   33.00000   35.65551  8.05%     -  103s
     0     0   35.65529    0  251   33.00000   35.65529  8.05%     -  104s
     0     0   35.64204    0  242   33.00000   35.64204  8.01%     -  108s
     0     0   35.63171    0  249   33.00000   35.63171  7.97%     -  110s
     0     0   35.62883    0  247   33.00000   35.62883  7.97%     -  110s
     0     0   35.62685    0  249   33.00000   35.62685  7.96%     -  111s
     0     0   35.62575    0  237   33.00000   35.62575  7.96%     -  112s
     0     0   35.62528    0  244   33.00000   35.62528  7.96%     -  112s
     0     0   35.62252    0  242   33.00000   35.62252  7.95%     -  116s
     0     0   35.61770    0  243   33.00000   35.61770  7.93%     -  117s
     0     0   35.61535    0  244   33.00000   35.61535  7.93%     -  118s
     0     0   35.61294    0  246   33.00000   35.61294  7.92%     -  119s
     0     0   35.61250    0  248   33.00000   35.61250  7.92%     -  119s
     0     0   35.60615    0  229   33.00000   35.60615  7.90%     -  123s
H    0     0                      34.0000000   35.60615  4.72%     -  124s
     0     0   35.60432    0  238   34.00000   35.60432  4.72%     -  124s
     0     0   35.60293    0  252   34.00000   35.60293  4.71%     -  125s
     0     0   35.60178    0  225   34.00000   35.60178  4.71%     -  126s
     0     0   35.59948    0  240   34.00000   35.59948  4.70%     -  127s
     0     0   35.59900    0  249   34.00000   35.59900  4.70%     -  127s
     0     0   35.59317    0  256   34.00000   35.59317  4.69%     -  131s
     0     0   35.58722    0  247   34.00000   35.58722  4.67%     -  133s
     0     0   35.58616    0  239   34.00000   35.58616  4.67%     -  134s
     0     0   35.58428    0  235   34.00000   35.58428  4.66%     -  135s
     0     0   35.58335    0  244   34.00000   35.58335  4.66%     -  135s
     0     0   35.58305    0  252   34.00000   35.58305  4.66%     -  136s
     0     0   35.58247    0  245   34.00000   35.58247  4.65%     -  140s
     0     0   35.58078    0  247   34.00000   35.58078  4.65%     -  141s
     0     0   35.57988    0  243   34.00000   35.57988  4.65%     -  142s
     0     0   35.57887    0  243   34.00000   35.57887  4.64%     -  142s
     0     0   35.57778    0  251   34.00000   35.57778  4.64%     -  143s
     0     0   35.57751    0  242   34.00000   35.57751  4.64%     -  144s
     0     0   35.57727    0  245   34.00000   35.57727  4.64%     -  148s
     0     0   35.57707    0  246   34.00000   35.57707  4.64%     -  149s
     0     0   35.57647    0  254   34.00000   35.57647  4.64%     -  153s
     0     0   35.57566    0  239   34.00000   35.57566  4.63%     -  154s
     0     0   35.57537    0  241   34.00000   35.57537  4.63%     -  154s
     0     0   35.57478    0  241   34.00000   35.57478  4.63%     -  158s
     0     0   35.57478    0  238   34.00000   35.57478  4.63%     -  160s
     0     2   35.57478    0  232   34.00000   35.57478  4.63%     -  171s
     1     2   35.51122    1  237   34.00000   35.57439  4.63%   362  175s
     5     0     cutoff    3        34.00000   35.16326  3.42%   244  180s

Cutting planes:
  Clique: 1
  MIR: 80
  Zero half: 13
  RLT: 82
  BQP: 17

Explored 7 nodes (11805 simplex iterations) in 180.11 seconds
Thread count was 8 (of 8 available processors)

Solution count 8: 34 33 27 ... 17

Optimal solution found (tolerance 1.00e-04)
Best objective 3.400000000000e+01, best bound 3.400000000000e+01, gap 0.0000%
