
Gurobi 9.1.2 (win64, Java) logging started Sat Dec 18 01:55:42 2021

Academic license - for non-commercial use only - expires 2022-09-02
Gurobi Optimizer version 9.1.2 build v9.1.2rc0 (win64)
Thread count: 4 physical cores, 8 logical processors, using up to 8 threads
Optimize a model with 675325 rows, 750 columns and 2026500 nonzeros
Model fingerprint: 0x3027e6a6
Variable types: 0 continuous, 750 integer (750 binary)
Coefficient statistics:
  Matrix range     [1e+00, 1e+00]
  Objective range  [1e+00, 1e+00]
  Bounds range     [1e+00, 1e+00]
  RHS range        [1e+00, 1e+00]
Found heuristic solution: objective 12.0000000
Presolve time: 2.91s
Presolved: 675325 rows, 750 columns, 2026500 nonzeros
Variable types: 0 continuous, 750 integer (750 binary)

Root simplex log...

Iteration    Objective       Primal Inf.    Dual Inf.      Time
       0    7.5000000e+01   0.000000e+00   6.352000e+03      5s
   29776    4.0750000e+01   0.000000e+00   0.000000e+00      8s
   29776    4.0750000e+01   0.000000e+00   0.000000e+00      8s

Root relaxation: objective 4.075000e+01, 29776 iterations, 4.23 seconds
Total elapsed time = 20.04s

    Nodes    |    Current Node    |     Objective Bounds      |     Work
 Expl Unexpl |  Obj  Depth IntInf | Incumbent    BestBd   Gap | It/Node Time

     0     0   40.75000    0  150   12.00000   40.75000   240%     -   21s
H    0     0                      16.0000000   40.75000   155%     -   21s
H    0     0                      20.0000000   40.75000   104%     -   21s
     0     0   38.03558    0  301   20.00000   38.03558  90.2%     -   56s
     0     0   37.97689    0  245   20.00000   37.97689  89.9%     -   60s
     0     0   37.97206    0  249   20.00000   37.97206  89.9%     -   62s
     0     0   37.97206    0  249   20.00000   37.97206  89.9%     -   63s
     0     0   35.50575    0  293   20.00000   35.50575  77.5%     -   96s
     0     0   35.22854    0  298   20.00000   35.22854  76.1%     -  105s
     0     0   35.14208    0  299   20.00000   35.14208  75.7%     -  109s
     0     0   35.10701    0  302   20.00000   35.10701  75.5%     -  111s
     0     0   35.10197    0  306   20.00000   35.10197  75.5%     -  113s
     0     0   35.09734    0  309   20.00000   35.09734  75.5%     -  114s
     0     0   35.09542    0  310   20.00000   35.09542  75.5%     -  116s
     0     0   35.09511    0  311   20.00000   35.09511  75.5%     -  117s
     0     0   33.36739    0  317   20.00000   33.36739  66.8%     -  154s
H    0     0                      22.0000000   33.36739  51.7%     -  156s
     0     0   33.17152    0  334   22.00000   33.17152  50.8%     -  164s
     0     0   33.10043    0  341   22.00000   33.10043  50.5%     -  170s
     0     0   33.07832    0  342   22.00000   33.07832  50.4%     -  173s
     0     0   33.06907    0  342   22.00000   33.06907  50.3%     -  175s
     0     0   33.06713    0  345   22.00000   33.06713  50.3%     -  177s
     0     0   33.06617    0  353   22.00000   33.06617  50.3%     -  178s
     0     0   33.06577    0  355   22.00000   33.06577  50.3%     -  179s
     0     0   32.39085    0  307   22.00000   32.39085  47.2%     -  204s
     0     0   32.21527    0  321   22.00000   32.21527  46.4%     -  213s
     0     0   32.15645    0  342   22.00000   32.15645  46.2%     -  219s
     0     0   32.12531    0  351   22.00000   32.12531  46.0%     -  223s
     0     0   32.10890    0  357   22.00000   32.10890  45.9%     -  226s
     0     0   32.10557    0  360   22.00000   32.10557  45.9%     -  228s
     0     0   32.10233    0  369   22.00000   32.10233  45.9%     -  229s
     0     0   32.10081    0  380   22.00000   32.10081  45.9%     -  231s
     0     0   32.09966    0  383   22.00000   32.09966  45.9%     -  232s
     0     0   32.09890    0  385   22.00000   32.09890  45.9%     -  234s
     0     0   31.79636    0  328   22.00000   31.79636  44.5%     -  253s
H    0     0                      23.0000000   31.79636  38.2%     -  253s
     0     0   31.71968    0  334   23.00000   31.71968  37.9%     -  260s
     0     0   31.70420    0  345   23.00000   31.70420  37.8%     -  263s
     0     0   31.69389    0  341   23.00000   31.69389  37.8%     -  266s
     0     0   31.68952    0  344   23.00000   31.68952  37.8%     -  268s
     0     0   31.68694    0  346   23.00000   31.68694  37.8%     -  269s
     0     0   31.68561    0  360   23.00000   31.68561  37.8%     -  271s
     0     0   31.68533    0  353   23.00000   31.68533  37.8%     -  272s
     0     0   31.63409    0  336   23.00000   31.63409  37.5%     -  283s
H    0     0                      24.0000000   31.63409  31.8%     -  283s
     0     0   31.61097    0  370   24.00000   31.61097  31.7%     -  287s
     0     0   31.59981    0  351   24.00000   31.59981  31.7%     -  290s
     0     0   31.59736    0  356   24.00000   31.59736  31.7%     -  292s
     0     0   31.59636    0  351   24.00000   31.59636  31.7%     -  293s
     0     0   31.59535    0  349   24.00000   31.59535  31.6%     -  294s
     0     0   31.59496    0  360   24.00000   31.59496  31.6%     -  295s
     0     0   31.55544    0  347   24.00000   31.55544  31.5%     -  305s
H    0     0                      25.0000000   31.55544  26.2%     -  306s
H    0     0                      26.0000000   31.55544  21.4%     -  307s
     0     0   31.53224    0  351   26.00000   31.53224  21.3%     -  310s
     0     0   31.52195    0  352   26.00000   31.52195  21.2%     -  313s
     0     0   31.51510    0  356   26.00000   31.51510  21.2%     -  315s
     0     0   31.51368    0  344   26.00000   31.51368  21.2%     -  316s
     0     0   31.51324    0  349   26.00000   31.51324  21.2%     -  317s
     0     0   31.47394    0  355   26.00000   31.47394  21.1%     -  327s
     0     0   31.45372    0  367   26.00000   31.45372  21.0%     -  332s
     0     0   31.44570    0  364   26.00000   31.44570  20.9%     -  335s
     0     0   31.44423    0  354   26.00000   31.44423  20.9%     -  336s
     0     0   31.44377    0  353   26.00000   31.44377  20.9%     -  338s
     0     0   31.41418    0  353   26.00000   31.41418  20.8%     -  348s
     0     0   31.40800    0  376   26.00000   31.40800  20.8%     -  352s
     0     0   31.40224    0  361   26.00000   31.40224  20.8%     -  354s
     0     0   31.40056    0  363   26.00000   31.40056  20.8%     -  355s
     0     0   31.39939    0  369   26.00000   31.39939  20.8%     -  357s
     0     0   31.39794    0  369   26.00000   31.39794  20.8%     -  358s
     0     0   31.39763    0  372   26.00000   31.39763  20.8%     -  360s
     0     0   31.36933    0  359   26.00000   31.36933  20.7%     -  370s
     0     0   31.35180    0  371   26.00000   31.35180  20.6%     -  374s
     0     0   31.34913    0  372   26.00000   31.34913  20.6%     -  376s
     0     0   31.34834    0  366   26.00000   31.34834  20.6%     -  378s
     0     0   31.31900    0  337   26.00000   31.31900  20.5%     -  388s
     0     0   31.29116    0  376   26.00000   31.29116  20.4%     -  392s
     0     0   31.28489    0  387   26.00000   31.28489  20.3%     -  394s
     0     0   31.28248    0  380   26.00000   31.28248  20.3%     -  396s
     0     0   31.28194    0  385   26.00000   31.28194  20.3%     -  397s
     0     0   31.27103    0  354   26.00000   31.27103  20.3%     -  405s
     0     0   31.26216    0  364   26.00000   31.26216  20.2%     -  409s
     0     0   31.25976    0  367   26.00000   31.25976  20.2%     -  410s
     0     0   31.25870    0  368   26.00000   31.25870  20.2%     -  412s
     0     0   31.25790    0  375   26.00000   31.25790  20.2%     -  413s
     0     0   31.24353    0  350   26.00000   31.24353  20.2%     -  422s
     0     0   31.24002    0  354   26.00000   31.24002  20.2%     -  424s
     0     0   31.23875    0  359   26.00000   31.23875  20.1%     -  426s
     0     0   31.23757    0  356   26.00000   31.23757  20.1%     -  427s
     0     0   31.23653    0  356   26.00000   31.23653  20.1%     -  429s
     0     0   31.23603    0  349   26.00000   31.23603  20.1%     -  430s
     0     0   31.23104    0  338   26.00000   31.23104  20.1%     -  437s
     0     0   31.22641    0  335   26.00000   31.22641  20.1%     -  440s
     0     0   31.22449    0  358   26.00000   31.22449  20.1%     -  442s
     0     0   31.22369    0  349   26.00000   31.22369  20.1%     -  443s
     0     0   31.21755    0  363   26.00000   31.21755  20.1%     -  450s
     0     0   31.21549    0  340   26.00000   31.21549  20.1%     -  453s
     0     0   31.21511    0  378   26.00000   31.21511  20.1%     -  454s
     0     0   31.20739    0  353   26.00000   31.20739  20.0%     -  461s
     0     0   31.20237    0  335   26.00000   31.20237  20.0%     -  464s
     0     0   31.20026    0  334   26.00000   31.20026  20.0%     -  465s
     0     0   31.19866    0  334   26.00000   31.19866  20.0%     -  466s
     0     0   31.19404    0  350   26.00000   31.19404  20.0%     -  469s
     0     0   31.19260    0  348   26.00000   31.19260  20.0%     -  470s
     0     0   31.19175    0  358   26.00000   31.19175  20.0%     -  471s
     0     0   31.18764    0  319   26.00000   31.18764  20.0%     -  478s
     0     0   31.18469    0  337   26.00000   31.18469  19.9%     -  480s
     0     0   31.18360    0  355   26.00000   31.18360  19.9%     -  481s
     0     0   31.18282    0  350   26.00000   31.18282  19.9%     -  482s
     0     0   31.17868    0  350   26.00000   31.17868  19.9%     -  489s
     0     0   31.17668    0  357   26.00000   31.17668  19.9%     -  491s
     0     0   31.17561    0  354   26.00000   31.17561  19.9%     -  493s
     0     0   31.17553    0  358   26.00000   31.17553  19.9%     -  494s
     0     0   31.17434    0  344   26.00000   31.17434  19.9%     -  501s
     0     0   31.17372    0  358   26.00000   31.17372  19.9%     -  503s
     0     0   31.17017    0  328   26.00000   31.17017  19.9%     -  510s
     0     0   31.17017    0  307   26.00000   31.17017  19.9%     -  515s
H    0     0                      27.0000000   31.17017  15.4%     -  541s
     0     2   31.17017    0  307   27.00000   31.17017  15.4%     -  577s
     1     4   31.11585    1  312   27.00000   31.16980  15.4%   414  593s
     3     8   30.90168    2  302   27.00000   31.08944  15.1%   669  622s
     7    12   30.65745    3  309   27.00000   30.88316  14.4%   603  651s
    11    16   29.95214    3  266   27.00000   30.62041  13.4%   648  662s
    15    20   28.70455    4  231   27.00000   30.62041  13.4%   687  680s
    19    20     cutoff    5        27.00000   30.62041  13.4%   653  689s
    23    15   28.45362    5  214   27.00000   30.62041  13.4%   628  694s
    30    17   28.22805    6  231   27.00000   30.62041  13.4%   510  706s
    36    19     cutoff    7        27.00000   30.62041  13.4%   485  721s
    40    20     cutoff    7        27.00000   30.57357  13.2%   474  737s
    47    20   28.79840    5  297   27.00000   30.57357  13.2%   489  748s
    53    18     cutoff    6        27.00000   30.57357  13.2%   457  764s
    60    21   28.30278    6  291   27.00000   30.57357  13.2%   434  796s
    65    17     cutoff    7        27.00000   30.57357  13.2%   456  810s
    71    16     cutoff    7        27.00000   30.57357  13.2%   470  845s
    78    18   28.49276    5  258   27.00000   30.57357  13.2%   517  876s
    82    20   28.02743    6  210   27.00000   30.57357  13.2%   522  895s
    88    19     cutoff    7        27.00000   30.57357  13.2%   501  915s
    95    22     cutoff    7        27.00000   30.57357  13.2%   484  936s
   102    17     cutoff    8        27.00000   30.34431  12.4%   468  968s
   115    19   30.03136    5  310   27.00000   30.32345  12.3%   441  999s
   121    16   29.77202    6  323   27.00000   30.32345  12.3%   448 1026s
   130    18   29.38951    7  340   27.00000   30.32345  12.3%   458 1057s
   136    16     cutoff    8        27.00000   30.32345  12.3%   476 1088s
   147    16   29.19462    8  314   27.00000   30.32345  12.3%   457 1123s
   157    18   28.90764    9  307   27.00000   30.32345  12.3%   449 1143s
   165    15     cutoff   10        27.00000   30.32345  12.3%   446 1183s
   176    14     cutoff   11        27.00000   30.32345  12.3%   433 1211s
   185    11   28.16491   12  307   27.00000   30.32345  12.3%   432 1234s
   192    14   28.05738   12  313   27.00000   30.32345  12.3%   438 1266s
   201     6     cutoff   13        27.00000   29.14078  7.93%   431 1307s
   217     4     cutoff    8        27.00000   28.87309  6.94%   421 1326s
   223     0     cutoff   10        27.00000   28.56086  5.78%   425 1339s

Cutting planes:
  Gomory: 3
  Cover: 2
  MIR: 210
  Zero half: 157
  RLT: 80
  BQP: 181

Explored 229 nodes (152321 simplex iterations) in 1339.85 seconds
Thread count was 8 (of 8 available processors)

Solution count 9: 27 26 25 ... 12

Optimal solution found (tolerance 1.00e-04)
Best objective 2.700000000000e+01, best bound 2.700000000000e+01, gap 0.0000%
