
Gurobi 9.1.2 (win64, Java) logging started Sat Dec 18 20:19:10 2021

Academic license - for non-commercial use only - expires 2022-09-02
Gurobi Optimizer version 9.1.2 build v9.1.2rc0 (win64)
Thread count: 4 physical cores, 8 logical processors, using up to 8 threads
Optimize a model with 4766375 rows, 1875 columns and 14300625 nonzeros
Model fingerprint: 0xc369e0ba
Variable types: 0 continuous, 1875 integer (1875 binary)
Coefficient statistics:
  Matrix range     [1e+00, 1e+00]
  Objective range  [1e+00, 1e+00]
  Bounds range     [1e+00, 1e+00]
  RHS range        [1e+00, 1e+00]
Found heuristic solution: objective 16.0000000
Presolve removed 0 rows and 0 columns (presolve time = 9s) ...
Presolve removed 0 rows and 0 columns (presolve time = 10s) ...
Presolve removed 0 rows and 0 columns (presolve time = 25s) ...
Presolve removed 0 rows and 0 columns (presolve time = 39s) ...
Presolve time: 38.63s
Presolved: 4766375 rows, 1875 columns, 14300625 nonzeros
Variable types: 0 continuous, 1875 integer (1875 binary)

Root simplex log...

Iteration    Objective       Primal Inf.    Dual Inf.      Time
       0    1.2500000e+02   0.000000e+00   1.946300e+04     68s
     527    8.8251424e+01   0.000000e+00   5.940671e+05     71s
    1127    8.5905399e+01   0.000000e+00   2.940232e+07     76s
    1487    8.4978360e+01   0.000000e+00   1.051566e+05     80s
    2207    8.4660030e+01   0.000000e+00   9.994543e+05     86s
    2807    8.4148387e+01   0.000000e+00   3.186449e+07     90s
    3407    8.3818882e+01   0.000000e+00   8.070354e+05     96s
    3887    8.3436735e+01   0.000000e+00   2.303452e+05    100s
    4487    8.2426268e+01   0.000000e+00   2.901486e+05    105s
    5087    8.1287904e+01   0.000000e+00   5.733462e+05    111s
    5567    8.0829745e+01   0.000000e+00   1.446644e+05    116s
    6167    7.8647345e+01   0.000000e+00   3.517473e+05    120s
    6887    7.8036333e+01   0.000000e+00   1.910045e+05    126s
    7367    7.7628351e+01   0.000000e+00   2.709285e+06    131s
    7847    7.7453300e+01   0.000000e+00   3.761698e+06    135s
    8447    7.7185106e+01   0.000000e+00   2.722814e+05    140s
    9047    7.6985882e+01   0.000000e+00   3.119355e+07    146s
    9407    7.6826411e+01   0.000000e+00   7.928574e+05    151s
    9887    7.6531471e+01   0.000000e+00   3.179150e+05    155s
   10487    7.6033097e+01   0.000000e+00   4.143920e+05    161s
   10967    7.5761702e+01   0.000000e+00   4.020220e+05    165s
   11327    7.5381672e+01   0.000000e+00   4.247342e+06    170s
   12047    7.4638872e+01   0.000000e+00   5.798486e+05    175s
   12527    7.4493521e+01   0.000000e+00   3.332535e+06    181s
   13127    7.3929136e+01   0.000000e+00   4.137436e+06    186s
   13727    7.3477460e+01   0.000000e+00   1.277902e+05    191s
   14327    7.3144613e+01   0.000000e+00   8.677284e+04    196s
   14807    7.2954676e+01   0.000000e+00   1.735289e+06    201s
   15287    7.2729062e+01   0.000000e+00   1.388603e+05    206s
   15647    7.2429776e+01   0.000000e+00   4.238472e+04    210s
   16247    7.2134895e+01   0.000000e+00   5.262307e+06    216s
   16967    7.1846229e+01   0.000000e+00   1.086794e+06    221s
   17447    7.1667232e+01   0.000000e+00   3.441019e+04    226s
   18047    7.1460105e+01   0.000000e+00   5.023391e+05    230s
   18407    7.1299556e+01   0.000000e+00   2.125765e+05    235s
   18887    7.1059301e+01   0.000000e+00   3.076897e+04    241s
   19247    7.0848299e+01   0.000000e+00   1.038610e+05    246s
   19727    7.0688545e+01   0.000000e+00   3.578287e+04    251s
   19967    7.0464322e+01   0.000000e+00   5.778408e+04    255s
   20327    7.0303472e+01   0.000000e+00   4.934553e+04    262s
   20687    7.0163404e+01   0.000000e+00   2.856260e+05    267s
   20927    7.0112108e+01   0.000000e+00   1.076617e+05    271s
   21287    7.0034596e+01   0.000000e+00   1.520612e+08    276s
   21767    6.9921828e+01   0.000000e+00   5.045742e+05    282s
   22007    6.9868595e+01   0.000000e+00   7.198081e+04    286s
   22487    6.9626105e+01   0.000000e+00   9.510508e+04    291s
   22847    6.9528254e+01   0.000000e+00   4.487495e+04    295s
   23207    6.9444529e+01   0.000000e+00   1.615807e+04    301s
   23567    6.9388760e+01   0.000000e+00   1.256928e+06    306s
   23807    6.9366112e+01   0.000000e+00   4.802450e+06    310s
   24287    6.9325272e+01   0.000000e+00   1.463782e+06    315s
   24527    6.9261574e+01   0.000000e+00   3.511455e+04    320s
   25007    6.9104836e+01   0.000000e+00   2.613893e+05    326s
   25247    6.9075826e+01   0.000000e+00   2.680303e+04    330s
   25727    6.8942625e+01   0.000000e+00   5.025151e+04    335s
   26327    6.8894194e+01   0.000000e+00   1.712898e+04    341s
   26567    6.8853940e+01   0.000000e+00   3.030095e+04    345s
   26927    6.8817012e+01   0.000000e+00   6.367236e+04    352s
   27287    6.8752085e+01   0.000000e+00   1.304166e+06    357s
   27647    6.8711959e+01   0.000000e+00   4.305755e+04    362s
   27887    6.8661351e+01   0.000000e+00   3.475074e+05    365s
   28247    6.8586637e+01   0.000000e+00   1.259479e+05    370s
   28607    6.8540661e+01   0.000000e+00   3.481484e+04    376s
   28967    6.8395228e+01   0.000000e+00   9.131961e+04    381s
   29327    6.8266335e+01   0.000000e+00   6.595985e+05    385s
   29807    6.8230300e+01   0.000000e+00   6.993238e+04    392s
   30047    6.8186341e+01   0.000000e+00   2.304891e+05    396s
   30407    6.8144922e+01   0.000000e+00   1.101128e+05    401s
   30647    6.8140368e+01   0.000000e+00   1.008822e+05    406s
   31007    6.8104024e+01   0.000000e+00   4.580142e+03    411s
   31367    6.8004315e+01   0.000000e+00   2.979347e+05    417s
   31607    6.7971899e+01   0.000000e+00   2.036698e+05    421s
   31967    6.7892797e+01   0.000000e+00   1.474021e+04    426s
   32327    6.7796754e+01   0.000000e+00   1.217412e+05    432s
   32687    6.7738316e+01   0.000000e+00   1.724688e+04    436s
   33167    6.7696308e+01   0.000000e+00   1.295873e+04    441s
   33407    6.7659916e+01   0.000000e+00   8.208195e+05    447s
   33767    6.7648125e+01   0.000000e+00   8.620817e+04    452s
   34127    6.7625707e+01   0.000000e+00   5.162363e+04    456s
   34607    6.7492557e+01   0.000000e+00   1.041758e+06    460s
   35207    6.7414087e+01   0.000000e+00   1.435293e+06    466s
   35687    6.7373647e+01   0.000000e+00   5.323838e+05    471s
   35927    6.7339079e+01   0.000000e+00   2.589711e+05    476s
   36287    6.7321046e+01   0.000000e+00   5.741523e+04    481s
   36647    6.7285696e+01   0.000000e+00   1.615016e+05    485s
   37127    6.7237193e+01   0.000000e+00   1.168097e+05    491s
   37367    6.7213155e+01   0.000000e+00   2.796126e+04    496s
   37607    6.7181124e+01   0.000000e+00   2.753200e+05    501s
   37847    6.7161261e+01   0.000000e+00   5.517475e+05    505s
   38207    6.7117727e+01   0.000000e+00   2.345722e+05    511s
   38567    6.7060892e+01   0.000000e+00   2.262213e+03    516s
   38927    6.6942612e+01   0.000000e+00   1.432441e+04    520s
   39287    6.6902907e+01   0.000000e+00   7.980066e+05    525s
   39647    6.6807198e+01   0.000000e+00   9.032485e+03    531s
   40007    6.6762270e+01   0.000000e+00   4.320231e+03    537s
   40487    6.6708670e+01   0.000000e+00   3.621184e+04    540s
   41207    6.6652846e+01   0.000000e+00   6.637681e+04    546s
   41567    6.6636578e+01   0.000000e+00   4.850770e+03    550s
   42047    6.6602991e+01   0.000000e+00   2.239507e+04    555s
   42407    6.6578589e+01   0.000000e+00   1.347918e+05    561s
   42887    6.6539642e+01   0.000000e+00   2.955060e+03    566s
   43487    6.6499503e+01   0.000000e+00   7.572253e+05    570s
   43664    6.6500000e+01   0.000000e+00   0.000000e+00    572s
   43664    6.6500000e+01   0.000000e+00   0.000000e+00    575s

Root relaxation: objective 6.650000e+01, 43664 iterations, 527.06 seconds
Total elapsed time = 610.41s

    Nodes    |    Current Node    |     Objective Bounds      |     Work
 Expl Unexpl |  Obj  Depth IntInf | Incumbent    BestBd   Gap | It/Node Time

     0     0   66.50000    0  250   16.00000   66.50000   316%     -  625s
H    0     0                      19.0000000   66.50000   250%     -  628s
H    0     0                      23.0000000   66.50000   189%     -  633s
H    0     0                      24.0000000   66.50000   177%     -  644s

Gurobi 9.1.2 (win64, Java) logging started Sun Dec 19 00:24:20 2021

Academic license - for non-commercial use only - expires 2022-09-02
Gurobi Optimizer version 9.1.2 build v9.1.2rc0 (win64)
Thread count: 4 physical cores, 8 logical processors, using up to 8 threads
Optimize a model with 4766375 rows, 1875 columns and 14300625 nonzeros
Model fingerprint: 0xc369e0ba
Variable types: 0 continuous, 1875 integer (1875 binary)
Coefficient statistics:
  Matrix range     [1e+00, 1e+00]
  Objective range  [1e+00, 1e+00]
  Bounds range     [1e+00, 1e+00]
  RHS range        [1e+00, 1e+00]
Found heuristic solution: objective 16.0000000
Presolve removed 0 rows and 0 columns (presolve time = 8s) ...
Presolve removed 0 rows and 0 columns (presolve time = 20s) ...
Presolve removed 0 rows and 0 columns (presolve time = 31s) ...
Presolve time: 30.88s
Presolved: 4766375 rows, 1875 columns, 14300625 nonzeros
Variable types: 0 continuous, 1875 integer (1875 binary)

Root simplex log...

Iteration    Objective       Primal Inf.    Dual Inf.      Time
       0    1.2500000e+02   0.000000e+00   1.946300e+04     55s
     167    8.9750000e+01   0.000000e+00   4.229700e+04     55s
    1007    8.5988798e+01   0.000000e+00   2.237102e+06     61s
    1607    8.4845085e+01   0.000000e+00   4.524397e+05     65s
    2447    8.4634327e+01   0.000000e+00   4.852975e+07     70s
    3167    8.4024290e+01   0.000000e+00   6.221153e+06     75s
    3887    8.3436735e+01   0.000000e+00   2.303452e+05     81s
    4607    8.2089243e+01   0.000000e+00   3.168838e+05     85s
    5327    8.1197695e+01   0.000000e+00   1.197079e+05     91s
    5927    7.9031416e+01   0.000000e+00   5.518861e+05     95s
    6647    7.8412019e+01   0.000000e+00   9.515753e+06    100s
    7367    7.7628351e+01   0.000000e+00   2.709285e+06    105s
    8087    7.7401514e+01   0.000000e+00   2.084647e+05    111s
    8807    7.7106939e+01   0.000000e+00   4.247902e+05    115s
    9407    7.6826411e+01   0.000000e+00   7.928574e+05    120s
   10247    7.6243937e+01   0.000000e+00   5.661337e+05    125s
   10727    7.5923162e+01   0.000000e+00   6.104233e+06    130s
   11567    7.5022792e+01   0.000000e+00   1.412540e+04    136s
   12287    7.4538568e+01   0.000000e+00   9.329959e+05    140s
   12887    7.4265047e+01   0.000000e+00   2.959242e+04    145s
   13727    7.3477460e+01   0.000000e+00   1.277902e+05    151s
   14447    7.3087426e+01   0.000000e+00   9.297604e+04    156s
   15167    7.2792739e+01   0.000000e+00   9.663117e+05    160s
   15767    7.2378153e+01   0.000000e+00   7.777126e+04    165s
   16487    7.2062438e+01   0.000000e+00   7.192588e+05    170s
   17207    7.1749312e+01   0.000000e+00   3.307222e+04    175s
   17807    7.1517699e+01   0.000000e+00   5.601562e+05    180s
   18407    7.1299556e+01   0.000000e+00   2.125765e+05    186s
   18887    7.1059301e+01   0.000000e+00   3.076897e+04    191s
   19367    7.0841252e+01   0.000000e+00   9.983446e+05    196s
   19967    7.0464322e+01   0.000000e+00   5.778408e+04    200s
   20447    7.0266747e+01   0.000000e+00   1.719188e+06    205s
   21167    7.0057086e+01   0.000000e+00   9.857454e+06    211s
   21647    6.9954810e+01   0.000000e+00   4.031018e+04    216s
   22127    6.9795637e+01   0.000000e+00   5.387322e+07    220s
   22727    6.9553519e+01   0.000000e+00   4.846881e+04    225s
   23327    6.9415387e+01   0.000000e+00   1.343513e+06    230s
   23927    6.9365221e+01   0.000000e+00   6.436039e+05    235s
   24647    6.9201592e+01   0.000000e+00   2.748726e+05    242s
   25247    6.9075826e+01   0.000000e+00   2.680303e+04    246s
   26087    6.8909937e+01   0.000000e+00   1.806944e+06    250s
   26687    6.8833790e+01   0.000000e+00   1.201019e+05    255s
   27287    6.8752085e+01   0.000000e+00   1.304166e+06    260s
   27767    6.8677246e+01   0.000000e+00   7.884876e+05    265s
   28367    6.8567704e+01   0.000000e+00   6.007946e+04    271s
   28967    6.8395228e+01   0.000000e+00   9.131961e+04    276s
   29687    6.8255453e+01   0.000000e+00   1.342465e+05    281s
   30407    6.8144922e+01   0.000000e+00   1.101128e+05    286s
   31007    6.8104024e+01   0.000000e+00   4.580142e+03    291s
   31487    6.7986218e+01   0.000000e+00   3.767692e+03    296s
   31967    6.7892797e+01   0.000000e+00   1.474021e+04    301s
   32327    6.7796754e+01   0.000000e+00   1.217412e+05    305s
   33047    6.7700073e+01   0.000000e+00   1.408626e+04    310s
   33647    6.7652722e+01   0.000000e+00   3.333865e+04    315s
   34247    6.7599339e+01   0.000000e+00   1.862051e+04    321s
   34967    6.7465178e+01   0.000000e+00   7.140812e+04    326s
   35807    6.7350495e+01   0.000000e+00   3.160204e+04    331s
   36407    6.7303556e+01   0.000000e+00   1.420368e+04    335s
   37127    6.7237193e+01   0.000000e+00   1.168097e+05    340s
   37727    6.7171478e+01   0.000000e+00   1.131218e+05    346s
   38327    6.7108846e+01   0.000000e+00   6.392918e+03    351s
   39047    6.6923424e+01   0.000000e+00   3.121639e+05    356s
   39767    6.6780634e+01   0.000000e+00   4.725051e+04    361s
   40127    6.6739756e+01   0.000000e+00   1.019538e+04    365s
   40967    6.6672518e+01   0.000000e+00   2.630086e+04    370s
   41567    6.6636578e+01   0.000000e+00   4.850770e+03    375s
   42047    6.6602991e+01   0.000000e+00   2.239507e+04    380s
   42527    6.6571597e+01   0.000000e+00   5.764714e+03    386s
   43127    6.6521771e+01   0.000000e+00   1.762010e+03    391s
   43664    6.6500000e+01   0.000000e+00   0.000000e+00    395s
   43664    6.6500000e+01   0.000000e+00   0.000000e+00    398s

Root relaxation: objective 6.650000e+01, 43664 iterations, 359.28 seconds
Total elapsed time = 428.34s

    Nodes    |    Current Node    |     Objective Bounds      |     Work
 Expl Unexpl |  Obj  Depth IntInf | Incumbent    BestBd   Gap | It/Node Time

     0     0   66.50000    0  250   16.00000   66.50000   316%     -  440s
H    0     0                      19.0000000   66.50000   250%     -  442s
H    0     0                      23.0000000   66.50000   189%     -  445s
H    0     0                      24.0000000   66.50000   177%     -  451s
     0     0   62.93209    0  462   24.00000   62.93209   162%     - 1797s

Cutting planes:
  Gomory: 3
  MIR: 5
  Zero half: 124
  RLT: 39
  BQP: 29

Explored 1 nodes (61756 simplex iterations) in 1802.27 seconds
Thread count was 8 (of 8 available processors)

Solution count 4: 24 23 19 16 

Time limit reached
Best objective 2.400000000000e+01, best bound 6.200000000000e+01, gap 158.3333%
