
Gurobi 9.1.2 (win64, Java) logging started Sat Dec 18 07:27:00 2021

Academic license - for non-commercial use only - expires 2022-09-02
Gurobi Optimizer version 9.1.2 build v9.1.2rc0 (win64)
Thread count: 4 physical cores, 8 logical processors, using up to 8 threads
Optimize a model with 2425600 rows, 1500 columns and 7278000 nonzeros
Model fingerprint: 0x554c13f8
Variable types: 0 continuous, 1500 integer (1500 binary)
Coefficient statistics:
  Matrix range     [1e+00, 1e+00]
  Objective range  [1e+00, 1e+00]
  Bounds range     [1e+00, 1e+00]
  RHS range        [1e+00, 1e+00]
Found heuristic solution: objective 9.0000000
Presolve removed 0 rows and 0 columns (presolve time = 7s) ...
Presolve removed 0 rows and 0 columns (presolve time = 12s) ...
Presolve time: 12.04s
Presolved: 2425600 rows, 1500 columns, 7278000 nonzeros
Variable types: 0 continuous, 1500 integer (1500 binary)

Root simplex log...

Iteration    Objective       Primal Inf.    Dual Inf.      Time
       0    1.0000000e+02   0.000000e+00   1.039000e+04     21s
    1510    6.5370328e+01   0.000000e+00   2.496379e+05     25s
    2914    6.4052048e+01   0.000000e+00   1.587392e+05     30s
    4534    6.1067819e+01   0.000000e+00   3.083818e+05     35s
    5938    5.9455846e+01   0.000000e+00   4.349265e+05     40s
    7450    5.8169500e+01   0.000000e+00   2.588196e+04     45s
    9070    5.7148456e+01   0.000000e+00   1.882950e+05     50s
   10690    5.6025590e+01   0.000000e+00   6.899575e+04     55s
   12202    5.5437756e+01   0.000000e+00   2.655186e+04     60s
   13498    5.5050101e+01   0.000000e+00   6.747857e+04     65s
   14578    5.4714564e+01   0.000000e+00   6.647178e+04     70s
   15766    5.4200643e+01   0.000000e+00   1.004811e+04     75s
   17170    5.4021619e+01   0.000000e+00   1.194076e+04     80s
   18574    5.3886375e+01   0.000000e+00   7.712767e+04     85s
   19978    5.3728488e+01   0.000000e+00   3.283067e+04     90s
   21274    5.3556681e+01   0.000000e+00   4.121069e+04     95s
   22012    5.3500000e+01   0.000000e+00   0.000000e+00     99s
   22012    5.3500000e+01   0.000000e+00   0.000000e+00    100s

Root relaxation: objective 5.350000e+01, 22012 iterations, 84.78 seconds
Total elapsed time = 108.44s

    Nodes    |    Current Node    |     Objective Bounds      |     Work
 Expl Unexpl |  Obj  Depth IntInf | Incumbent    BestBd   Gap | It/Node Time

     0     0   53.50000    0  196    9.00000   53.50000   494%     -  112s
H    0     0                      24.0000000   53.50000   123%     -  113s
     0     0   50.50323    0  344   24.00000   50.50323   110%     -  349s
H    0     0                      26.0000000   50.50323  94.2%     -  353s
     0     0   50.49203    0  335   26.00000   50.49203  94.2%     -  362s
     0     0   50.48987    0  332   26.00000   50.48987  94.2%     -  368s
     0     0   50.48970    0  333   26.00000   50.48970  94.2%     -  372s
     0     0   47.45142    0  383   26.00000   47.45142  82.5%     -  525s
     0     0   46.84863    0  395   26.00000   46.84863  80.2%     -  575s
     0     0   46.70226    0  383   26.00000   46.70226  79.6%     -  593s
     0     0   46.63874    0  388   26.00000   46.63874  79.4%     -  607s
     0     0   46.63151    0  390   26.00000   46.63151  79.4%     -  613s
     0     0   46.62884    0  390   26.00000   46.62884  79.3%     -  618s
     0     0   46.62719    0  394   26.00000   46.62719  79.3%     -  623s
     0     0   46.62618    0  394   26.00000   46.62618  79.3%     -  628s
     0     0   46.62598    0  393   26.00000   46.62598  79.3%     -  632s
     0     0   43.92115    0  440   26.00000   43.92115  68.9%     -  813s
H    0     0                      27.0000000   43.92115  62.7%     -  818s
     0     0   43.50067    0  452   27.00000   43.50067  61.1%     -  872s
     0     0   43.38489    0  452   27.00000   43.38489  60.7%     -  899s
     0     0   43.35985    0  450   27.00000   43.35985  60.6%     -  914s
     0     0   43.34499    0  453   27.00000   43.34499  60.5%     -  923s
     0     0   43.33593    0  459   27.00000   43.33593  60.5%     -  931s
     0     0   43.33241    0  460   27.00000   43.33241  60.5%     -  937s
     0     0   43.33078    0  474   27.00000   43.33078  60.5%     -  942s
     0     0   43.33012    0  476   27.00000   43.33012  60.5%     -  946s
     0     0   42.14381    0  483   27.00000   42.14381  56.1%     - 1102s
     0     0   41.89531    0  507   27.00000   41.89531  55.2%     - 1163s
     0     0   41.83521    0  511   27.00000   41.83521  54.9%     - 1187s
     0     0   41.80365    0  519   27.00000   41.80365  54.8%     - 1204s
     0     0   41.79181    0  524   27.00000   41.79181  54.8%     - 1215s
     0     0   41.78653    0  524   27.00000   41.78653  54.8%     - 1224s
     0     0   41.78203    0  517   27.00000   41.78203  54.7%     - 1232s
     0     0   41.77901    0  517   27.00000   41.77901  54.7%     - 1238s
     0     0   41.77840    0  509   27.00000   41.77840  54.7%     - 1243s
     0     0   41.50347    0  506   27.00000   41.50347  53.7%     - 1316s
     0     0   41.40519    0  524   27.00000   41.40519  53.4%     - 1347s
     0     0   41.38772    0  537   27.00000   41.38772  53.3%     - 1360s
     0     0   41.37065    0  522   27.00000   41.37065  53.2%     - 1374s
     0     0   41.36600    0  526   27.00000   41.36600  53.2%     - 1382s
     0     0   41.36144    0  530   27.00000   41.36144  53.2%     - 1391s
     0     0   41.36054    0  524   27.00000   41.36054  53.2%     - 1396s
     0     0   41.18925    0  530   27.00000   41.18925  52.6%     - 1452s
     0     0   41.08667    0  534   27.00000   41.08667  52.2%     - 1488s
     0     0   41.05353    0  565   27.00000   41.05353  52.1%     - 1510s
     0     0   41.04426    0  572   27.00000   41.04426  52.0%     - 1522s
     0     0   41.03840    0  586   27.00000   41.03840  52.0%     - 1531s
     0     0   41.03695    0  594   27.00000   41.03695  52.0%     - 1537s
     0     0   41.03611    0  592   27.00000   41.03611  52.0%     - 1543s
     0     0   40.94543    0  497   27.00000   40.94543  51.6%     - 1594s
H    0     0                      28.0000000   40.94543  46.2%     - 1599s
     0     0   40.90280    0  515   28.00000   40.90280  46.1%     - 1621s
     0     0   40.87644    0  541   28.00000   40.87644  46.0%     - 1638s
     0     0   40.86659    0  549   28.00000   40.86659  46.0%     - 1649s
     0     0   40.85998    0  599   28.00000   40.85998  45.9%     - 1659s
     0     0   40.85825    0  572   28.00000   40.85825  45.9%     - 1664s
     0     0   40.85716    0  580   28.00000   40.85716  45.9%     - 1670s
     0     0   40.76436    0  563   28.00000   40.76436  45.6%     - 1719s
     0     0   40.73610    0  580   28.00000   40.73610  45.5%     - 1742s
     0     0   40.71621    0  609   28.00000   40.71621  45.4%     - 1757s
     0     0   40.70428    0  588   28.00000   40.70428  45.4%     - 1768s
     0     0   40.69974    0  586   28.00000   40.69974  45.4%     - 1775s
     0     0   40.69686    0  594   28.00000   40.69686  45.3%     - 1782s
     0     0   40.69533    0  571   28.00000   40.69533  45.3%     - 1788s
     0     0   40.69316    0  569   28.00000   40.69316  45.3%     - 1796s
     0     0          -    0        28.00000   40.69316  45.3%     - 1800s

Cutting planes:
  Gomory: 9
  Cover: 3
  MIR: 211
  Zero half: 265
  RLT: 33
  BQP: 110

Explored 1 nodes (72107 simplex iterations) in 1800.28 seconds
Thread count was 8 (of 8 available processors)

Solution count 5: 28 27 26 ... 9

Time limit reached
Best objective 2.800000000000e+01, best bound 4.000000000000e+01, gap 42.8571%
