
Gurobi 9.1.2 (win64, Java) logging started Sat Dec 18 02:46:59 2021

Academic license - for non-commercial use only - expires 2022-09-02
Gurobi Optimizer version 9.1.2 build v9.1.2rc0 (win64)
Thread count: 4 physical cores, 8 logical processors, using up to 8 threads
Optimize a model with 808600 rows, 500 columns and 2426000 nonzeros
Model fingerprint: 0x5923729b
Variable types: 0 continuous, 500 integer (500 binary)
Coefficient statistics:
  Matrix range     [1e+00, 1e+00]
  Objective range  [1e+00, 1e+00]
  Bounds range     [1e+00, 1e+00]
  RHS range        [1e+00, 1e+00]
Found heuristic solution: objective 29.0000000
Presolve time: 2.89s
Presolved: 808600 rows, 500 columns, 2426000 nonzeros
Variable types: 0 continuous, 500 integer (500 binary)

Root simplex log...

Iteration    Objective       Primal Inf.    Dual Inf.      Time
       0    1.0000000e+02   0.000000e+00   2.578700e+04      6s
   31280    5.6750000e+01   0.000000e+00   0.000000e+00      7s
   31280    5.6750000e+01   0.000000e+00   0.000000e+00      7s

Root relaxation: objective 5.675000e+01, 31280 iterations, 3.74 seconds
Total elapsed time = 13.58s

    Nodes    |    Current Node    |     Objective Bounds      |     Work
 Expl Unexpl |  Obj  Depth IntInf | Incumbent    BestBd   Gap | It/Node Time

     0     0   56.75000    0  200   29.00000   56.75000  95.7%     -   15s
H    0     0                      31.0000000   56.75000  83.1%     -   15s
     0     0   50.67709    0  341   31.00000   50.67709  63.5%     -  125s
H    0     0                      33.0000000   50.67709  53.6%     -  128s
     0     0   50.67009    0  342   33.00000   50.67009  53.5%     -  129s
     0     0   50.66872    0  335   33.00000   50.66872  53.5%     -  131s
     0     0   50.66742    0  334   33.00000   50.66742  53.5%     -  132s
     0     0   50.66665    0  332   33.00000   50.66665  53.5%     -  134s
     0     0   50.66563    0  339   33.00000   50.66563  53.5%     -  135s
     0     0   50.66550    0  339   33.00000   50.66550  53.5%     -  136s
     0     0   48.70079    0  333   33.00000   48.70079  47.6%     -  194s
H    0     0                      35.0000000   48.70079  39.1%     -  196s
     0     0   48.26927    0  360   35.00000   48.26927  37.9%     -  211s
     0     0   48.14937    0  360   35.00000   48.14937  37.6%     -  218s
     0     0   48.09801    0  361   35.00000   48.09801  37.4%     -  223s
     0     0   48.06263    0  358   35.00000   48.06263  37.3%     -  227s
     0     0   48.04613    0  366   35.00000   48.04613  37.3%     -  230s
     0     0   48.03484    0  359   35.00000   48.03484  37.2%     -  233s
     0     0   48.03262    0  362   35.00000   48.03262  37.2%     -  235s
     0     0   48.03209    0  366   35.00000   48.03209  37.2%     -  237s
     0     0   46.56409    0  350   35.00000   46.56409  33.0%     -  282s
     0     0   46.19072    0  365   35.00000   46.19072  32.0%     -  297s
     0     0   46.06900    0  376   35.00000   46.06900  31.6%     -  306s
     0     0   46.04279    0  374   35.00000   46.04279  31.6%     -  311s
     0     0   46.03165    0  377   35.00000   46.03165  31.5%     -  314s
     0     0   46.02878    0  381   35.00000   46.02878  31.5%     -  316s
     0     0   46.02789    0  383   35.00000   46.02789  31.5%     -  318s
     0     0   45.52687    0  376   35.00000   45.52687  30.1%     -  352s
     0     0   45.31278    0  391   35.00000   45.31278  29.5%     -  366s
     0     0   45.20295    0  388   35.00000   45.20295  29.2%     -  375s
     0     0   45.18756    0  396   35.00000   45.18756  29.1%     -  378s
     0     0   45.17431    0  392   35.00000   45.17431  29.1%     -  382s
     0     0   45.17005    0  396   35.00000   45.17005  29.1%     -  384s
     0     0   45.16729    0  399   35.00000   45.16729  29.0%     -  386s
     0     0   45.16607    0  398   35.00000   45.16607  29.0%     -  388s
     0     0   45.16439    0  399   35.00000   45.16439  29.0%     -  390s
     0     0   45.16385    0  400   35.00000   45.16385  29.0%     -  391s
     0     0   45.06111    0  393   35.00000   45.06111  28.7%     -  409s
     0     0   45.00285    0  405   35.00000   45.00285  28.6%     -  419s
     0     0   44.96538    0  402   35.00000   44.96538  28.5%     -  425s
     0     0   44.94054    0  404   35.00000   44.94054  28.4%     -  429s
     0     0   44.92286    0  414   35.00000   44.92286  28.4%     -  433s
     0     0   44.91578    0  411   35.00000   44.91578  28.3%     -  436s
     0     0   44.91249    0  409   35.00000   44.91249  28.3%     -  438s
     0     0   44.91097    0  411   35.00000   44.91097  28.3%     -  440s
     0     0   44.91033    0  408   35.00000   44.91033  28.3%     -  441s
     0     0   44.87553    0  410   35.00000   44.87553  28.2%     -  456s
     0     0   44.86001    0  412   35.00000   44.86001  28.2%     -  462s
     0     0   44.85312    0  406   35.00000   44.85312  28.2%     -  465s
     0     0   44.84692    0  413   35.00000   44.84692  28.1%     -  469s
     0     0   44.84208    0  415   35.00000   44.84208  28.1%     -  472s
     0     0   44.84107    0  409   35.00000   44.84107  28.1%     -  474s
     0     0   44.82648    0  399   35.00000   44.82648  28.1%     -  487s
     0     0   44.80038    0  407   35.00000   44.80038  28.0%     -  494s
     0     0   44.78915    0  408   35.00000   44.78915  28.0%     -  497s
     0     0   44.78535    0  408   35.00000   44.78535  28.0%     -  500s
     0     0   44.78310    0  405   35.00000   44.78310  28.0%     -  502s
     0     0   44.78143    0  417   35.00000   44.78143  27.9%     -  505s
     0     0   44.77975    0  413   35.00000   44.77975  27.9%     -  507s
     0     0   44.77889    0  413   35.00000   44.77889  27.9%     -  509s
     0     0   44.76151    0  400   35.00000   44.76151  27.9%     -  521s
     0     0   44.73974    0  398   35.00000   44.73974  27.8%     -  528s
     0     0   44.73352    0  406   35.00000   44.73352  27.8%     -  532s
     0     0   44.73162    0  407   35.00000   44.73162  27.8%     -  534s
     0     0   44.72925    0  410   35.00000   44.72925  27.8%     -  537s
     0     0   44.72765    0  413   35.00000   44.72765  27.8%     -  539s
     0     0   44.72737    0  412   35.00000   44.72737  27.8%     -  540s
     0     0   44.71396    0  399   35.00000   44.71396  27.8%     -  553s
     0     0   44.70842    0  408   35.00000   44.70842  27.7%     -  557s
     0     0   44.70451    0  413   35.00000   44.70451  27.7%     -  559s
     0     0   44.69902    0  412   35.00000   44.69902  27.7%     -  562s
     0     0   44.69757    0  414   35.00000   44.69757  27.7%     -  564s
     0     0   44.69715    0  421   35.00000   44.69715  27.7%     -  565s
     0     0   44.68797    0  410   35.00000   44.68797  27.7%     -  578s
     0     0   44.68214    0  417   35.00000   44.68214  27.7%     -  582s
     0     0   44.67711    0  413   35.00000   44.67711  27.6%     -  585s
     0     0   44.67592    0  420   35.00000   44.67592  27.6%     -  587s
     0     0   44.66993    0  419   35.00000   44.66993  27.6%     -  600s
     0     0   44.66748    0  420   35.00000   44.66748  27.6%     -  604s
     0     0   44.66660    0  425   35.00000   44.66660  27.6%     -  606s
     0     0   44.65847    0  409   35.00000   44.65847  27.6%     -  619s
     0     0   44.64722    0  425   35.00000   44.64722  27.6%     -  624s
     0     0   44.64429    0  425   35.00000   44.64429  27.6%     -  627s
     0     0   44.64326    0  425   35.00000   44.64326  27.6%     -  629s
     0     0   44.63926    0  415   35.00000   44.63926  27.5%     -  642s
     0     0   44.63661    0  418   35.00000   44.63661  27.5%     -  645s
     0     0   44.63531    0  426   35.00000   44.63531  27.5%     -  647s
     0     0   44.63466    0  426   35.00000   44.63466  27.5%     -  648s
     0     0   44.63073    0  422   35.00000   44.63073  27.5%     -  662s
     0     0   44.62872    0  427   35.00000   44.62872  27.5%     -  665s
     0     0   44.62790    0  430   35.00000   44.62790  27.5%     -  667s
     0     0   44.62361    0  422   35.00000   44.62361  27.5%     -  678s
     0     0   44.61889    0  422   35.00000   44.61889  27.5%     -  682s
     0     0   44.61779    0  432   35.00000   44.61779  27.5%     -  685s
     0     0   44.61153    0  419   35.00000   44.61153  27.5%     -  697s
     0     0   44.61153    0  388   35.00000   44.61153  27.5%     -  704s
H    0     0                      36.0000000   44.61153  23.9%     -  772s
     0     2   44.61153    0  384   36.00000   44.61153  23.9%     -  802s
     1     4   44.50884    1  363   36.00000   44.61122  23.9%   398  835s
     3     6   44.44178    2  358   36.00000   44.50831  23.6%   734  903s
     7    10   44.26633    3  356   36.00000   44.44030  23.4%   847  953s
    11    14   41.73282    4  299   36.00000   44.26563  23.0%  1162 1034s
    15    18   44.11830    4  352   36.00000   44.11830  22.6%  1225 1054s
    19    18   43.87737    5  365   36.00000   44.11673  22.5%  1047 1070s
    23    22   41.82789    5  310   36.00000   43.87711  21.9%   952 1104s
    29    22   38.59816    6  234   36.00000   43.87711  21.9%   944 1167s
    35    26   37.22727    7  182   36.00000   43.87711  21.9%   874 1196s
    41    23   37.06952    8  168   36.00000   43.87711  21.9%   788 1243s
    52    22 infeasible    8        36.00000   43.59189  21.1%   699 1483s
    61    21   42.25116    7  395   36.00000   43.57751  21.0%  1004 1651s
H   62    21                      37.0000000   43.57751  17.8%   988 1651s
    68    22   38.84889    9  332   37.00000   43.57751  17.8%  1050 1800s

Cutting planes:
  MIR: 208
  Zero half: 305
  RLT: 449
  BQP: 280

Explored 71 nodes (130319 simplex iterations) in 1800.42 seconds
Thread count was 8 (of 8 available processors)

Solution count 6: 37 36 35 ... 29

Time limit reached
Best objective 3.700000000000e+01, best bound 4.300000000000e+01, gap 16.2162%
