
Gurobi 9.1.2 (win64, Java) logging started Sun Dec 19 01:55:11 2021

Academic license - for non-commercial use only - expires 2022-09-02
Gurobi Optimizer version 9.1.2 build v9.1.2rc0 (win64)
Thread count: 4 physical cores, 8 logical processors, using up to 8 threads
Optimize a model with 5513150 rows, 1500 columns and 16540500 nonzeros
Model fingerprint: 0x56bc56f8
Variable types: 0 continuous, 1500 integer (1500 binary)
Coefficient statistics:
  Matrix range     [1e+00, 1e+00]
  Objective range  [1e+00, 1e+00]
  Bounds range     [1e+00, 1e+00]
  RHS range        [1e+00, 1e+00]
Found heuristic solution: objective 13.0000000
Presolve removed 0 rows and 0 columns (presolve time = 7s) ...
Presolve removed 0 rows and 0 columns (presolve time = 20s) ...
Presolve removed 0 rows and 0 columns (presolve time = 30s) ...
Presolve time: 29.98s
Presolved: 5513150 rows, 1500 columns, 16540500 nonzeros
Variable types: 0 continuous, 1500 integer (1500 binary)

Root simplex log...

Iteration    Objective       Primal Inf.    Dual Inf.      Time
       0    1.5000000e+02   0.000000e+00   4.925800e+04     54s
     286    1.0168750e+02   0.000000e+00   1.848451e+05     55s
     826    1.0126750e+02   0.000000e+00   6.509731e+05     61s
    1366    1.0114820e+02   0.000000e+00   1.255555e+06     65s
    2122    1.0099275e+02   0.000000e+00   1.215761e+06     70s
    2662    1.0074419e+02   0.000000e+00   1.229850e+06     76s
    3094    1.0069440e+02   0.000000e+00   9.597411e+05     80s
    3634    1.0054996e+02   0.000000e+00   1.785015e+06     86s
    4390    1.0025877e+02   0.000000e+00   1.093346e+07     91s
    5038    9.9938675e+01   0.000000e+00   8.900182e+05     95s
    5686    9.9141668e+01   0.000000e+00   7.276895e+05    101s
    6334    9.8795964e+01   0.000000e+00   4.827054e+05    105s
    6766    9.8543380e+01   0.000000e+00   1.076269e+08    110s
    7522    9.8010727e+01   0.000000e+00   1.060351e+07    116s
    7846    9.7936336e+01   0.000000e+00   8.084515e+06    120s
    8602    9.7665324e+01   0.000000e+00   4.326742e+05    126s
    9034    9.7595762e+01   0.000000e+00   1.565860e+05    130s
    9466    9.7380419e+01   0.000000e+00   1.512691e+05    135s
   10006    9.7238265e+01   0.000000e+00   1.460004e+06    141s
   10330    9.6916136e+01   0.000000e+00   3.027421e+05    145s
   11086    9.6600426e+01   0.000000e+00   1.232514e+07    151s
   11518    9.6480879e+01   0.000000e+00   6.062222e+06    156s
   12058    9.6304504e+01   0.000000e+00   9.394186e+05    160s
   12598    9.6139073e+01   0.000000e+00   5.069343e+05    165s
   13354    9.5932954e+01   0.000000e+00   6.014628e+05    170s
   13894    9.5528735e+01   0.000000e+00   1.022258e+06    176s
   14326    9.5348799e+01   0.000000e+00   8.047218e+05    181s
   14974    9.4926425e+01   0.000000e+00   4.472985e+07    185s
   15406    9.4849990e+01   0.000000e+00   3.799867e+07    190s
   15946    9.4709483e+01   0.000000e+00   1.000878e+06    196s
   16486    9.4322514e+01   0.000000e+00   2.384511e+05    201s
   17026    9.4043235e+01   0.000000e+00   3.996118e+05    205s
   17674    9.3675661e+01   0.000000e+00   1.463613e+05    210s
   18430    9.3096638e+01   0.000000e+00   3.451304e+07    215s
   19078    9.2654057e+01   0.000000e+00   3.136326e+07    220s
   19942    9.2081713e+01   0.000000e+00   1.090197e+06    225s
   20590    9.1764810e+01   0.000000e+00   5.407435e+05    230s
   21346    9.1473810e+01   0.000000e+00   7.566563e+07    236s
   21886    9.1431072e+01   0.000000e+00   6.848200e+05    240s
   22426    9.1398096e+01   0.000000e+00   2.559571e+06    245s
   22966    9.1362945e+01   0.000000e+00   1.290065e+07    250s
   23398    9.1351787e+01   0.000000e+00   6.288317e+05    257s
   23938    9.1188140e+01   0.000000e+00   4.405997e+05    260s
   24586    9.1143542e+01   0.000000e+00   6.914389e+07    266s
   25234    9.1082081e+01   0.000000e+00   2.235390e+06    271s
   25558    9.1055364e+01   0.000000e+00   1.119883e+07    276s
   25882    9.0992625e+01   0.000000e+00   3.044352e+06    281s
   26422    9.0704287e+01   0.000000e+00   5.895803e+05    287s
   27070    9.0424156e+01   0.000000e+00   5.587239e+04    291s
   27502    9.0274786e+01   0.000000e+00   2.019073e+06    295s
   28150    8.9717182e+01   0.000000e+00   3.698759e+08    300s
   29014    8.9345081e+01   0.000000e+00   1.948192e+05    306s
   29662    8.8029876e+01   0.000000e+00   2.724544e+06    310s
   30310    8.7962460e+01   0.000000e+00   1.272530e+07    316s
   30850    8.7871634e+01   0.000000e+00   1.368752e+05    321s
   31282    8.7818706e+01   0.000000e+00   2.048992e+07    325s
   32146    8.7569075e+01   0.000000e+00   1.414136e+06    331s
   32686    8.7281837e+01   0.000000e+00   2.763042e+05    335s
   33442    8.6972836e+01   0.000000e+00   6.436903e+04    341s
   33766    8.6938953e+01   0.000000e+00   3.100965e+06    346s
   34090    8.6872264e+01   0.000000e+00   3.852200e+05    351s
   34630    8.6724837e+01   0.000000e+00   3.641302e+05    357s
   34954    8.6660381e+01   0.000000e+00   6.024683e+04    361s
   35278    8.6558509e+01   0.000000e+00   6.576148e+04    365s
   36250    8.5916978e+01   0.000000e+00   4.025213e+05    370s
   36898    8.5769802e+01   0.000000e+00   2.297238e+06    375s
   37438    8.5602728e+01   0.000000e+00   3.021219e+05    380s
   37870    8.5441160e+01   0.000000e+00   1.128407e+04    386s
   38842    8.5090311e+01   0.000000e+00   7.216913e+05    390s
   39274    8.5000137e+01   0.000000e+00   5.412020e+06    395s
   40138    8.4761069e+01   0.000000e+00   2.989769e+07    401s
   40570    8.4611196e+01   0.000000e+00   2.141882e+04    406s
   41002    8.4468544e+01   0.000000e+00   1.768727e+05    411s
   41866    8.4292560e+01   0.000000e+00   1.058655e+05    415s
   42406    8.4220095e+01   0.000000e+00   1.543703e+06    420s
   43054    8.4108741e+01   0.000000e+00   7.364926e+05    425s
   43810    8.3882070e+01   0.000000e+00   5.412283e+05    431s
   44350    8.3784352e+01   0.000000e+00   1.581784e+04    437s
   44674    8.3654122e+01   0.000000e+00   2.519053e+06    440s
   45430    8.3455974e+01   0.000000e+00   1.434634e+05    445s
   45862    8.3380526e+01   0.000000e+00   6.030187e+04    451s
   46402    8.3300344e+01   0.000000e+00   1.247716e+06    456s
   47158    8.3176511e+01   0.000000e+00   1.185844e+06    461s
   47482    8.3162543e+01   0.000000e+00   7.387083e+04    466s
   48130    8.3071938e+01   0.000000e+00   8.442528e+06    470s
   48670    8.3030284e+01   0.000000e+00   6.498568e+05    475s
   49210    8.2942640e+01   0.000000e+00   1.020749e+05    481s
   49534    8.2910637e+01   0.000000e+00   3.024259e+05    487s
   49966    8.2826725e+01   0.000000e+00   1.616715e+06    491s
   50506    8.2687587e+01   0.000000e+00   1.150181e+05    496s
   50938    8.2587649e+01   0.000000e+00   5.028905e+06    501s
   51478    8.2506422e+01   0.000000e+00   6.282111e+04    506s
   52126    8.2419746e+01   0.000000e+00   7.018943e+05    511s
   52666    8.2346089e+01   0.000000e+00   3.360457e+05    515s
   52990    8.2286782e+01   0.000000e+00   2.445862e+04    521s
   53530    8.2161015e+01   0.000000e+00   1.396630e+04    526s
   53854    8.2101685e+01   0.000000e+00   1.307901e+06    530s
   54394    8.2061069e+01   0.000000e+00   5.160884e+07    535s
   55150    8.1955601e+01   0.000000e+00   2.200529e+04    541s
   55690    8.1894482e+01   0.000000e+00   2.223078e+04    545s
   56122    8.1863011e+01   0.000000e+00   1.650908e+07    551s
   56662    8.1813703e+01   0.000000e+00   1.215739e+05    556s
   57310    8.1735176e+01   0.000000e+00   1.627902e+04    560s
   57850    8.1702630e+01   0.000000e+00   1.121748e+06    565s
   58498    8.1656024e+01   0.000000e+00   4.524407e+05    571s
   58822    8.1643795e+01   0.000000e+00   1.571665e+04    575s
   59254    8.1627290e+01   0.000000e+00   6.241589e+05    580s
   59794    8.1598416e+01   0.000000e+00   3.903580e+04    586s
   60118    8.1578756e+01   0.000000e+00   3.681783e+04    590s
   60550    8.1532682e+01   0.000000e+00   7.951852e+03    595s
   61306    8.1470336e+01   0.000000e+00   3.935288e+05    600s
   62062    8.1440465e+01   0.000000e+00   1.131674e+04    606s
   62494    8.1396219e+01   0.000000e+00   1.904382e+04    611s
   63142    8.1338646e+01   0.000000e+00   3.695183e+05    615s
   63898    8.1291452e+01   0.000000e+00   1.653193e+04    621s
   64330    8.1249422e+01   0.000000e+00   1.099048e+04    626s
   64762    8.1215071e+01   0.000000e+00   2.192825e+06    630s
   65626    8.1135251e+01   0.000000e+00   2.443044e+04    636s
   66058    8.1081019e+01   0.000000e+00   4.002122e+04    640s
   66382    8.1065321e+01   0.000000e+00   6.502065e+05    646s
   67030    8.1022914e+01   0.000000e+00   4.905296e+06    651s
   67678    8.0923565e+01   0.000000e+00   8.382046e+03    656s
   68110    8.0867869e+01   0.000000e+00   4.207922e+04    661s
   68326    8.0852201e+01   0.000000e+00   8.915121e+03    665s
   68866    8.0805025e+01   0.000000e+00   2.511397e+04    671s
   69406    8.0749502e+01   0.000000e+00   1.143394e+05    676s
   69730    8.0725285e+01   0.000000e+00   1.933310e+05    680s
   70270    8.0670961e+01   0.000000e+00   1.875595e+05    686s
   70486    8.0651805e+01   0.000000e+00   8.684479e+04    690s
   70810    8.0602313e+01   0.000000e+00   6.220745e+04    695s
   71242    8.0542929e+01   0.000000e+00   4.644220e+04    702s
   71566    8.0510427e+01   0.000000e+00   1.554684e+04    706s
   71890    8.0485815e+01   0.000000e+00   3.591907e+05    711s
   72322    8.0455737e+01   0.000000e+00   4.091528e+04    716s
   72862    8.0428018e+01   0.000000e+00   6.088597e+05    721s
   73186    8.0404785e+01   0.000000e+00   2.742309e+03    727s
   73618    8.0374247e+01   0.000000e+00   3.429465e+04    731s
   74050    8.0345475e+01   0.000000e+00   6.013791e+03    736s
   74591    8.0324822e+01   0.000000e+00   2.239841e+03    740s
   75347    8.0260014e+01   0.000000e+00   1.617499e+03    746s
   75575    8.0250000e+01   4.368750e-01   0.000000e+00    753s
   75601    8.0250000e+01   0.000000e+00   0.000000e+00    755s
   75601    8.0250000e+01   0.000000e+00   0.000000e+00    759s

Root relaxation: objective 8.025000e+01, 75601 iterations, 721.94 seconds
Total elapsed time = 819.07s
Total elapsed time = 833.11s

    Nodes    |    Current Node    |     Objective Bounds      |     Work
 Expl Unexpl |  Obj  Depth IntInf | Incumbent    BestBd   Gap | It/Node Time

     0     0   80.25000    0  301   13.00000   80.25000   517%     -  846s
H    0     0                      17.0000000   80.25000   372%     -  848s
H    0     0                      30.0000000   80.25000   167%     -  851s
H    0     0                      32.0000000   80.25000   151%     -  857s
     0     0          -    0        32.00000   80.25000   151%     - 1800s

Cutting planes:
  Gomory: 1
  MIR: 76
  Zero half: 1130
  RLT: 309
  BQP: 126

Explored 1 nodes (82567 simplex iterations) in 1801.15 seconds
Thread count was 8 (of 8 available processors)

Solution count 4: 32 30 17 13 

Time limit reached
Best objective 3.200000000000e+01, best bound 8.000000000000e+01, gap 150.0000%
