
Gurobi 9.1.2 (win64, Java) logging started Sat Dec 18 01:34:35 2021

Academic license - for non-commercial use only - expires 2022-09-02
Gurobi Optimizer version 9.1.2 build v9.1.2rc0 (win64)
Thread count: 4 physical cores, 8 logical processors, using up to 8 threads
Optimize a model with 11525 rows, 125 columns and 34625 nonzeros
Model fingerprint: 0xb6a4e690
Variable types: 0 continuous, 125 integer (125 binary)
Coefficient statistics:
  Matrix range     [1e+00, 1e+00]
  Objective range  [1e+00, 1e+00]
  Bounds range     [1e+00, 1e+00]
  RHS range        [1e+00, 1e+00]
Found heuristic solution: objective 7.0000000
Presolve time: 0.06s
Presolved: 11525 rows, 125 columns, 34625 nonzeros
Variable types: 0 continuous, 125 integer (125 binary)

Root relaxation: objective 1.475000e+01, 183 iterations, 0.09 seconds

    Nodes    |    Current Node    |     Objective Bounds      |     Work
 Expl Unexpl |  Obj  Depth IntInf | Incumbent    BestBd   Gap | It/Node Time

     0     0   14.75000    0   50    7.00000   14.75000   111%     -    0s
H    0     0                      13.0000000   14.75000  13.5%     -    0s
     0     0     cutoff    0        13.00000   13.00000  0.00%     -    0s

Cutting planes:
  Gomory: 1
  Clique: 4
  Zero half: 14
  RLT: 15
  BQP: 10

Explored 1 nodes (323 simplex iterations) in 0.49 seconds
Thread count was 8 (of 8 available processors)

Solution count 2: 13 7 

Optimal solution found (tolerance 1.00e-04)
Best objective 1.300000000000e+01, best bound 1.300000000000e+01, gap 0.0000%

Gurobi 9.1.2 (win64, Java) logging started Sat Dec 18 01:36:35 2021

Academic license - for non-commercial use only - expires 2022-09-02
Gurobi Optimizer version 9.1.2 build v9.1.2rc0 (win64)
Thread count: 4 physical cores, 8 logical processors, using up to 8 threads
Optimize a model with 11525 rows, 125 columns and 34625 nonzeros
Model fingerprint: 0xb6a4e690
Variable types: 0 continuous, 125 integer (125 binary)
Coefficient statistics:
  Matrix range     [1e+00, 1e+00]
  Objective range  [1e+00, 1e+00]
  Bounds range     [1e+00, 1e+00]
  RHS range        [1e+00, 1e+00]
Found heuristic solution: objective 7.0000000
Presolve time: 0.05s
Presolved: 11525 rows, 125 columns, 34625 nonzeros
Variable types: 0 continuous, 125 integer (125 binary)

Root relaxation: objective 1.475000e+01, 183 iterations, 0.08 seconds

    Nodes    |    Current Node    |     Objective Bounds      |     Work
 Expl Unexpl |  Obj  Depth IntInf | Incumbent    BestBd   Gap | It/Node Time

     0     0   14.75000    0   50    7.00000   14.75000   111%     -    0s
H    0     0                      13.0000000   14.75000  13.5%     -    0s
     0     0     cutoff    0        13.00000   13.00000  0.00%     -    0s

Cutting planes:
  Gomory: 1
  Clique: 4
  Zero half: 14
  RLT: 15
  BQP: 10

Explored 1 nodes (323 simplex iterations) in 0.51 seconds
Thread count was 8 (of 8 available processors)

Solution count 2: 13 7 

Optimal solution found (tolerance 1.00e-04)
Best objective 1.300000000000e+01, best bound 1.300000000000e+01, gap 0.0000%

Gurobi 9.1.2 (win64, Java) logging started Sat Dec 18 01:37:16 2021

Academic license - for non-commercial use only - expires 2022-09-02
Gurobi Optimizer version 9.1.2 build v9.1.2rc0 (win64)
Thread count: 4 physical cores, 8 logical processors, using up to 8 threads
Optimize a model with 11525 rows, 125 columns and 34625 nonzeros
Model fingerprint: 0xb6a4e690
Variable types: 0 continuous, 125 integer (125 binary)
Coefficient statistics:
  Matrix range     [1e+00, 1e+00]
  Objective range  [1e+00, 1e+00]
  Bounds range     [1e+00, 1e+00]
  RHS range        [1e+00, 1e+00]
Found heuristic solution: objective 7.0000000
Presolve time: 0.06s
Presolved: 11525 rows, 125 columns, 34625 nonzeros
Variable types: 0 continuous, 125 integer (125 binary)

Root relaxation: objective 1.475000e+01, 183 iterations, 0.08 seconds

    Nodes    |    Current Node    |     Objective Bounds      |     Work
 Expl Unexpl |  Obj  Depth IntInf | Incumbent    BestBd   Gap | It/Node Time

     0     0   14.75000    0   50    7.00000   14.75000   111%     -    0s
H    0     0                      13.0000000   14.75000  13.5%     -    0s
     0     0     cutoff    0        13.00000   13.00000  0.00%     -    0s

Cutting planes:
  Gomory: 1
  Clique: 4
  Zero half: 14
  RLT: 15
  BQP: 10

Explored 1 nodes (323 simplex iterations) in 0.53 seconds
Thread count was 8 (of 8 available processors)

Solution count 2: 13 7 

Optimal solution found (tolerance 1.00e-04)
Best objective 1.300000000000e+01, best bound 1.300000000000e+01, gap 0.0000%

Gurobi 9.1.2 (win64, Java) logging started Sat Dec 18 01:40:58 2021

Academic license - for non-commercial use only - expires 2022-09-02
Gurobi Optimizer version 9.1.2 build v9.1.2rc0 (win64)
Thread count: 4 physical cores, 8 logical processors, using up to 8 threads
Optimize a model with 11525 rows, 125 columns and 34625 nonzeros
Model fingerprint: 0xb6a4e690
Variable types: 0 continuous, 125 integer (125 binary)
Coefficient statistics:
  Matrix range     [1e+00, 1e+00]
  Objective range  [1e+00, 1e+00]
  Bounds range     [1e+00, 1e+00]
  RHS range        [1e+00, 1e+00]
Found heuristic solution: objective 7.0000000
Presolve time: 0.06s
Presolved: 11525 rows, 125 columns, 34625 nonzeros
Variable types: 0 continuous, 125 integer (125 binary)

Root relaxation: objective 1.475000e+01, 183 iterations, 0.08 seconds

    Nodes    |    Current Node    |     Objective Bounds      |     Work
 Expl Unexpl |  Obj  Depth IntInf | Incumbent    BestBd   Gap | It/Node Time

     0     0   14.75000    0   50    7.00000   14.75000   111%     -    0s
H    0     0                      13.0000000   14.75000  13.5%     -    0s
     0     0     cutoff    0        13.00000   13.00000  0.00%     -    0s

Cutting planes:
  Gomory: 1
  Clique: 4
  Zero half: 14
  RLT: 15
  BQP: 10

Explored 1 nodes (323 simplex iterations) in 0.53 seconds
Thread count was 8 (of 8 available processors)

Solution count 2: 13 7 

Optimal solution found (tolerance 1.00e-04)
Best objective 1.300000000000e+01, best bound 1.300000000000e+01, gap 0.0000%

Gurobi 9.1.2 (win64, Java) logging started Sat Dec 18 01:43:49 2021

Academic license - for non-commercial use only - expires 2022-09-02
Gurobi Optimizer version 9.1.2 build v9.1.2rc0 (win64)
Thread count: 4 physical cores, 8 logical processors, using up to 8 threads
Optimize a model with 11525 rows, 125 columns and 34625 nonzeros
Model fingerprint: 0xb6a4e690
Variable types: 0 continuous, 125 integer (125 binary)
Coefficient statistics:
  Matrix range     [1e+00, 1e+00]
  Objective range  [1e+00, 1e+00]
  Bounds range     [1e+00, 1e+00]
  RHS range        [1e+00, 1e+00]
Found heuristic solution: objective 7.0000000
Presolve time: 0.06s
Presolved: 11525 rows, 125 columns, 34625 nonzeros
Variable types: 0 continuous, 125 integer (125 binary)

Root relaxation: objective 1.475000e+01, 183 iterations, 0.08 seconds

    Nodes    |    Current Node    |     Objective Bounds      |     Work
 Expl Unexpl |  Obj  Depth IntInf | Incumbent    BestBd   Gap | It/Node Time

     0     0   14.75000    0   50    7.00000   14.75000   111%     -    0s
H    0     0                      13.0000000   14.75000  13.5%     -    0s
     0     0     cutoff    0        13.00000   13.00000  0.00%     -    0s

Cutting planes:
  Gomory: 1
  Clique: 4
  Zero half: 14
  RLT: 15
  BQP: 10

Explored 1 nodes (323 simplex iterations) in 0.55 seconds
Thread count was 8 (of 8 available processors)

Solution count 2: 13 7 

Optimal solution found (tolerance 1.00e-04)
Best objective 1.300000000000e+01, best bound 1.300000000000e+01, gap 0.0000%

Gurobi 9.1.2 (win64, Java) logging started Sat Dec 18 01:48:52 2021

Academic license - for non-commercial use only - expires 2022-09-02
Gurobi Optimizer version 9.1.2 build v9.1.2rc0 (win64)
Thread count: 4 physical cores, 8 logical processors, using up to 8 threads
Optimize a model with 11525 rows, 125 columns and 34625 nonzeros
Model fingerprint: 0xb6a4e690
Variable types: 0 continuous, 125 integer (125 binary)
Coefficient statistics:
  Matrix range     [1e+00, 1e+00]
  Objective range  [1e+00, 1e+00]
  Bounds range     [1e+00, 1e+00]
  RHS range        [1e+00, 1e+00]
Found heuristic solution: objective 7.0000000
Presolve time: 0.04s
Presolved: 11525 rows, 125 columns, 34625 nonzeros
Variable types: 0 continuous, 125 integer (125 binary)

Root relaxation: objective 1.475000e+01, 183 iterations, 0.09 seconds

    Nodes    |    Current Node    |     Objective Bounds      |     Work
 Expl Unexpl |  Obj  Depth IntInf | Incumbent    BestBd   Gap | It/Node Time

     0     0   14.75000    0   50    7.00000   14.75000   111%     -    0s
H    0     0                      13.0000000   14.75000  13.5%     -    0s
     0     0     cutoff    0        13.00000   13.00000  0.00%     -    0s

Cutting planes:
  Gomory: 1
  Clique: 4
  Zero half: 14
  RLT: 15
  BQP: 10

Explored 1 nodes (323 simplex iterations) in 0.55 seconds
Thread count was 8 (of 8 available processors)

Solution count 2: 13 7 

Optimal solution found (tolerance 1.00e-04)
Best objective 1.300000000000e+01, best bound 1.300000000000e+01, gap 0.0000%

Gurobi 9.1.2 (win64, Java) logging started Sat Dec 18 01:49:39 2021

Academic license - for non-commercial use only - expires 2022-09-02
Gurobi Optimizer version 9.1.2 build v9.1.2rc0 (win64)
Thread count: 4 physical cores, 8 logical processors, using up to 8 threads
Optimize a model with 11525 rows, 125 columns and 34625 nonzeros
Model fingerprint: 0xb6a4e690
Variable types: 0 continuous, 125 integer (125 binary)
Coefficient statistics:
  Matrix range     [1e+00, 1e+00]
  Objective range  [1e+00, 1e+00]
  Bounds range     [1e+00, 1e+00]
  RHS range        [1e+00, 1e+00]
Found heuristic solution: objective 7.0000000
Presolve time: 0.04s
Presolved: 11525 rows, 125 columns, 34625 nonzeros
Variable types: 0 continuous, 125 integer (125 binary)

Root relaxation: objective 1.475000e+01, 183 iterations, 0.10 seconds

    Nodes    |    Current Node    |     Objective Bounds      |     Work
 Expl Unexpl |  Obj  Depth IntInf | Incumbent    BestBd   Gap | It/Node Time

     0     0   14.75000    0   50    7.00000   14.75000   111%     -    0s
H    0     0                      13.0000000   14.75000  13.5%     -    0s
     0     0     cutoff    0        13.00000   13.00000  0.00%     -    0s

Cutting planes:
  Gomory: 1
  Clique: 4
  Zero half: 14
  RLT: 15
  BQP: 10

Explored 1 nodes (323 simplex iterations) in 0.67 seconds
Thread count was 8 (of 8 available processors)

Solution count 2: 13 7 

Optimal solution found (tolerance 1.00e-04)
Best objective 1.300000000000e+01, best bound 1.300000000000e+01, gap 0.0000%
