
Gurobi 9.1.2 (win64, Java) logging started Sun Dec 19 02:25:28 2021

Academic license - for non-commercial use only - expires 2022-09-02
Gurobi Optimizer version 9.1.2 build v9.1.2rc0 (win64)
Thread count: 4 physical cores, 8 logical processors, using up to 8 threads
Optimize a model with 8269650 rows, 2250 columns and 24810750 nonzeros
Model fingerprint: 0x3daf47ae
Variable types: 0 continuous, 2250 integer (2250 binary)
Coefficient statistics:
  Matrix range     [1e+00, 1e+00]
  Objective range  [1e+00, 1e+00]
  Bounds range     [1e+00, 1e+00]
  RHS range        [1e+00, 1e+00]
Found heuristic solution: objective 9.0000000
Presolve removed 0 rows and 0 columns (presolve time = 11s) ...
Presolve removed 0 rows and 0 columns (presolve time = 32s) ...
Presolve removed 0 rows and 0 columns (presolve time = 48s) ...
Presolve time: 48.25s
Presolved: 8269650 rows, 2250 columns, 24810750 nonzeros
Variable types: 0 continuous, 2250 integer (2250 binary)

Root simplex log...

Iteration    Objective       Primal Inf.    Dual Inf.      Time
       0    1.5000000e+02   0.000000e+00   3.492600e+04     91s
    7949    9.4861708e+01   0.000000e+00   6.741940e+06     95s
   16100    9.4836024e+01   0.000000e+00   7.783593e+06    100s
   25111    9.4778681e+01   0.000000e+00   4.310957e+07    105s
   33262    9.4682851e+01   0.000000e+00   1.241632e+08    110s
   41418    9.4511512e+01   0.000000e+00   3.898279e+07    115s
   49998    9.4286695e+01   0.000000e+00   3.005614e+07    120s
   57722    9.4234402e+01   0.000000e+00   3.471148e+07    125s
   65444    9.4195439e+01   0.000000e+00   3.439067e+07    130s
   72737    9.4162602e+01   0.000000e+00   1.645440e+07    135s
   80459    9.4097452e+01   0.000000e+00   4.229006e+07    140s
   88181    9.4046161e+01   0.000000e+00   8.561508e+07    145s
   95903    9.4011624e+01   0.000000e+00   2.777152e+07    150s
  103625    9.3981426e+01   0.000000e+00   1.446284e+07    155s
  110918    9.3951855e+01   0.000000e+00   2.375203e+07    160s
  118640    9.3913127e+01   0.000000e+00   1.180658e+07    165s
  125933    9.3880862e+01   0.000000e+00   7.463862e+07    170s
  133655    9.3816703e+01   0.000000e+00   9.956572e+06    175s
  141806    9.3790338e+01   0.000000e+00   2.395990e+07    180s
  149528    9.3759905e+01   0.000000e+00   2.156363e+07    185s
  156821    9.3715987e+01   0.000000e+00   1.549985e+07    190s
  164543    9.3680306e+01   0.000000e+00   1.532028e+07    195s
  172290    9.3640994e+01   0.000000e+00   2.200029e+07    200s
  180018    9.3617111e+01   0.000000e+00   1.129239e+07    205s
  187319    9.3596163e+01   0.000000e+00   2.030237e+07    210s
  195470    9.3574775e+01   0.000000e+00   5.107869e+07    215s
  203622    9.3552562e+01   0.000000e+00   1.557358e+07    220s
  211773    9.3529325e+01   0.000000e+00   2.076486e+07    225s
  219495    9.3506676e+01   0.000000e+00   4.652864e+06    230s
  227222    9.3443959e+01   0.000000e+00   1.422411e+07    235s
  234515    9.3421884e+01   0.000000e+00   1.647725e+07    240s
  242237    9.3391314e+01   0.000000e+00   2.336261e+07    245s
  249959    9.3365591e+01   0.000000e+00   1.865906e+07    250s
  257681    9.3340134e+01   0.000000e+00   6.680769e+06    255s
  265403    9.3304719e+01   0.000000e+00   2.886496e+07    260s
  273558    9.3281422e+01   0.000000e+00   8.291208e+06    265s
  281709    9.3250462e+01   0.000000e+00   1.751898e+07    270s
  289002    9.3223932e+01   0.000000e+00   1.262154e+07    275s
  296724    9.3200692e+01   0.000000e+00   3.254982e+07    280s
  304017    9.3184988e+01   0.000000e+00   1.036622e+07    285s
  311739    9.3155319e+01   0.000000e+00   1.855288e+07    290s
  319461    9.3122729e+01   0.000000e+00   1.051851e+07    295s
  327612    9.3086583e+01   0.000000e+00   5.687749e+07    300s
  334476    9.3046201e+01   0.000000e+00   8.405178e+06    305s
  341769    9.3006007e+01   0.000000e+00   1.065495e+08    310s
  349920    9.2979086e+01   0.000000e+00   1.386413e+07    315s
  357213    9.2936989e+01   0.000000e+00   5.261597e+06    320s
  364935    9.2898130e+01   0.000000e+00   1.679506e+07    325s
  372657    9.2857541e+01   0.000000e+00   1.255717e+07    330s
  380379    9.2814819e+01   0.000000e+00   1.557755e+07    335s
  388101    9.2779469e+01   0.000000e+00   3.336783e+06    340s
  395394    9.2731997e+01   0.000000e+00   2.867498e+07    345s
  403545    9.2693007e+01   0.000000e+00   2.213975e+07    350s
  411267    9.2656977e+01   0.000000e+00   1.085822e+07    355s
  418565    9.2635294e+01   0.000000e+00   2.408336e+07    360s
  426287    9.2596627e+01   0.000000e+00   1.825372e+07    365s
  434009    9.2526191e+01   0.000000e+00   2.206166e+07    370s
  441731    9.2469603e+01   0.000000e+00   7.029289e+07    375s
  449024    9.2433429e+01   0.000000e+00   1.766233e+07    380s
  456746    9.2404762e+01   0.000000e+00   2.640682e+07    385s
  464485    9.2365540e+01   0.000000e+00   9.741693e+06    390s
  472207    9.2317531e+01   0.000000e+00   7.032659e+06    395s
  480358    9.2284718e+01   0.000000e+00   1.084767e+07    400s
  488517    9.2240968e+01   0.000000e+00   6.829692e+06    405s
  495810    9.2202240e+01   0.000000e+00   5.284227e+06    410s
  503532    9.2127055e+01   0.000000e+00   2.150899e+07    415s
  511254    9.2083094e+01   0.000000e+00   2.125274e+08    420s
  518976    9.2041628e+01   0.000000e+00   1.005583e+07    425s
  526269    9.2001610e+01   0.000000e+00   1.981972e+08    430s
  534420    9.1975388e+01   0.000000e+00   1.890534e+07    435s
  541713    9.1934168e+01   0.000000e+00   5.320003e+07    440s
  549006    9.1894842e+01   0.000000e+00   7.062222e+07    445s
  555870    9.1872419e+01   0.000000e+00   5.310512e+06    450s
  563592    9.1810599e+01   0.000000e+00   6.171932e+06    455s
  571314    9.1786155e+01   0.000000e+00   6.085271e+06    460s
  578607    9.1766141e+01   0.000000e+00   2.344557e+08    465s
  585471    9.1741648e+01   0.000000e+00   2.119915e+07    470s
  592335    9.1699765e+01   0.000000e+00   1.510894e+07    475s
  599628    9.1663047e+01   0.000000e+00   1.308496e+07    480s
  607782    9.1605581e+01   0.000000e+00   2.593672e+07    485s
  614646    9.1575782e+01   0.000000e+00   1.508925e+07    490s
  622368    9.1528033e+01   0.000000e+00   3.715258e+07    495s
  629661    9.1473121e+01   0.000000e+00   4.744957e+07    500s
  636954    9.1437548e+01   0.000000e+00   9.201536e+06    505s
  643818    9.1413825e+01   0.000000e+00   9.015116e+07    510s
  651113    9.1366735e+01   0.000000e+00   3.572587e+07    515s
  658838    9.1340733e+01   0.000000e+00   7.610122e+06    520s
  666562    9.1314776e+01   0.000000e+00   1.111842e+07    525s
  673855    9.1290212e+01   0.000000e+00   2.559392e+07    530s
  681577    9.1261188e+01   0.000000e+00   1.644715e+07    535s
  689299    9.1232986e+01   0.000000e+00   1.331768e+07    540s
  696592    9.1188312e+01   0.000000e+00   2.137433e+07    545s
  704314    9.1159389e+01   0.000000e+00   2.188048e+07    550s
  711607    9.1105320e+01   0.000000e+00   3.390439e+07    555s
  718901    9.0960142e+01   0.000000e+00   1.269840e+07    560s
  726623    9.0922359e+01   0.000000e+00   1.390227e+07    565s
  733916    9.0898819e+01   0.000000e+00   1.255941e+07    570s
  740351    9.0884621e+01   0.000000e+00   6.741128e+07    575s
  748074    9.0844954e+01   0.000000e+00   2.745825e+07    580s
  755367    9.0792267e+01   0.000000e+00   1.010410e+07    585s
  762660    9.0745890e+01   0.000000e+00   7.922133e+06    590s
  770814    9.0664804e+01   0.000000e+00   5.985294e+07    595s
  778536    9.0619266e+01   0.000000e+00   1.840431e+07    600s
  786258    9.0545178e+01   0.000000e+00   5.905698e+06    605s
  793980    9.0503878e+01   0.000000e+00   2.710042e+07    610s
  801702    9.0462709e+01   0.000000e+00   1.621037e+07    615s
  808995    9.0418610e+01   0.000000e+00   1.142669e+07    620s
  816717    9.0385352e+01   0.000000e+00   7.946306e+06    625s
  824448    9.0333112e+01   0.000000e+00   1.574229e+07    630s
  831741    9.0313850e+01   0.000000e+00   8.063582e+06    635s
  839463    9.0276492e+01   0.000000e+00   4.578280e+07    640s
  847185    9.0218151e+01   0.000000e+00   3.180906e+07    645s
  854478    9.0176298e+01   0.000000e+00   6.888800e+06    650s
  861771    9.0141648e+01   0.000000e+00   1.943230e+07    655s
  869064    9.0106372e+01   0.000000e+00   2.530977e+07    660s
  876786    9.0079055e+01   0.000000e+00   2.555422e+07    665s
  884079    9.0047125e+01   0.000000e+00   2.031141e+06    670s
  891801    9.0022868e+01   0.000000e+00   5.679634e+06    675s
  899094    8.9990305e+01   0.000000e+00   4.368753e+07    680s
  906817    8.9964605e+01   0.000000e+00   1.116673e+07    685s
  914110    8.9910708e+01   0.000000e+00   6.838414e+07    690s
  921408    8.9858195e+01   0.000000e+00   1.143579e+07    695s
  927843    8.9819033e+01   0.000000e+00   2.689883e+07    700s
  935136    8.9776222e+01   0.000000e+00   5.620147e+06    705s
  943716    8.9741222e+01   0.000000e+00   8.288671e+06    710s
  951442    8.9701467e+01   0.000000e+00   1.125818e+07    715s
  959188    8.9656906e+01   0.000000e+00   2.829262e+07    720s
  966910    8.9616402e+01   0.000000e+00   3.977206e+07    725s
  974632    8.9586687e+01   0.000000e+00   2.481566e+07    730s
  983212    8.9560484e+01   0.000000e+00   2.721848e+07    735s
  991373    8.9515197e+01   0.000000e+00   1.468389e+07    740s
  999953    8.9468215e+01   0.000000e+00   8.376485e+07    745s
 1008104    8.9401088e+01   0.000000e+00   8.332585e+06    750s
 1016268    8.9363322e+01   0.000000e+00   2.813321e+06    755s
 1023133    8.9332174e+01   0.000000e+00   1.635688e+07    760s
 1029997    8.9307255e+01   0.000000e+00   9.710941e+06    765s
 1037719    8.9258987e+01   0.000000e+00   2.009076e+08    770s
 1045441    8.9206464e+01   0.000000e+00   1.668689e+07    775s
 1053167    8.9171809e+01   0.000000e+00   1.738919e+07    780s
 1061319    8.9096161e+01   0.000000e+00   7.987376e+07    785s
 1068612    8.9069651e+01   0.000000e+00   6.326535e+06    790s
 1073760    8.9032162e+01   0.000000e+00   1.591719e+07    795s
 1081066    8.8988962e+01   0.000000e+00   1.019326e+07    800s
 1088789    8.8968516e+01   0.000000e+00   1.903167e+07    805s
 1096082    8.8941296e+01   0.000000e+00   2.291779e+07    810s
 1103375    8.8923114e+01   0.000000e+00   7.313914e+06    815s
 1111526    8.8897272e+01   0.000000e+00   1.301419e+07    820s
 1119677    8.8838982e+01   0.000000e+00   8.897780e+06    825s
 1127828    8.8799171e+01   0.000000e+00   2.555212e+07    830s
 1135550    8.8776111e+01   0.000000e+00   6.059766e+06    835s
 1143701    8.8744852e+01   0.000000e+00   4.655449e+06    840s
 1151423    8.8704619e+01   0.000000e+00   1.164421e+07    845s
 1159574    8.8641889e+01   0.000000e+00   3.167541e+07    850s
 1167296    8.8611603e+01   0.000000e+00   5.496471e+06    855s
 1175447    8.8517314e+01   0.000000e+00   1.545579e+07    860s
 1183598    8.8459420e+01   0.000000e+00   4.884714e+06    865s
 1191320    8.8420272e+01   0.000000e+00   7.048657e+06    870s
 1199042    8.8332971e+01   0.000000e+00   9.159750e+06    875s
 1207193    8.8269145e+01   0.000000e+00   1.355916e+07    880s
 1215344    8.8215586e+01   0.000000e+00   1.044918e+07    885s
 1223495    8.8100407e+01   0.000000e+00   2.577841e+07    890s
 1231217    8.8047171e+01   0.000000e+00   8.988681e+07    895s
 1239368    8.7984103e+01   0.000000e+00   7.625128e+06    900s
 1247090    8.7948253e+01   0.000000e+00   6.729625e+06    905s
 1255241    8.7832659e+01   0.000000e+00   1.634097e+07    910s
 1262963    8.7761453e+01   0.000000e+00   5.587388e+06    915s
 1271114    8.7644170e+01   0.000000e+00   4.176178e+07    920s
 1277978    8.7597617e+01   0.000000e+00   3.639619e+07    925s
 1285271    8.7502805e+01   0.000000e+00   1.871202e+07    930s
 1292993    8.7435353e+01   0.000000e+00   1.556373e+07    935s
 1301573    8.7365872e+01   0.000000e+00   6.057167e+07    940s
 1309724    8.7277168e+01   0.000000e+00   2.348043e+07    945s
 1317446    8.7243853e+01   0.000000e+00   2.674468e+07    950s
 1325597    8.7220915e+01   0.000000e+00   1.210147e+07    955s
 1332934    8.7190530e+01   0.000000e+00   1.356008e+07    960s
 1340227    8.7159080e+01   0.000000e+00   1.585618e+07    965s
 1347949    8.7060489e+01   0.000000e+00   2.282211e+07    970s
 1356100    8.7011166e+01   0.000000e+00   4.581040e+07    975s
 1363822    8.6967405e+01   0.000000e+00   6.609087e+07    980s
 1371544    8.6940603e+01   0.000000e+00   5.014861e+06    985s
 1379266    8.6916206e+01   0.000000e+00   2.315350e+07    990s
 1386988    8.6856752e+01   0.000000e+00   2.348945e+07    995s
 1394716    8.6763821e+01   0.000000e+00   2.017851e+07   1000s
 1402438    8.6736501e+01   0.000000e+00   3.410342e+06   1005s
 1410589    8.6711900e+01   0.000000e+00   7.262406e+07   1010s
 1418740    8.6686601e+01   0.000000e+00   1.088790e+07   1015s
 1426462    8.6665022e+01   0.000000e+00   5.045010e+06   1020s
 1434613    8.6592146e+01   0.000000e+00   7.450595e+06   1025s
 1442764    8.6523392e+01   0.000000e+00   2.693440e+07   1030s
 1450491    8.6449713e+01   0.000000e+00   5.464508e+06   1035s
 1458216    8.6405260e+01   0.000000e+00   6.279208e+07   1040s
 1466797    8.6364189e+01   0.000000e+00   1.734338e+07   1045s
 1474519    8.6332982e+01   0.000000e+00   1.230943e+07   1050s
 1483099    8.6276368e+01   0.000000e+00   1.716226e+07   1055s
 1490401    8.6243272e+01   0.000000e+00   1.373506e+07   1060s
 1497694    8.6229408e+01   0.000000e+00   7.382333e+06   1065s
 1505417    8.6203552e+01   0.000000e+00   7.133076e+06   1070s
 1513569    8.6182214e+01   0.000000e+00   2.827944e+07   1075s
 1520887    8.6145537e+01   0.000000e+00   4.485734e+06   1080s
 1528180    8.6076391e+01   0.000000e+00   1.457506e+07   1085s
 1535909    8.6029678e+01   0.000000e+00   3.498663e+06   1090s
 1544060    8.5960474e+01   0.000000e+00   2.536259e+07   1095s
 1551782    8.5887357e+01   0.000000e+00   3.448291e+07   1100s
 1560362    8.5842038e+01   0.000000e+00   1.223406e+07   1105s
 1567655    8.5802143e+01   0.000000e+00   5.715560e+06   1110s
 1575806    8.5769871e+01   0.000000e+00   1.840439e+07   1115s
 1583957    8.5726114e+01   0.000000e+00   1.145934e+07   1120s
 1592108    8.5698266e+01   0.000000e+00   1.797534e+07   1125s
 1600259    8.5662818e+01   0.000000e+00   3.027758e+06   1130s
 1607981    8.5605719e+01   0.000000e+00   1.251315e+07   1135s
 1616561    8.5550257e+01   0.000000e+00   5.023960e+06   1140s
 1625144    8.5512700e+01   0.000000e+00   2.769866e+07   1145s
 1633295    8.5401863e+01   0.000000e+00   8.558276e+06   1150s
 1641875    8.5312901e+01   0.000000e+00   5.162670e+07   1155s
 1650040    8.5217709e+01   0.000000e+00   2.824263e+06   1160s
 1658191    8.5151751e+01   0.000000e+00   2.103856e+07   1165s
 1665913    8.5091286e+01   0.000000e+00   9.011277e+06   1170s
 1673635    8.5060451e+01   0.000000e+00   2.869782e+07   1175s
 1681786    8.5011760e+01   0.000000e+00   4.010164e+06   1180s
 1689079    8.4954341e+01   0.000000e+00   4.000210e+06   1185s
 1697659    8.4870456e+01   0.000000e+00   6.275853e+06   1190s
 1705381    8.4831603e+01   0.000000e+00   5.375154e+06   1195s
 1713103    8.4807588e+01   0.000000e+00   1.106668e+07   1200s
 1720396    8.4772970e+01   0.000000e+00   3.989895e+07   1205s
 1728118    8.4697113e+01   0.000000e+00   1.947084e+07   1210s
 1735840    8.4599707e+01   0.000000e+00   1.596487e+07   1215s
 1743991    8.4560062e+01   0.000000e+00   1.868235e+07   1220s
 1751284    8.4510982e+01   0.000000e+00   1.377887e+07   1225s
 1759006    8.4473593e+01   0.000000e+00   9.616140e+06   1230s
 1766728    8.4409569e+01   0.000000e+00   4.510263e+07   1235s
 1774879    8.4384442e+01   0.000000e+00   1.515659e+07   1240s
 1783030    8.4323953e+01   0.000000e+00   2.863432e+07   1245s
 1790752    8.4299527e+01   0.000000e+00   4.615188e+06   1250s
 1798474    8.4268979e+01   0.000000e+00   1.215857e+07   1255s
 1805338    8.4235674e+01   0.000000e+00   1.564939e+07   1260s
 1813489    8.4183218e+01   0.000000e+00   6.263713e+06   1265s
 1821211    8.4131927e+01   0.000000e+00   1.991549e+07   1270s
 1828936    8.4086758e+01   0.000000e+00   1.091896e+07   1275s
 1837087    8.4061081e+01   0.000000e+00   4.964612e+06   1280s
 1844809    8.4025543e+01   0.000000e+00   6.119081e+06   1285s
 1853389    8.3995646e+01   0.000000e+00   9.585311e+06   1290s
 1861542    8.3963731e+01   0.000000e+00   6.919421e+06   1295s
 1868835    8.3943374e+01   0.000000e+00   2.829368e+06   1300s
 1876986    8.3914190e+01   0.000000e+00   3.698891e+07   1305s
 1885137    8.3896102e+01   0.000000e+00   9.708788e+06   1310s
 1892859    8.3870587e+01   0.000000e+00   1.841236e+07   1315s
 1900581    8.3827914e+01   0.000000e+00   5.822392e+06   1320s
 1908732    8.3802322e+01   0.000000e+00   3.407082e+07   1325s
 1916454    8.3778531e+01   0.000000e+00   1.003197e+07   1330s
 1923318    8.3724223e+01   0.000000e+00   6.659177e+06   1335s
 1931469    8.3704269e+01   0.000000e+00   9.235165e+06   1340s
 1939191    8.3676943e+01   0.000000e+00   2.406957e+07   1345s
 1947342    8.3641851e+01   0.000000e+00   1.716857e+07   1350s
 1955922    8.3611352e+01   0.000000e+00   2.205299e+07   1355s
 1963648    8.3581689e+01   0.000000e+00   1.258835e+07   1360s
 1971799    8.3539968e+01   0.000000e+00   1.079312e+07   1365s
 1979950    8.3487965e+01   0.000000e+00   8.357072e+06   1370s
 1987672    8.3445871e+01   0.000000e+00   4.464249e+06   1375s
 1995823    8.3390738e+01   0.000000e+00   3.110886e+08   1380s
 2004403    8.3331089e+01   0.000000e+00   8.797800e+07   1385s
 2012125    8.3303089e+01   0.000000e+00   1.216835e+07   1390s
 2020705    8.3260565e+01   0.000000e+00   5.273196e+06   1395s
 2029285    8.3202273e+01   0.000000e+00   1.218526e+07   1400s
 2037865    8.3115772e+01   0.000000e+00   6.123830e+06   1405s
 2045158    8.3089935e+01   0.000000e+00   1.020734e+07   1410s
 2052880    8.3039748e+01   0.000000e+00   2.350958e+07   1415s
 2060602    8.3018280e+01   0.000000e+00   1.488025e+07   1420s
 2068753    8.2990127e+01   0.000000e+00   6.920003e+06   1425s
 2076904    8.2968179e+01   0.000000e+00   9.534609e+06   1430s
 2084197    8.2913957e+01   0.000000e+00   7.628989e+06   1435s
 2091932    8.2872140e+01   0.000000e+00   5.528304e+06   1440s
 2099654    8.2850959e+01   0.000000e+00   2.011724e+07   1445s
 2107376    8.2830598e+01   0.000000e+00   1.005988e+07   1450s
 2115527    8.2731577e+01   0.000000e+00   4.970141e+06   1455s
 2123249    8.2693573e+01   0.000000e+00   9.884713e+06   1460s
 2130971    8.2659418e+01   0.000000e+00   9.316618e+06   1465s
 2139551    8.2601142e+01   0.000000e+00   7.138961e+06   1470s
 2147702    8.2553802e+01   0.000000e+00   6.828101e+06   1475s
 2155444    8.2490694e+01   0.000000e+00   2.616258e+07   1480s
 2163166    8.2465992e+01   0.000000e+00   3.649988e+06   1485s
 2171746    8.2429820e+01   0.000000e+00   5.858992e+06   1490s
 2179904    8.2327443e+01   0.000000e+00   1.689194e+07   1495s
 2188055    8.2286109e+01   0.000000e+00   8.250895e+07   1500s
 2195777    8.2245678e+01   0.000000e+00   6.562830e+06   1505s
 2203499    8.2203116e+01   0.000000e+00   2.660425e+06   1510s
 2211221    8.2166468e+01   0.000000e+00   3.386276e+06   1515s
 2218943    8.2119575e+01   0.000000e+00   5.105034e+06   1520s
 2226236    8.2070200e+01   0.000000e+00   8.693534e+06   1525s
 2233960    8.2042766e+01   0.000000e+00   1.711166e+07   1530s
 2242111    8.2006747e+01   0.000000e+00   2.077302e+07   1535s
 2249833    8.1948148e+01   0.000000e+00   3.528359e+07   1540s
 2257555    8.1905071e+01   0.000000e+00   2.207630e+07   1545s
 2265706    8.1874640e+01   0.000000e+00   4.329638e+07   1550s
 2270425    8.1860896e+01   0.000000e+00   2.191590e+07   1555s
 2278147    8.1839648e+01   0.000000e+00   9.279392e+06   1560s
 2285869    8.1820881e+01   0.000000e+00   1.841813e+07   1565s
 2293591    8.1784116e+01   0.000000e+00   7.828458e+06   1570s
 2301313    8.1760171e+01   0.000000e+00   1.222138e+07   1575s
 2309464    8.1727479e+01   0.000000e+00   1.362685e+07   1580s
 2317186    8.1696676e+01   0.000000e+00   6.230458e+06   1585s
 2325337    8.1676976e+01   0.000000e+00   3.190088e+07   1590s
 2333059    8.1661118e+01   0.000000e+00   4.793228e+06   1595s
 2341210    8.1604690e+01   0.000000e+00   1.801966e+07   1600s
 2348932    8.1579253e+01   0.000000e+00   1.001853e+07   1605s
 2357512    8.1524076e+01   0.000000e+00   1.308354e+07   1610s
 2366092    8.1464476e+01   0.000000e+00   9.779377e+06   1615s
 2373814    8.1430038e+01   0.000000e+00   1.563598e+07   1620s
 2381965    8.1393936e+01   0.000000e+00   3.497350e+07   1625s
 2390119    8.1357295e+01   0.000000e+00   6.796017e+06   1630s
 2398270    8.1327803e+01   0.000000e+00   1.286598e+07   1635s
 2405992    8.1295302e+01   0.000000e+00   2.528085e+07   1640s
 2414572    8.1271350e+01   0.000000e+00   8.316225e+06   1645s
 2422294    8.1241249e+01   0.000000e+00   1.238564e+07   1650s
 2430016    8.1209876e+01   0.000000e+00   2.228967e+07   1655s
 2437309    8.1171062e+01   0.000000e+00   3.397098e+07   1660s
 2445460    8.1132792e+01   0.000000e+00   2.042414e+07   1665s
 2452753    8.1110511e+01   0.000000e+00   7.383423e+06   1670s
 2460904    8.1077914e+01   0.000000e+00   4.255025e+06   1675s
 2468626    8.1042797e+01   0.000000e+00   1.259546e+07   1680s
 2476777    8.1016390e+01   0.000000e+00   4.694530e+06   1685s
 2484928    8.0967433e+01   0.000000e+00   2.832373e+06   1690s
 2493079    8.0910043e+01   0.000000e+00   3.864441e+06   1695s
 2501230    8.0849430e+01   0.000000e+00   1.564645e+08   1700s
 2509381    8.0787926e+01   0.000000e+00   1.281451e+07   1705s
 2517961    8.0715633e+01   0.000000e+00   4.418521e+06   1710s
 2526541    8.0654387e+01   0.000000e+00   3.021491e+06   1715s
 2535550    8.0600100e+01   0.000000e+00   3.230440e+06   1720s
 2544130    8.0570293e+01   0.000000e+00   1.067170e+07   1725s
 2551852    8.0540371e+01   0.000000e+00   5.199242e+06   1730s
 2560003    8.0508480e+01   0.000000e+00   2.249352e+06   1736s
 2566438    8.0451845e+01   0.000000e+00   5.271327e+06   1740s
 2574589    8.0379492e+01   0.000000e+00   2.181807e+07   1745s
 2581882    8.0340543e+01   0.000000e+00   2.320136e+07   1751s
 2587888    8.0278024e+01   0.000000e+00   7.117372e+06   1755s
 2596468    8.0194479e+01   0.000000e+00   1.600204e+06   1760s
 2603332    8.0118914e+01   0.000000e+00   5.051831e+06   1765s
 2611483    8.0044605e+01   0.000000e+00   1.263109e+07   1770s
 2619634    7.9999465e+01   0.000000e+00   1.393694e+06   1775s
 2627785    7.9940708e+01   0.000000e+00   3.323182e+06   1780s
 2636365    7.9666519e+01   0.000000e+00   1.595916e+05   1785s
 2641930    7.9750000e+01   0.000000e+00   0.000000e+00   1791s
 2641930    7.9750000e+01   0.000000e+00   0.000000e+00   1797s

Root relaxation: objective 7.975000e+01, 2641930 iterations, 1736.69 seconds

    Nodes    |    Current Node    |     Objective Bounds      |     Work
 Expl Unexpl |  Obj  Depth IntInf | Incumbent    BestBd   Gap | It/Node Time

     0     0   79.75000    0  303    9.00000   79.75000   786%     - 1809s

Explored 0 nodes (2641930 simplex iterations) in 1897.26 seconds
Thread count was 8 (of 8 available processors)

Solution count 1: 9 

Time limit reached
Best objective 9.000000000000e+00, best bound 7.900000000000e+01, gap 777.7778%
