
Gurobi 9.1.2 (win64, Java) logging started Sun Dec 19 00:54:36 2021

Academic license - for non-commercial use only - expires 2022-09-02
Gurobi Optimizer version 9.1.2 build v9.1.2rc0 (win64)
Thread count: 4 physical cores, 8 logical processors, using up to 8 threads
Optimize a model with 6355125 rows, 2500 columns and 19067500 nonzeros
Model fingerprint: 0xa749d85d
Variable types: 0 continuous, 2500 integer (2500 binary)
Coefficient statistics:
  Matrix range     [1e+00, 1e+00]
  Objective range  [1e+00, 1e+00]
  Bounds range     [1e+00, 1e+00]
  RHS range        [1e+00, 1e+00]
Found heuristic solution: objective 9.0000000
Presolve removed 0 rows and 0 columns (presolve time = 8s) ...
Presolve removed 0 rows and 0 columns (presolve time = 10s) ...
Presolve removed 0 rows and 0 columns (presolve time = 23s) ...
Presolve removed 0 rows and 0 columns (presolve time = 36s) ...
Presolve time: 35.77s
Presolved: 6355125 rows, 2500 columns, 19067500 nonzeros
Variable types: 0 continuous, 2500 integer (2500 binary)

Root simplex log...

Iteration    Objective       Primal Inf.    Dual Inf.      Time
       0    1.2500000e+02   0.000000e+00   1.514600e+04     64s
     484    8.3605571e+01   0.000000e+00   4.523815e+06     65s
    1096    8.2620741e+01   0.000000e+00   1.303364e+06     70s
    1810    8.2486616e+01   0.000000e+00   3.156174e+06     75s
    2422    8.2331646e+01   0.000000e+00   1.946671e+06     81s
    3034    8.2027837e+01   0.000000e+00   1.029755e+06     86s
    3544    8.1808739e+01   0.000000e+00   1.006576e+06     90s
    4156    8.1664829e+01   0.000000e+00   2.508323e+06     95s
    4870    8.1568123e+01   0.000000e+00   7.258412e+06    100s
    5584    8.1278426e+01   0.000000e+00   3.219972e+06    106s
    6196    8.0883442e+01   0.000000e+00   3.760032e+05    110s
    7012    8.0182110e+01   0.000000e+00   1.829951e+06    115s
    7726    7.9567116e+01   0.000000e+00   8.158488e+05    120s
    8440    7.8720184e+01   0.000000e+00   3.288503e+05    125s
    9052    7.8291270e+01   0.000000e+00   5.253142e+06    130s
    9766    7.7912306e+01   0.000000e+00   7.263151e+05    136s
   10378    7.7610775e+01   0.000000e+00   1.435434e+06    141s
   10990    7.7294028e+01   0.000000e+00   4.684615e+05    145s
   11806    7.6415727e+01   0.000000e+00   3.077218e+05    150s
   12418    7.6116383e+01   0.000000e+00   2.918776e+06    155s
   13132    7.5645571e+01   0.000000e+00   6.730673e+05    161s
   13744    7.5198721e+01   0.000000e+00   6.028421e+05    165s
   14356    7.4699777e+01   0.000000e+00   3.398509e+06    170s
   15070    7.4371967e+01   0.000000e+00   2.924794e+05    175s
   15784    7.3837303e+01   0.000000e+00   1.069196e+05    181s
   16498    7.3466409e+01   0.000000e+00   3.239024e+04    185s
   17212    7.3153018e+01   0.000000e+00   1.690798e+06    190s
   17824    7.2909886e+01   0.000000e+00   3.520292e+05    195s
   18538    7.2719400e+01   0.000000e+00   5.598482e+05    200s
   19252    7.2539354e+01   0.000000e+00   2.393880e+04    206s
   19762    7.2396636e+01   0.000000e+00   1.141742e+05    210s
   20374    7.2191906e+01   0.000000e+00   3.142553e+05    215s
   20986    7.2042644e+01   0.000000e+00   1.311297e+07    220s
   21700    7.2002303e+01   0.000000e+00   6.813865e+05    225s
   22414    7.1850872e+01   0.000000e+00   1.469622e+05    231s
   23026    7.1723952e+01   0.000000e+00   1.845652e+05    235s
   23740    7.1593792e+01   0.000000e+00   5.867908e+06    240s
   24352    7.1526863e+01   0.000000e+00   3.799352e+05    245s
   25066    7.1398709e+01   0.000000e+00   1.237656e+06    251s
   25678    7.1306702e+01   0.000000e+00   1.099973e+06    256s
   26188    7.1225119e+01   0.000000e+00   3.283696e+04    260s
   26698    7.1058562e+01   0.000000e+00   2.402416e+04    265s
   27412    7.0934871e+01   0.000000e+00   1.719402e+05    271s
   28024    7.0824637e+01   0.000000e+00   1.440261e+05    276s
   28636    7.0710304e+01   0.000000e+00   1.452710e+05    281s
   29146    7.0597526e+01   0.000000e+00   8.777961e+05    285s
   29656    7.0556973e+01   0.000000e+00   3.380264e+04    290s
   30268    7.0462833e+01   0.000000e+00   2.545623e+04    295s
   30982    7.0313198e+01   0.000000e+00   8.714922e+04    300s
   31492    7.0214676e+01   0.000000e+00   2.049732e+04    305s
   32104    6.9972429e+01   0.000000e+00   1.002997e+05    311s
   32716    6.9810142e+01   0.000000e+00   1.157513e+06    316s
   33328    6.9584437e+01   0.000000e+00   4.717621e+04    321s
   33940    6.9362284e+01   0.000000e+00   6.549029e+05    326s
   34552    6.9284819e+01   0.000000e+00   1.162186e+06    331s
   35266    6.9211801e+01   0.000000e+00   6.919968e+05    335s
   35878    6.9095802e+01   0.000000e+00   1.340815e+05    340s
   36694    6.8942905e+01   0.000000e+00   1.692434e+05    346s
   37408    6.8853606e+01   0.000000e+00   2.098614e+04    350s
   38020    6.8792003e+01   0.000000e+00   1.148030e+05    355s
   38632    6.8683890e+01   0.000000e+00   2.796146e+04    360s
   39244    6.8598499e+01   0.000000e+00   1.272504e+04    365s
   39856    6.8534553e+01   0.000000e+00   8.558683e+04    370s
   40366    6.8499790e+01   0.000000e+00   9.519294e+05    375s
   41080    6.8419376e+01   0.000000e+00   4.762396e+04    380s
   41794    6.8345868e+01   0.000000e+00   1.790908e+07    385s
   42610    6.8253249e+01   0.000000e+00   9.833962e+04    391s
   43120    6.8204639e+01   0.000000e+00   2.195502e+05    395s
   43732    6.8054646e+01   0.000000e+00   4.349459e+05    401s
   44344    6.7995116e+01   0.000000e+00   1.003314e+07    406s
   44956    6.7946759e+01   0.000000e+00   4.377257e+03    411s
   45466    6.7875112e+01   0.000000e+00   3.305194e+04    415s
   46078    6.7779769e+01   0.000000e+00   5.334617e+03    420s
   46690    6.7710767e+01   0.000000e+00   1.541758e+06    425s
   47200    6.7663742e+01   0.000000e+00   4.060316e+05    430s
   47812    6.7627608e+01   0.000000e+00   7.684945e+05    435s
   48424    6.7589159e+01   0.000000e+00   1.344275e+05    440s
   49036    6.7545350e+01   0.000000e+00   5.154716e+05    445s
   49750    6.7485886e+01   0.000000e+00   9.146463e+04    451s
   50464    6.7436158e+01   0.000000e+00   4.642463e+06    456s
   51076    6.7402519e+01   0.000000e+00   6.230467e+04    461s
   51688    6.7364303e+01   0.000000e+00   1.125232e+05    466s
   52096    6.7270954e+01   0.000000e+00   3.835299e+04    470s
   52810    6.7203105e+01   0.000000e+00   4.020753e+05    476s
   53320    6.7193635e+01   0.000000e+00   4.343315e+04    481s
   53830    6.7137643e+01   0.000000e+00   1.355281e+04    486s
   54340    6.7071999e+01   0.000000e+00   7.447679e+04    490s
   54952    6.7009591e+01   0.000000e+00   7.821566e+04    496s
   55564    6.6981386e+01   0.000000e+00   1.142508e+05    501s
   56176    6.6945060e+01   0.000000e+00   1.143926e+05    505s
   56890    6.6898908e+01   0.000000e+00   9.544204e+04    511s
   57502    6.6856795e+01   0.000000e+00   1.398950e+05    515s
   58216    6.6742849e+01   0.000000e+00   1.581070e+05    521s
   58828    6.6729070e+01   0.000000e+00   7.199009e+03    525s
   59542    6.6662118e+01   0.000000e+00   6.091684e+03    530s
   60256    6.6621154e+01   0.000000e+00   4.431644e+04    536s
   60868    6.6559707e+01   0.000000e+00   4.415410e+05    541s
   61480    6.6515876e+01   0.000000e+00   1.674323e+03    546s
   62092    6.6470216e+01   0.000000e+00   3.004862e+03    551s
   62602    6.6447936e+01   0.000000e+00   8.009016e+03    556s
   63214    6.6412126e+01   0.000000e+00   1.484790e+06    561s
   63724    6.6388596e+01   0.000000e+00   9.729940e+03    566s
   64234    6.6360221e+01   0.000000e+00   3.495997e+06    571s
   64744    6.6343523e+01   0.000000e+00   2.531239e+03    575s
   65254    6.6315568e+01   0.000000e+00   2.037699e+06    580s
   66070    6.6278708e+01   0.000000e+00   5.137888e+04    586s
   66580    6.6269056e+01   0.000000e+00   5.893419e+03    591s
   67192    6.6260289e+01   0.000000e+00   1.717110e+04    595s
   67702    6.6243228e+01   0.000000e+00   4.886474e+04    600s
   68416    6.6205872e+01   0.000000e+00   3.962584e+04    606s
   68926    6.6160112e+01   0.000000e+00   6.627446e+03    610s
   69640    6.6101251e+01   0.000000e+00   1.033700e+04    615s
   70354    6.6046716e+01   0.000000e+00   6.449434e+03    620s
   70966    6.5990756e+01   0.000000e+00   6.997412e+04    625s
   71578    6.5975504e+01   0.000000e+00   7.395456e+03    630s
   72292    6.5937157e+01   0.000000e+00   3.171308e+03    635s
   72904    6.5915243e+01   0.000000e+00   4.740713e+06    641s
   73516    6.5898529e+01   0.000000e+00   1.568362e+03    646s
   74128    6.5872964e+01   0.000000e+00   2.364925e+06    651s
   74740    6.5815276e+01   0.000000e+00   1.283975e+04    656s
   75250    6.5804377e+01   0.000000e+00   5.836726e+04    660s
   75862    6.5771926e+01   0.000000e+00   1.310698e+06    665s
   76576    6.5740698e+01   0.000000e+00   6.606260e+05    671s
   76809    6.5750000e+01   0.000000e+00   0.000000e+00    674s
   76809    6.5750000e+01   0.000000e+00   0.000000e+00    678s

Root relaxation: objective 6.575000e+01, 76809 iterations, 633.48 seconds
Total elapsed time = 710.86s

    Nodes    |    Current Node    |     Objective Bounds      |     Work
 Expl Unexpl |  Obj  Depth IntInf | Incumbent    BestBd   Gap | It/Node Time

     0     0   65.75000    0  252    9.00000   65.75000   631%     -  729s
H    0     0                      27.0000000   65.75000   144%     -  732s
H    0     0                      28.0000000   65.75000   135%     -  736s
     0     0   63.08380    0  398   28.00000   63.08380   125%     - 1465s
     0     0   63.04854    0  393   28.00000   63.04854   125%     - 1507s
     0     0   63.04021    0  399   28.00000   63.04021   125%     - 1539s
     0     0   63.04021    0  400   28.00000   63.04021   125%     - 1550s
     0     0          -    0        28.00000   63.04021   125%     - 1800s

Cutting planes:
  Gomory: 20
  MIR: 67
  StrongCG: 1
  Zero half: 682
  RLT: 318
  BQP: 214

Explored 1 nodes (95643 simplex iterations) in 1801.42 seconds
Thread count was 8 (of 8 available processors)

Solution count 3: 28 27 9 

Time limit reached
Best objective 2.800000000000e+01, best bound 6.300000000000e+01, gap 125.0000%
