
Gurobi 9.1.2 (win64, Java) logging started Sun Dec 19 08:53:03 2021

Academic license - for non-commercial use only - expires 2022-09-02
Gurobi Optimizer version 9.1.2 build v9.1.2rc0 (win64)
Thread count: 4 physical cores, 8 logical processors, using up to 8 threads
Optimize a model with 1283050 rows, 1425 columns and 3850350 nonzeros
Model fingerprint: 0xa0f39e12
Variable types: 0 continuous, 1425 integer (1425 binary)
Coefficient statistics:
  Matrix range     [1e+00, 1e+00]
  Objective range  [1e+00, 1e+00]
  Bounds range     [1e+00, 1e+00]
  RHS range        [1e+00, 1e+00]
Found heuristic solution: objective 3.0000000
Presolve removed 0 rows and 0 columns (presolve time = 6s) ...
Presolve time: 6.44s
Presolved: 1283050 rows, 1425 columns, 3850350 nonzeros
Variable types: 0 continuous, 1425 integer (1425 binary)

Root simplex log...

Iteration    Objective       Primal Inf.    Dual Inf.      Time
       0    7.5000000e+01   0.000000e+00   3.291000e+03     12s
   24390    4.1216587e+01   0.000000e+00   7.872342e+05     16s
   28993    4.0833333e+01   0.000000e+00   0.000000e+00     17s
   28993    4.0833333e+01   0.000000e+00   0.000000e+00     17s

Root relaxation: objective 4.083333e+01, 28993 iterations, 9.31 seconds
Total elapsed time = 29.74s
Total elapsed time = 31.82s

    Nodes    |    Current Node    |     Objective Bounds      |     Work
 Expl Unexpl |  Obj  Depth IntInf | Incumbent    BestBd   Gap | It/Node Time

     0     0   40.83333    0  150    3.00000   40.83333  1261%     -   35s
H    0     0                      26.0000000   40.83333  57.1%     -   35s
H    0     0                      27.0000000   40.83333  51.2%     -   36s
     0     0   39.15678    0  194   27.00000   39.15678  45.0%     -   66s
H    0     0                      28.0000000   39.15678  39.8%     -   69s
     0     0   39.11656    0  195   28.00000   39.11656  39.7%     -   72s
     0     0   39.11656    0  196   28.00000   39.11656  39.7%     -   75s
     0     0   36.73767    0  239   28.00000   36.73767  31.2%     -   98s
     0     0   36.54578    0  251   28.00000   36.54578  30.5%     -  106s
     0     0   36.46695    0  259   28.00000   36.46695  30.2%     -  111s
     0     0   36.44838    0  259   28.00000   36.44838  30.2%     -  114s
     0     0   36.44412    0  260   28.00000   36.44412  30.2%     -  117s
     0     0   36.43998    0  265   28.00000   36.43998  30.1%     -  119s
     0     0   36.43934    0  268   28.00000   36.43934  30.1%     -  122s
     0     0   36.43922    0  270   28.00000   36.43922  30.1%     -  124s
     0     0   35.02674    0  268   28.00000   35.02674  25.1%     -  147s
     0     0   34.59559    0  256   28.00000   34.59559  23.6%     -  159s
     0     0   34.51004    0  274   28.00000   34.51004  23.3%     -  165s
     0     0   34.49512    0  272   28.00000   34.49512  23.2%     -  168s
     0     0   34.49342    0  272   28.00000   34.49342  23.2%     -  171s
     0     0   34.48631    0  276   28.00000   34.48631  23.2%     -  174s
     0     0   34.48295    0  267   28.00000   34.48295  23.2%     -  176s
     0     0   34.48284    0  277   28.00000   34.48284  23.2%     -  178s
     0     0   33.90998    0  263   28.00000   33.90998  21.1%     -  202s
H    0     0                      30.0000000   33.90998  13.0%     -  204s
     0     0   33.77072    0  280   30.00000   33.77072  12.6%     -  211s
     0     0   33.71222    0  286   30.00000   33.71222  12.4%     -  216s
     0     0   33.69462    0  286   30.00000   33.69462  12.3%     -  219s
     0     0   33.69323    0  289   30.00000   33.69323  12.3%     -  222s
     0     0   33.69317    0  287   30.00000   33.69317  12.3%     -  224s
     0     0   33.53505    0  280   30.00000   33.53505  11.8%     -  238s
     0     0   33.47503    0  287   30.00000   33.47503  11.6%     -  245s
     0     0   33.45577    0  293   30.00000   33.45577  11.5%     -  248s
     0     0   33.45437    0  300   30.00000   33.45437  11.5%     -  251s
     0     0   33.45300    0  304   30.00000   33.45300  11.5%     -  253s
     0     0   33.45260    0  309   30.00000   33.45260  11.5%     -  255s
     0     0   33.31879    0  292   30.00000   33.31879  11.1%     -  271s
     0     0   33.27490    0  302   30.00000   33.27490  10.9%     -  279s
     0     0   33.26411    0  298   30.00000   33.26411  10.9%     -  283s
     0     0   33.25871    0  307   30.00000   33.25871  10.9%     -  286s
     0     0   33.25616    0  311   30.00000   33.25616  10.9%     -  288s
     0     0   33.25567    0  318   30.00000   33.25567  10.9%     -  291s
     0     0   33.20022    0  293   30.00000   33.20022  10.7%     -  305s
     0     0   33.17975    0  313   30.00000   33.17975  10.6%     -  311s
     0     0   33.17687    0  311   30.00000   33.17687  10.6%     -  314s
     0     0   33.17596    0  318   30.00000   33.17596  10.6%     -  316s
     0     0   33.17530    0  315   30.00000   33.17530  10.6%     -  319s
     0     0   33.10395    0  300   30.00000   33.10395  10.3%     -  332s
     0     0   33.09238    0  319   30.00000   33.09238  10.3%     -  338s
     0     0   33.08607    0  325   30.00000   33.08607  10.3%     -  341s
     0     0   33.08392    0  316   30.00000   33.08392  10.3%     -  344s
     0     0   33.08257    0  340   30.00000   33.08257  10.3%     -  346s
     0     0   33.08223    0  314   30.00000   33.08223  10.3%     -  349s
     0     0   33.03753    0  299   30.00000   33.03753  10.1%     -  361s
     0     0   33.02660    0  306   30.00000   33.02660  10.1%     -  367s
     0     0   33.02466    0  319   30.00000   33.02466  10.1%     -  370s
     0     0   33.02410    0  315   30.00000   33.02410  10.1%     -  373s
     0     0   32.98028    0  311   30.00000   32.98028  9.93%     -  386s
     0     0   32.97021    0  311   30.00000   32.97021  9.90%     -  392s
     0     0   32.96893    0  315   30.00000   32.96893  9.90%     -  394s
     0     0   32.96869    0  319   30.00000   32.96869  9.90%     -  396s
     0     0   32.92950    0  337   30.00000   32.92950  9.76%     -  410s
     0     0   32.91898    0  333   30.00000   32.91898  9.73%     -  417s
     0     0   32.91172    0  302   30.00000   32.91172  9.71%     -  421s
     0     0   32.91006    0  311   30.00000   32.91006  9.70%     -  423s
     0     0   32.90851    0  309   30.00000   32.90851  9.70%     -  426s
     0     0   32.90772    0  327   30.00000   32.90772  9.69%     -  429s
     0     0   32.89108    0  321   30.00000   32.89108  9.64%     -  441s
     0     0   32.88939    0  317   30.00000   32.88939  9.63%     -  445s
     0     0   32.88799    0  314   30.00000   32.88799  9.63%     -  448s
     0     0   32.88793    0  340   30.00000   32.88793  9.63%     -  450s
     0     0   32.86488    0  326   30.00000   32.86488  9.55%     -  463s
     0     0   32.85421    0  316   30.00000   32.85421  9.51%     -  469s
     0     0   32.84783    0  323   30.00000   32.84783  9.49%     -  472s
     0     0   32.84587    0  332   30.00000   32.84587  9.49%     -  475s
     0     0   32.84487    0  325   30.00000   32.84487  9.48%     -  477s
     0     0   32.84451    0  327   30.00000   32.84451  9.48%     -  480s
     0     0   32.82040    0  280   30.00000   32.82040  9.40%     -  492s
     0     0   32.81333    0  305   30.00000   32.81333  9.38%     -  497s
     0     0   32.80583    0  272   30.00000   32.80583  9.35%     -  500s
     0     0   32.80576    0  293   30.00000   32.80576  9.35%     -  503s
     0     0   32.79525    0  293   30.00000   32.79525  9.32%     -  513s
     0     0   32.79228    0  310   30.00000   32.79228  9.31%     -  517s
     0     0   32.79185    0  305   30.00000   32.79185  9.31%     -  520s
     0     0   32.78215    0  276   30.00000   32.78215  9.27%     -  530s
     0     0   32.78169    0  283   30.00000   32.78169  9.27%     -  536s
     0     0   32.76657    0  293   30.00000   32.76657  9.22%     -  547s
     0     0   32.76243    0  318   30.00000   32.76243  9.21%     -  552s
     0     0   32.76152    0  308   30.00000   32.76152  9.21%     -  555s
     0     0   32.76033    0  306   30.00000   32.76033  9.20%     -  558s
     0     0   32.75981    0  292   30.00000   32.75981  9.20%     -  560s
     0     0   32.75250    0  295   30.00000   32.75250  9.17%     -  569s
     0     0   32.74878    0  300   30.00000   32.74878  9.16%     -  574s
     0     0   32.74688    0  313   30.00000   32.74688  9.16%     -  577s
     0     0   32.74655    0  310   30.00000   32.74655  9.16%     -  580s
     0     0   32.69415    0  289   30.00000   32.69415  8.98%     -  593s
     0     0   32.68935    0  332   30.00000   32.68935  8.96%     -  598s
     0     0   32.68830    0  349   30.00000   32.68830  8.96%     -  601s
     0     0   32.68725    0  346   30.00000   32.68725  8.96%     -  603s
     0     0   32.68723    0  347   30.00000   32.68723  8.96%     -  605s
     0     0   32.68131    0  341   30.00000   32.68131  8.94%     -  617s
     0     0   32.67889    0  325   30.00000   32.67889  8.93%     -  621s
     0     0   32.67783    0  342   30.00000   32.67783  8.93%     -  624s
     0     0   32.67753    0  338   30.00000   32.67753  8.93%     -  626s
     0     0   32.66234    0  305   30.00000   32.66234  8.87%     -  639s
     0     0   32.65862    0  318   30.00000   32.65862  8.86%     -  645s
     0     0   32.65741    0  316   30.00000   32.65741  8.86%     -  648s
     0     0   32.65696    0  331   30.00000   32.65696  8.86%     -  650s
     0     0   32.64752    0  296   30.00000   32.64752  8.83%     -  661s
     0     0   32.64267    0  307   30.00000   32.64267  8.81%     -  667s
     0     0   32.63960    0  310   30.00000   32.63960  8.80%     -  669s
     0     0   32.63955    0  308   30.00000   32.63955  8.80%     -  671s
     0     0   32.63607    0  285   30.00000   32.63607  8.79%     -  683s
     0     0   32.62971    0  282   30.00000   32.62971  8.77%     -  688s
     0     0   32.62904    0  269   30.00000   32.62904  8.76%     -  690s
     0     0   32.61770    0  255   30.00000   32.61770  8.73%     -  700s
     0     0   32.61017    0  272   30.00000   32.61017  8.70%     -  705s
     0     0   32.60869    0  260   30.00000   32.60869  8.70%     -  708s
     0     0   32.60839    0  280   30.00000   32.60839  8.69%     -  710s
     0     0   32.59807    0  285   30.00000   32.59807  8.66%     -  720s
     0     0   32.59649    0  275   30.00000   32.59649  8.65%     -  724s
     0     0   32.59645    0  283   30.00000   32.59645  8.65%     -  726s
     0     0   32.58961    0  286   30.00000   32.58961  8.63%     -  736s
     0     0   32.58849    0  302   30.00000   32.58849  8.63%     -  741s
     0     0   32.58805    0  309   30.00000   32.58805  8.63%     -  743s
     0     0   32.58527    0  259   30.00000   32.58527  8.62%     -  752s
     0     0   32.58471    0  304   30.00000   32.58471  8.62%     -  757s
     0     0   32.57868    0  283   30.00000   32.57868  8.60%     -  767s
     0     0   32.57868    0  256   30.00000   32.57868  8.60%     -  780s
     0     2   32.57868    0  250   30.00000   32.57868  8.60%     -  827s
     1     4   32.56918    1  233   30.00000   32.57812  8.59%   216  832s
     3     8   32.27568    2  252   30.00000   32.56827  8.56%   246  872s
     7    12   32.27279    3  247   30.00000   32.44473  8.15%   466  879s
    11    14   32.14525    4  252   30.00000   32.44049  8.13%   382  889s
    15    16   32.00770    5  247   30.00000   32.44049  8.13%   353  908s
    19    20   31.03475    5  261   30.00000   32.44049  8.13%   431  925s
    23    18     cutoff    6        30.00000   32.44049  8.13%   399  933s
    29    22   31.93785    6  244   30.00000   32.44049  8.13%   339  952s
    33    26   31.78320    7  227   30.00000   32.44049  8.13%   333  961s
    37    30   31.73481    8  219   30.00000   32.44049  8.13%   318  973s
    41    29   31.30911    9  214   30.00000   32.44049  8.13%   315  986s
    46    31   31.16287   10  207   30.00000   32.44049  8.13%   301  996s
    50    29     cutoff   11        30.00000   32.44049  8.13%   291 1009s
    58    25     cutoff   11        30.00000   32.44049  8.13%   294 1022s
    66    24     cutoff   11        30.00000   32.42451  8.08%   273 1037s
    73    28   31.90543    4  217   30.00000   32.34875  7.83%   269 1060s
    77    32   31.79433    5  204   30.00000   32.34875  7.83%   281 1076s
    81    36   31.35890    6  213   30.00000   32.34875  7.83%   295 1094s
    85    40   31.30507    7  209   30.00000   32.34875  7.83%   301 1110s
    93    42   31.21423    9  201   30.00000   32.34875  7.83%   303 1130s
    97    40   31.16060   10  190   30.00000   32.34875  7.83%   306 1153s
   107    39     cutoff   11        30.00000   32.34875  7.83%   296 1176s
   118    35     cutoff   10        30.00000   32.34875  7.83%   302 1199s
   130    33     cutoff    9        30.00000   32.34875  7.83%   294 1220s
   140    32   31.13889    8  204   30.00000   32.34875  7.83%   284 1238s
   149    34     cutoff    9        30.00000   32.34875  7.83%   276 1273s
   159    34     cutoff    7        30.00000   32.34835  7.83%   275 1298s
   173    39   32.10980    4  259   30.00000   32.34835  7.83%   277 1342s
   178    42   31.86267    5  192   30.00000   32.34835  7.83%   282 1367s
   189    44     cutoff    7        30.00000   32.34835  7.83%   281 1397s
   202    43     cutoff    9        30.00000   32.28310  7.61%   275 1437s
   213    44   31.28487    5  256   30.00000   32.28310  7.61%   276 1474s
   222    44     cutoff    7        30.00000   32.28310  7.61%   282 1508s
   232    43   31.01916    7  225   30.00000   32.26783  7.56%   284 1543s
   249    44   31.48057    5  243   30.00000   32.26783  7.56%   277 1578s
   262    49   31.45713    6  244   30.00000   32.26783  7.56%   271 1620s
   274    44   31.06338   10  225   30.00000   32.26783  7.56%   272 1661s
   293    48     cutoff   10        30.00000   32.18029  7.27%   265 1700s
   303    51   31.99685    5  291   30.00000   32.18029  7.27%   266 1747s
   312    54   31.63169    7  275   30.00000   32.18029  7.27%   268 1781s
   325    54     cutoff   11        30.00000   32.18029  7.27%   273 1800s

Cutting planes:
  Gomory: 6
  Cover: 2
  MIR: 390
  Zero half: 204
  RLT: 63
  BQP: 300

Explored 327 nodes (135470 simplex iterations) in 1800.81 seconds
Thread count was 8 (of 8 available processors)

Solution count 5: 30 28 27 ... 3

Time limit reached
Best objective 3.000000000000e+01, best bound 3.200000000000e+01, gap 6.6667%
