
Gurobi 9.1.2 (win64, Java) logging started Sun Dec 19 09:33:40 2021

Academic license - for non-commercial use only - expires 2022-09-02
Gurobi Optimizer version 9.1.2 build v9.1.2rc0 (win64)
Thread count: 4 physical cores, 8 logical processors, using up to 8 threads
Optimize a model with 1890775 rows, 2100 columns and 5674200 nonzeros
Model fingerprint: 0x36ad7eae
Variable types: 0 continuous, 2100 integer (2100 binary)
Coefficient statistics:
  Matrix range     [1e+00, 1e+00]
  Objective range  [1e+00, 1e+00]
  Bounds range     [1e+00, 1e+00]
  RHS range        [1e+00, 1e+00]
Found heuristic solution: objective -0.0000000
Presolve removed 0 rows and 0 columns (presolve time = 5s) ...
Presolve removed 0 rows and 0 columns (presolve time = 11s) ...
Presolve time: 11.26s
Presolved: 1890775 rows, 2100 columns, 5674200 nonzeros
Variable types: 0 continuous, 2100 integer (2100 binary)

Root simplex log...

Iteration    Objective       Primal Inf.    Dual Inf.      Time
       0    7.5000000e+01   0.000000e+00   2.209000e+03     19s
    9613    4.4375000e+01   0.000000e+00   0.000000e+00     22s
    9613    4.4375000e+01   0.000000e+00   0.000000e+00     23s

Root relaxation: objective 4.437500e+01, 9613 iterations, 8.99 seconds
Total elapsed time = 29.61s
Total elapsed time = 32.26s

    Nodes    |    Current Node    |     Objective Bounds      |     Work
 Expl Unexpl |  Obj  Depth IntInf | Incumbent    BestBd   Gap | It/Node Time

     0     0   44.37500    0  116   -0.00000   44.37500      -     -   35s
H    0     0                      34.0000000   44.37500  30.5%     -   35s
H    0     0                      35.0000000   44.37500  26.8%     -   36s
H    0     0                      37.0000000   44.37500  19.9%     -   37s
     0     0   42.22222    0  155   37.00000   42.22222  14.1%     -   66s
     0     0   42.16667    0  153   37.00000   42.16667  14.0%     -   74s
     0     0   42.15909    0  155   37.00000   42.15909  13.9%     -   76s
     0     0   41.02290    0  172   37.00000   41.02290  10.9%     -   89s
     0     0   40.84008    0  174   37.00000   40.84008  10.4%     -   96s
     0     0   40.82333    0  191   37.00000   40.82333  10.3%     -   99s
     0     0   40.81604    0  189   37.00000   40.81604  10.3%     -  102s
     0     0   40.81322    0  188   37.00000   40.81322  10.3%     -  105s
     0     0   40.81186    0  194   37.00000   40.81186  10.3%     -  108s
     0     0   40.81186    0  197   37.00000   40.81186  10.3%     -  111s
     0     0   39.26118    0  184   37.00000   39.26118  6.11%     -  129s
H    0     0                      38.0000000   39.26118  3.32%     -  132s
     0     0   39.11190    0  181   38.00000   39.11190  2.93%     -  138s
     0     0   39.06747    0  166   38.00000   39.06747  2.81%     -  147s
     0     0     cutoff    0        38.00000   38.00000  0.00%     -  149s

Cutting planes:
  Gomory: 10
  MIR: 65
  Zero half: 41
  RLT: 14
  BQP: 31

Explored 1 nodes (12259 simplex iterations) in 149.80 seconds
Thread count was 8 (of 8 available processors)

Solution count 5: 38 37 35 ... -0

Optimal solution found (tolerance 1.00e-04)
Best objective 3.800000000000e+01, best bound 3.800000000000e+01, gap 0.0000%
