
Gurobi 9.1.2 (win64, Java) logging started Sun Dec 19 07:43:50 2021

Academic license - for non-commercial use only - expires 2022-09-02
Gurobi Optimizer version 9.1.2 build v9.1.2rc0 (win64)
Thread count: 4 physical cores, 8 logical processors, using up to 8 threads
Optimize a model with 1094870 rows, 1400 columns and 3285800 nonzeros
Model fingerprint: 0x0d3e8c5f
Variable types: 0 continuous, 1400 integer (1400 binary)
Coefficient statistics:
  Matrix range     [1e+00, 1e+00]
  Objective range  [1e+00, 1e+00]
  Bounds range     [1e+00, 1e+00]
  RHS range        [1e+00, 1e+00]
Found heuristic solution: objective 1.0000000
Presolve time: 4.93s
Presolved: 1094870 rows, 1400 columns, 3285800 nonzeros
Variable types: 0 continuous, 1400 integer (1400 binary)

Root simplex log...

Iteration    Objective       Primal Inf.    Dual Inf.      Time
       0    7.0000000e+01   0.000000e+00   2.777000e+03      9s
    7100    3.9749670e+01   0.000000e+00   7.992333e+03     10s
    9106    3.9500000e+01   0.000000e+00   0.000000e+00     11s
    9106    3.9500000e+01   0.000000e+00   0.000000e+00     11s

Root relaxation: objective 3.950000e+01, 9106 iterations, 4.94 seconds
Total elapsed time = 16.43s

    Nodes    |    Current Node    |     Objective Bounds      |     Work
 Expl Unexpl |  Obj  Depth IntInf | Incumbent    BestBd   Gap | It/Node Time

     0     0   39.50000    0  128    1.00000   39.50000  3850%     -   18s
H    0     0                      29.0000000   39.50000  36.2%     -   18s
     0     0   37.40502    0  180   29.00000   37.40502  29.0%     -   41s
     0     0   37.35417    0  170   29.00000   37.35417  28.8%     -   44s
     0     0   37.35031    0  180   29.00000   37.35031  28.8%     -   46s
     0     0   35.45843    0  194   29.00000   35.45843  22.3%     -   60s
     0     0   35.32483    0  194   29.00000   35.32483  21.8%     -   64s
     0     0   35.31840    0  203   29.00000   35.31840  21.8%     -   67s
     0     0   35.31775    0  206   29.00000   35.31775  21.8%     -   68s
     0     0   34.23698    0  184   29.00000   34.23698  18.1%     -   80s
H    0     0                      30.0000000   34.23698  14.1%     -   82s
H    0     0                      31.0000000   34.23698  10.4%     -   82s
     0     0   34.12344    0  208   31.00000   34.12344  10.1%     -   84s
     0     0   34.08166    0  194   31.00000   34.08166  9.94%     -   87s
     0     0   34.06823    0  223   31.00000   34.06823  9.90%     -   89s
     0     0   34.06740    0  224   31.00000   34.06740  9.89%     -   91s
     0     0   34.06669    0  225   31.00000   34.06669  9.89%     -   93s
     0     0   34.06580    0  228   31.00000   34.06580  9.89%     -   94s
     0     0   34.06575    0  226   31.00000   34.06575  9.89%     -   96s
     0     0   33.56599    0  236   31.00000   33.56599  8.28%     -  108s
     0     0   33.44637    0  246   31.00000   33.44637  7.89%     -  113s
     0     0   33.41560    0  241   31.00000   33.41560  7.79%     -  115s
     0     0   33.36905    0  209   31.00000   33.36905  7.64%     -  118s
     0     0   33.36387    0  241   31.00000   33.36387  7.63%     -  120s
     0     0   33.36032    0  250   31.00000   33.36032  7.61%     -  122s
     0     0   33.35775    0  256   31.00000   33.35775  7.61%     -  124s
     0     0   33.35746    0  261   31.00000   33.35746  7.60%     -  126s
     0     0   33.03192    0  207   31.00000   33.03192  6.55%     -  136s
     0     0   32.97464    0  236   31.00000   32.97464  6.37%     -  141s
     0     0   32.94550    0  210   31.00000   32.94550  6.28%     -  144s
     0     0   32.94451    0  216   31.00000   32.94451  6.27%     -  146s
     0     0   32.93733    0  245   31.00000   32.93733  6.25%     -  149s
     0     0   32.93590    0  208   31.00000   32.93590  6.24%     -  151s
     0     0   32.93506    0  205   31.00000   32.93506  6.24%     -  152s
     0     0   32.93498    0  204   31.00000   32.93498  6.24%     -  154s
     0     0   32.87473    0  202   31.00000   32.87473  6.05%     -  160s
     0     0   32.83256    0  197   31.00000   32.83256  5.91%     -  164s
     0     0   32.82360    0  210   31.00000   32.82360  5.88%     -  167s
     0     0   32.81660    0  203   31.00000   32.81660  5.86%     -  169s
     0     0   32.81652    0  206   31.00000   32.81652  5.86%     -  170s
     0     0   32.64114    0  229   31.00000   32.64114  5.29%     -  178s
     0     0   32.61653    0  235   31.00000   32.61653  5.21%     -  182s
     0     0   32.61023    0  224   31.00000   32.61023  5.19%     -  184s
     0     0   32.60919    0  238   31.00000   32.60919  5.19%     -  186s
     0     0   32.60919    0  239   31.00000   32.60919  5.19%     -  188s
     0     0   32.51772    0  187   31.00000   32.51772  4.90%     -  196s
     0     0   32.50540    0  184   31.00000   32.50540  4.86%     -  200s
     0     0   32.49681    0  197   31.00000   32.49681  4.83%     -  203s
     0     0   32.48929    0  195   31.00000   32.48929  4.80%     -  204s
     0     0   32.48405    0  159   31.00000   32.48405  4.79%     -  207s
     0     0   32.48368    0  196   31.00000   32.48368  4.79%     -  209s
     0     0   32.05714    0  147   31.00000   32.05714  3.41%     -  218s
H    0     0                      32.0000000   32.05714  0.18%     -  219s
     0     0   32.05714    0  147   32.00000   32.05714  0.18%     -  219s

Cutting planes:
  Gomory: 8
  Cover: 1
  Clique: 102
  MIR: 82
  Zero half: 37
  RLT: 27
  BQP: 24

Explored 1 nodes (17790 simplex iterations) in 219.82 seconds
Thread count was 8 (of 8 available processors)

Solution count 5: 32 31 30 ... 1

Optimal solution found (tolerance 1.00e-04)
Best objective 3.200000000000e+01, best bound 3.200000000000e+01, gap 0.0000%
