
Gurobi 9.1.2 (win64, Java) logging started Sun Dec 19 06:54:08 2021

Academic license - for non-commercial use only - expires 2022-09-02
Gurobi Optimizer version 9.1.2 build v9.1.2rc0 (win64)
Thread count: 4 physical cores, 8 logical processors, using up to 8 threads
Optimize a model with 787120 rows, 1380 columns and 2362560 nonzeros
Model fingerprint: 0x55a0a1d8
Variable types: 0 continuous, 1380 integer (1380 binary)
Coefficient statistics:
  Matrix range     [1e+00, 1e+00]
  Objective range  [1e+00, 1e+00]
  Bounds range     [1e+00, 1e+00]
  RHS range        [1e+00, 1e+00]
Found heuristic solution: objective 3.0000000
Presolve time: 4.22s
Presolved: 787120 rows, 1380 columns, 2362560 nonzeros
Variable types: 0 continuous, 1380 integer (1380 binary)

Root simplex log...

Iteration    Objective       Primal Inf.    Dual Inf.      Time
       0    6.0000000e+01   0.000000e+00   1.444000e+03      7s
    2556    3.6500000e+01   0.000000e+00   0.000000e+00      8s
    2556    3.6500000e+01   0.000000e+00   0.000000e+00      8s

Root relaxation: objective 3.650000e+01, 2556 iterations, 2.80 seconds
Total elapsed time = 10.49s

    Nodes    |    Current Node    |     Objective Bounds      |     Work
 Expl Unexpl |  Obj  Depth IntInf | Incumbent    BestBd   Gap | It/Node Time

     0     0   36.50000    0   98    3.00000   36.50000  1117%     -   13s
H    0     0                      30.0000000   36.50000  21.7%     -   13s
     0     0   34.08333    0   99   30.00000   34.08333  13.6%     -   23s
     0     0   34.08333    0   95   30.00000   34.08333  13.6%     -   25s
     0     0   32.91667    0  108   30.00000   32.91667  9.72%     -   29s
     0     0   32.91667    0  112   30.00000   32.91667  9.72%     -   31s
     0     0   32.71368    0  117   30.00000   32.71368  9.05%     -   36s
H    0     0                      31.0000000   32.71368  5.53%     -   37s
     0     0   32.70968    0  110   31.00000   32.70968  5.52%     -   38s
     0     0   32.69863    0  134   31.00000   32.69863  5.48%     -   39s
     0     0   32.69863    0  137   31.00000   32.69863  5.48%     -   40s
     0     0   32.48611    0   58   31.00000   32.48611  4.79%     -   49s
     0     0   32.48611    0   39   31.00000   32.48611  4.79%     -   53s
     0     0     cutoff    0        31.00000   31.00000  0.00%     -   53s

Cutting planes:
  Gomory: 12
  Implied bound: 1
  Clique: 20
  MIR: 2
  Zero half: 29
  RLT: 15
  BQP: 4

Explored 1 nodes (5557 simplex iterations) in 53.47 seconds
Thread count was 8 (of 8 available processors)

Solution count 4: 31 31 30 3 

Optimal solution found (tolerance 1.00e-04)
Best objective 3.100000000000e+01, best bound 3.100000000000e+01, gap 0.0000%
