
Gurobi 9.1.2 (win64, Java) logging started Sun Dec 19 09:36:17 2021

Academic license - for non-commercial use only - expires 2022-09-02
Gurobi Optimizer version 9.1.2 build v9.1.2rc0 (win64)
Thread count: 4 physical cores, 8 logical processors, using up to 8 threads
Optimize a model with 410880 rows, 400 columns and 1232800 nonzeros
Model fingerprint: 0x51d8aba5
Variable types: 0 continuous, 400 integer (400 binary)
Coefficient statistics:
  Matrix range     [1e+00, 1e+00]
  Objective range  [1e+00, 1e+00]
  Bounds range     [1e+00, 1e+00]
  RHS range        [1e+00, 1e+00]
Found heuristic solution: objective 17.0000000
Presolve time: 1.60s
Presolved: 410880 rows, 400 columns, 1232800 nonzeros
Variable types: 0 continuous, 400 integer (400 binary)

Root relaxation: objective 4.525000e+01, 12723 iterations, 1.58 seconds
Total elapsed time = 5.95s

    Nodes    |    Current Node    |     Objective Bounds      |     Work
 Expl Unexpl |  Obj  Depth IntInf | Incumbent    BestBd   Gap | It/Node Time

     0     0   45.25000    0  160   17.00000   45.25000   166%     -    6s
H    0     0                      22.0000000   45.25000   106%     -    6s
H    0     0                      27.0000000   45.25000  67.6%     -    7s
     0     0   40.32890    0  276   27.00000   40.32890  49.4%     -   40s
     0     0   40.29948    0  261   27.00000   40.29948  49.3%     -   43s
     0     0   40.28913    0  263   27.00000   40.28913  49.2%     -   45s
     0     0   40.28707    0  269   27.00000   40.28707  49.2%     -   46s
     0     0   40.28688    0  268   27.00000   40.28688  49.2%     -   46s
     0     0   37.57322    0  284   27.00000   37.57322  39.2%     -   90s
     0     0   37.29741    0  276   27.00000   37.29741  38.1%     -   96s
     0     0   37.14595    0  278   27.00000   37.14595  37.6%     -  101s
     0     0   37.12811    0  282   27.00000   37.12811  37.5%     -  103s
     0     0   37.11416    0  293   27.00000   37.11416  37.5%     -  105s
     0     0   37.11281    0  291   27.00000   37.11281  37.5%     -  106s
     0     0   37.11149    0  296   27.00000   37.11149  37.4%     -  107s
     0     0   37.11090    0  296   27.00000   37.11090  37.4%     -  108s
     0     0   36.68918    0  296   27.00000   36.68918  35.9%     -  121s
H    0     0                      30.0000000   36.68918  22.3%     -  122s
     0     0   36.42183    0  290   30.00000   36.42183  21.4%     -  127s
     0     0   36.36615    0  292   30.00000   36.36615  21.2%     -  129s
     0     0   36.34343    0  296   30.00000   36.34343  21.1%     -  131s
     0     0   36.33517    0  306   30.00000   36.33517  21.1%     -  133s
     0     0   36.32830    0  299   30.00000   36.32830  21.1%     -  134s
     0     0   36.32378    0  296   30.00000   36.32378  21.1%     -  135s
     0     0   36.32144    0  306   30.00000   36.32144  21.1%     -  136s
     0     0   36.32055    0  303   30.00000   36.32055  21.1%     -  137s
     0     0   36.32047    0  304   30.00000   36.32047  21.1%     -  137s
     0     0   36.06633    0  287   30.00000   36.06633  20.2%     -  148s
     0     0   35.95827    0  304   30.00000   35.95827  19.9%     -  153s
     0     0   35.90010    0  301   30.00000   35.90010  19.7%     -  156s
     0     0   35.88497    0  304   30.00000   35.88497  19.6%     -  158s
     0     0   35.87776    0  307   30.00000   35.87776  19.6%     -  159s
     0     0   35.86727    0  314   30.00000   35.86727  19.6%     -  161s
     0     0   35.86527    0  315   30.00000   35.86527  19.6%     -  162s
     0     0   35.86474    0  308   30.00000   35.86474  19.5%     -  163s
     0     0   35.82042    0  305   30.00000   35.82042  19.4%     -  170s
H    0     0                      32.0000000   35.82042  11.9%     -  171s
     0     0   35.79245    0  310   32.00000   35.79245  11.9%     -  173s
     0     0   35.78116    0  308   32.00000   35.78116  11.8%     -  174s
     0     0   35.77740    0  310   32.00000   35.77740  11.8%     -  175s
     0     0   35.77449    0  302   32.00000   35.77449  11.8%     -  176s
     0     0   35.77394    0  294   32.00000   35.77394  11.8%     -  177s
     0     0   35.75489    0  301   32.00000   35.75489  11.7%     -  184s
     0     0   35.74453    0  308   32.00000   35.74453  11.7%     -  186s
     0     0   35.73390    0  303   32.00000   35.73390  11.7%     -  188s
     0     0   35.73072    0  309   32.00000   35.73072  11.7%     -  188s
     0     0   35.72951    0  309   32.00000   35.72951  11.7%     -  189s
     0     0   35.72906    0  314   32.00000   35.72906  11.7%     -  190s
     0     0   35.70341    0  287   32.00000   35.70341  11.6%     -  198s
     0     0   35.69460    0  310   32.00000   35.69460  11.5%     -  200s
     0     0   35.68878    0  310   32.00000   35.68878  11.5%     -  201s
     0     0   35.68735    0  302   32.00000   35.68735  11.5%     -  202s
     0     0   35.68686    0  307   32.00000   35.68686  11.5%     -  203s
     0     0   35.68121    0  300   32.00000   35.68121  11.5%     -  210s
     0     0   35.67812    0  317   32.00000   35.67812  11.5%     -  212s
     0     0   35.67701    0  306   32.00000   35.67701  11.5%     -  213s
     0     0   35.67561    0  307   32.00000   35.67561  11.5%     -  215s
     0     0   35.67520    0  310   32.00000   35.67520  11.5%     -  215s
     0     0   35.67324    0  300   32.00000   35.67324  11.5%     -  222s
     0     0   35.66668    0  316   32.00000   35.66668  11.5%     -  224s
     0     0   35.66526    0  305   32.00000   35.66526  11.5%     -  226s
     0     0   35.66501    0  304   32.00000   35.66501  11.5%     -  226s
     0     0   35.65766    0  311   32.00000   35.65766  11.4%     -  233s
     0     0   35.65474    0  313   32.00000   35.65474  11.4%     -  235s
     0     0   35.65126    0  305   32.00000   35.65126  11.4%     -  236s
     0     0   35.64938    0  304   32.00000   35.64938  11.4%     -  237s
     0     0   35.64851    0  304   32.00000   35.64851  11.4%     -  238s
     0     0   35.64203    0  301   32.00000   35.64203  11.4%     -  245s
     0     0   35.63303    0  306   32.00000   35.63303  11.4%     -  247s
     0     0   35.63255    0  300   32.00000   35.63255  11.4%     -  248s
     0     0   35.62717    0  313   32.00000   35.62717  11.3%     -  255s
     0     0   35.62532    0  310   32.00000   35.62532  11.3%     -  257s
     0     0   35.62319    0  314   32.00000   35.62319  11.3%     -  258s
     0     0   35.62192    0  323   32.00000   35.62192  11.3%     -  259s
     0     0   35.62145    0  327   32.00000   35.62145  11.3%     -  260s
     0     0   35.61890    0  320   32.00000   35.61890  11.3%     -  267s
     0     0   35.61700    0  320   32.00000   35.61700  11.3%     -  269s
     0     0   35.61675    0  315   32.00000   35.61675  11.3%     -  270s
     0     0   35.60918    0  313   32.00000   35.60918  11.3%     -  277s
     0     0   35.60632    0  321   32.00000   35.60632  11.3%     -  279s
     0     0   35.60385    0  313   32.00000   35.60385  11.3%     -  280s
     0     0   35.60267    0  316   32.00000   35.60267  11.3%     -  281s
     0     0   35.60228    0  317   32.00000   35.60228  11.3%     -  282s
     0     0   35.60042    0  314   32.00000   35.60042  11.3%     -  288s
     0     0   35.60042    0  295   32.00000   35.60042  11.3%     -  293s
     0     2   35.60042    0  285   32.00000   35.60042  11.3%     -  332s
     1     4   35.49823    1  274   32.00000   35.59323  11.2%   449  349s
     3     6   35.33230    2  264   32.00000   35.49740  10.9%  1021  373s
     7     6   35.10826    3  263   32.00000   35.32942  10.4%   836  415s
    11     8   35.07064    4  269   32.00000   35.10181  9.69%  1068  453s
    15    10   34.79253    5  256   32.00000   35.10181  9.69%  1290  485s
    19     8   34.60639    6  259   32.00000   35.10181  9.69%  1280  490s
    23     8   34.29527    7  245   32.00000   35.10181  9.69%  1122  505s
    27     6   34.19871    8  245   32.00000   35.10181  9.69%  1090  541s
    31     6   33.92448    9  238   32.00000   35.10181  9.69%  1151  558s
    35     6   33.75515   10  237   32.00000   35.10181  9.69%  1060  581s
    41     4     cutoff   11        32.00000   35.10181  9.69%   982  599s
    45     4     cutoff   13        32.00000   34.18540  6.83%   940  610s
    49     3   33.80469    5  226   32.00000   34.18228  6.82%   903  620s
    54     1     cutoff    6        32.00000   33.70223  5.32%   842  628s
    58     1   33.26341    8  216   32.00000   33.26341  3.95%   798  632s

Cutting planes:
  MIR: 191
  Zero half: 40
  RLT: 47
  BQP: 60

Explored 61 nodes (76721 simplex iterations) in 633.67 seconds
Thread count was 8 (of 8 available processors)

Solution count 5: 32 30 27 ... 17

Optimal solution found (tolerance 1.00e-04)
Best objective 3.200000000000e+01, best bound 3.200000000000e+01, gap 0.0000%
