
Gurobi 9.1.2 (win64, Java) logging started Sun Dec 19 11:44:00 2021

Academic license - for non-commercial use only - expires 2022-09-02
Gurobi Optimizer version 9.1.2 build v9.1.2rc0 (win64)
Thread count: 4 physical cores, 8 logical processors, using up to 8 threads
Optimize a model with 493935 rows, 425 columns and 1481975 nonzeros
Model fingerprint: 0xed05eb44
Variable types: 0 continuous, 425 integer (425 binary)
Coefficient statistics:
  Matrix range     [1e+00, 1e+00]
  Objective range  [1e+00, 1e+00]
  Bounds range     [1e+00, 1e+00]
  RHS range        [1e+00, 1e+00]
Found heuristic solution: objective 17.0000000
Presolve time: 2.15s
Presolved: 493935 rows, 425 columns, 1481975 nonzeros
Variable types: 0 continuous, 425 integer (425 binary)

Root relaxation: objective 4.800000e+01, 7969 iterations, 1.76 seconds
Total elapsed time = 7.33s

    Nodes    |    Current Node    |     Objective Bounds      |     Work
 Expl Unexpl |  Obj  Depth IntInf | Incumbent    BestBd   Gap | It/Node Time

     0     0   48.00000    0  170   17.00000   48.00000   182%     -    8s
H    0     0                      18.0000000   48.00000   167%     -    8s
H    0     0                      24.0000000   48.00000   100%     -    8s
H    0     0                      26.0000000   48.00000  84.6%     -    9s
     0     0   42.98387    0  297   26.00000   42.98387  65.3%     -   57s
H    0     0                      28.0000000   42.98387  53.5%     -   58s
     0     0   42.98313    0  287   28.00000   42.98313  53.5%     -   59s
     0     0   42.98313    0  287   28.00000   42.98313  53.5%     -   60s
     0     0   41.26119    0  317   28.00000   41.26119  47.4%     -   95s
H    0     0                      30.0000000   41.26119  37.5%     -   95s
     0     0   40.72870    0  320   30.00000   40.72870  35.8%     -  105s
     0     0   40.61788    0  310   30.00000   40.61788  35.4%     -  110s
     0     0   40.59003    0  328   30.00000   40.59003  35.3%     -  112s
     0     0   40.57395    0  333   30.00000   40.57395  35.2%     -  114s
     0     0   40.57023    0  334   30.00000   40.57023  35.2%     -  116s
     0     0   40.56764    0  331   30.00000   40.56764  35.2%     -  117s
     0     0   40.56294    0  334   30.00000   40.56294  35.2%     -  119s
     0     0   40.56237    0  335   30.00000   40.56237  35.2%     -  119s
     0     0   39.74741    0  332   30.00000   39.74741  32.5%     -  144s
     0     0   39.46923    0  325   30.00000   39.46923  31.6%     -  153s
     0     0   39.39406    0  322   30.00000   39.39406  31.3%     -  157s
     0     0   39.35998    0  320   30.00000   39.35998  31.2%     -  160s
     0     0   39.33930    0  324   30.00000   39.33930  31.1%     -  162s
     0     0   39.32174    0  321   30.00000   39.32174  31.1%     -  164s
     0     0   39.31198    0  324   30.00000   39.31198  31.0%     -  166s
     0     0   39.30291    0  324   30.00000   39.30291  31.0%     -  168s
     0     0   39.29936    0  326   30.00000   39.29936  31.0%     -  169s
     0     0   39.29636    0  324   30.00000   39.29636  31.0%     -  171s
     0     0   39.29508    0  327   30.00000   39.29508  31.0%     -  172s
     0     0   39.29404    0  330   30.00000   39.29404  31.0%     -  173s
     0     0   39.29388    0  330   30.00000   39.29388  31.0%     -  174s
     0     0   39.09544    0  318   30.00000   39.09544  30.3%     -  189s
     0     0   38.95286    0  332   30.00000   38.95286  29.8%     -  196s
     0     0   38.91639    0  334   30.00000   38.91639  29.7%     -  200s
     0     0   38.89739    0  337   30.00000   38.89739  29.7%     -  202s
     0     0   38.88965    0  339   30.00000   38.88965  29.6%     -  204s
     0     0   38.88533    0  342   30.00000   38.88533  29.6%     -  205s
     0     0   38.88282    0  343   30.00000   38.88282  29.6%     -  207s
     0     0   38.88219    0  344   30.00000   38.88219  29.6%     -  208s
     0     0   38.64980    0  320   30.00000   38.64980  28.8%     -  223s
     0     0   38.56063    0  337   30.00000   38.56063  28.5%     -  228s
     0     0   38.52779    0  338   30.00000   38.52779  28.4%     -  231s
     0     0   38.51629    0  342   30.00000   38.51629  28.4%     -  234s
     0     0   38.51055    0  341   30.00000   38.51055  28.4%     -  236s
     0     0   38.50572    0  342   30.00000   38.50572  28.4%     -  238s
     0     0   38.50016    0  346   30.00000   38.50016  28.3%     -  239s
     0     0   38.49757    0  347   30.00000   38.49757  28.3%     -  241s
     0     0   38.49715    0  347   30.00000   38.49715  28.3%     -  242s
     0     0   38.30519    0  323   30.00000   38.30519  27.7%     -  255s
     0     0   38.20116    0  331   30.00000   38.20116  27.3%     -  264s
     0     0   38.17412    0  334   30.00000   38.17412  27.2%     -  267s
     0     0   38.16426    0  336   30.00000   38.16426  27.2%     -  269s
     0     0   38.15910    0  345   30.00000   38.15910  27.2%     -  270s
     0     0   38.15674    0  344   30.00000   38.15674  27.2%     -  271s
     0     0   38.15559    0  346   30.00000   38.15559  27.2%     -  272s
     0     0   38.15398    0  345   30.00000   38.15398  27.2%     -  274s
     0     0   38.15381    0  349   30.00000   38.15381  27.2%     -  275s
     0     0   38.09449    0  333   30.00000   38.09449  27.0%     -  288s
     0     0   38.07587    0  332   30.00000   38.07587  26.9%     -  291s
     0     0   38.06889    0  340   30.00000   38.06889  26.9%     -  294s
     0     0   38.06473    0  337   30.00000   38.06473  26.9%     -  296s
     0     0   38.06322    0  340   30.00000   38.06322  26.9%     -  298s
     0     0   38.06307    0  342   30.00000   38.06307  26.9%     -  298s
     0     0   38.01425    0  327   30.00000   38.01425  26.7%     -  310s
     0     0   37.97335    0  330   30.00000   37.97335  26.6%     -  314s
     0     0   37.96168    0  339   30.00000   37.96168  26.5%     -  316s
     0     0   37.95439    0  338   30.00000   37.95439  26.5%     -  318s
     0     0   37.94779    0  338   30.00000   37.94779  26.5%     -  320s
     0     0   37.94462    0  341   30.00000   37.94462  26.5%     -  322s
     0     0   37.94126    0  344   30.00000   37.94126  26.5%     -  323s
     0     0   37.94056    0  339   30.00000   37.94056  26.5%     -  324s
     0     0   37.91608    0  336   30.00000   37.91608  26.4%     -  334s
     0     0   37.90271    0  337   30.00000   37.90271  26.3%     -  337s
     0     0   37.89260    0  340   30.00000   37.89260  26.3%     -  339s
     0     0   37.88651    0  349   30.00000   37.88651  26.3%     -  341s
     0     0   37.88255    0  346   30.00000   37.88255  26.3%     -  342s
     0     0   37.88156    0  345   30.00000   37.88156  26.3%     -  343s
     0     0   37.87392    0  351   30.00000   37.87392  26.2%     -  352s
     0     0   37.85260    0  352   30.00000   37.85260  26.2%     -  356s
     0     0   37.84546    0  347   30.00000   37.84546  26.2%     -  358s
     0     0   37.84213    0  351   30.00000   37.84213  26.1%     -  360s
     0     0   37.84060    0  353   30.00000   37.84060  26.1%     -  361s
     0     0   37.83934    0  352   30.00000   37.83934  26.1%     -  362s
     0     0   37.83717    0  351   30.00000   37.83717  26.1%     -  364s
     0     0   37.83662    0  354   30.00000   37.83662  26.1%     -  365s
     0     0   37.82490    0  344   30.00000   37.82490  26.1%     -  374s
     0     0   37.80938    0  350   30.00000   37.80938  26.0%     -  377s
     0     0   37.80319    0  349   30.00000   37.80319  26.0%     -  379s
     0     0   37.79848    0  352   30.00000   37.79848  26.0%     -  380s
     0     0   37.79634    0  352   30.00000   37.79634  26.0%     -  382s
     0     0   37.79572    0  353   30.00000   37.79572  26.0%     -  383s
     0     0   37.76245    0  340   30.00000   37.76245  25.9%     -  394s
     0     0   37.72763    0  341   30.00000   37.72763  25.8%     -  399s
     0     0   37.72173    0  351   30.00000   37.72173  25.7%     -  400s
     0     0   37.71191    0  349   30.00000   37.71191  25.7%     -  402s
     0     0   37.70669    0  354   30.00000   37.70669  25.7%     -  404s
     0     0   37.70340    0  354   30.00000   37.70340  25.7%     -  405s
     0     0   37.70228    0  352   30.00000   37.70228  25.7%     -  407s
     0     0   37.70189    0  354   30.00000   37.70189  25.7%     -  408s
     0     0   37.68934    0  357   30.00000   37.68934  25.6%     -  417s
     0     0   37.67820    0  343   30.00000   37.67820  25.6%     -  419s
     0     0   37.67219    0  356   30.00000   37.67219  25.6%     -  421s
     0     0   37.66796    0  362   30.00000   37.66796  25.6%     -  423s
     0     0   37.66597    0  364   30.00000   37.66597  25.6%     -  425s
     0     0   37.66544    0  363   30.00000   37.66544  25.6%     -  426s
     0     0   37.66261    0  359   30.00000   37.66261  25.5%     -  434s
     0     0   37.65231    0  358   30.00000   37.65231  25.5%     -  437s
     0     0   37.65075    0  358   30.00000   37.65075  25.5%     -  439s
     0     0   37.65024    0  361   30.00000   37.65024  25.5%     -  440s
     0     0   37.64277    0  356   30.00000   37.64277  25.5%     -  450s
     0     0   37.63027    0  359   30.00000   37.63027  25.4%     -  452s
     0     0   37.62408    0  356   30.00000   37.62408  25.4%     -  455s
     0     0   37.62165    0  356   30.00000   37.62165  25.4%     -  456s
     0     0   37.62069    0  359   30.00000   37.62069  25.4%     -  458s
     0     0   37.61286    0  350   30.00000   37.61286  25.4%     -  467s
     0     0   37.60920    0  356   30.00000   37.60920  25.4%     -  469s
     0     0   37.60688    0  361   30.00000   37.60688  25.4%     -  471s
     0     0   37.60584    0  360   30.00000   37.60584  25.4%     -  472s
     0     0   37.60349    0  357   30.00000   37.60349  25.3%     -  480s
     0     0   37.60178    0  357   30.00000   37.60178  25.3%     -  482s
     0     0   37.60156    0  360   30.00000   37.60156  25.3%     -  483s
     0     0   37.59954    0  359   30.00000   37.59954  25.3%     -  491s
     0     0   37.59832    0  362   30.00000   37.59832  25.3%     -  493s
     0     0   37.59768    0  362   30.00000   37.59768  25.3%     -  494s
     0     0   37.59295    0  360   30.00000   37.59295  25.3%     -  503s
     0     0   37.59295    0  338   30.00000   37.59295  25.3%     -  508s
     0     2   37.59295    0  327   30.00000   37.59295  25.3%     -  571s
     1     4   37.41874    1  296   30.00000   37.59251  25.3%   548  590s
     3     8   37.19498    2  293   30.00000   37.41828  24.7%   683  638s
     7    12   36.88329    3  291   30.00000   37.13913  23.8%   993  657s
    11    16   36.66429    4  301   30.00000   37.13913  23.8%   868  707s
    15    20   34.88141    4  275   30.00000   37.13913  23.8%  1296  743s
    19    22   34.68640    5  271   30.00000   37.13913  23.8%  1118  756s
*   20    22               6      31.0000000   37.13913  19.8%  1065  756s
    23    22   34.43425    6  269   31.00000   37.13913  19.8%  1030  792s
*   27    22               6      33.0000000   37.13913  12.5%  1040  792s
    29    16     cutoff    7        33.00000   37.13913  12.5%   977  799s
    37    14     cutoff    6        33.00000   37.13913  12.5%   779  829s
    43    11     cutoff    6        33.00000   37.13913  12.5%   782  885s
    48    11     cutoff    7        33.00000   37.13913  12.5%   878  971s
    52    11     cutoff    5        33.00000   37.13913  12.5%   980  997s
    56    12     cutoff    6        33.00000   35.71154  8.22%   938 1036s
    63     7   35.06511    4  263   33.00000   35.71154  8.22%   900 1048s
    72     4     cutoff    4        33.00000   35.71154  8.22%   801 1066s
    77     2     cutoff    6        33.00000   35.71154  8.22%   767 1078s
    81     0     cutoff    3        33.00000   34.33216  4.04%   745 1091s

Cutting planes:
  Cover: 1
  MIR: 368
  Zero half: 321
  RLT: 403
  BQP: 245

Explored 83 nodes (89038 simplex iterations) in 1091.85 seconds
Thread count was 8 (of 8 available processors)

Solution count 8: 33 31 30 ... 17

Optimal solution found (tolerance 1.00e-04)
Best objective 3.300000000000e+01, best bound 3.300000000000e+01, gap 0.0000%
