
Gurobi 9.1.2 (win64, Java) logging started Sun Dec 19 07:05:48 2021

Academic license - for non-commercial use only - expires 2022-09-02
Gurobi Optimizer version 9.1.2 build v9.1.2rc0 (win64)
Thread count: 4 physical cores, 8 logical processors, using up to 8 threads
Optimize a model with 655265 rows, 975 columns and 1966575 nonzeros
Model fingerprint: 0x403ed5d5
Variable types: 0 continuous, 975 integer (975 binary)
Coefficient statistics:
  Matrix range     [1e+00, 1e+00]
  Objective range  [1e+00, 1e+00]
  Bounds range     [1e+00, 1e+00]
  RHS range        [1e+00, 1e+00]
Found heuristic solution: objective 1.0000000
Presolve time: 2.89s
Presolved: 655265 rows, 975 columns, 1966575 nonzeros
Variable types: 0 continuous, 975 integer (975 binary)

Root simplex log...

Iteration    Objective       Primal Inf.    Dual Inf.      Time
       0    6.5000000e+01   0.000000e+00   2.537000e+03      5s
   22978    3.5250000e+01   0.000000e+00   0.000000e+00      8s
   22978    3.5250000e+01   0.000000e+00   0.000000e+00      8s

Root relaxation: objective 3.525000e+01, 22978 iterations, 4.14 seconds
Total elapsed time = 13.26s

    Nodes    |    Current Node    |     Objective Bounds      |     Work
 Expl Unexpl |  Obj  Depth IntInf | Incumbent    BestBd   Gap | It/Node Time

     0     0   35.25000    0  127    1.00000   35.25000  3425%     -   14s
H    0     0                      20.0000000   35.25000  76.3%     -   14s
H    0     0                      22.0000000   35.25000  60.2%     -   15s
     0     0   33.27500    0  150   22.00000   33.27500  51.2%     -   28s
H    0     0                      23.0000000   33.27500  44.7%     -   30s
     0     0   33.26250    0  153   23.00000   33.26250  44.6%     -   31s
     0     0   33.26136    0  155   23.00000   33.26136  44.6%     -   32s
     0     0   33.26136    0  156   23.00000   33.26136  44.6%     -   33s
     0     0   31.88770    0  215   23.00000   31.88770  38.6%     -   41s
     0     0   31.81896    0  213   23.00000   31.81896  38.3%     -   44s
     0     0   31.80072    0  217   23.00000   31.80072  38.3%     -   46s
     0     0   31.79282    0  220   23.00000   31.79282  38.2%     -   47s
     0     0   31.79166    0  227   23.00000   31.79166  38.2%     -   49s
     0     0   31.79131    0  224   23.00000   31.79131  38.2%     -   50s
     0     0   31.79118    0  225   23.00000   31.79118  38.2%     -   50s
     0     0   30.14383    0  213   23.00000   30.14383  31.1%     -   66s
H    0     0                      25.0000000   30.14383  20.6%     -   67s
H    0     0                      26.0000000   30.14383  15.9%     -   67s
     0     0   30.00384    0  206   26.00000   30.00384  15.4%     -   70s
     0     0   29.88811    0  226   26.00000   29.88811  15.0%     -   73s
     0     0   29.84425    0  239   26.00000   29.84425  14.8%     -   75s
     0     0   29.83973    0  241   26.00000   29.83973  14.8%     -   76s
     0     0   29.83750    0  241   26.00000   29.83750  14.8%     -   77s
     0     0   29.83714    0  243   26.00000   29.83714  14.8%     -   78s
     0     0   29.35375    0  241   26.00000   29.35375  12.9%     -   87s
     0     0   29.27310    0  235   26.00000   29.27310  12.6%     -   91s
     0     0   29.24966    0  218   26.00000   29.24966  12.5%     -   92s
     0     0   29.24336    0  236   26.00000   29.24336  12.5%     -   94s
     0     0   29.23639    0  237   26.00000   29.23639  12.4%     -   95s
     0     0   29.23418    0  242   26.00000   29.23418  12.4%     -   96s
     0     0   29.23361    0  243   26.00000   29.23361  12.4%     -   97s
     0     0   29.12634    0  235   26.00000   29.12634  12.0%     -  104s
H    0     0                      27.0000000   29.12634  7.88%     -  105s
     0     0   29.08066    0  246   27.00000   29.08066  7.71%     -  107s
     0     0   29.05891    0  261   27.00000   29.05891  7.63%     -  109s
     0     0   29.04566    0  244   27.00000   29.04566  7.58%     -  111s
     0     0   29.03993    0  252   27.00000   29.03993  7.56%     -  112s
     0     0   29.03810    0  235   27.00000   29.03810  7.55%     -  113s
     0     0   29.03790    0  236   27.00000   29.03790  7.55%     -  114s
     0     0   28.94983    0  220   27.00000   28.94983  7.22%     -  121s
     0     0   28.91144    0  225   27.00000   28.91144  7.08%     -  124s
     0     0   28.89274    0  254   27.00000   28.89274  7.01%     -  126s
     0     0   28.88463    0  232   27.00000   28.88463  6.98%     -  127s
     0     0   28.88445    0  239   27.00000   28.88445  6.98%     -  128s
     0     0   28.80882    0  244   27.00000   28.80882  6.70%     -  134s
     0     0   28.78542    0  242   27.00000   28.78542  6.61%     -  137s
     0     0   28.77226    0  250   27.00000   28.77226  6.56%     -  138s
     0     0   28.77179    0  249   27.00000   28.77179  6.56%     -  139s
     0     0   28.72930    0  221   27.00000   28.72930  6.40%     -  145s
     0     0   28.72642    0  221   27.00000   28.72642  6.39%     -  147s
     0     0   28.72430    0  236   27.00000   28.72430  6.39%     -  149s
     0     0   28.72324    0  239   27.00000   28.72324  6.38%     -  150s
     0     0   28.72281    0  244   27.00000   28.72281  6.38%     -  151s
     0     0   28.67419    0  223   27.00000   28.67419  6.20%     -  157s
     0     0   28.65818    0  251   27.00000   28.65818  6.14%     -  160s
     0     0   28.65587    0  239   27.00000   28.65587  6.13%     -  161s
     0     0   28.65558    0  241   27.00000   28.65558  6.13%     -  162s
     0     0   28.64566    0  222   27.00000   28.64566  6.10%     -  167s
     0     0   28.63722    0  251   27.00000   28.63722  6.06%     -  169s
     0     0   28.62689    0  223   27.00000   28.62689  6.03%     -  171s
     0     0   28.62474    0  239   27.00000   28.62474  6.02%     -  172s
     0     0   28.62372    0  241   27.00000   28.62372  6.01%     -  173s
     0     0   28.62333    0  240   27.00000   28.62333  6.01%     -  174s
     0     0   28.61941    0  203   27.00000   28.61941  6.00%     -  179s
     0     0   28.60482    0  226   27.00000   28.60482  5.94%     -  181s
     0     0   28.60202    0  211   27.00000   28.60202  5.93%     -  182s
     0     0   28.60167    0  212   27.00000   28.60167  5.93%     -  183s
     0     0   28.60102    0  224   27.00000   28.60102  5.93%     -  187s
     0     0   28.60091    0  220   27.00000   28.60091  5.93%     -  189s
     0     0   28.59996    0  231   27.00000   28.59996  5.93%     -  193s
     0     0   28.59940    0  241   27.00000   28.59940  5.92%     -  195s
     0     0   28.59179    0  230   27.00000   28.59179  5.90%     -  200s
     0     0   28.58698    0  228   27.00000   28.58698  5.88%     -  202s
     0     0   28.58488    0  230   27.00000   28.58488  5.87%     -  203s
     0     0   28.58433    0  241   27.00000   28.58433  5.87%     -  205s
     0     0   28.58259    0  209   27.00000   28.58259  5.86%     -  209s
     0     0   28.58225    0  252   27.00000   28.58225  5.86%     -  212s
     0     0   28.57473    0  187   27.00000   28.57473  5.83%     -  217s
     0     0   28.57294    0  221   27.00000   28.57294  5.83%     -  219s
     0     0   28.57179    0  215   27.00000   28.57179  5.82%     -  220s
     0     0   28.57179    0  216   27.00000   28.57179  5.82%     -  221s
     0     0   28.57030    0  189   27.00000   28.57030  5.82%     -  225s
     0     0   28.57030    0  188   27.00000   28.57030  5.82%     -  227s
     0     0   28.57030    0  196   27.00000   28.57030  5.82%     -  232s
     0     0   28.57030    0  199   27.00000   28.57030  5.82%     -  233s
     0     0   28.56591    0  179   27.00000   28.56591  5.80%     -  242s
     0     0   28.56591    0  178   27.00000   28.56591  5.80%     -  246s
     0     2   28.56591    0  177   27.00000   28.56591  5.80%     -  261s
     3     8   28.46776    2  193   27.00000   28.56026  5.78%   192  273s
     7     8   28.28550    3  205   27.00000   28.46623  5.43%   237  277s
    11    10   28.19129    4  200   27.00000   28.46623  5.43%   226  282s
    15    10   28.02814    4  189   27.00000   28.46623  5.43%   235  286s
    23     2     cutoff    5        27.00000   28.46623  5.43%   179  290s
    29     2   28.17442    4  182   27.00000   28.28502  4.76%   164  296s

Cutting planes:
  Gomory: 5
  Cover: 2
  MIR: 75
  Zero half: 31
  RLT: 38
  BQP: 47

Explored 33 nodes (38946 simplex iterations) in 297.71 seconds
Thread count was 8 (of 8 available processors)

Solution count 7: 27 26 25 ... 1

Optimal solution found (tolerance 1.00e-04)
Best objective 2.700000000000e+01, best bound 2.700000000000e+01, gap 0.0000%
