
Gurobi 9.1.2 (win64, Java) logging started Sun Dec 19 06:33:34 2021

Academic license - for non-commercial use only - expires 2022-09-02
Gurobi Optimizer version 9.1.2 build v9.1.2rc0 (win64)
Thread count: 4 physical cores, 8 logical processors, using up to 8 threads
Optimize a model with 98210 rows, 525 columns and 295050 nonzeros
Model fingerprint: 0x4d406aa6
Variable types: 0 continuous, 525 integer (525 binary)
Coefficient statistics:
  Matrix range     [1e+00, 1e+00]
  Objective range  [1e+00, 1e+00]
  Bounds range     [1e+00, 1e+00]
  RHS range        [1e+00, 1e+00]
Found heuristic solution: objective 2.0000000
Presolve time: 0.46s
Presolved: 98210 rows, 525 columns, 295050 nonzeros
Variable types: 0 continuous, 525 integer (525 binary)

Starting sifting (using dual simplex for sub-problems)...

    Iter     Pivots    Primal Obj      Dual Obj        Time
       0         35    -infinity     -1.0000000e+00      1s
       1         69  -3.5000000e+01  -1.8005128e+01      1s
       2        217  -2.2505696e+01  -1.9508593e+01      1s

Sifting complete


Root relaxation: objective 2.250000e+01, 382 iterations, 0.27 seconds

    Nodes    |    Current Node    |     Objective Bounds      |     Work
 Expl Unexpl |  Obj  Depth IntInf | Incumbent    BestBd   Gap | It/Node Time

     0     0   22.50000    0   12    2.00000   22.50000  1025%     -    1s
H    0     0                      22.0000000   22.50000  2.27%     -    1s
     0     0   22.50000    0   12   22.00000   22.50000  2.27%     -    1s

Explored 1 nodes (451 simplex iterations) in 1.08 seconds
Thread count was 8 (of 8 available processors)

Solution count 2: 22 2 

Optimal solution found (tolerance 1.00e-04)
Best objective 2.200000000000e+01, best bound 2.200000000000e+01, gap 0.0000%
