
Gurobi 9.1.2 (win64, Java) logging started Sun Dec 19 06:40:42 2021

Academic license - for non-commercial use only - expires 2022-09-02
Gurobi Optimizer version 9.1.2 build v9.1.2rc0 (win64)
Thread count: 4 physical cores, 8 logical processors, using up to 8 threads
Optimize a model with 367345 rows, 770 columns and 1102640 nonzeros
Model fingerprint: 0x07ad5565
Variable types: 0 continuous, 770 integer (770 binary)
Coefficient statistics:
  Matrix range     [1e+00, 1e+00]
  Objective range  [1e+00, 1e+00]
  Bounds range     [1e+00, 1e+00]
  RHS range        [1e+00, 1e+00]
Found heuristic solution: objective 3.0000000
Presolve time: 1.45s
Presolved: 367345 rows, 770 columns, 1102640 nonzeros
Variable types: 0 continuous, 770 integer (770 binary)

Root relaxation: objective 2.930000e+01, 10684 iterations, 1.71 seconds
Total elapsed time = 5.71s

    Nodes    |    Current Node    |     Objective Bounds      |     Work
 Expl Unexpl |  Obj  Depth IntInf | Incumbent    BestBd   Gap | It/Node Time

     0     0   29.30000    0  168    3.00000   29.30000   877%     -    7s
H    0     0                      15.0000000   29.30000  95.3%     -    7s
     0     0   27.90441    0  143   15.00000   27.90441  86.0%     -   14s
H    0     0                      18.0000000   27.90441  55.0%     -   15s
     0     0   27.87500    0  127   18.00000   27.87500  54.9%     -   15s
     0     0   27.87500    0  130   18.00000   27.87500  54.9%     -   16s
     0     0   26.14982    0  184   18.00000   26.14982  45.3%     -   22s
     0     0   26.03703    0  185   18.00000   26.03703  44.7%     -   24s
     0     0   26.01355    0  199   18.00000   26.01355  44.5%     -   25s
     0     0   26.00979    0  201   18.00000   26.00979  44.5%     -   26s
     0     0   26.00882    0  201   18.00000   26.00882  44.5%     -   26s
     0     0   24.86510    0  219   18.00000   24.86510  38.1%     -   32s
H    0     0                      19.0000000   24.86510  30.9%     -   33s
     0     0   24.68588    0  217   19.00000   24.68588  29.9%     -   35s
     0     0   24.64219    0  221   19.00000   24.64219  29.7%     -   36s
     0     0   24.63209    0  228   19.00000   24.63209  29.6%     -   37s
     0     0   24.62149    0  230   19.00000   24.62149  29.6%     -   37s
     0     0   24.61779    0  227   19.00000   24.61779  29.6%     -   38s
     0     0   24.61677    0  231   19.00000   24.61677  29.6%     -   39s
     0     0   24.61647    0  234   19.00000   24.61647  29.6%     -   39s
     0     0   24.14393    0  231   19.00000   24.14393  27.1%     -   45s
     0     0   24.04894    0  215   19.00000   24.04894  26.6%     -   47s
     0     0   24.03285    0  223   19.00000   24.03285  26.5%     -   48s
     0     0   24.02774    0  234   19.00000   24.02774  26.5%     -   49s
     0     0   24.01905    0  241   19.00000   24.01905  26.4%     -   50s
     0     0   24.01774    0  245   19.00000   24.01774  26.4%     -   51s
     0     0   24.01723    0  246   19.00000   24.01723  26.4%     -   51s
     0     0   23.94560    0  238   19.00000   23.94560  26.0%     -   55s
H    0     0                      20.0000000   23.94560  19.7%     -   55s
H    0     0                      21.0000000   23.94560  14.0%     -   56s
     0     0   23.92383    0  237   21.00000   23.92383  13.9%     -   57s
     0     0   23.91092    0  237   21.00000   23.91092  13.9%     -   58s
     0     0   23.90416    0  241   21.00000   23.90416  13.8%     -   58s
     0     0   23.89989    0  252   21.00000   23.89989  13.8%     -   59s
     0     0   23.89972    0  255   21.00000   23.89972  13.8%     -   59s
     0     0   23.83325    0  238   21.00000   23.83325  13.5%     -   63s
H    0     0                      22.0000000   23.83325  8.33%     -   64s
     0     0   23.81446    0  250   22.00000   23.81446  8.25%     -   65s
     0     0   23.80636    0  261   22.00000   23.80636  8.21%     -   66s
     0     0   23.79340    0  267   22.00000   23.79340  8.15%     -   67s
     0     0   23.79142    0  269   22.00000   23.79142  8.14%     -   67s
     0     0   23.78886    0  266   22.00000   23.78886  8.13%     -   68s
     0     0   23.78873    0  269   22.00000   23.78873  8.13%     -   69s
     0     0   23.72884    0  259   22.00000   23.72884  7.86%     -   72s
     0     0   23.70083    0  254   22.00000   23.70083  7.73%     -   73s
     0     0   23.67885    0  269   22.00000   23.67885  7.63%     -   75s
     0     0   23.67647    0  261   22.00000   23.67647  7.62%     -   75s
     0     0   23.67477    0  266   22.00000   23.67477  7.61%     -   76s
     0     0   23.67415    0  267   22.00000   23.67415  7.61%     -   76s
     0     0   23.67384    0  270   22.00000   23.67384  7.61%     -   77s
     0     0   23.61629    0  239   22.00000   23.61629  7.35%     -   81s
     0     0   23.60116    0  232   22.00000   23.60116  7.28%     -   83s
     0     0   23.59625    0  241   22.00000   23.59625  7.26%     -   83s
     0     0   23.59297    0  247   22.00000   23.59297  7.24%     -   84s
     0     0   23.59249    0  250   22.00000   23.59249  7.24%     -   85s
     0     0   23.57668    0  238   22.00000   23.57668  7.17%     -   87s
     0     0   23.56300    0  243   22.00000   23.56300  7.10%     -   89s
     0     0   23.55816    0  247   22.00000   23.55816  7.08%     -   89s
     0     0   23.55792    0  249   22.00000   23.55792  7.08%     -   90s
     0     0   23.53491    0  251   22.00000   23.53491  6.98%     -   93s
     0     0   23.51929    0  249   22.00000   23.51929  6.91%     -   94s
     0     0   23.51733    0  250   22.00000   23.51733  6.90%     -   95s
     0     0   23.51440    0  246   22.00000   23.51440  6.88%     -   95s
     0     0   23.51322    0  262   22.00000   23.51322  6.88%     -   96s
     0     0   23.51174    0  253   22.00000   23.51174  6.87%     -   96s
     0     0   23.51165    0  254   22.00000   23.51165  6.87%     -   97s
     0     0   23.48481    0  239   22.00000   23.48481  6.75%     -  100s
     0     0   23.46977    0  235   22.00000   23.46977  6.68%     -  101s
     0     0   23.46742    0  229   22.00000   23.46742  6.67%     -  102s
     0     0   23.46670    0  250   22.00000   23.46670  6.67%     -  102s
     0     0   23.46643    0  245   22.00000   23.46643  6.67%     -  103s
     0     0   23.44553    0  216   22.00000   23.44553  6.57%     -  106s
     0     0   23.44290    0  225   22.00000   23.44290  6.56%     -  107s
     0     0   23.44044    0  227   22.00000   23.44044  6.55%     -  107s
     0     0   23.43978    0  218   22.00000   23.43978  6.54%     -  108s
     0     0   23.43904    0  229   22.00000   23.43904  6.54%     -  108s
     0     0   23.43890    0  226   22.00000   23.43890  6.54%     -  109s
     0     0   23.42197    0  219   22.00000   23.42197  6.46%     -  112s
     0     0   23.41777    0  239   22.00000   23.41777  6.44%     -  113s
     0     0   23.41696    0  239   22.00000   23.41696  6.44%     -  113s
     0     0   23.41676    0  237   22.00000   23.41676  6.44%     -  114s
     0     0   23.41465    0  217   22.00000   23.41465  6.43%     -  116s
     0     0   23.41285    0  224   22.00000   23.41285  6.42%     -  117s
     0     0   23.41260    0  226   22.00000   23.41260  6.42%     -  118s
     0     0   23.40691    0  206   22.00000   23.40691  6.40%     -  121s
     0     0   23.40335    0  225   22.00000   23.40335  6.38%     -  122s
     0     0   23.40280    0  238   22.00000   23.40280  6.38%     -  122s
     0     0   23.39776    0  207   22.00000   23.39776  6.35%     -  125s
     0     0   23.39590    0  208   22.00000   23.39590  6.34%     -  126s
     0     0   23.39495    0  220   22.00000   23.39495  6.34%     -  126s
     0     0   23.39436    0  213   22.00000   23.39436  6.34%     -  127s
     0     0   23.38793    0  219   22.00000   23.38793  6.31%     -  129s
     0     0   23.38485    0  235   22.00000   23.38485  6.29%     -  130s
     0     0   23.38344    0  231   22.00000   23.38344  6.29%     -  131s
     0     0   23.38283    0  231   22.00000   23.38283  6.29%     -  131s
     0     0   23.38271    0  248   22.00000   23.38271  6.29%     -  132s
     0     0   23.38024    0  248   22.00000   23.38024  6.27%     -  134s
     0     0   23.37882    0  246   22.00000   23.37882  6.27%     -  135s
     0     0   23.37799    0  250   22.00000   23.37799  6.26%     -  136s
     0     0   23.37785    0  254   22.00000   23.37785  6.26%     -  136s
     0     0   23.37270    0  231   22.00000   23.37270  6.24%     -  139s
     0     0   23.37173    0  226   22.00000   23.37173  6.24%     -  140s
     0     0   23.37008    0  228   22.00000   23.37008  6.23%     -  141s
     0     0   23.36969    0  240   22.00000   23.36969  6.23%     -  141s
     0     0   23.35750    0  217   22.00000   23.35750  6.17%     -  146s
     0     0   23.35628    0  204   22.00000   23.35628  6.16%     -  147s
     0     0   23.35397    0  224   22.00000   23.35397  6.15%     -  148s
     0     0   23.35371    0  240   22.00000   23.35371  6.15%     -  148s
     0     0   23.35262    0  216   22.00000   23.35262  6.15%     -  151s
     0     0   23.35216    0  235   22.00000   23.35216  6.15%     -  152s
     0     0   23.35067    0  215   22.00000   23.35067  6.14%     -  154s
     0     0   23.35067    0  201   22.00000   23.35067  6.14%     -  157s
     0     2   23.35067    0  200   22.00000   23.35067  6.14%     -  168s
     3     4   23.03699    2  202   22.00000   23.32706  6.03%   180  172s

Cutting planes:
  Gomory: 5
  MIR: 74
  Zero half: 44
  RLT: 31
  BQP: 59

Explored 12 nodes (23234 simplex iterations) in 173.63 seconds
Thread count was 8 (of 8 available processors)

Solution count 7: 22 21 20 ... 3

Optimal solution found (tolerance 1.00e-04)
Best objective 2.200000000000e+01, best bound 2.200000000000e+01, gap 0.0000%
