
Gurobi 9.1.2 (win64, Java) logging started Sun Dec 19 06:55:05 2021

Academic license - for non-commercial use only - expires 2022-09-02
Gurobi Optimizer version 9.1.2 build v9.1.2rc0 (win64)
Thread count: 4 physical cores, 8 logical processors, using up to 8 threads
Optimize a model with 924000 rows, 1620 columns and 2773440 nonzeros
Model fingerprint: 0x3409bc72
Variable types: 0 continuous, 1620 integer (1620 binary)
Coefficient statistics:
  Matrix range     [1e+00, 1e+00]
  Objective range  [1e+00, 1e+00]
  Bounds range     [1e+00, 1e+00]
  RHS range        [1e+00, 1e+00]
Found heuristic solution: objective 3.0000000
Presolve removed 0 rows and 0 columns (presolve time = 5s) ...
Presolve time: 5.25s
Presolved: 924000 rows, 1620 columns, 2773440 nonzeros
Variable types: 0 continuous, 1620 integer (1620 binary)

Root simplex log...

Iteration    Objective       Primal Inf.    Dual Inf.      Time
       0    6.0000000e+01   0.000000e+00   1.045000e+03      9s
    5341    3.6249774e+01   0.000000e+00   9.670472e+01     10s
    6419    3.6250000e+01   0.000000e+00   0.000000e+00     10s
    6419    3.6250000e+01   0.000000e+00   0.000000e+00     11s

Root relaxation: objective 3.625000e+01, 6419 iterations, 4.27 seconds

    Nodes    |    Current Node    |     Objective Bounds      |     Work
 Expl Unexpl |  Obj  Depth IntInf | Incumbent    BestBd   Gap | It/Node Time

     0     0   36.25000    0   87    3.00000   36.25000  1108%     -   14s
H    0     0                      29.0000000   36.25000  25.0%     -   14s
     0     0   34.76042    0  127   29.00000   34.76042  19.9%     -   28s
H    0     0                      30.0000000   34.76042  15.9%     -   29s
H    0     0                      31.0000000   34.76042  12.1%     -   29s
H    0     0                      32.0000000   34.76042  8.63%     -   30s
     0     0   34.68750    0  121   32.00000   34.68750  8.40%     -   31s
     0     0   34.68750    0  122   32.00000   34.68750  8.40%     -   32s
     0     0   34.23429    0  127   32.00000   34.23429  6.98%     -   37s
     0     0   34.09108    0  126   32.00000   34.09108  6.53%     -   40s
     0     0   34.08690    0  125   32.00000   34.08690  6.52%     -   41s
     0     0   34.08623    0  125   32.00000   34.08623  6.52%     -   42s
     0     0   34.08623    0  125   32.00000   34.08623  6.52%     -   43s
     0     0   33.55372    0  136   32.00000   33.55372  4.86%     -   50s
     0     0   33.47917    0  117   32.00000   33.47917  4.62%     -   55s
     0     0   33.47917    0  127   32.00000   33.47917  4.62%     -   57s
     0     0     cutoff    0        32.00000   32.00000  0.00%     -   62s

Cutting planes:
  Gomory: 9
  Cover: 1
  Clique: 260
  MIR: 30
  Zero half: 122
  RLT: 24
  BQP: 55

Explored 1 nodes (7977 simplex iterations) in 62.23 seconds
Thread count was 8 (of 8 available processors)

Solution count 5: 32 31 30 ... 3

Optimal solution found (tolerance 1.00e-04)
Best objective 3.200000000000e+01, best bound 3.200000000000e+01, gap 0.0000%
