
Gurobi 9.1.2 (win64, Java) logging started Sun Dec 19 06:46:13 2021

Academic license - for non-commercial use only - expires 2022-09-02
Gurobi Optimizer version 9.1.2 build v9.1.2rc0 (win64)
Thread count: 4 physical cores, 8 logical processors, using up to 8 threads
Optimize a model with 171160 rows, 300 columns and 513600 nonzeros
Model fingerprint: 0x2f4da8a0
Variable types: 0 continuous, 300 integer (300 binary)
Coefficient statistics:
  Matrix range     [1e+00, 1e+00]
  Objective range  [1e+00, 1e+00]
  Bounds range     [1e+00, 1e+00]
  RHS range        [1e+00, 1e+00]
Found heuristic solution: objective 15.0000000
Presolve time: 0.54s
Presolved: 171160 rows, 300 columns, 513600 nonzeros
Variable types: 0 continuous, 300 integer (300 binary)

Starting sifting (using dual simplex for sub-problems)...

    Iter     Pivots    Primal Obj      Dual Obj        Time
       0         60    -infinity     -1.2000000e+01      1s
       1        281  -5.4001837e+01  -3.3007228e+01      1s
       2        713  -3.4508442e+01  -3.4507294e+01      1s

Sifting complete


Root relaxation: objective 3.450000e+01, 990 iterations, 0.51 seconds

    Nodes    |    Current Node    |     Objective Bounds      |     Work
 Expl Unexpl |  Obj  Depth IntInf | Incumbent    BestBd   Gap | It/Node Time

     0     0   34.50000    0  120   15.00000   34.50000   130%     -    2s
H    0     0                      16.0000000   34.50000   116%     -    2s
H    0     0                      19.0000000   34.50000  81.6%     -    2s
     0     0   30.86876    0  218   19.00000   30.86876  62.5%     -    9s
H    0     0                      20.0000000   30.86876  54.3%     -    9s
     0     0   30.86876    0  218   20.00000   30.86876  54.3%     -   10s
     0     0   29.35391    0  185   20.00000   29.35391  46.8%     -   17s
H    0     0                      23.0000000   29.35391  27.6%     -   17s
H    0     0                      26.0000000   29.35391  12.9%     -   17s
     0     0   29.11866    0  194   26.00000   29.11866  12.0%     -   18s
     0     0   29.07534    0  195   26.00000   29.07534  11.8%     -   19s
     0     0   29.04125    0  206   26.00000   29.04125  11.7%     -   19s
     0     0   29.00676    0  198   26.00000   29.00676  11.6%     -   20s
     0     0   28.99674    0  201   26.00000   28.99674  11.5%     -   20s
     0     0   28.99424    0  199   26.00000   28.99424  11.5%     -   21s
     0     0   28.98936    0  199   26.00000   28.98936  11.5%     -   21s
     0     0   28.98915    0  199   26.00000   28.98915  11.5%     -   21s
     0     0   28.48862    0  206   26.00000   28.48862  9.57%     -   25s
H    0     0                      27.0000000   28.48862  5.51%     -   25s
     0     0   28.36526    0  212   27.00000   28.36526  5.06%     -   26s
     0     0   28.31971    0  211   27.00000   28.31971  4.89%     -   27s
     0     0   28.30974    0  211   27.00000   28.30974  4.85%     -   27s
     0     0   28.30270    0  211   27.00000   28.30270  4.82%     -   28s
     0     0   28.30109    0  211   27.00000   28.30109  4.82%     -   28s
     0     0   28.30069    0  214   27.00000   28.30069  4.82%     -   28s
     0     0     cutoff    0        27.00000   27.00000  0.00%     -   31s

Cutting planes:
  Clique: 43
  MIR: 118
  Zero half: 47
  RLT: 106
  BQP: 45

Explored 1 nodes (5310 simplex iterations) in 31.65 seconds
Thread count was 8 (of 8 available processors)

Solution count 7: 27 26 23 ... 15

Optimal solution found (tolerance 1.00e-04)
Best objective 2.700000000000e+01, best bound 2.700000000000e+01, gap 0.0000%
