
Gurobi 9.1.2 (win64, Java) logging started Sun Dec 19 07:58:53 2021

Academic license - for non-commercial use only - expires 2022-09-02
Gurobi Optimizer version 9.1.2 build v9.1.2rc0 (win64)
Thread count: 4 physical cores, 8 logical processors, using up to 8 threads
Optimize a model with 337700 rows, 375 columns and 1013250 nonzeros
Model fingerprint: 0x8dd4d916
Variable types: 0 continuous, 375 integer (375 binary)
Coefficient statistics:
  Matrix range     [1e+00, 1e+00]
  Objective range  [1e+00, 1e+00]
  Bounds range     [1e+00, 1e+00]
  RHS range        [1e+00, 1e+00]
Found heuristic solution: objective 23.0000000
Presolve time: 1.20s
Presolved: 337700 rows, 375 columns, 1013250 nonzeros
Variable types: 0 continuous, 375 integer (375 binary)

Starting sifting (using dual simplex for sub-problems)...

    Iter     Pivots    Primal Obj      Dual Obj        Time
       0         75    -infinity     -9.0000000e+00      2s
       1        364  -7.0501390e+01  -3.9759924e+01      2s
       2       1239  -4.2760969e+01  -4.2719797e+01      2s
       3       1579  -4.2760969e+01  -4.2744184e+01      2s
       4       2263  -4.2760661e+01  -4.2759007e+01      3s

Sifting complete


Root relaxation: objective 4.275000e+01, 2759 iterations, 1.16 seconds

    Nodes    |    Current Node    |     Objective Bounds      |     Work
 Expl Unexpl |  Obj  Depth IntInf | Incumbent    BestBd   Gap | It/Node Time

     0     0   42.75000    0  150   23.00000   42.75000  85.9%     -    4s
H    0     0                      24.0000000   42.75000  78.1%     -    5s
H    0     0                      26.0000000   42.75000  64.4%     -    5s
     0     0   39.06479    0  223   26.00000   39.06479  50.2%     -   22s
H    0     0                      27.0000000   39.06479  44.7%     -   23s
     0     0   39.06479    0  224   27.00000   39.06479  44.7%     -   23s
     0     0   36.97752    0  244   27.00000   36.97752  37.0%     -   38s
H    0     0                      33.0000000   36.97752  12.1%     -   38s
     0     0   36.55783    0  238   33.00000   36.55783  10.8%     -   41s
     0     0   36.49018    0  241   33.00000   36.49018  10.6%     -   43s
     0     0   36.47137    0  239   33.00000   36.47137  10.5%     -   44s
     0     0   36.45526    0  241   33.00000   36.45526  10.5%     -   46s
     0     0   36.45066    0  244   33.00000   36.45066  10.5%     -   46s
     0     0   36.44602    0  244   33.00000   36.44602  10.4%     -   47s
     0     0   36.44528    0  242   33.00000   36.44528  10.4%     -   48s
     0     0   36.44499    0  244   33.00000   36.44499  10.4%     -   48s
     0     0   35.87725    0  241   33.00000   35.87725  8.72%     -   58s
     0     0   35.60684    0  232   33.00000   35.60684  7.90%     -   61s
     0     0   35.51572    0  236   33.00000   35.51572  7.62%     -   62s
     0     0   35.48025    0  233   33.00000   35.48025  7.52%     -   64s
     0     0   35.46596    0  237   33.00000   35.46596  7.47%     -   65s
     0     0   35.45716    0  236   33.00000   35.45716  7.45%     -   66s
     0     0   35.45467    0  239   33.00000   35.45467  7.44%     -   66s
     0     0   35.45244    0  242   33.00000   35.45244  7.43%     -   67s
     0     0   35.45205    0  236   33.00000   35.45205  7.43%     -   68s
     0     0   35.34192    0  246   33.00000   35.34192  7.10%     -   75s
     0     0   35.21283    0  253   33.00000   35.21283  6.71%     -   78s
     0     0   35.18312    0  240   33.00000   35.18312  6.62%     -   80s
     0     0   35.17077    0  229   33.00000   35.17077  6.58%     -   81s
     0     0   35.16670    0  248   33.00000   35.16670  6.57%     -   81s
     0     0   35.16380    0  252   33.00000   35.16380  6.56%     -   83s
     0     0   35.15986    0  244   33.00000   35.15986  6.55%     -   83s
     0     0   35.15906    0  246   33.00000   35.15906  6.54%     -   84s
     0     0   35.15829    0  246   33.00000   35.15829  6.54%     -   85s
     0     0   35.15711    0  248   33.00000   35.15711  6.54%     -   85s
     0     0   35.15651    0  250   33.00000   35.15651  6.53%     -   86s
     0     0   35.07449    0  236   33.00000   35.07449  6.29%     -   92s
     0     0   35.04209    0  241   33.00000   35.04209  6.19%     -   94s
     0     0   35.02736    0  232   33.00000   35.02736  6.14%     -   95s
     0     0   35.01883    0  235   33.00000   35.01883  6.12%     -   96s
     0     0   35.01355    0  219   33.00000   35.01355  6.10%     -   97s
     0     0   35.01207    0  222   33.00000   35.01207  6.10%     -   98s
     0     0   35.01043    0  224   33.00000   35.01043  6.09%     -   99s
     0     0   35.01015    0  228   33.00000   35.01015  6.09%     -  100s
     0     0   35.00000    0  181   33.00000   35.00000  6.06%     -  106s
     0     0   35.00000    0  186   33.00000   35.00000  6.06%     -  107s
     0     0   35.00000    0  177   33.00000   35.00000  6.06%     -  114s
     0     2   35.00000    0  177   33.00000   35.00000  6.06%     -  127s
     1     2   34.78445    1  224   33.00000   34.99420  6.04%   477  131s
     3     2   34.47913    2  221   33.00000   34.78393  5.41%   385  136s
     7     0     cutoff    4        33.00000   34.21435  3.68%   286  140s

Cutting planes:
  Cover: 1
  MIR: 191
  Zero half: 10
  RLT: 84
  BQP: 20

Explored 9 nodes (12828 simplex iterations) in 140.63 seconds
Thread count was 8 (of 8 available processors)

Solution count 5: 33 27 26 ... 23

Optimal solution found (tolerance 1.00e-04)
Best objective 3.300000000000e+01, best bound 3.300000000000e+01, gap 0.0000%
