
Gurobi 9.1.2 (win64, Java) logging started Sun Dec 19 11:33:14 2021

Academic license - for non-commercial use only - expires 2022-09-02
Gurobi Optimizer version 9.1.2 build v9.1.2rc0 (win64)
Thread count: 4 physical cores, 8 logical processors, using up to 8 threads
Optimize a model with 2136240 rows, 2080 columns and 6410560 nonzeros
Model fingerprint: 0x4784f3df
Variable types: 0 continuous, 2080 integer (2080 binary)
Coefficient statistics:
  Matrix range     [1e+00, 1e+00]
  Objective range  [1e+00, 1e+00]
  Bounds range     [1e+00, 1e+00]
  RHS range        [1e+00, 1e+00]
Found heuristic solution: objective 3.0000000
Presolve removed 0 rows and 0 columns (presolve time = 9s) ...
Presolve removed 0 rows and 0 columns (presolve time = 15s) ...
Presolve time: 14.80s
Presolved: 2136240 rows, 2080 columns, 6410560 nonzeros
Variable types: 0 continuous, 2080 integer (2080 binary)

Root simplex log...

Iteration    Objective       Primal Inf.    Dual Inf.      Time
       0    8.0000000e+01   0.000000e+00   3.059000e+03     26s
    1648    4.7858289e+01   0.000000e+00   3.865879e+04     30s
    3440    4.4511773e+01   0.000000e+00   3.050053e+06     35s
    5104    4.3995069e+01   0.000000e+00   2.936086e+04     40s
    5434    4.4000000e+01   0.000000e+00   0.000000e+00     42s
    5434    4.4000000e+01   0.000000e+00   0.000000e+00     43s

Root relaxation: objective 4.400000e+01, 5434 iterations, 24.51 seconds
Total elapsed time = 64.78s
Total elapsed time = 73.52s

    Nodes    |    Current Node    |     Objective Bounds      |     Work
 Expl Unexpl |  Obj  Depth IntInf | Incumbent    BestBd   Gap | It/Node Time

     0     0   44.00000    0  146    3.00000   44.00000  1367%     -   87s
H    0     0                      31.0000000   44.00000  41.9%     -   87s
     0     0   41.66667    0  168   31.00000   41.66667  34.4%     -  137s
H    0     0                      34.0000000   41.66667  22.5%     -  144s
     0     0   41.66667    0  171   34.00000   41.66667  22.5%     -  147s
     0     0   40.12500    0  199   34.00000   40.12500  18.0%     -  170s
     0     0   40.00000    0  195   34.00000   40.00000  17.6%     -  188s
     0     0   40.00000    0  223   34.00000   40.00000  17.6%     -  198s
     0     0   39.21420    0  251   34.00000   39.21420  15.3%     -  229s
H    0     0                      35.0000000   39.21420  12.0%     -  232s
     0     0   39.07687    0  264   35.00000   39.07687  11.6%     -  240s
     0     0   39.05941    0  263   35.00000   39.05941  11.6%     -  245s
     0     0   39.05083    0  256   35.00000   39.05083  11.6%     -  250s
     0     0   39.05052    0  264   35.00000   39.05052  11.6%     -  254s
     0     0   38.40841    0  255   35.00000   38.40841  9.74%     -  279s
     0     0   38.33043    0  248   35.00000   38.33043  9.52%     -  289s
     0     0   38.32052    0  254   35.00000   38.32052  9.49%     -  294s
     0     0   38.31679    0  250   35.00000   38.31679  9.48%     -  300s
     0     0   38.31405    0  261   35.00000   38.31405  9.47%     -  304s
     0     0   38.31301    0  259   35.00000   38.31301  9.47%     -  309s
     0     0   38.31260    0  263   35.00000   38.31260  9.46%     -  312s
     0     0   38.21404    0  246   35.00000   38.21404  9.18%     -  332s
     0     0   38.16650    0  266   35.00000   38.16650  9.05%     -  340s
     0     0   38.13348    0  259   35.00000   38.13348  8.95%     -  346s
     0     0   38.12507    0  270   35.00000   38.12507  8.93%     -  350s
     0     0   38.12417    0  277   35.00000   38.12417  8.93%     -  354s
     0     0   38.12370    0  280   35.00000   38.12370  8.92%     -  357s
     0     0   38.08022    0  271   35.00000   38.08022  8.80%     -  374s
     0     0   38.05844    0  267   35.00000   38.05844  8.74%     -  383s
     0     0   38.05116    0  281   35.00000   38.05116  8.72%     -  388s
     0     0   38.04883    0  299   35.00000   38.04883  8.71%     -  393s
     0     0   38.04802    0  301   35.00000   38.04802  8.71%     -  398s
     0     0   38.04798    0  300   35.00000   38.04798  8.71%     -  402s
     0     0   37.89063    0  281   35.00000   37.89063  8.26%     -  422s
     0     0   37.86741    0  288   35.00000   37.86741  8.19%     -  430s
     0     0   37.86597    0  286   35.00000   37.86597  8.19%     -  434s
     0     0   37.86547    0  289   35.00000   37.86547  8.19%     -  438s
     0     0   37.80348    0  261   35.00000   37.80348  8.01%     -  455s
H    0     0                      36.0000000   37.80348  5.01%     -  458s
     0     0   37.78881    0  278   36.00000   37.78881  4.97%     -  463s
     0     0   37.78272    0  292   36.00000   37.78272  4.95%     -  468s
     0     0   37.78078    0  286   36.00000   37.78078  4.95%     -  473s
     0     0   37.78074    0  301   36.00000   37.78074  4.95%     -  477s
     0     0   37.73365    0  270   36.00000   37.73365  4.82%     -  493s
     0     0   37.71795    0  273   36.00000   37.71795  4.77%     -  501s
     0     0   37.70766    0  283   36.00000   37.70766  4.74%     -  506s
     0     0   37.70620    0  292   36.00000   37.70620  4.74%     -  509s
     0     0   37.70518    0  290   36.00000   37.70518  4.74%     -  513s
     0     0   37.70505    0  294   36.00000   37.70505  4.74%     -  517s
     0     0   37.42242    0  228   36.00000   37.42242  3.95%     -  538s
     0     0   37.38681    0  224   36.00000   37.38681  3.85%     -  547s
     0     0   37.35368    0  225   36.00000   37.35368  3.76%     -  552s
     0     0   37.35241    0  232   36.00000   37.35241  3.76%     -  556s
     0     0   37.35119    0  233   36.00000   37.35119  3.75%     -  560s
     0     0   37.35094    0  237   36.00000   37.35094  3.75%     -  564s
     0     0   37.00000    0   84   36.00000   37.00000  2.78%     -  586s
     0     0     cutoff    0        36.00000   36.00000  0.00%     -  592s

Cutting planes:
  Gomory: 12
  Cover: 1
  Clique: 100
  MIR: 109
  Zero half: 57
  RLT: 43
  BQP: 66

Explored 1 nodes (16870 simplex iterations) in 593.07 seconds
Thread count was 8 (of 8 available processors)

Solution count 5: 36 35 34 ... 3

Optimal solution found (tolerance 1.00e-04)
Best objective 3.600000000000e+01, best bound 3.600000000000e+01, gap 0.0000%
