
Gurobi 9.1.2 (win64, Java) logging started Sun Dec 19 07:53:35 2021

Academic license - for non-commercial use only - expires 2022-09-02
Gurobi Optimizer version 9.1.2 build v9.1.2rc0 (win64)
Thread count: 4 physical cores, 8 logical processors, using up to 8 threads
Optimize a model with 1478050 rows, 1890 columns and 4435830 nonzeros
Model fingerprint: 0xf5cc5817
Variable types: 0 continuous, 1890 integer (1890 binary)
Coefficient statistics:
  Matrix range     [1e+00, 1e+00]
  Objective range  [1e+00, 1e+00]
  Bounds range     [1e+00, 1e+00]
  RHS range        [1e+00, 1e+00]
Found heuristic solution: objective 3.0000000
Presolve removed 0 rows and 0 columns (presolve time = 6s) ...
Presolve time: 8.11s
Presolved: 1478050 rows, 1890 columns, 4435830 nonzeros
Variable types: 0 continuous, 1890 integer (1890 binary)

Root simplex log...

Iteration    Objective       Primal Inf.    Dual Inf.      Time
       0    7.0000000e+01   0.000000e+00   1.788000e+03     14s
    4559    4.1000000e+01   0.000000e+00   0.000000e+00     15s
    4559    4.1000000e+01   0.000000e+00   0.000000e+00     16s

Root relaxation: objective 4.100000e+01, 4559 iterations, 5.66 seconds
Total elapsed time = 21.70s

    Nodes    |    Current Node    |     Objective Bounds      |     Work
 Expl Unexpl |  Obj  Depth IntInf | Incumbent    BestBd   Gap | It/Node Time

     0     0   41.00000    0  119    3.00000   41.00000  1267%     -   26s
H    0     0                      30.0000000   41.00000  36.7%     -   27s
H    0     0                      31.0000000   41.00000  32.3%     -   28s
     0     0   38.56250    0  137   31.00000   38.56250  24.4%     -   48s
H    0     0                      33.0000000   38.56250  16.9%     -   52s
     0     0   38.56250    0  142   33.00000   38.56250  16.9%     -   53s
     0     0   37.12065    0  164   33.00000   37.12065  12.5%     -   64s
     0     0   36.92009    0  162   33.00000   36.92009  11.9%     -   69s
     0     0   36.92009    0  167   33.00000   36.92009  11.9%     -   72s
     0     0   36.16271    0  176   33.00000   36.16271  9.58%     -   83s
     0     0   35.92324    0  171   33.00000   35.92324  8.86%     -   89s
     0     0   35.89728    0  173   33.00000   35.89728  8.78%     -   92s
     0     0   35.88246    0  177   33.00000   35.88246  8.73%     -   95s
     0     0   35.88246    0  181   33.00000   35.88246  8.73%     -   97s
     0     0   35.49778    0  168   33.00000   35.49778  7.57%     -  107s
     0     0   35.48810    0  168   33.00000   35.48810  7.54%     -  112s
     0     0   35.47685    0  179   33.00000   35.47685  7.51%     -  115s
     0     0   35.47480    0  180   33.00000   35.47480  7.50%     -  118s
     0     0   35.47020    0  185   33.00000   35.47020  7.49%     -  121s
     0     0   35.46524    0  171   33.00000   35.46524  7.47%     -  123s
     0     0   35.46524    0  175   33.00000   35.46524  7.47%     -  125s
     0     0   35.31030    0  193   33.00000   35.31030  7.00%     -  134s
     0     0   35.27281    0  198   33.00000   35.27281  6.89%     -  139s
     0     0   35.25802    0  206   33.00000   35.25802  6.84%     -  142s
     0     0   35.24904    0  196   33.00000   35.24904  6.82%     -  146s
     0     0   35.23643    0  200   33.00000   35.23643  6.78%     -  149s
     0     0   35.22999    0  193   33.00000   35.22999  6.76%     -  152s
     0     0   35.22899    0  199   33.00000   35.22899  6.75%     -  154s
     0     0   35.22674    0  206   33.00000   35.22674  6.75%     -  157s
     0     0   35.22674    0  209   33.00000   35.22674  6.75%     -  159s
     0     0   35.05997    0  182   33.00000   35.05997  6.24%     -  169s
     0     0   35.05341    0  184   33.00000   35.05341  6.22%     -  175s
     0     0   35.05043    0  197   33.00000   35.05043  6.21%     -  204s
     0     0   35.04526    0  200   33.00000   35.04526  6.20%     -  207s
     0     0   35.04522    0  201   33.00000   35.04522  6.20%     -  211s
     0     0   34.98094    0  199   33.00000   34.98094  6.00%     -  221s
     0     0   34.97013    0  191   33.00000   34.97013  5.97%     -  226s
     0     0   34.95230    0  196   33.00000   34.95230  5.92%     -  230s
     0     0   34.95230    0  198   33.00000   34.95230  5.92%     -  233s
     0     0   34.79966    0  173   33.00000   34.79966  5.45%     -  241s
     0     0   34.79966    0  177   33.00000   34.79966  5.45%     -  246s
     0     0   34.63509    0  168   33.00000   34.63509  4.95%     -  255s
     0     0   34.63456    0  174   33.00000   34.63456  4.95%     -  259s
     0     0   34.50839    0  161   33.00000   34.50839  4.57%     -  268s
     0     0   34.50000    0  167   33.00000   34.50000  4.55%     -  273s
     0     0   34.50000    0  146   33.00000   34.50000  4.55%     -  275s
     0     0   34.00000    0   24   33.00000   34.00000  3.03%     -  285s
H    0     0                      34.0000000   34.00000  0.00%     -  287s
     0     0   34.00000    0   24   34.00000   34.00000  0.00%     -  287s

Cutting planes:
  Gomory: 8
  Cover: 1
  Clique: 75
  MIR: 56
  Zero half: 52
  RLT: 33
  BQP: 44

Explored 1 nodes (10602 simplex iterations) in 287.56 seconds
Thread count was 8 (of 8 available processors)

Solution count 5: 34 33 31 ... 3

Optimal solution found (tolerance 1.00e-04)
Best objective 3.400000000000e+01, best bound 3.400000000000e+01, gap 0.0000%
