
Gurobi 9.1.2 (win64, Java) logging started Sun Dec 19 07:12:49 2021

Academic license - for non-commercial use only - expires 2022-09-02
Gurobi Optimizer version 9.1.2 build v9.1.2rc0 (win64)
Thread count: 4 physical cores, 8 logical processors, using up to 8 threads
Optimize a model with 1048385 rows, 1560 columns and 3146520 nonzeros
Model fingerprint: 0x956e73b4
Variable types: 0 continuous, 1560 integer (1560 binary)
Coefficient statistics:
  Matrix range     [1e+00, 1e+00]
  Objective range  [1e+00, 1e+00]
  Bounds range     [1e+00, 1e+00]
  RHS range        [1e+00, 1e+00]
Found heuristic solution: objective 3.0000000
Presolve removed 0 rows and 0 columns (presolve time = 6s) ...
Presolve time: 6.10s
Presolved: 1048385 rows, 1560 columns, 3146520 nonzeros
Variable types: 0 continuous, 1560 integer (1560 binary)

Root simplex log...

Iteration    Objective       Primal Inf.    Dual Inf.      Time
       0    6.5000000e+01   0.000000e+00   1.615000e+03     11s
    5915    3.7500000e+01   0.000000e+00   0.000000e+00     12s
    5915    3.7500000e+01   0.000000e+00   0.000000e+00     12s

Root relaxation: objective 3.750000e+01, 5915 iterations, 4.83 seconds
Total elapsed time = 17.43s

    Nodes    |    Current Node    |     Objective Bounds      |     Work
 Expl Unexpl |  Obj  Depth IntInf | Incumbent    BestBd   Gap | It/Node Time

     0     0   37.50000    0  110    3.00000   37.50000  1150%     -   20s
H    0     0                      28.0000000   37.50000  33.9%     -   20s
H    0     0                      29.0000000   37.50000  29.3%     -   21s
     0     0   35.73611    0  145   29.00000   35.73611  23.2%     -   38s
H    0     0                      31.0000000   35.73611  15.3%     -   40s
     0     0   35.73611    0  145   31.00000   35.73611  15.3%     -   41s
     0     0   33.94792    0  167   31.00000   33.94792  9.51%     -   49s
     0     0   33.94115    0  170   31.00000   33.94115  9.49%     -   53s
     0     0   33.94115    0  161   31.00000   33.94115  9.49%     -   54s
     0     0   33.19340    0  153   31.00000   33.19340  7.08%     -   61s
     0     0   33.09201    0  162   31.00000   33.09201  6.75%     -   64s
     0     0   33.08333    0  173   31.00000   33.08333  6.72%     -   66s
     0     0   33.08056    0  175   31.00000   33.08056  6.71%     -   68s
     0     0   33.08056    0  178   31.00000   33.08056  6.71%     -   70s
     0     0   32.82231    0  173   31.00000   32.82231  5.88%     -   78s
     0     0   32.45796    0  163   31.00000   32.45796  4.70%     -   83s
     0     0   32.41332    0  164   31.00000   32.41332  4.56%     -   85s
     0     0   32.40907    0  173   31.00000   32.40907  4.55%     -   87s
     0     0   32.40907    0  175   31.00000   32.40907  4.55%     -   89s
     0     0   32.31250    0  145   31.00000   32.31250  4.23%     -   96s
H    0     0                      32.0000000   32.31250  0.98%     -   97s
     0     0   32.31250    0  145   32.00000   32.31250  0.98%     -   97s

Cutting planes:
  Gomory: 10
  Clique: 179
  MIR: 37
  Zero half: 39
  RLT: 26
  BQP: 27

Explored 1 nodes (8739 simplex iterations) in 98.01 seconds
Thread count was 8 (of 8 available processors)

Solution count 5: 32 31 29 ... 3

Optimal solution found (tolerance 1.00e-04)
Best objective 3.200000000000e+01, best bound 3.200000000000e+01, gap 0.0000%
