
Gurobi 9.1.2 (win64, Java) logging started Sun Dec 19 07:32:29 2021

Academic license - for non-commercial use only - expires 2022-09-02
Gurobi Optimizer version 9.1.2 build v9.1.2rc0 (win64)
Thread count: 4 physical cores, 8 logical processors, using up to 8 threads
Optimize a model with 821170 rows, 1050 columns and 2464350 nonzeros
Model fingerprint: 0xb7535a63
Variable types: 0 continuous, 1050 integer (1050 binary)
Coefficient statistics:
  Matrix range     [1e+00, 1e+00]
  Objective range  [1e+00, 1e+00]
  Bounds range     [1e+00, 1e+00]
  RHS range        [1e+00, 1e+00]
Found heuristic solution: objective 6.0000000
Presolve time: 3.98s
Presolved: 821170 rows, 1050 columns, 2464350 nonzeros
Variable types: 0 continuous, 1050 integer (1050 binary)

Root simplex log...

Iteration    Objective       Primal Inf.    Dual Inf.      Time
       0    7.0000000e+01   0.000000e+00   3.860000e+03      8s
   18304    3.8162606e+01   0.000000e+00   2.484505e+05     10s
   23490    3.7250000e+01   0.000000e+00   0.000000e+00     11s
   23490    3.7250000e+01   0.000000e+00   0.000000e+00     11s

Root relaxation: objective 3.725000e+01, 23490 iterations, 6.37 seconds
Total elapsed time = 16.16s

    Nodes    |    Current Node    |     Objective Bounds      |     Work
 Expl Unexpl |  Obj  Depth IntInf | Incumbent    BestBd   Gap | It/Node Time

     0     0   37.25000    0  136    6.00000   37.25000   521%     -   17s
H    0     0                      18.0000000   37.25000   107%     -   18s
     0     0   35.97569    0  240   18.00000   35.97569   100%     -   49s
H    0     0                      20.0000000   35.97569  79.9%     -   52s
     0     0   35.92891    0  226   20.00000   35.92891  79.6%     -   54s
     0     0   35.92891    0  226   20.00000   35.92891  79.6%     -   56s
     0     0   33.96326    0  247   20.00000   33.96326  69.8%     -   83s
H    0     0                      22.0000000   33.96326  54.4%     -   85s
     0     0   33.54634    0  243   22.00000   33.54634  52.5%     -   91s
     0     0   33.44234    0  245   22.00000   33.44234  52.0%     -   97s
     0     0   33.40032    0  249   22.00000   33.40032  51.8%     -   99s
     0     0   33.38680    0  247   22.00000   33.38680  51.8%     -  102s
     0     0   33.38572    0  244   22.00000   33.38572  51.8%     -  103s
     0     0   33.38519    0  248   22.00000   33.38519  51.8%     -  105s
     0     0   33.38516    0  248   22.00000   33.38516  51.8%     -  106s
     0     0   32.03908    0  267   22.00000   32.03908  45.6%     -  129s
H    0     0                      24.0000000   32.03908  33.5%     -  130s
H    0     0                      25.0000000   32.03908  28.2%     -  130s
     0     0   31.76626    0  289   25.00000   31.76626  27.1%     -  138s
     0     0   31.65890    0  299   25.00000   31.65890  26.6%     -  143s
     0     0   31.63926    0  299   25.00000   31.63926  26.6%     -  146s
     0     0   31.63614    0  302   25.00000   31.63614  26.5%     -  148s
     0     0   31.63229    0  306   25.00000   31.63229  26.5%     -  150s
     0     0   31.63023    0  306   25.00000   31.63023  26.5%     -  151s
     0     0   31.62993    0  304   25.00000   31.62993  26.5%     -  153s
     0     0   30.93469    0  279   25.00000   30.93469  23.7%     -  173s
     0     0   30.73401    0  298   25.00000   30.73401  22.9%     -  182s
     0     0   30.67785    0  317   25.00000   30.67785  22.7%     -  186s
     0     0   30.65837    0  320   25.00000   30.65837  22.6%     -  189s
     0     0   30.65488    0  323   25.00000   30.65488  22.6%     -  191s
     0     0   30.64933    0  326   25.00000   30.64933  22.6%     -  194s
     0     0   30.64631    0  335   25.00000   30.64631  22.6%     -  196s
     0     0   30.64581    0  332   25.00000   30.64581  22.6%     -  197s
     0     0   30.30854    0  305   25.00000   30.30854  21.2%     -  215s
     0     0   30.20528    0  327   25.00000   30.20528  20.8%     -  222s
     0     0   30.16846    0  325   25.00000   30.16846  20.7%     -  227s
     0     0   30.16173    0  324   25.00000   30.16173  20.6%     -  229s
     0     0   30.15718    0  332   25.00000   30.15718  20.6%     -  232s
     0     0   30.15630    0  341   25.00000   30.15630  20.6%     -  233s
     0     0   30.15592    0  336   25.00000   30.15592  20.6%     -  235s
     0     0   30.06069    0  315   25.00000   30.06069  20.2%     -  246s
     0     0   30.01329    0  328   25.00000   30.01329  20.1%     -  252s
     0     0   30.00206    0  315   25.00000   30.00206  20.0%     -  254s
     0     0   29.99837    0  329   25.00000   29.99837  20.0%     -  256s
     0     0   29.99689    0  349   25.00000   29.99689  20.0%     -  258s
     0     0   29.99631    0  344   25.00000   29.99631  20.0%     -  259s
     0     0   29.91124    0  289   25.00000   29.91124  19.6%     -  272s
H    0     0                      26.0000000   29.91124  15.0%     -  273s
H    0     0                      28.0000000   29.91124  6.83%     -  273s
     0     0   29.87792    0  310   28.00000   29.87792  6.71%     -  276s
     0     0   29.86132    0  338   28.00000   29.86132  6.65%     -  280s
     0     0   29.85303    0  333   28.00000   29.85303  6.62%     -  282s
     0     0   29.84787    0  339   28.00000   29.84787  6.60%     -  284s
     0     0   29.84597    0  342   28.00000   29.84597  6.59%     -  286s
     0     0   29.84546    0  346   28.00000   29.84546  6.59%     -  288s
     0     0   29.79983    0  316   28.00000   29.79983  6.43%     -  299s
     0     0   29.77766    0  317   28.00000   29.77766  6.35%     -  304s
     0     0   29.77125    0  326   28.00000   29.77125  6.33%     -  306s
     0     0   29.76467    0  325   28.00000   29.76467  6.30%     -  309s
     0     0   29.76234    0  352   28.00000   29.76234  6.29%     -  312s
     0     0   29.76130    0  331   28.00000   29.76130  6.29%     -  313s
     0     0   29.75904    0  325   28.00000   29.75904  6.28%     -  315s
     0     0   29.75863    0  341   28.00000   29.75863  6.28%     -  317s
     0     0   29.71303    0  324   28.00000   29.71303  6.12%     -  329s
     0     0   29.68848    0  305   28.00000   29.68848  6.03%     -  334s
     0     0   29.68064    0  305   28.00000   29.68064  6.00%     -  337s
     0     0   29.67657    0  320   28.00000   29.67657  5.99%     -  339s
     0     0   29.67044    0  314   28.00000   29.67044  5.97%     -  341s
     0     0   29.66932    0  339   28.00000   29.66932  5.96%     -  343s
     0     0   29.66885    0  355   28.00000   29.66885  5.96%     -  345s
     0     0   29.63782    0  304   28.00000   29.63782  5.85%     -  356s
     0     0   29.62954    0  299   28.00000   29.62954  5.82%     -  360s
     0     0   29.62556    0  298   28.00000   29.62556  5.81%     -  362s
     0     0   29.62469    0  307   28.00000   29.62469  5.80%     -  364s
     0     0   29.62457    0  320   28.00000   29.62457  5.80%     -  365s
     0     0   29.60327    0  305   28.00000   29.60327  5.73%     -  375s
     0     0   29.59568    0  340   28.00000   29.59568  5.70%     -  378s
     0     0   29.59186    0  339   28.00000   29.59186  5.69%     -  381s
     0     0   29.58942    0  335   28.00000   29.58942  5.68%     -  383s
     0     0   29.58854    0  304   28.00000   29.58854  5.67%     -  384s
     0     0   29.58697    0  345   28.00000   29.58697  5.67%     -  386s
     0     0   29.58636    0  345   28.00000   29.58636  5.67%     -  388s
     0     0   29.56947    0  313   28.00000   29.56947  5.61%     -  399s
     0     0   29.56118    0  302   28.00000   29.56118  5.58%     -  403s
     0     0   29.55785    0  350   28.00000   29.55785  5.56%     -  405s
     0     0   29.55604    0  338   28.00000   29.55604  5.56%     -  407s
     0     0   29.55527    0  320   28.00000   29.55527  5.55%     -  409s
     0     0   29.53832    0  308   28.00000   29.53832  5.49%     -  418s
     0     0   29.52796    0  338   28.00000   29.52796  5.46%     -  422s
     0     0   29.51750    0  353   28.00000   29.51750  5.42%     -  425s
     0     0   29.51381    0  338   28.00000   29.51381  5.41%     -  427s
     0     0   29.51280    0  351   28.00000   29.51280  5.40%     -  429s
     0     0   29.51217    0  324   28.00000   29.51217  5.40%     -  431s
     0     0   29.49873    0  328   28.00000   29.49873  5.35%     -  439s
     0     0   29.47472    0  331   28.00000   29.47472  5.27%     -  444s
     0     0   29.46701    0  346   28.00000   29.46701  5.24%     -  448s
     0     0   29.46405    0  318   28.00000   29.46405  5.23%     -  450s
     0     0   29.46279    0  323   28.00000   29.46279  5.22%     -  452s
     0     0   29.46203    0  337   28.00000   29.46203  5.22%     -  454s
     0     0   29.45119    0  290   28.00000   29.45119  5.18%     -  461s
     0     0   29.44657    0  308   28.00000   29.44657  5.17%     -  465s
     0     0   29.44407    0  330   28.00000   29.44407  5.16%     -  467s
     0     0   29.44243    0  325   28.00000   29.44243  5.15%     -  468s
     0     0   29.44237    0  326   28.00000   29.44237  5.15%     -  469s
     0     0   29.42441    0  324   28.00000   29.42441  5.09%     -  477s
     0     0   29.41854    0  305   28.00000   29.41854  5.07%     -  481s
     0     0   29.41516    0  301   28.00000   29.41516  5.05%     -  482s
     0     0   29.41302    0  316   28.00000   29.41302  5.05%     -  484s
     0     0   29.41060    0  318   28.00000   29.41060  5.04%     -  486s
     0     0   29.40946    0  319   28.00000   29.40946  5.03%     -  487s
     0     0   29.40935    0  315   28.00000   29.40935  5.03%     -  488s
     0     0   29.40480    0  342   28.00000   29.40480  5.02%     -  497s
     0     0   29.40221    0  282   28.00000   29.40221  5.01%     -  500s
     0     0   29.40205    0  293   28.00000   29.40205  5.01%     -  501s
     0     0   29.39686    0  308   28.00000   29.39686  4.99%     -  508s
     0     0   29.39492    0  306   28.00000   29.39492  4.98%     -  511s
     0     0   29.38930    0  315   28.00000   29.38930  4.96%     -  513s
     0     0   29.38715    0  324   28.00000   29.38715  4.95%     -  514s
     0     0   29.38654    0  317   28.00000   29.38654  4.95%     -  516s
     0     0   29.38577    0  327   28.00000   29.38577  4.95%     -  522s
     0     0   29.38541    0  353   28.00000   29.38541  4.95%     -  525s
     0     0   29.38216    0  317   28.00000   29.38216  4.94%     -  532s
     0     0   29.38054    0  326   28.00000   29.38054  4.93%     -  534s
     0     0   29.37897    0  323   28.00000   29.37897  4.92%     -  536s
     0     0   29.37889    0  315   28.00000   29.37889  4.92%     -  538s
     0     0   29.37495    0  299   28.00000   29.37495  4.91%     -  544s
     0     0   29.37495    0  278   28.00000   29.37495  4.91%     -  551s
     0     2   29.37495    0  274   28.00000   29.37495  4.91%     -  579s
     1     4   29.31933    1  273   28.00000   29.37421  4.91%   345  586s
     3     8   29.16790    2  276   28.00000   29.34334  4.80%   316  622s
     7     9   29.08382    3  274   28.00000   29.25535  4.48%   491  638s
    11     9     cutoff    4        28.00000   29.25530  4.48%   379  648s
    15     6   29.01676    3  275   28.00000   29.25530  4.48%   414  657s
    19     4     cutoff    4        28.00000   29.25530  4.48%   336  661s
    23     4     cutoff    5        28.00000   29.12006  4.00%   314  670s
    27     2     cutoff    4        28.00000   29.10133  3.93%   294  677s

Cutting planes:
  Gomory: 4
  Clique: 2
  MIR: 288
  Zero half: 113
  RLT: 87
  BQP: 132

Explored 33 nodes (54823 simplex iterations) in 678.24 seconds
Thread count was 8 (of 8 available processors)

Solution count 8: 28 26 25 ... 6

Optimal solution found (tolerance 1.00e-04)
Best objective 2.800000000000e+01, best bound 2.800000000000e+01, gap 0.0000%
