
Gurobi 9.1.2 (win64, Java) logging started Sun Dec 19 12:32:20 2021

Academic license - for non-commercial use only - expires 2022-09-02
Gurobi Optimizer version 9.1.2 build v9.1.2rc0 (win64)
Thread count: 4 physical cores, 8 logical processors, using up to 8 threads
Optimize a model with 1481635 rows, 1275 columns and 4445925 nonzeros
Model fingerprint: 0x818fadac
Variable types: 0 continuous, 1275 integer (1275 binary)
Coefficient statistics:
  Matrix range     [1e+00, 1e+00]
  Objective range  [1e+00, 1e+00]
  Bounds range     [1e+00, 1e+00]
  RHS range        [1e+00, 1e+00]
Found heuristic solution: objective 4.0000000
Presolve removed 0 rows and 0 columns (presolve time = 6s) ...
Presolve time: 7.62s
Presolved: 1481635 rows, 1275 columns, 4445925 nonzeros
Variable types: 0 continuous, 1275 integer (1275 binary)

Root simplex log...

Iteration    Objective       Primal Inf.    Dual Inf.      Time
       0    8.5000000e+01   0.000000e+00   5.118000e+03     14s
   10026    4.7987752e+01   0.000000e+00   2.360169e+06     15s
   50177    4.6744499e+01   0.000000e+00   1.711475e+05     22s
   69775    4.5867582e+01   0.000000e+00   1.033763e+04     25s
   75972    4.5750000e+01   0.000000e+00   0.000000e+00     27s
   75972    4.5750000e+01   0.000000e+00   0.000000e+00     27s

Root relaxation: objective 4.575000e+01, 75972 iterations, 17.58 seconds
Total elapsed time = 51.52s
Total elapsed time = 55.02s

    Nodes    |    Current Node    |     Objective Bounds      |     Work
 Expl Unexpl |  Obj  Depth IntInf | Incumbent    BestBd   Gap | It/Node Time

     0     0   45.75000    0  171    4.00000   45.75000  1044%     -   58s
H    0     0                      24.0000000   45.75000  90.6%     -   58s
H    0     0                      25.0000000   45.75000  83.0%     -   59s
     0     0   43.17494    0  297   25.00000   43.17494  72.7%     -  135s
H    0     0                      26.0000000   43.17494  66.1%     -  138s
     0     0   43.14109    0  296   26.00000   43.14109  65.9%     -  144s
     0     0   43.14109    0  297   26.00000   43.14109  65.9%     -  146s
     0     0   40.04702    0  324   26.00000   40.04702  54.0%     -  218s
H    0     0                      27.0000000   40.04702  48.3%     -  223s
     0     0   39.59382    0  330   27.00000   39.59382  46.6%     -  244s
     0     0   39.54556    0  324   27.00000   39.54556  46.5%     -  251s
     0     0   39.52110    0  334   27.00000   39.52110  46.4%     -  256s
     0     0   39.51311    0  332   27.00000   39.51311  46.3%     -  260s
     0     0   39.50500    0  340   27.00000   39.50500  46.3%     -  264s
     0     0   39.50452    0  341   27.00000   39.50452  46.3%     -  267s
     0     0   37.44001    0  354   27.00000   37.44001  38.7%     -  341s
H    0     0                      29.0000000   37.44001  29.1%     -  344s
     0     0   37.18435    0  364   29.00000   37.18435  28.2%     -  364s
     0     0   37.09104    0  366   29.00000   37.09104  27.9%     -  376s
     0     0   37.06048    0  362   29.00000   37.06048  27.8%     -  383s
     0     0   37.05077    0  351   29.00000   37.05077  27.8%     -  389s
     0     0   37.04453    0  350   29.00000   37.04453  27.7%     -  393s
     0     0   37.04297    0  355   29.00000   37.04297  27.7%     -  396s
     0     0   37.04208    0  360   29.00000   37.04208  27.7%     -  399s
     0     0   37.04162    0  363   29.00000   37.04162  27.7%     -  402s
     0     0   36.38444    0  381   29.00000   36.38444  25.5%     -  459s
     0     0   36.22176    0  373   29.00000   36.22176  24.9%     -  480s
     0     0   36.20476    0  379   29.00000   36.20476  24.8%     -  488s
     0     0   36.19821    0  372   29.00000   36.19821  24.8%     -  492s
     0     0   36.19104    0  375   29.00000   36.19104  24.8%     -  496s
     0     0   36.18552    0  377   29.00000   36.18552  24.8%     -  500s
     0     0   36.18334    0  383   29.00000   36.18334  24.8%     -  504s
     0     0   36.18211    0  385   29.00000   36.18211  24.8%     -  507s
     0     0   36.18154    0  388   29.00000   36.18154  24.8%     -  509s
     0     0   35.95359    0  367   29.00000   35.95359  24.0%     -  542s
H    0     0                      30.0000000   35.95359  19.8%     -  545s
     0     0   35.85989    0  389   30.00000   35.85989  19.5%     -  558s
     0     0   35.84087    0  391   30.00000   35.84087  19.5%     -  565s
     0     0   35.83239    0  409   30.00000   35.83239  19.4%     -  570s
     0     0   35.82942    0  406   30.00000   35.82942  19.4%     -  574s
     0     0   35.82852    0  398   30.00000   35.82852  19.4%     -  578s
     0     0   35.70274    0  387   30.00000   35.70274  19.0%     -  605s
     0     0   35.69158    0  397   30.00000   35.69158  19.0%     -  614s
     0     0   35.68880    0  407   30.00000   35.68880  19.0%     -  618s
     0     0   35.68802    0  410   30.00000   35.68802  19.0%     -  622s
     0     0   35.61412    0  389   30.00000   35.61412  18.7%     -  647s
H    0     0                      31.0000000   35.61412  14.9%     -  650s
     0     0   35.58620    0  393   31.00000   35.58620  14.8%     -  659s
     0     0   35.57887    0  407   31.00000   35.57887  14.8%     -  666s
     0     0   35.57606    0  401   31.00000   35.57606  14.8%     -  670s
     0     0   35.57513    0  408   31.00000   35.57513  14.8%     -  674s
     0     0   35.53939    0  366   31.00000   35.53939  14.6%     -  698s
     0     0   35.53231    0  380   31.00000   35.53231  14.6%     -  707s
     0     0   35.52789    0  388   31.00000   35.52789  14.6%     -  713s
     0     0   35.52726    0  376   31.00000   35.52726  14.6%     -  716s
     0     0   35.50101    0  362   31.00000   35.50101  14.5%     -  737s
     0     0   35.49696    0  386   31.00000   35.49696  14.5%     -  745s
     0     0   35.49303    0  369   31.00000   35.49303  14.5%     -  751s
     0     0   35.49180    0  386   31.00000   35.49180  14.5%     -  754s
     0     0   35.49140    0  389   31.00000   35.49140  14.5%     -  758s
     0     0   35.45951    0  383   31.00000   35.45951  14.4%     -  780s
     0     0   35.45042    0  398   31.00000   35.45042  14.4%     -  790s
     0     0   35.44685    0  405   31.00000   35.44685  14.3%     -  795s
     0     0   35.44444    0  416   31.00000   35.44444  14.3%     -  799s
     0     0   35.44407    0  403   31.00000   35.44407  14.3%     -  802s
     0     0   35.40761    0  404   31.00000   35.40761  14.2%     -  828s
     0     0   35.40142    0  393   31.00000   35.40142  14.2%     -  836s
     0     0   35.40014    0  384   31.00000   35.40014  14.2%     -  840s
     0     0   35.39998    0  388   31.00000   35.39998  14.2%     -  844s
     0     0   35.37586    0  385   31.00000   35.37586  14.1%     -  867s
     0     0   35.36709    0  366   31.00000   35.36709  14.1%     -  878s
     0     0   35.36347    0  400   31.00000   35.36347  14.1%     -  882s
     0     0   35.36123    0  417   31.00000   35.36123  14.1%     -  888s
     0     0   35.36051    0  423   31.00000   35.36051  14.1%     -  892s
     0     0   35.32152    0  379   31.00000   35.32152  13.9%     -  917s
     0     0   35.31477    0  399   31.00000   35.31477  13.9%     -  925s
     0     0   35.31076    0  414   31.00000   35.31076  13.9%     -  934s
     0     0   35.31055    0  413   31.00000   35.31055  13.9%     -  937s
     0     0   35.29687    0  378   31.00000   35.29687  13.9%     -  958s
     0     0   35.29031    0  399   31.00000   35.29031  13.8%     -  966s
     0     0   35.28977    0  393   31.00000   35.28977  13.8%     -  970s
     0     0   35.27863    0  367   31.00000   35.27863  13.8%     -  991s
     0     0   35.27624    0  351   31.00000   35.27624  13.8%     -  998s
     0     0   35.27558    0  381   31.00000   35.27558  13.8%     - 1001s
     0     0   35.26530    0  348   31.00000   35.26530  13.8%     - 1020s
     0     0   35.26316    0  346   31.00000   35.26316  13.8%     - 1028s
     0     0   35.26241    0  368   31.00000   35.26241  13.7%     - 1032s
     0     0   35.25558    0  344   31.00000   35.25558  13.7%     - 1052s
     0     0   35.25428    0  363   31.00000   35.25428  13.7%     - 1059s
     0     0   35.25357    0  364   31.00000   35.25357  13.7%     - 1062s
     0     0   35.24484    0  342   31.00000   35.24484  13.7%     - 1082s
     0     0   35.24266    0  344   31.00000   35.24266  13.7%     - 1089s
     0     0   35.24260    0  350   31.00000   35.24260  13.7%     - 1092s
     0     0   35.23891    0  364   31.00000   35.23891  13.7%     - 1110s
     0     0   35.23578    0  367   31.00000   35.23578  13.7%     - 1118s
     0     0   35.23480    0  364   31.00000   35.23480  13.7%     - 1124s
     0     0   35.23270    0  345   31.00000   35.23270  13.7%     - 1141s
     0     0   35.23270    0  333   31.00000   35.23270  13.7%     - 1155s
H    0     0                      32.0000000   35.23270  10.1%     - 1245s
     0     2   35.23270    0  330   32.00000   35.23270  10.1%     - 1312s
     1     4   34.94295    1  361   32.00000   35.23264  10.1%   537 1355s
     3     8   34.76401    2  362   32.00000   35.06778  9.59%   457 1457s
     7    12   33.89666    3  274   32.00000   34.83487  8.86%   563 1541s
    11    16   33.72797    4  277   32.00000   34.83378  8.86%   489 1596s
    15    20   33.78935    4  280   32.00000   34.83378  8.86%   597 1630s
    19    24   33.67850    5  266   32.00000   34.83378  8.86%   609 1698s
    23    26   33.27028    6  277   32.00000   34.83378  8.86%   600 1732s
    29    29   33.08335    7  288   32.00000   34.83378  8.86%   581 1772s
    34    27     cutoff    7        32.00000   34.83378  8.86%   566 1800s

Cutting planes:
  Gomory: 1
  Cover: 2
  MIR: 214
  StrongCG: 1
  Zero half: 87
  RLT: 93
  BQP: 175

Explored 38 nodes (121254 simplex iterations) in 1801.11 seconds
Thread count was 8 (of 8 available processors)

Solution count 9: 32 31 30 ... 4

Time limit reached
Best objective 3.200000000000e+01, best bound 3.400000000000e+01, gap 6.2500%
