
Gurobi 9.1.2 (win64, Java) logging started Sun Dec 19 10:39:19 2021

Academic license - for non-commercial use only - expires 2022-09-02
Gurobi Optimizer version 9.1.2 build v9.1.2rc0 (win64)
Thread count: 4 physical cores, 8 logical processors, using up to 8 threads
Optimize a model with 1643280 rows, 1600 columns and 4931200 nonzeros
Model fingerprint: 0x683f742a
Variable types: 0 continuous, 1600 integer (1600 binary)
Coefficient statistics:
  Matrix range     [1e+00, 1e+00]
  Objective range  [1e+00, 1e+00]
  Bounds range     [1e+00, 1e+00]
  RHS range        [1e+00, 1e+00]
Found heuristic solution: objective 8.0000000
Presolve removed 0 rows and 0 columns (presolve time = 7s) ...
Presolve time: 9.30s
Presolved: 1643280 rows, 1600 columns, 4931200 nonzeros
Variable types: 0 continuous, 1600 integer (1600 binary)

Root simplex log...

Iteration    Objective       Primal Inf.    Dual Inf.      Time
       0    8.0000000e+01   0.000000e+00   3.538000e+03     17s
   19416    4.3796794e+01   0.000000e+00   1.659836e+05     20s
   32866    4.3000000e+01   0.000000e+00   0.000000e+00     24s
   32866    4.3000000e+01   0.000000e+00   0.000000e+00     25s

Root relaxation: objective 4.300000e+01, 32866 iterations, 12.86 seconds
Total elapsed time = 55.08s

    Nodes    |    Current Node    |     Objective Bounds      |     Work
 Expl Unexpl |  Obj  Depth IntInf | Incumbent    BestBd   Gap | It/Node Time

     0     0   43.00000    0  152    8.00000   43.00000   438%     -   61s
H    0     0                      25.0000000   43.00000  72.0%     -   62s
     0     0   40.33333    0  215   25.00000   40.33333  61.3%     -  107s
H    0     0                      27.0000000   40.33333  49.4%     -  110s
H    0     0                      28.0000000   40.33333  44.0%     -  112s
     0     0   40.33333    0  199   28.00000   40.33333  44.0%     -  115s
     0     0   38.58333    0  249   28.00000   38.58333  37.8%     -  145s
     0     0   38.58333    0  242   28.00000   38.58333  37.8%     -  161s
     0     0   37.53715    0  285   28.00000   37.53715  34.1%     -  230s
     0     0   37.45125    0  285   28.00000   37.45125  33.8%     -  243s
     0     0   37.41222    0  293   28.00000   37.41222  33.6%     -  251s
     0     0   37.40413    0  295   28.00000   37.40413  33.6%     -  255s
     0     0   37.40174    0  298   28.00000   37.40174  33.6%     -  259s
     0     0   37.40039    0  300   28.00000   37.40039  33.6%     -  263s
     0     0   37.39959    0  307   28.00000   37.39959  33.6%     -  266s
     0     0   37.39910    0  303   28.00000   37.39910  33.6%     -  269s
     0     0   36.38628    0  313   28.00000   36.38628  30.0%     -  308s
     0     0   36.20956    0  334   28.00000   36.20956  29.3%     -  323s
     0     0   36.13998    0  330   28.00000   36.13998  29.1%     -  331s
     0     0   36.13274    0  328   28.00000   36.13274  29.0%     -  336s
     0     0   36.13066    0  333   28.00000   36.13066  29.0%     -  339s
     0     0   36.12972    0  334   28.00000   36.12972  29.0%     -  343s
     0     0   36.12961    0  337   28.00000   36.12961  29.0%     -  345s
     0     0   35.91431    0  326   28.00000   35.91431  28.3%     -  369s
H    0     0                      30.0000000   35.91431  19.7%     -  372s
H    0     0                      31.0000000   35.91431  15.9%     -  373s
     0     0   35.85748    0  326   31.00000   35.85748  15.7%     -  380s
     0     0   35.83897    0  327   31.00000   35.83897  15.6%     -  386s
     0     0   35.83016    0  346   31.00000   35.83016  15.6%     -  390s
     0     0   35.82882    0  351   31.00000   35.82882  15.6%     -  394s
     0     0   35.82868    0  350   31.00000   35.82868  15.6%     -  397s
     0     0   35.62630    0  329   31.00000   35.62630  14.9%     -  421s
     0     0   35.57376    0  341   31.00000   35.57376  14.8%     -  432s
     0     0   35.55778    0  331   31.00000   35.55778  14.7%     -  437s
     0     0   35.55549    0  341   31.00000   35.55549  14.7%     -  441s
     0     0   35.55511    0  341   31.00000   35.55511  14.7%     -  444s
     0     0   35.32947    0  322   31.00000   35.32947  14.0%     -  467s
H    0     0                      32.0000000   35.32947  10.4%     -  470s
     0     0   35.29652    0  319   32.00000   35.29652  10.3%     -  476s
     0     0   35.28479    0  336   32.00000   35.28479  10.3%     -  481s
     0     0   35.26691    0  341   32.00000   35.26691  10.2%     -  487s
     0     0   35.26430    0  349   32.00000   35.26430  10.2%     -  490s
     0     0   35.26385    0  331   32.00000   35.26385  10.2%     -  493s
     0     0   35.19298    0  336   32.00000   35.19298  10.0%     -  510s
     0     0   35.17399    0  328   32.00000   35.17399  9.92%     -  518s
     0     0   35.17218    0  331   32.00000   35.17218  9.91%     -  521s
     0     0   35.17165    0  330   32.00000   35.17165  9.91%     -  524s
     0     0   35.13257    0  313   32.00000   35.13257  9.79%     -  542s
H    0     0                      33.0000000   35.13257  6.46%     -  546s
     0     0   35.11916    0  335   33.00000   35.11916  6.42%     -  551s
     0     0   35.11298    0  340   33.00000   35.11298  6.40%     -  555s
     0     0   35.10839    0  349   33.00000   35.10839  6.39%     -  558s
     0     0   35.10574    0  351   33.00000   35.10574  6.38%     -  562s
     0     0   35.10536    0  358   33.00000   35.10536  6.38%     -  566s
     0     0   35.07915    0  319   33.00000   35.07915  6.30%     -  582s
     0     0   35.07062    0  342   33.00000   35.07062  6.27%     -  590s
     0     0   35.06891    0  345   33.00000   35.06891  6.27%     -  593s
     0     0   35.06786    0  357   33.00000   35.06786  6.27%     -  597s
     0     0   35.06709    0  359   33.00000   35.06709  6.26%     -  600s
     0     0   35.03380    0  337   33.00000   35.03380  6.16%     -  618s
     0     0   35.02748    0  328   33.00000   35.02748  6.14%     -  625s
     0     0   35.02184    0  327   33.00000   35.02184  6.13%     -  630s
     0     0   35.02148    0  327   33.00000   35.02148  6.13%     -  633s
     0     0   35.00627    0  327   33.00000   35.00627  6.08%     -  648s
     0     0   34.99732    0  321   33.00000   34.99732  6.05%     -  656s
     0     0   34.99486    0  346   33.00000   34.99486  6.05%     -  661s
     0     0   34.99298    0  343   33.00000   34.99298  6.04%     -  665s
     0     0   34.99277    0  340   33.00000   34.99277  6.04%     -  668s
     0     0   34.95854    0  313   33.00000   34.95854  5.93%     -  684s
     0     0   34.94444    0  322   33.00000   34.94444  5.89%     -  693s
     0     0   34.93522    0  328   33.00000   34.93522  5.86%     -  698s
     0     0   34.93412    0  325   33.00000   34.93412  5.86%     -  701s
     0     0   34.93385    0  334   33.00000   34.93385  5.86%     -  704s
     0     0   34.91801    0  331   33.00000   34.91801  5.81%     -  719s
     0     0   34.91383    0  345   33.00000   34.91383  5.80%     -  726s
     0     0   34.91338    0  338   33.00000   34.91338  5.80%     -  730s
     0     0   34.90116    0  338   33.00000   34.90116  5.76%     -  743s
     0     0   34.89433    0  311   33.00000   34.89433  5.74%     -  751s
     0     0   34.89334    0  333   33.00000   34.89334  5.74%     -  754s
     0     0   34.89245    0  325   33.00000   34.89245  5.73%     -  758s
     0     0   34.89242    0  324   33.00000   34.89242  5.73%     -  761s
     0     0   34.88380    0  333   33.00000   34.88380  5.71%     -  774s
     0     0   34.87903    0  334   33.00000   34.87903  5.69%     -  783s
     0     0   34.87623    0  343   33.00000   34.87623  5.69%     -  786s
     0     0   34.87588    0  341   33.00000   34.87588  5.68%     -  789s
     0     0   34.85818    0  330   33.00000   34.85818  5.63%     -  803s
     0     0   34.85414    0  294   33.00000   34.85414  5.62%     -  810s
     0     0   34.85195    0  314   33.00000   34.85195  5.61%     -  814s
     0     0   34.85174    0  323   33.00000   34.85174  5.61%     -  817s
     0     0   34.84827    0  309   33.00000   34.84827  5.60%     -  829s
     0     0   34.84645    0  300   33.00000   34.84645  5.60%     -  835s
     0     0   34.84626    0  285   33.00000   34.84626  5.59%     -  838s
     0     0   34.84322    0  310   33.00000   34.84322  5.59%     -  850s
     0     0   34.84039    0  336   33.00000   34.84039  5.58%     -  857s
     0     0   34.83978    0  306   33.00000   34.83978  5.58%     -  860s
     0     0   34.83805    0  305   33.00000   34.83805  5.57%     -  872s
     0     0   34.83805    0  290   33.00000   34.83805  5.57%     -  884s
     0     2   34.83805    0  287   33.00000   34.83805  5.57%     -  944s
     1     4   34.75834    1  291   33.00000   34.83711  5.57%   425  966s
     3     8   34.64430    2  288   33.00000   34.75812  5.33%   366 1009s
     7     9   34.34940    3  303   33.00000   34.68683  5.11%   538 1047s
    11    11   34.23751    4  277   33.00000   34.68601  5.11%   638 1073s
    15    15   34.19562    5  280   33.00000   34.63832  4.96%   532 1094s
    19    15   34.00484    5  279   33.00000   34.63832  4.96%   475 1115s
    23    12     cutoff    6        33.00000   34.63832  4.96%   419 1122s
    28    12   34.05595    6  280   33.00000   34.63832  4.96%   401 1143s
    34    10     cutoff    6        33.00000   34.63832  4.96%   369 1159s
    40    10     cutoff    7        33.00000   34.48307  4.49%   332 1188s
    46    11   34.25917    4  258   33.00000   34.44129  4.37%   320 1207s
    51    12   34.19711    5  306   33.00000   34.44129  4.37%   310 1231s
    57    10     cutoff    6        33.00000   34.44129  4.37%   297 1242s
    61     7     cutoff    6        33.00000   34.44129  4.37%   290 1262s
    66     9   34.32321    4  300   33.00000   34.44129  4.37%   280 1286s
    72     8   34.21787    5  312   33.00000   34.44129  4.37%   280 1302s
    77     8   34.13393    6  288   33.00000   34.44129  4.37%   275 1322s
    83     8   34.07669    7  269   33.00000   34.44129  4.37%   267 1342s
    89     6     cutoff    8        33.00000   34.21218  3.67%   258 1363s
    95     4   34.10317    6  259   33.00000   34.20737  3.66%   273 1375s
    99     2     cutoff    7        33.00000   34.19605  3.62%   268 1384s
   103     0   34.03236    7  258   33.00000   34.10572  3.35%   262 1391s

Cutting planes:
  Gomory: 13
  Cover: 1
  MIR: 253
  Zero half: 94
  RLT: 43
  BQP: 157

Explored 108 nodes (79103 simplex iterations) in 1392.31 seconds
Thread count was 8 (of 8 available processors)

Solution count 8: 33 32 31 ... 8

Optimal solution found (tolerance 1.00e-04)
Best objective 3.300000000000e+01, best bound 3.300000000000e+01, gap 0.0000%
