
Gurobi 9.1.2 (win64, Java) logging started Sun Dec 19 06:58:11 2021

Academic license - for non-commercial use only - expires 2022-09-02
Gurobi Optimizer version 9.1.2 build v9.1.2rc0 (win64)
Thread count: 4 physical cores, 8 logical processors, using up to 8 threads
Optimize a model with 436865 rows, 650 columns and 1311050 nonzeros
Model fingerprint: 0x46fb3207
Variable types: 0 continuous, 650 integer (650 binary)
Coefficient statistics:
  Matrix range     [1e+00, 1e+00]
  Objective range  [1e+00, 1e+00]
  Bounds range     [1e+00, 1e+00]
  RHS range        [1e+00, 1e+00]
Found heuristic solution: objective 4.0000000
Presolve time: 1.79s
Presolved: 436865 rows, 650 columns, 1311050 nonzeros
Variable types: 0 continuous, 650 integer (650 binary)

Root simplex log...

Iteration    Objective       Primal Inf.    Dual Inf.      Time
   26314    3.5000000e+01   0.000000e+00   0.000000e+00      5s
   26314    3.5000000e+01   0.000000e+00   0.000000e+00      5s

Root relaxation: objective 3.500000e+01, 26314 iterations, 2.91 seconds
Total elapsed time = 12.58s

    Nodes    |    Current Node    |     Objective Bounds      |     Work
 Expl Unexpl |  Obj  Depth IntInf | Incumbent    BestBd   Gap | It/Node Time

     0     0   35.00000    0  131    4.00000   35.00000   775%     -   14s
H    0     0                      19.0000000   35.00000  84.2%     -   14s
H    0     0                      21.0000000   35.00000  66.7%     -   14s
     0     0   33.08218    0  228   21.00000   33.08218  57.5%     -   33s
     0     0   33.04641    0  223   21.00000   33.04641  57.4%     -   36s
     0     0   33.04209    0  214   21.00000   33.04209  57.3%     -   37s
     0     0   33.04209    0  213   21.00000   33.04209  57.3%     -   37s
     0     0   31.40585    0  240   21.00000   31.40585  49.6%     -   51s
     0     0   31.17182    0  245   21.00000   31.17182  48.4%     -   57s
     0     0   31.14980    0  253   21.00000   31.14980  48.3%     -   59s
     0     0   31.13606    0  249   21.00000   31.13606  48.3%     -   60s
     0     0   31.13305    0  254   21.00000   31.13305  48.3%     -   61s
     0     0   31.13297    0  258   21.00000   31.13297  48.3%     -   62s
     0     0   29.53641    0  260   21.00000   29.53641  40.6%     -   78s
     0     0   29.25036    0  265   21.00000   29.25036  39.3%     -   83s
     0     0   29.17500    0  275   21.00000   29.17500  38.9%     -   86s
     0     0   29.15333    0  270   21.00000   29.15333  38.8%     -   88s
     0     0   29.14872    0  274   21.00000   29.14872  38.8%     -   89s
     0     0   29.14447    0  279   21.00000   29.14447  38.8%     -   90s
     0     0   29.14397    0  279   21.00000   29.14397  38.8%     -   91s
     0     0   28.58080    0  286   21.00000   28.58080  36.1%     -  103s
H    0     0                      23.0000000   28.58080  24.3%     -  103s
     0     0   28.46164    0  280   23.00000   28.46164  23.7%     -  106s
     0     0   28.44047    0  291   23.00000   28.44047  23.7%     -  107s
     0     0   28.41760    0  293   23.00000   28.41760  23.6%     -  109s
     0     0   28.40414    0  292   23.00000   28.40414  23.5%     -  111s
     0     0   28.40089    0  289   23.00000   28.40089  23.5%     -  112s
     0     0   28.39860    0  296   23.00000   28.39860  23.5%     -  113s
     0     0   28.39771    0  285   23.00000   28.39771  23.5%     -  114s
     0     0   28.39564    0  300   23.00000   28.39564  23.5%     -  114s
     0     0   28.39507    0  306   23.00000   28.39507  23.5%     -  115s
     0     0   28.15927    0  257   23.00000   28.15927  22.4%     -  124s
     0     0   28.04840    0  292   23.00000   28.04840  21.9%     -  128s
     0     0   27.99611    0  280   23.00000   27.99611  21.7%     -  130s
     0     0   27.97969    0  276   23.00000   27.97969  21.7%     -  132s
     0     0   27.96787    0  293   23.00000   27.96787  21.6%     -  133s
     0     0   27.96298    0  290   23.00000   27.96298  21.6%     -  134s
     0     0   27.96102    0  280   23.00000   27.96102  21.6%     -  135s
     0     0   27.96006    0  296   23.00000   27.96006  21.6%     -  136s
     0     0   27.95912    0  296   23.00000   27.95912  21.6%     -  137s
     0     0   27.95854    0  296   23.00000   27.95854  21.6%     -  137s
     0     0   27.85527    0  266   23.00000   27.85527  21.1%     -  144s
     0     0   27.82173    0  288   23.00000   27.82173  21.0%     -  146s
     0     0   27.79973    0  273   23.00000   27.79973  20.9%     -  147s
     0     0   27.79536    0  283   23.00000   27.79536  20.8%     -  148s
     0     0   27.79246    0  284   23.00000   27.79246  20.8%     -  149s
     0     0   27.79184    0  283   23.00000   27.79184  20.8%     -  150s
     0     0   27.76664    0  280   23.00000   27.76664  20.7%     -  155s
     0     0   27.76170    0  286   23.00000   27.76170  20.7%     -  157s
     0     0   27.75971    0  293   23.00000   27.75971  20.7%     -  158s
     0     0   27.75757    0  301   23.00000   27.75757  20.7%     -  159s
     0     0   27.75679    0  289   23.00000   27.75679  20.7%     -  160s
     0     0   27.75670    0  300   23.00000   27.75670  20.7%     -  160s
     0     0   27.72690    0  289   23.00000   27.72690  20.6%     -  166s
     0     0   27.70792    0  287   23.00000   27.70792  20.5%     -  168s
     0     0   27.69824    0  281   23.00000   27.69824  20.4%     -  170s
     0     0   27.69589    0  288   23.00000   27.69589  20.4%     -  171s
     0     0   27.69295    0  303   23.00000   27.69295  20.4%     -  172s
     0     0   27.69228    0  301   23.00000   27.69228  20.4%     -  173s
     0     0   27.67543    0  266   23.00000   27.67543  20.3%     -  178s
     0     0   27.66858    0  295   23.00000   27.66858  20.3%     -  180s
     0     0   27.66431    0  296   23.00000   27.66431  20.3%     -  181s
     0     0   27.66211    0  300   23.00000   27.66211  20.3%     -  182s
     0     0   27.65993    0  302   23.00000   27.65993  20.3%     -  183s
     0     0   27.65976    0  300   23.00000   27.65976  20.3%     -  184s
     0     0   27.64588    0  293   23.00000   27.64588  20.2%     -  189s
     0     0   27.63674    0  298   23.00000   27.63674  20.2%     -  192s
     0     0   27.63443    0  300   23.00000   27.63443  20.1%     -  193s
     0     0   27.63282    0  310   23.00000   27.63282  20.1%     -  194s
     0     0   27.63248    0  308   23.00000   27.63248  20.1%     -  194s
     0     0   27.62147    0  253   23.00000   27.62147  20.1%     -  200s
     0     0   27.61801    0  265   23.00000   27.61801  20.1%     -  201s
     0     0   27.61617    0  262   23.00000   27.61617  20.1%     -  202s
     0     0   27.61361    0  269   23.00000   27.61361  20.1%     -  203s
     0     0   27.61302    0  272   23.00000   27.61302  20.1%     -  204s
     0     0   27.60483    0  281   23.00000   27.60483  20.0%     -  209s
     0     0   27.60179    0  282   23.00000   27.60179  20.0%     -  211s
     0     0   27.60029    0  295   23.00000   27.60029  20.0%     -  212s
     0     0   27.59985    0  268   23.00000   27.59985  20.0%     -  213s
     0     0   27.59599    0  281   23.00000   27.59599  20.0%     -  217s
     0     0   27.59379    0  297   23.00000   27.59379  20.0%     -  219s
     0     0   27.59277    0  295   23.00000   27.59277  20.0%     -  220s
     0     0   27.59216    0  295   23.00000   27.59216  20.0%     -  220s
     0     0   27.58269    0  283   23.00000   27.58269  19.9%     -  225s
     0     0   27.58205    0  284   23.00000   27.58205  19.9%     -  227s
     0     0   27.56761    0  268   23.00000   27.56761  19.9%     -  232s
     0     0   27.55483    0  276   23.00000   27.55483  19.8%     -  234s
     0     0   27.55040    0  282   23.00000   27.55040  19.8%     -  235s
     0     0   27.54660    0  274   23.00000   27.54660  19.8%     -  236s
     0     0   27.54503    0  292   23.00000   27.54503  19.8%     -  237s
     0     0   27.54374    0  297   23.00000   27.54374  19.8%     -  238s
     0     0   27.54280    0  286   23.00000   27.54280  19.8%     -  238s
     0     0   27.54275    0  302   23.00000   27.54275  19.8%     -  239s
     0     0   27.53850    0  295   23.00000   27.53850  19.7%     -  244s
H    0     0                      24.0000000   27.53850  14.7%     -  244s
     0     0   27.53260    0  277   24.00000   27.53260  14.7%     -  245s
     0     0   27.53067    0  286   24.00000   27.53067  14.7%     -  246s
     0     0   27.52734    0  287   24.00000   27.52734  14.7%     -  247s
     0     0   27.52643    0  301   24.00000   27.52643  14.7%     -  248s
     0     0   27.52595    0  303   24.00000   27.52595  14.7%     -  249s
     0     0   27.51714    0  285   24.00000   27.51714  14.7%     -  254s
     0     0   27.51437    0  303   24.00000   27.51437  14.6%     -  255s
     0     0   27.51327    0  283   24.00000   27.51327  14.6%     -  256s
     0     0   27.51298    0  299   24.00000   27.51298  14.6%     -  257s
     0     0   27.50791    0  289   24.00000   27.50791  14.6%     -  261s
     0     0   27.50466    0  295   24.00000   27.50466  14.6%     -  263s
     0     0   27.50139    0  305   24.00000   27.50139  14.6%     -  264s
     0     0   27.50101    0  308   24.00000   27.50101  14.6%     -  265s
     0     0   27.49880    0  294   24.00000   27.49880  14.6%     -  269s
     0     0   27.49705    0  301   24.00000   27.49705  14.6%     -  271s
     0     0   27.49697    0  300   24.00000   27.49697  14.6%     -  272s
     0     0   27.49609    0  284   24.00000   27.49609  14.6%     -  276s
     0     0   27.49567    0  277   24.00000   27.49567  14.6%     -  278s
     0     0   27.49452    0  284   24.00000   27.49452  14.6%     -  282s
     0     0   27.49452    0  271   24.00000   27.49452  14.6%     -  285s
     0     2   27.49452    0  269   24.00000   27.49452  14.6%     -  312s
     1     4   27.41488    1  239   24.00000   27.49363  14.6%   277  319s
     3     8   27.15172    2  233   24.00000   27.40598  14.2%   387  336s
     7    10   27.05096    3  232   24.00000   27.15099  13.1%   394  343s
    11    12   26.85849    4  232   24.00000   27.15099  13.1%   406  353s
    15    16   25.41896    5  207   24.00000   27.15099  13.1%   516  365s
    19    20   25.15140    6  224   24.00000   27.15099  13.1%   521  379s
    23    16     cutoff    7        24.00000   27.15099  13.1%   591  384s
    29    15     cutoff    6        24.00000   27.15099  13.1%   518  389s
    34    18   25.24370    6  199   24.00000   27.15099  13.1%   467  395s
*   39    18               7      25.0000000   27.15099  8.60%   431  400s
    43    11     cutoff    7        25.00000   27.04371  8.17%   404  410s
    54    12   26.58900    4  215   25.00000   27.04371  8.17%   347  419s
    59    10   26.40280    5  222   25.00000   27.04371  8.17%   336  424s
    65     8   26.20494    6  213   25.00000   27.04371  8.17%   317  434s
    71     5   26.14857    7  218   25.00000   27.04371  8.17%   313  440s
    80     3     cutoff    8        25.00000   26.80389  7.22%   298  446s
    84     3   26.59438    5  250   25.00000   26.78944  7.16%   313  450s
    88     0     cutoff    7        25.00000   26.40858  5.63%   305  455s

Cutting planes:
  MIR: 114
  Zero half: 93
  RLT: 83
  BQP: 134

Explored 91 nodes (71135 simplex iterations) in 455.57 seconds
Thread count was 8 (of 8 available processors)

Solution count 6: 25 24 23 ... 4

Optimal solution found (tolerance 1.00e-04)
Best objective 2.500000000000e+01, best bound 2.500000000000e+01, gap 0.0000%
