
Gurobi 9.1.2 (win64, Java) logging started Sun Dec 19 06:33:17 2021

Academic license - for non-commercial use only - expires 2022-09-02
Gurobi Optimizer version 9.1.2 build v9.1.2rc0 (win64)
Thread count: 4 physical cores, 8 logical processors, using up to 8 threads
Optimize a model with 20330 rows, 150 columns and 61050 nonzeros
Model fingerprint: 0x90e8c57f
Variable types: 0 continuous, 150 integer (150 binary)
Coefficient statistics:
  Matrix range     [1e+00, 1e+00]
  Objective range  [1e+00, 1e+00]
  Bounds range     [1e+00, 1e+00]
  RHS range        [1e+00, 1e+00]
Found heuristic solution: objective 6.0000000
Presolve time: 0.06s
Presolved: 20330 rows, 150 columns, 61050 nonzeros
Variable types: 0 continuous, 150 integer (150 binary)

Root relaxation: objective 1.700000e+01, 206 iterations, 0.10 seconds

    Nodes    |    Current Node    |     Objective Bounds      |     Work
 Expl Unexpl |  Obj  Depth IntInf | Incumbent    BestBd   Gap | It/Node Time

     0     0   17.00000    0   60    6.00000   17.00000   183%     -    0s
H    0     0                       9.0000000   17.00000  88.9%     -    0s
H    0     0                      10.0000000   17.00000  70.0%     -    0s
     0     0   15.37500    0  100   10.00000   15.37500  53.8%     -    1s
     0     0   15.00000    0   90   10.00000   15.00000  50.0%     -    1s
     0     0   14.50000    0  104   10.00000   14.50000  45.0%     -    1s
H    0     0                      12.0000000   14.50000  20.8%     -    1s
     0     0   14.22857    0  105   12.00000   14.22857  18.6%     -    2s
     0     0   14.21429    0  103   12.00000   14.21429  18.5%     -    2s
     0     0   14.00000    0  102   12.00000   14.00000  16.7%     -    2s
     0     0   14.00000    0  112   12.00000   14.00000  16.7%     -    2s
     0     0   14.00000    0  103   12.00000   14.00000  16.7%     -    2s
     0     0   13.46154    0  110   12.00000   13.46154  12.2%     -    2s
     0     0   13.27778    0  113   12.00000   13.27778  10.6%     -    2s
     0     0   13.00000    0  116   12.00000   13.00000  8.33%     -    2s
     0     0   13.00000    0  117   12.00000   13.00000  8.33%     -    2s
     0     0   13.00000    0  116   12.00000   13.00000  8.33%     -    2s
     0     0   13.00000    0  116   12.00000   13.00000  8.33%     -    3s
     0     0   13.00000    0  117   12.00000   13.00000  8.33%     -    3s
     0     0   13.00000    0  117   12.00000   13.00000  8.33%     -    3s

Cutting planes:
  Gomory: 6
  MIR: 75
  Zero half: 35
  RLT: 25
  BQP: 16

Explored 1 nodes (1586 simplex iterations) in 3.42 seconds
Thread count was 8 (of 8 available processors)

Solution count 4: 12 10 9 6 

Optimal solution found (tolerance 1.00e-04)
Best objective 1.200000000000e+01, best bound 1.200000000000e+01, gap 0.0000%
