
Gurobi 9.1.2 (win64, Java) logging started Sun Dec 19 09:46:52 2021

Academic license - for non-commercial use only - expires 2022-09-02
Gurobi Optimizer version 9.1.2 build v9.1.2rc0 (win64)
Thread count: 4 physical cores, 8 logical processors, using up to 8 threads
Optimize a model with 821680 rows, 800 columns and 2465600 nonzeros
Model fingerprint: 0xaf954ff7
Variable types: 0 continuous, 800 integer (800 binary)
Coefficient statistics:
  Matrix range     [1e+00, 1e+00]
  Objective range  [1e+00, 1e+00]
  Bounds range     [1e+00, 1e+00]
  RHS range        [1e+00, 1e+00]
Found heuristic solution: objective 3.0000000
Presolve time: 3.79s
Presolved: 821680 rows, 800 columns, 2465600 nonzeros
Variable types: 0 continuous, 800 integer (800 binary)

Root simplex log...

Iteration    Objective       Primal Inf.    Dual Inf.      Time
       0    8.0000000e+01   0.000000e+00   7.205000e+03      7s
   36167    4.3500000e+01   0.000000e+00   0.000000e+00     10s
   36167    4.3500000e+01   0.000000e+00   0.000000e+00     11s

Root relaxation: objective 4.350000e+01, 36167 iterations, 5.82 seconds
Total elapsed time = 25.16s

    Nodes    |    Current Node    |     Objective Bounds      |     Work
 Expl Unexpl |  Obj  Depth IntInf | Incumbent    BestBd   Gap | It/Node Time

     0     0   43.50000    0  162    3.00000   43.50000  1350%     -   26s
H    0     0                      21.0000000   43.50000   107%     -   27s
H    0     0                      23.0000000   43.50000  89.1%     -   27s
     0     0   40.49107    0  287   23.00000   40.49107  76.0%     -   84s
H    0     0                      26.0000000   40.49107  55.7%     -   85s
     0     0   40.49107    0  283   26.00000   40.49107  55.7%     -   87s
     0     0   37.95787    0  303   26.00000   37.95787  46.0%     -  153s
     0     0   37.65861    0  296   26.00000   37.65861  44.8%     -  167s
     0     0   37.62026    0  308   26.00000   37.62026  44.7%     -  171s
     0     0   37.60851    0  304   26.00000   37.60851  44.6%     -  174s
     0     0   37.60426    0  312   26.00000   37.60426  44.6%     -  176s
     0     0   37.60268    0  316   26.00000   37.60268  44.6%     -  178s
     0     0   37.60210    0  317   26.00000   37.60210  44.6%     -  180s
     0     0   37.60189    0  316   26.00000   37.60189  44.6%     -  181s
     0     0   35.82599    0  323   26.00000   35.82599  37.8%     -  224s
H    0     0                      27.0000000   35.82599  32.7%     -  225s
     0     0   35.50454    0  339   27.00000   35.50454  31.5%     -  243s
     0     0   35.40435    0  338   27.00000   35.40435  31.1%     -  250s
     0     0   35.35069    0  354   27.00000   35.35069  30.9%     -  256s
     0     0   35.33136    0  365   27.00000   35.33136  30.9%     -  261s
     0     0   35.32699    0  352   27.00000   35.32699  30.8%     -  264s
     0     0   35.32156    0  349   27.00000   35.32156  30.8%     -  266s
     0     0   35.31928    0  360   27.00000   35.31928  30.8%     -  268s
     0     0   35.31765    0  357   27.00000   35.31765  30.8%     -  270s
     0     0   35.31626    0  357   27.00000   35.31626  30.8%     -  272s
     0     0   35.31594    0  361   27.00000   35.31594  30.8%     -  273s
     0     0   34.57626    0  344   27.00000   34.57626  28.1%     -  313s
H    0     0                      28.0000000   34.57626  23.5%     -  313s
     0     0   34.45017    0  368   28.00000   34.45017  23.0%     -  324s
     0     0   34.38467    0  366   28.00000   34.38467  22.8%     -  332s
     0     0   34.36585    0  374   28.00000   34.36585  22.7%     -  338s
     0     0   34.35569    0  375   28.00000   34.35569  22.7%     -  341s
     0     0   34.34784    0  375   28.00000   34.34784  22.7%     -  345s
     0     0   34.34370    0  385   28.00000   34.34370  22.7%     -  348s
     0     0   34.34279    0  379   28.00000   34.34279  22.7%     -  350s
     0     0   34.34234    0  382   28.00000   34.34234  22.7%     -  352s
     0     0   34.16561    0  367   28.00000   34.16561  22.0%     -  371s
     0     0   34.06878    0  378   28.00000   34.06878  21.7%     -  381s
     0     0   34.03193    0  378   28.00000   34.03193  21.5%     -  386s
     0     0   33.99817    0  380   28.00000   33.99817  21.4%     -  391s
     0     0   33.99334    0  380   28.00000   33.99334  21.4%     -  393s
     0     0   33.98982    0  383   28.00000   33.98982  21.4%     -  396s
     0     0   33.98947    0  388   28.00000   33.98947  21.4%     -  398s
     0     0   33.90711    0  362   28.00000   33.90711  21.1%     -  414s
     0     0   33.87375    0  361   28.00000   33.87375  21.0%     -  421s
     0     0   33.86493    0  377   28.00000   33.86493  20.9%     -  424s
     0     0   33.85870    0  387   28.00000   33.85870  20.9%     -  427s
     0     0   33.85577    0  386   28.00000   33.85577  20.9%     -  430s
     0     0   33.85398    0  383   28.00000   33.85398  20.9%     -  432s
     0     0   33.85269    0  390   28.00000   33.85269  20.9%     -  434s
     0     0   33.84896    0  390   28.00000   33.84896  20.9%     -  437s
     0     0   33.84669    0  373   28.00000   33.84669  20.9%     -  439s
     0     0   33.84563    0  372   28.00000   33.84563  20.9%     -  441s
     0     0   33.84524    0  398   28.00000   33.84524  20.9%     -  443s
     0     0   33.77757    0  351   28.00000   33.77757  20.6%     -  458s
H    0     0                      29.0000000   33.77757  16.5%     -  459s
     0     0   33.74891    0  376   29.00000   33.74891  16.4%     -  465s
     0     0   33.72940    0  382   29.00000   33.72940  16.3%     -  469s
     0     0   33.72595    0  370   29.00000   33.72595  16.3%     -  472s
     0     0   33.72308    0  373   29.00000   33.72308  16.3%     -  474s
     0     0   33.72227    0  374   29.00000   33.72227  16.3%     -  476s
     0     0   33.70563    0  353   29.00000   33.70563  16.2%     -  487s
     0     0   33.69606    0  375   29.00000   33.69606  16.2%     -  491s
     0     0   33.69029    0  373   29.00000   33.69029  16.2%     -  495s
     0     0   33.68900    0  351   29.00000   33.68900  16.2%     -  497s
     0     0   33.68794    0  362   29.00000   33.68794  16.2%     -  498s
     0     0   33.68740    0  366   29.00000   33.68740  16.2%     -  500s
     0     0   33.65023    0  354   29.00000   33.65023  16.0%     -  513s
     0     0   33.63843    0  406   29.00000   33.63843  16.0%     -  518s
     0     0   33.63677    0  350   29.00000   33.63677  16.0%     -  520s
     0     0   33.63519    0  388   29.00000   33.63519  16.0%     -  522s
     0     0   33.63439    0  382   29.00000   33.63439  16.0%     -  524s
     0     0   33.60594    0  357   29.00000   33.60594  15.9%     -  537s
     0     0   33.59453    0  359   29.00000   33.59453  15.8%     -  543s
     0     0   33.59068    0  346   29.00000   33.59068  15.8%     -  546s
     0     0   33.58992    0  327   29.00000   33.58992  15.8%     -  548s
     0     0   33.58037    0  342   29.00000   33.58037  15.8%     -  557s
     0     0   33.56888    0  369   29.00000   33.56888  15.8%     -  563s
     0     0   33.56191    0  380   29.00000   33.56191  15.7%     -  568s
     0     0   33.56037    0  381   29.00000   33.56037  15.7%     -  570s
     0     0   33.55968    0  386   29.00000   33.55968  15.7%     -  572s
     0     0   33.53428    0  375   29.00000   33.53428  15.6%     -  585s
H    0     0                      30.0000000   33.53428  11.8%     -  586s
     0     0   33.52227    0  382   30.00000   33.52227  11.7%     -  590s
     0     0   33.51691    0  367   30.00000   33.51691  11.7%     -  592s
     0     0   33.51219    0  389   30.00000   33.51219  11.7%     -  595s
     0     0   33.50963    0  377   30.00000   33.50963  11.7%     -  597s
     0     0   33.50774    0  384   30.00000   33.50774  11.7%     -  599s
     0     0   33.50745    0  386   30.00000   33.50745  11.7%     -  600s
     0     0   33.50394    0  380   30.00000   33.50394  11.7%     -  611s
     0     0   33.50245    0  387   30.00000   33.50245  11.7%     -  614s
     0     0   33.50183    0  395   30.00000   33.50183  11.7%     -  616s
     0     0   33.49910    0  353   30.00000   33.49910  11.7%     -  625s
     0     0   33.49607    0  334   30.00000   33.49607  11.7%     -  629s
     0     0   33.49555    0  381   30.00000   33.49555  11.7%     -  631s
     0     0   33.48582    0  381   30.00000   33.48582  11.6%     -  643s
     0     0   33.48204    0  373   30.00000   33.48204  11.6%     -  647s
     0     0   33.48077    0  363   30.00000   33.48077  11.6%     -  649s
     0     0   33.47938    0  375   30.00000   33.47938  11.6%     -  652s
     0     0   33.47873    0  388   30.00000   33.47873  11.6%     -  654s
     0     0   33.46931    0  364   30.00000   33.46931  11.6%     -  665s
     0     0   33.46766    0  362   30.00000   33.46766  11.6%     -  668s
     0     0   33.46680    0  370   30.00000   33.46680  11.6%     -  670s
     0     0   33.46169    0  376   30.00000   33.46169  11.5%     -  680s
     0     0   33.45945    0  371   30.00000   33.45945  11.5%     -  684s
     0     0   33.45844    0  374   30.00000   33.45844  11.5%     -  685s
     0     0   33.45120    0  326   30.00000   33.45120  11.5%     -  696s
     0     0   33.44488    0  367   30.00000   33.44488  11.5%     -  702s
     0     0   33.44268    0  378   30.00000   33.44268  11.5%     -  704s
     0     0   33.44165    0  358   30.00000   33.44165  11.5%     -  706s
     0     0   33.44135    0  361   30.00000   33.44135  11.5%     -  708s
     0     0   33.43573    0  355   30.00000   33.43573  11.5%     -  718s
     0     0   33.43256    0  392   30.00000   33.43256  11.4%     -  723s
     0     0   33.43068    0  385   30.00000   33.43068  11.4%     -  725s
     0     0   33.42975    0  400   30.00000   33.42975  11.4%     -  727s
     0     0   33.42458    0  369   30.00000   33.42458  11.4%     -  739s
     0     0   33.42198    0  363   30.00000   33.42198  11.4%     -  742s
     0     0   33.42135    0  393   30.00000   33.42135  11.4%     -  744s
     0     0   33.41370    0  352   30.00000   33.41370  11.4%     -  754s
     0     0   33.41300    0  344   30.00000   33.41300  11.4%     -  757s
     0     0   33.40994    0  351   30.00000   33.40994  11.4%     -  765s
     0     0   33.40922    0  353   30.00000   33.40922  11.4%     -  768s
     0     0   33.40133    0  327   30.00000   33.40133  11.3%     -  778s
     0     0   33.40133    0  311   30.00000   33.40133  11.3%     -  786s
     0     2   33.40133    0  305   30.00000   33.40133  11.3%     -  854s
     1     4   33.28572    1  329   30.00000   33.40004  11.3%   461  873s
     3     8   33.22030    2  328   30.00000   33.28496  10.9%   442  912s
     7    12   33.13344    3  321   30.00000   33.21873  10.7%   469  935s
    11    16   32.67990    3  303   30.00000   33.13320  10.4%   731 1002s
    15    20   32.66062    4  307   30.00000   33.13320  10.4%   718 1031s
    19    24   32.60559    4  283   30.00000   33.13320  10.4%   705 1049s
    23    27   32.07365    5  242   30.00000   33.13320  10.4%   659 1069s
*   27    27               7      31.0000000   33.13320  6.88%   587 1069s
    28    19     cutoff    6        31.00000   33.13320  6.88%   569 1071s
    36    21   32.47507    5  279   31.00000   33.13320  6.88%   449 1112s
    42    21   32.17927    6  272   31.00000   33.13320  6.88%   447 1138s
    48    20     cutoff    6        31.00000   33.13320  6.88%   444 1161s
    53    15     cutoff    7        31.00000   33.02535  6.53%   430 1174s
    60    15   32.32214    5  354   31.00000   33.02295  6.53%   425 1235s
    64    10   32.17039    6  339   31.00000   32.57781  5.09%   447 1310s
    71     5     cutoff    7        31.00000   32.57781  5.09%   519 1330s
    78     0     cutoff    5        31.00000   32.09905  3.55%   482 1337s

Cutting planes:
  Gomory: 3
  Cover: 2
  MIR: 435
  Zero half: 323
  RLT: 133
  BQP: 266

Explored 83 nodes (107708 simplex iterations) in 1337.67 seconds
Thread count was 8 (of 8 available processors)

Solution count 9: 31 30 29 ... 3

Optimal solution found (tolerance 1.00e-04)
Best objective 3.100000000000e+01, best bound 3.100000000000e+01, gap 0.0000%
