
Gurobi 9.1.2 (win64, Java) logging started Sun Dec 19 06:56:26 2021

Academic license - for non-commercial use only - expires 2022-09-02
Gurobi Optimizer version 9.1.2 build v9.1.2rc0 (win64)
Thread count: 4 physical cores, 8 logical processors, using up to 8 threads
Optimize a model with 218465 rows, 325 columns and 655525 nonzeros
Model fingerprint: 0xb798a14e
Variable types: 0 continuous, 325 integer (325 binary)
Coefficient statistics:
  Matrix range     [1e+00, 1e+00]
  Objective range  [1e+00, 1e+00]
  Bounds range     [1e+00, 1e+00]
  RHS range        [1e+00, 1e+00]
Found heuristic solution: objective 17.0000000
Presolve time: 0.75s
Presolved: 218465 rows, 325 columns, 655525 nonzeros
Variable types: 0 continuous, 325 integer (325 binary)

Starting sifting (using dual simplex for sub-problems)...

    Iter     Pivots    Primal Obj      Dual Obj        Time
       0         65    -infinity     -1.2000000e+01      1s
       1        322  -5.9001842e+01  -3.5507972e+01      1s
       2       1135  -3.6555579e+01  -3.6276113e+01      1s
       3       1542  -3.6509994e+01  -3.6509133e+01      2s

Sifting complete


Root relaxation: objective 3.650000e+01, 1927 iterations, 0.67 seconds

    Nodes    |    Current Node    |     Objective Bounds      |     Work
 Expl Unexpl |  Obj  Depth IntInf | Incumbent    BestBd   Gap | It/Node Time

     0     0   36.50000    0  130   17.00000   36.50000   115%     -    2s
H    0     0                      19.0000000   36.50000  92.1%     -    2s
H    0     0                      21.0000000   36.50000  73.8%     -    3s
     0     0   33.69536    0  186   21.00000   33.69536  60.5%     -   11s
H    0     0                      23.0000000   33.69536  46.5%     -   12s
H    0     0                      24.0000000   33.69536  40.4%     -   12s
     0     0   33.69421    0  189   24.00000   33.69421  40.4%     -   12s
     0     0   33.69392    0  189   24.00000   33.69392  40.4%     -   12s
     0     0   32.30726    0  204   24.00000   32.30726  34.6%     -   20s
H    0     0                      28.0000000   32.30726  15.4%     -   20s
     0     0   32.04071    0  210   28.00000   32.04071  14.4%     -   23s
     0     0   31.99471    0  214   28.00000   31.99471  14.3%     -   24s
     0     0   31.97578    0  210   28.00000   31.97578  14.2%     -   24s
     0     0   31.97249    0  212   28.00000   31.97249  14.2%     -   25s
     0     0   31.96860    0  211   28.00000   31.96860  14.2%     -   25s
     0     0   31.96776    0  213   28.00000   31.96776  14.2%     -   26s
     0     0   31.96762    0  214   28.00000   31.96762  14.2%     -   26s
     0     0   31.19086    0  232   28.00000   31.19086  11.4%     -   33s
     0     0   31.03433    0  241   28.00000   31.03433  10.8%     -   36s
     0     0   30.99855    0  247   28.00000   30.99855  10.7%     -   37s
     0     0   30.99133    0  251   28.00000   30.99133  10.7%     -   37s
     0     0   30.98983    0  251   28.00000   30.98983  10.7%     -   38s
     0     0   30.98790    0  253   28.00000   30.98790  10.7%     -   38s
     0     0   30.98687    0  253   28.00000   30.98687  10.7%     -   38s
     0     0   30.98685    0  251   28.00000   30.98685  10.7%     -   39s
     0     0   30.58801    0  232   28.00000   30.58801  9.24%     -   45s
     0     0   30.52060    0  241   28.00000   30.52060  9.00%     -   46s
     0     0   30.50384    0  243   28.00000   30.50384  8.94%     -   47s
     0     0   30.49362    0  243   28.00000   30.49362  8.91%     -   48s
     0     0   30.48025    0  244   28.00000   30.48025  8.86%     -   48s
     0     0   30.46905    0  244   28.00000   30.46905  8.82%     -   49s
     0     0   30.46523    0  237   28.00000   30.46523  8.80%     -   49s
     0     0   30.46492    0  243   28.00000   30.46492  8.80%     -   50s
     0     0   30.30910    0  218   28.00000   30.30910  8.25%     -   54s
     0     0   30.25345    0  218   28.00000   30.25345  8.05%     -   56s
     0     0   30.22601    0  208   28.00000   30.22601  7.95%     -   56s
     0     0   30.21952    0  211   28.00000   30.21952  7.93%     -   57s
     0     0   30.21485    0  227   28.00000   30.21485  7.91%     -   57s
     0     0   30.21220    0  219   28.00000   30.21220  7.90%     -   58s
     0     0   30.21199    0  221   28.00000   30.21199  7.90%     -   58s
     0     0   30.19427    0  213   28.00000   30.19427  7.84%     -   61s
     0     0   30.18374    0  213   28.00000   30.18374  7.80%     -   62s
     0     0   30.18112    0  226   28.00000   30.18112  7.79%     -   63s
     0     0   30.17976    0  216   28.00000   30.17976  7.78%     -   64s
     0     0   30.17966    0  219   28.00000   30.17966  7.78%     -   64s
     0     0   30.17755    0  221   28.00000   30.17755  7.78%     -   68s
     0     0   30.17605    0  208   28.00000   30.17605  7.77%     -   69s
     0     0   30.17457    0  212   28.00000   30.17457  7.77%     -   70s
     0     0   30.17377    0  225   28.00000   30.17377  7.76%     -   70s
     0     0   30.17365    0  218   28.00000   30.17365  7.76%     -   70s
     0     0   30.17127    0  216   28.00000   30.17127  7.75%     -   74s
     0     0   30.16960    0  223   28.00000   30.16960  7.75%     -   75s
     0     0   30.16929    0  212   28.00000   30.16929  7.75%     -   75s
     0     0   30.16860    0  215   28.00000   30.16860  7.75%     -   79s
     0     0   30.16810    0  220   28.00000   30.16810  7.74%     -   79s
     0     0   30.16787    0  219   28.00000   30.16787  7.74%     -   82s
     0     0   30.16787    0  208   28.00000   30.16787  7.74%     -   84s
     0     2   30.16787    0  205   28.00000   30.16787  7.74%     -   93s
     1     4   30.08447    1  210   28.00000   30.16711  7.74%   223   97s
     3     4   29.92641    2  205   28.00000   30.07593  7.41%   281  100s
*    8     2               3      29.0000000   29.77473  2.67%   239  103s

Cutting planes:
  MIR: 65
  Zero half: 16
  RLT: 44
  BQP: 17

Explored 11 nodes (11460 simplex iterations) in 103.93 seconds
Thread count was 8 (of 8 available processors)

Solution count 7: 29 28 24 ... 17

Optimal solution found (tolerance 1.00e-04)
Best objective 2.900000000000e+01, best bound 2.900000000000e+01, gap 0.0000%
