
Gurobi 9.1.2 (win64, Java) logging started Sun Dec 19 06:43:55 2021

Academic license - for non-commercial use only - expires 2022-09-02
Gurobi Optimizer version 9.1.2 build v9.1.2rc0 (win64)
Thread count: 4 physical cores, 8 logical processors, using up to 8 threads
Optimize a model with 577225 rows, 1210 columns and 1732720 nonzeros
Model fingerprint: 0x34daba48
Variable types: 0 continuous, 1210 integer (1210 binary)
Coefficient statistics:
  Matrix range     [1e+00, 1e+00]
  Objective range  [1e+00, 1e+00]
  Bounds range     [1e+00, 1e+00]
  RHS range        [1e+00, 1e+00]
Found heuristic solution: objective 1.0000000
Presolve time: 3.11s
Presolved: 577225 rows, 1210 columns, 1732720 nonzeros
Variable types: 0 continuous, 1210 integer (1210 binary)

Root simplex log...

Iteration    Objective       Primal Inf.    Dual Inf.      Time
       0    5.5000000e+01   0.000000e+00   9.120000e+02      5s
    8043    3.1000000e+01   0.000000e+00   0.000000e+00      6s
    8043    3.1000000e+01   0.000000e+00   0.000000e+00      6s

Root relaxation: objective 3.100000e+01, 8043 iterations, 2.38 seconds

    Nodes    |    Current Node    |     Objective Bounds      |     Work
 Expl Unexpl |  Obj  Depth IntInf | Incumbent    BestBd   Gap | It/Node Time

     0     0   31.00000    0   78    1.00000   31.00000  3000%     -    9s
H    0     0                      25.0000000   31.00000  24.0%     -    9s
     0     0   30.00000    0   88   25.00000   30.00000  20.0%     -   17s
     0     0   30.00000    0   88   25.00000   30.00000  20.0%     -   18s
     0     0   30.00000    0  129   25.00000   30.00000  20.0%     -   22s
     0     0   30.00000    0  128   25.00000   30.00000  20.0%     -   24s
     0     0   29.74917    0  114   25.00000   29.74917  19.0%     -   32s
H    0     0                      26.0000000   29.74917  14.4%     -   33s
H    0     0                      27.0000000   29.74917  10.2%     -   33s
     0     0   29.69509    0  126   27.00000   29.69509  10.0%     -   34s
     0     0   29.69208    0  131   27.00000   29.69208  10.0%     -   35s
     0     0   29.69126    0  130   27.00000   29.69126  10.0%     -   35s
     0     0   29.69113    0  130   27.00000   29.69113  10.0%     -   36s
     0     0   29.69113    0  130   27.00000   29.69113  10.0%     -   37s
     0     0   28.92644    0  114   27.00000   28.92644  7.13%     -   41s
     0     0   28.91375    0  126   27.00000   28.91375  7.09%     -   43s
     0     0   28.90570    0  128   27.00000   28.90570  7.06%     -   43s
     0     0   28.90385    0  130   27.00000   28.90385  7.05%     -   44s
     0     0   28.90211    0  133   27.00000   28.90211  7.04%     -   45s
     0     0   28.84398    0  126   27.00000   28.84398  6.83%     -   48s
     0     0   28.80818    0  146   27.00000   28.80818  6.70%     -   50s
     0     0   28.80805    0  142   27.00000   28.80805  6.70%     -   52s
     0     0   28.78333    0  141   27.00000   28.78333  6.60%     -   54s
     0     0   28.78283    0  132   27.00000   28.78283  6.60%     -   56s
     0     0   28.78266    0  140   27.00000   28.78266  6.60%     -   57s
     0     0   28.65497    0  148   27.00000   28.65497  6.13%     -   59s
     0     0   28.63861    0  161   27.00000   28.63861  6.07%     -   62s
     0     0   28.63666    0  163   27.00000   28.63666  6.06%     -   63s
     0     0   28.63662    0  164   27.00000   28.63662  6.06%     -   63s
     0     0   28.61038    0  135   27.00000   28.61038  5.96%     -   66s
     0     0   28.60588    0  135   27.00000   28.60588  5.95%     -   68s
     0     0   28.60374    0  145   27.00000   28.60374  5.94%     -   69s
     0     0   28.60365    0  145   27.00000   28.60365  5.94%     -   69s
     0     0   28.53440    0  140   27.00000   28.53440  5.68%     -   72s
     0     0   28.51406    0  143   27.00000   28.51406  5.61%     -   74s
     0     0   28.50911    0  139   27.00000   28.50911  5.59%     -   75s
     0     0   28.50911    0  139   27.00000   28.50911  5.59%     -   76s
     0     0   28.49198    0  121   27.00000   28.49198  5.53%     -   79s
     0     0   28.48474    0  134   27.00000   28.48474  5.50%     -   80s
     0     0   28.48266    0  139   27.00000   28.48266  5.49%     -   82s
     0     0   28.48266    0  139   27.00000   28.48266  5.49%     -   82s
     0     0   28.43396    0  126   27.00000   28.43396  5.31%     -   85s
     0     0   28.43268    0  131   27.00000   28.43268  5.31%     -   87s
     0     0   28.43268    0  132   27.00000   28.43268  5.31%     -   87s
     0     0   28.37895    0  102   27.00000   28.37895  5.11%     -   90s
     0     0   28.36754    0  124   27.00000   28.36754  5.06%     -   92s
     0     0   28.36667    0  111   27.00000   28.36667  5.06%     -   92s
     0     0   28.36626    0  124   27.00000   28.36626  5.06%     -   93s
     0     0   28.36626    0  124   27.00000   28.36626  5.06%     -   94s
     0     0   28.31967    0   75   27.00000   28.31967  4.89%     -   99s
     0     0   28.31967    0   51   27.00000   28.31967  4.89%     -  102s
     0     0     cutoff    0        27.00000   27.00000  0.00%     -  102s

Cutting planes:
  Gomory: 3
  Implied bound: 1
  Clique: 11
  MIR: 7
  Zero half: 26
  RLT: 21
  BQP: 10

Explored 1 nodes (12968 simplex iterations) in 102.80 seconds
Thread count was 8 (of 8 available processors)

Solution count 4: 27 26 25 1 

Optimal solution found (tolerance 1.00e-04)
Best objective 2.700000000000e+01, best bound 2.700000000000e+01, gap 0.0000%
