
Gurobi 9.1.2 (win64, Java) logging started Sun Dec 19 06:34:33 2021

Academic license - for non-commercial use only - expires 2022-09-02
Gurobi Optimizer version 9.1.2 build v9.1.2rc0 (win64)
Thread count: 4 physical cores, 8 logical processors, using up to 8 threads
Optimize a model with 237160 rows, 960 columns and 712320 nonzeros
Model fingerprint: 0xd0548b2e
Variable types: 0 continuous, 960 integer (960 binary)
Coefficient statistics:
  Matrix range     [1e+00, 1e+00]
  Objective range  [1e+00, 1e+00]
  Bounds range     [1e+00, 1e+00]
  RHS range        [1e+00, 1e+00]
Found heuristic solution: objective 1.0000000
Presolve time: 1.07s
Presolved: 237160 rows, 960 columns, 712320 nonzeros
Variable types: 0 continuous, 960 integer (960 binary)

Starting sifting (using dual simplex for sub-problems)...

    Iter     Pivots    Primal Obj      Dual Obj        Time
       0         40    -infinity     -1.0000000e+00      2s
       1         79  -4.0000000e+01  -2.0500000e+01      2s
       2        211  -2.7500000e+01  -2.4000000e+01      2s

Sifting complete


Root relaxation: objective 2.750000e+01, 271 iterations, 0.55 seconds

    Nodes    |    Current Node    |     Objective Bounds      |     Work
 Expl Unexpl |  Obj  Depth IntInf | Incumbent    BestBd   Gap | It/Node Time

     0     0   27.50000    0   26    1.00000   27.50000  2650%     -    2s
H    0     0                      26.0000000   27.50000  5.77%     -    2s

Cutting planes:
  Gomory: 3
  Clique: 4
  Zero half: 4

Explored 1 nodes (612 simplex iterations) in 3.28 seconds
Thread count was 8 (of 8 available processors)

Solution count 2: 26 1 

Optimal solution found (tolerance 1.00e-04)
Best objective 2.600000000000e+01, best bound 2.600000000000e+01, gap 0.0000%
