
Gurobi 9.1.2 (win64, Java) logging started Sun Dec 19 12:02:14 2021

Academic license - for non-commercial use only - expires 2022-09-02
Gurobi Optimizer version 9.1.2 build v9.1.2rc0 (win64)
Thread count: 4 physical cores, 8 logical processors, using up to 8 threads
Optimize a model with 987785 rows, 850 columns and 2963950 nonzeros
Model fingerprint: 0x7af3ef62
Variable types: 0 continuous, 850 integer (850 binary)
Coefficient statistics:
  Matrix range     [1e+00, 1e+00]
  Objective range  [1e+00, 1e+00]
  Bounds range     [1e+00, 1e+00]
  RHS range        [1e+00, 1e+00]
Found heuristic solution: objective 6.0000000
Presolve removed 0 rows and 0 columns (presolve time = 5s) ...
Presolve time: 5.07s
Presolved: 987785 rows, 850 columns, 2963950 nonzeros
Variable types: 0 continuous, 850 integer (850 binary)

Root simplex log...

Iteration    Objective       Primal Inf.    Dual Inf.      Time
       0    8.5000000e+01   0.000000e+00   9.144000e+03      9s
   17133    4.9082076e+01   0.000000e+00   2.673894e+05     10s
   66257    4.6367417e+01   0.000000e+00   9.283077e+04     16s
   76248    4.6000000e+01   0.000000e+00   0.000000e+00     18s
   76248    4.6000000e+01   0.000000e+00   0.000000e+00     18s

Root relaxation: objective 4.600000e+01, 76248 iterations, 11.83 seconds
Total elapsed time = 30.41s

    Nodes    |    Current Node    |     Objective Bounds      |     Work
 Expl Unexpl |  Obj  Depth IntInf | Incumbent    BestBd   Gap | It/Node Time

     0     0   46.00000    0  170    6.00000   46.00000   667%     -   32s
H    0     0                      19.0000000   46.00000   142%     -   32s
H    0     0                      20.0000000   46.00000   130%     -   33s
     0     0   42.90669    0  289   20.00000   42.90669   115%     -  113s
H    0     0                      21.0000000   42.90669   104%     -  118s
     0     0   42.90445    0  287   21.00000   42.90445   104%     -  120s
     0     0   42.90370    0  284   21.00000   42.90370   104%     -  122s
     0     0   42.90312    0  284   21.00000   42.90312   104%     -  124s
     0     0   40.12095    0  335   21.00000   40.12095  91.1%     -  221s
     0     0   39.70299    0  328   21.00000   39.70299  89.1%     -  247s
     0     0   39.61273    0  341   21.00000   39.61273  88.6%     -  259s
     0     0   39.58351    0  353   21.00000   39.58351  88.5%     -  266s
     0     0   39.55070    0  355   21.00000   39.55070  88.3%     -  276s
     0     0   39.52773    0  363   21.00000   39.52773  88.2%     -  282s
     0     0   39.52451    0  357   21.00000   39.52451  88.2%     -  286s
     0     0   39.52115    0  361   21.00000   39.52115  88.2%     -  289s
     0     0   39.52008    0  366   21.00000   39.52008  88.2%     -  291s
     0     0   39.51995    0  365   21.00000   39.51995  88.2%     -  293s
     0     0   37.53966    0  391   21.00000   37.53966  78.8%     -  402s
H    0     0                      23.0000000   37.53966  63.2%     -  404s
     0     0   37.15647    0  397   23.00000   37.15647  61.5%     -  433s
     0     0   37.05990    0  408   23.00000   37.05990  61.1%     -  446s
     0     0   37.02503    0  408   23.00000   37.02503  61.0%     -  455s
     0     0   37.00624    0  422   23.00000   37.00624  60.9%     -  462s
     0     0   36.99923    0  432   23.00000   36.99923  60.9%     -  466s
     0     0   36.99483    0  422   23.00000   36.99483  60.8%     -  471s
     0     0   36.99210    0  422   23.00000   36.99210  60.8%     -  473s
     0     0   36.99176    0  422   23.00000   36.99176  60.8%     -  476s
     0     0   35.80031    0  403   23.00000   35.80031  55.7%     -  558s
     0     0   35.60574    0  404   23.00000   35.60574  54.8%     -  580s
     0     0   35.50418    0  409   23.00000   35.50418  54.4%     -  595s
     0     0   35.47577    0  414   23.00000   35.47577  54.2%     -  601s
     0     0   35.45256    0  435   23.00000   35.45256  54.1%     -  607s
     0     0   35.43756    0  429   23.00000   35.43756  54.1%     -  613s
     0     0   35.43328    0  434   23.00000   35.43328  54.1%     -  618s
     0     0   35.43240    0  448   23.00000   35.43240  54.1%     -  620s
     0     0   35.15550    0  430   23.00000   35.15550  52.9%     -  659s
     0     0   35.07374    0  434   23.00000   35.07374  52.5%     -  678s
     0     0   35.02859    0  457   23.00000   35.02859  52.3%     -  688s
     0     0   35.00871    0  457   23.00000   35.00871  52.2%     -  695s
     0     0   34.99794    0  470   23.00000   34.99794  52.2%     -  702s
     0     0   34.99347    0  470   23.00000   34.99347  52.1%     -  706s
     0     0   34.99191    0  470   23.00000   34.99191  52.1%     -  709s
     0     0   34.99098    0  469   23.00000   34.99098  52.1%     -  712s
     0     0   34.81069    0  443   23.00000   34.81069  51.4%     -  747s
     0     0   34.71192    0  455   23.00000   34.71192  50.9%     -  768s
     0     0   34.68742    0  476   23.00000   34.68742  50.8%     -  778s
     0     0   34.67880    0  471   23.00000   34.67880  50.8%     -  783s
     0     0   34.67450    0  473   23.00000   34.67450  50.8%     -  788s
     0     0   34.67255    0  476   23.00000   34.67255  50.8%     -  791s
     0     0   34.67140    0  487   23.00000   34.67140  50.7%     -  794s
     0     0   34.66985    0  485   23.00000   34.66985  50.7%     -  798s
     0     0   34.66952    0  487   23.00000   34.66952  50.7%     -  800s
     0     0   34.60991    0  451   23.00000   34.60991  50.5%     -  821s
     0     0   34.56418    0  458   23.00000   34.56418  50.3%     -  835s
     0     0   34.54947    0  464   23.00000   34.54947  50.2%     -  842s
     0     0   34.54622    0  475   23.00000   34.54622  50.2%     -  845s
     0     0   34.54322    0  469   23.00000   34.54322  50.2%     -  848s
     0     0   34.54221    0  481   23.00000   34.54221  50.2%     -  851s
     0     0   34.50919    0  492   23.00000   34.50919  50.0%     -  872s
H    0     0                      24.0000000   34.50919  43.8%     -  873s
H    0     0                      26.0000000   34.50919  32.7%     -  874s
     0     0   34.49488    0  489   26.00000   34.49488  32.7%     -  882s
     0     0   34.49024    0  503   26.00000   34.49024  32.7%     -  886s
     0     0   34.48884    0  507   26.00000   34.48884  32.6%     -  889s
     0     0   34.48738    0  501   26.00000   34.48738  32.6%     -  892s
     0     0   34.48677    0  492   26.00000   34.48677  32.6%     -  895s
     0     0   34.47138    0  485   26.00000   34.47138  32.6%     -  910s
     0     0   34.45478    0  503   26.00000   34.45478  32.5%     -  921s
     0     0   34.44985    0  505   26.00000   34.44985  32.5%     -  926s
     0     0   34.44617    0  503   26.00000   34.44617  32.5%     -  930s
     0     0   34.44500    0  505   26.00000   34.44500  32.5%     -  933s
     0     0   34.44453    0  512   26.00000   34.44453  32.5%     -  935s
     0     0   34.43130    0  485   26.00000   34.43130  32.4%     -  950s
H    0     0                      27.0000000   34.43130  27.5%     -  953s
     0     0   34.42197    0  492   27.00000   34.42197  27.5%     -  958s
     0     0   34.41557    0  511   27.00000   34.41557  27.5%     -  962s
     0     0   34.41335    0  508   27.00000   34.41335  27.5%     -  966s
     0     0   34.41253    0  514   27.00000   34.41253  27.5%     -  969s
     0     0   34.38536    0  492   27.00000   34.38536  27.4%     -  988s
     0     0   34.37065    0  499   27.00000   34.37065  27.3%     -  997s
     0     0   34.36784    0  507   27.00000   34.36784  27.3%     - 1001s
     0     0   34.36426    0  506   27.00000   34.36426  27.3%     - 1006s
     0     0   34.36366    0  510   27.00000   34.36366  27.3%     - 1009s
     0     0   34.31303    0  481   27.00000   34.31303  27.1%     - 1032s
     0     0   34.29733    0  498   27.00000   34.29733  27.0%     - 1042s
     0     0   34.29306    0  496   27.00000   34.29306  27.0%     - 1047s
     0     0   34.28935    0  494   27.00000   34.28935  27.0%     - 1051s
     0     0   34.28804    0  499   27.00000   34.28804  27.0%     - 1054s
     0     0   34.28764    0  505   27.00000   34.28764  27.0%     - 1057s
     0     0   34.26661    0  481   27.00000   34.26661  26.9%     - 1076s
     0     0   34.25175    0  495   27.00000   34.25175  26.9%     - 1086s
     0     0   34.24752    0  494   27.00000   34.24752  26.8%     - 1091s
     0     0   34.24635    0  499   27.00000   34.24635  26.8%     - 1095s
     0     0   34.23246    0  495   27.00000   34.23246  26.8%     - 1112s
     0     0   34.22710    0  488   27.00000   34.22710  26.8%     - 1121s
     0     0   34.22289    0  488   27.00000   34.22289  26.8%     - 1126s
     0     0   34.22205    0  482   27.00000   34.22205  26.7%     - 1128s
     0     0   34.21540    0  488   27.00000   34.21540  26.7%     - 1142s
     0     0   34.21212    0  497   27.00000   34.21212  26.7%     - 1149s
     0     0   34.21078    0  494   27.00000   34.21078  26.7%     - 1152s
     0     0   34.20985    0  496   27.00000   34.20985  26.7%     - 1155s
     0     0   34.20075    0  498   27.00000   34.20075  26.7%     - 1172s
     0     0   34.19351    0  507   27.00000   34.19351  26.6%     - 1179s
     0     0   34.19062    0  519   27.00000   34.19062  26.6%     - 1183s
     0     0   34.18971    0  507   27.00000   34.18971  26.6%     - 1186s
     0     0   34.18268    0  490   27.00000   34.18268  26.6%     - 1203s
     0     0   34.17847    0  490   27.00000   34.17847  26.6%     - 1210s
     0     0   34.17463    0  504   27.00000   34.17463  26.6%     - 1215s
     0     0   34.17329    0  493   27.00000   34.17329  26.6%     - 1218s
     0     0   34.17245    0  515   27.00000   34.17245  26.6%     - 1221s
     0     0   34.16555    0  497   27.00000   34.16555  26.5%     - 1237s
     0     0   34.16077    0  492   27.00000   34.16077  26.5%     - 1246s
     0     0   34.15839    0  512   27.00000   34.15839  26.5%     - 1251s
     0     0   34.15813    0  510   27.00000   34.15813  26.5%     - 1253s
     0     0   34.15706    0  451   27.00000   34.15706  26.5%     - 1266s
     0     0   34.15607    0  475   27.00000   34.15607  26.5%     - 1271s
     0     0   34.15023    0  488   27.00000   34.15023  26.5%     - 1285s
     0     0   34.15023    0  472   27.00000   34.15023  26.5%     - 1293s
     0     2   34.15023    0  469   27.00000   34.15023  26.5%     - 1479s
     1     4   34.02397    1  449   27.00000   34.14630  26.5%   777 1537s
     3     8   33.81523    2  421   27.00000   33.97957  25.9%   770 1622s
     7    12   33.59192    3  427   27.00000   33.80888  25.2%   749 1709s
    11    16   32.29362    3  410   27.00000   33.58377  24.4%  1007 1768s

Cutting planes:
  Gomory: 2
  Cover: 3
  MIR: 138
  Zero half: 123
  RLT: 43
  BQP: 144

Explored 15 nodes (137738 simplex iterations) in 1800.58 seconds
Thread count was 8 (of 8 available processors)

Solution count 8: 27 26 24 ... 6

Time limit reached
Best objective 2.700000000000e+01, best bound 3.300000000000e+01, gap 22.2222%
