
Gurobi 9.1.2 (win64, Java) logging started Sun Dec 19 06:35:55 2021

Academic license - for non-commercial use only - expires 2022-09-02
Gurobi Optimizer version 9.1.2 build v9.1.2rc0 (win64)
Thread count: 4 physical cores, 8 logical processors, using up to 8 threads
Optimize a model with 98050 rows, 250 columns and 294250 nonzeros
Model fingerprint: 0x0d526dfe
Variable types: 0 continuous, 250 integer (250 binary)
Coefficient statistics:
  Matrix range     [1e+00, 1e+00]
  Objective range  [1e+00, 1e+00]
  Bounds range     [1e+00, 1e+00]
  RHS range        [1e+00, 1e+00]
Found heuristic solution: objective 10.0000000
Presolve time: 0.28s
Presolved: 98050 rows, 250 columns, 294250 nonzeros
Variable types: 0 continuous, 250 integer (250 binary)

Starting sifting (using dual simplex for sub-problems)...

    Iter     Pivots    Primal Obj      Dual Obj        Time
       0         50    -infinity     -1.0000000e+01      1s
       1        219  -4.5001557e+01  -2.7506041e+01      1s
       2        771  -2.8257811e+01  -2.8257366e+01      1s

Sifting complete


Root relaxation: objective 2.825000e+01, 989 iterations, 0.28 seconds

    Nodes    |    Current Node    |     Objective Bounds      |     Work
 Expl Unexpl |  Obj  Depth IntInf | Incumbent    BestBd   Gap | It/Node Time

     0     0   28.25000    0  100   10.00000   28.25000   182%     -    1s
H    0     0                      12.0000000   28.25000   135%     -    1s
H    0     0                      15.0000000   28.25000  88.3%     -    1s
H    0     0                      16.0000000   28.25000  76.6%     -    1s
     0     0   25.80690    0  161   16.00000   25.80690  61.3%     -    3s
H    0     0                      18.0000000   25.80690  43.4%     -    3s
     0     0   25.80066    0  161   18.00000   25.80066  43.3%     -    3s
     0     0   25.80049    0  161   18.00000   25.80049  43.3%     -    3s
     0     0   24.76132    0  161   18.00000   24.76132  37.6%     -    5s
H    0     0                      19.0000000   24.76132  30.3%     -    6s
     0     0   24.53106    0  161   19.00000   24.53106  29.1%     -    6s
     0     0   24.47384    0  166   19.00000   24.47384  28.8%     -    6s
     0     0   24.46354    0  167   19.00000   24.46354  28.8%     -    6s
     0     0   24.43681    0  169   19.00000   24.43681  28.6%     -    7s
     0     0   24.43280    0  167   19.00000   24.43280  28.6%     -    7s
     0     0   24.43269    0  170   19.00000   24.43269  28.6%     -    7s
     0     0   23.69035    0  168   19.00000   23.69035  24.7%     -    9s
     0     0   23.57531    0  177   19.00000   23.57531  24.1%     -   10s
     0     0   23.54488    0  183   19.00000   23.54488  23.9%     -   10s
     0     0   23.53040    0  185   19.00000   23.53040  23.8%     -   10s
     0     0   23.52341    0  186   19.00000   23.52341  23.8%     -   10s
     0     0   23.51993    0  186   19.00000   23.51993  23.8%     -   11s
     0     0   23.51805    0  183   19.00000   23.51805  23.8%     -   11s
     0     0   23.51662    0  180   19.00000   23.51662  23.8%     -   11s
     0     0   23.51637    0  181   19.00000   23.51637  23.8%     -   11s
     0     0   23.29369    0  183   19.00000   23.29369  22.6%     -   13s
     0     0   23.23853    0  172   19.00000   23.23853  22.3%     -   13s
     0     0   23.19658    0  181   19.00000   23.19658  22.1%     -   13s
     0     0   23.16494    0  182   19.00000   23.16494  21.9%     -   14s
     0     0   23.15432    0  183   19.00000   23.15432  21.9%     -   14s
     0     0   23.14844    0  187   19.00000   23.14844  21.8%     -   14s
     0     0   23.14509    0  183   19.00000   23.14509  21.8%     -   14s
     0     0   23.14419    0  184   19.00000   23.14419  21.8%     -   14s
     0     0   23.14394    0  186   19.00000   23.14394  21.8%     -   15s
     0     0   23.01672    0  180   19.00000   23.01672  21.1%     -   16s
     0     0   22.97605    0  183   19.00000   22.97605  20.9%     -   17s
     0     0   22.94680    0  182   19.00000   22.94680  20.8%     -   17s
     0     0   22.94163    0  188   19.00000   22.94163  20.7%     -   17s
     0     0   22.93947    0  190   19.00000   22.93947  20.7%     -   17s
     0     0   22.93748    0  188   19.00000   22.93748  20.7%     -   18s
     0     0   22.93726    0  190   19.00000   22.93726  20.7%     -   18s
     0     0   22.86891    0  179   19.00000   22.86891  20.4%     -   19s
     0     0   22.83463    0  176   19.00000   22.83463  20.2%     -   20s
     0     0   22.82655    0  182   19.00000   22.82655  20.1%     -   20s
     0     0   22.82314    0  178   19.00000   22.82314  20.1%     -   20s
     0     0   22.82293    0  178   19.00000   22.82293  20.1%     -   20s
     0     0   22.81375    0  171   19.00000   22.81375  20.1%     -   21s
     0     0   22.80595    0  179   19.00000   22.80595  20.0%     -   21s
     0     0   22.80078    0  181   19.00000   22.80078  20.0%     -   22s
     0     0   22.80039    0  184   19.00000   22.80039  20.0%     -   22s
     0     0   22.79642    0  176   19.00000   22.79642  20.0%     -   23s
     0     0   22.79555    0  175   19.00000   22.79555  20.0%     -   23s
     0     0   22.79520    0  177   19.00000   22.79520  20.0%     -   23s
     0     0   22.79269    0  176   19.00000   22.79269  20.0%     -   25s
     0     0   22.79162    0  179   19.00000   22.79162  20.0%     -   25s
     0     0   22.79108    0  175   19.00000   22.79108  20.0%     -   25s
     0     0   22.79044    0  176   19.00000   22.79044  19.9%     -   26s
     0     0   22.79037    0  179   19.00000   22.79037  19.9%     -   26s
     0     0   22.78938    0  173   19.00000   22.78938  19.9%     -   28s
     0     0   22.78938    0  160   19.00000   22.78938  19.9%     -   28s
     0     2   22.78938    0  153   19.00000   22.78938  19.9%     -   31s
    11    13   22.39048    3  156   19.00000   22.39048  17.8%   182   36s
*   17    15               4      20.0000000   22.32628  11.6%   215   36s
H   30    13                      21.0000000   22.32628  6.32%   170   38s

Cutting planes:
  MIR: 209
  Zero half: 83
  RLT: 64
  BQP: 46

Explored 41 nodes (10790 simplex iterations) in 39.25 seconds
Thread count was 8 (of 8 available processors)

Solution count 8: 21 20 19 ... 10

Optimal solution found (tolerance 1.00e-04)
Best objective 2.100000000000e+01, best bound 2.100000000000e+01, gap 0.0000%
