
Gurobi 9.1.2 (win64, Java) logging started Sun Dec 19 06:34:37 2021

Academic license - for non-commercial use only - expires 2022-09-02
Gurobi Optimizer version 9.1.2 build v9.1.2rc0 (win64)
Thread count: 4 physical cores, 8 logical processors, using up to 8 threads
Optimize a model with 70995 rows, 225 columns and 213075 nonzeros
Model fingerprint: 0x0118a75d
Variable types: 0 continuous, 225 integer (225 binary)
Coefficient statistics:
  Matrix range     [1e+00, 1e+00]
  Objective range  [1e+00, 1e+00]
  Bounds range     [1e+00, 1e+00]
  RHS range        [1e+00, 1e+00]
Found heuristic solution: objective 7.0000000
Presolve time: 0.21s
Presolved: 70995 rows, 225 columns, 213075 nonzeros
Variable types: 0 continuous, 225 integer (225 binary)

Starting sifting (using dual simplex for sub-problems)...

    Iter     Pivots    Primal Obj      Dual Obj        Time
       0         45    -infinity     -8.0000000e+00      0s
       1        174  -4.1001505e+01  -2.4505708e+01      0s
       2        359  -2.7007446e+01  -2.5221376e+01      0s
       3        541  -2.7007446e+01  -2.6135644e+01      0s
       4        735  -2.7007423e+01  -2.6421361e+01      1s
       5        852  -2.7007423e+01  -2.6999728e+01      1s

Sifting complete


Root relaxation: objective 2.700000e+01, 966 iterations, 0.24 seconds

    Nodes    |    Current Node    |     Objective Bounds      |     Work
 Expl Unexpl |  Obj  Depth IntInf | Incumbent    BestBd   Gap | It/Node Time

*    0     0               0      27.0000000   27.00000  0.00%     -    1s

Explored 0 nodes (1242 simplex iterations) in 1.26 seconds
Thread count was 8 (of 8 available processors)

Solution count 2: 27 7 

Optimal solution found (tolerance 1.00e-04)
Best objective 2.700000000000e+01, best bound 2.700000000000e+01, gap 0.0000%
