
Gurobi 9.1.2 (win64, Java) logging started Sun Dec 19 07:18:05 2021

Academic license - for non-commercial use only - expires 2022-09-02
Gurobi Optimizer version 9.1.2 build v9.1.2rc0 (win64)
Thread count: 4 physical cores, 8 logical processors, using up to 8 threads
Optimize a model with 547470 rows, 700 columns and 1642900 nonzeros
Model fingerprint: 0xb42f28ac
Variable types: 0 continuous, 700 integer (700 binary)
Coefficient statistics:
  Matrix range     [1e+00, 1e+00]
  Objective range  [1e+00, 1e+00]
  Bounds range     [1e+00, 1e+00]
  RHS range        [1e+00, 1e+00]
Found heuristic solution: objective 7.0000000
Presolve time: 2.46s
Presolved: 547470 rows, 700 columns, 1642900 nonzeros
Variable types: 0 continuous, 700 integer (700 binary)

Root simplex log...

Iteration    Objective       Primal Inf.    Dual Inf.      Time
   10697    4.0278269e+01   0.000000e+00   3.421332e+05      5s
   28196    3.7500000e+01   0.000000e+00   0.000000e+00      6s
   28196    3.7500000e+01   0.000000e+00   0.000000e+00      7s

Root relaxation: objective 3.750000e+01, 28196 iterations, 3.56 seconds
Total elapsed time = 11.36s

    Nodes    |    Current Node    |     Objective Bounds      |     Work
 Expl Unexpl |  Obj  Depth IntInf | Incumbent    BestBd   Gap | It/Node Time

     0     0   37.50000    0  140    7.00000   37.50000   436%     -   12s
H    0     0                      18.0000000   37.50000   108%     -   12s
H    0     0                      20.0000000   37.50000  87.5%     -   13s
     0     0   35.33152    0  218   20.00000   35.33152  76.7%     -   39s
H    0     0                      24.0000000   35.33152  47.2%     -   41s
     0     0   35.31434    0  214   24.00000   35.31434  47.1%     -   42s
     0     0   35.31366    0  216   24.00000   35.31366  47.1%     -   43s
     0     0   35.31366    0  216   24.00000   35.31366  47.1%     -   44s
     0     0   33.02716    0  277   24.00000   33.02716  37.6%     -   70s
     0     0   32.69627    0  267   24.00000   32.69627  36.2%     -   79s
     0     0   32.62772    0  268   24.00000   32.62772  35.9%     -   81s
     0     0   32.59850    0  264   24.00000   32.59850  35.8%     -   84s
     0     0   32.55240    0  271   24.00000   32.55240  35.6%     -   86s
     0     0   32.53030    0  269   24.00000   32.53030  35.5%     -   88s
     0     0   32.52868    0  272   24.00000   32.52868  35.5%     -   89s
     0     0   32.52817    0  274   24.00000   32.52817  35.5%     -   90s
     0     0   32.52782    0  276   24.00000   32.52782  35.5%     -   91s
     0     0   30.88688    0  293   24.00000   30.88688  28.7%     -  122s
H    0     0                      25.0000000   30.88688  23.5%     -  123s
     0     0   30.63410    0  304   25.00000   30.63410  22.5%     -  130s
     0     0   30.52724    0  305   25.00000   30.52724  22.1%     -  135s
     0     0   30.49749    0  311   25.00000   30.49749  22.0%     -  138s
     0     0   30.47117    0  310   25.00000   30.47117  21.9%     -  140s
     0     0   30.46308    0  311   25.00000   30.46308  21.9%     -  142s
     0     0   30.46094    0  306   25.00000   30.46094  21.8%     -  144s
     0     0   30.46035    0  309   25.00000   30.46035  21.8%     -  145s
     0     0   29.76250    0  314   25.00000   29.76250  19.0%     -  165s
     0     0   29.47881    0  326   25.00000   29.47881  17.9%     -  175s
     0     0   29.40008    0  324   25.00000   29.40008  17.6%     -  181s
     0     0   29.37821    0  327   25.00000   29.37821  17.5%     -  183s
     0     0   29.36116    0  329   25.00000   29.36116  17.4%     -  186s
     0     0   29.35516    0  329   25.00000   29.35516  17.4%     -  188s
     0     0   29.35468    0  334   25.00000   29.35468  17.4%     -  189s
     0     0   29.22122    0  336   25.00000   29.22122  16.9%     -  197s
     0     0   29.18862    0  341   25.00000   29.18862  16.8%     -  201s
     0     0   29.16805    0  341   25.00000   29.16805  16.7%     -  203s
     0     0   29.15960    0  337   25.00000   29.15960  16.6%     -  205s
     0     0   29.15021    0  337   25.00000   29.15021  16.6%     -  206s
     0     0   29.14558    0  338   25.00000   29.14558  16.6%     -  208s
     0     0   29.14497    0  343   25.00000   29.14497  16.6%     -  209s
     0     0   29.03969    0  341   25.00000   29.03969  16.2%     -  219s
     0     0   29.01843    0  349   25.00000   29.01843  16.1%     -  223s
     0     0   29.00758    0  353   25.00000   29.00758  16.0%     -  225s
     0     0   29.00357    0  349   25.00000   29.00357  16.0%     -  226s
     0     0   29.00163    0  357   25.00000   29.00163  16.0%     -  227s
     0     0   29.00054    0  349   25.00000   29.00054  16.0%     -  228s
     0     0   28.99982    0  363   25.00000   28.99982  16.0%     -  229s
     0     0   28.95794    0  351   25.00000   28.95794  15.8%     -  237s
     0     0   28.94388    0  351   25.00000   28.94388  15.8%     -  240s
     0     0   28.93909    0  352   25.00000   28.93909  15.8%     -  242s
     0     0   28.93129    0  362   25.00000   28.93129  15.7%     -  244s
     0     0   28.92930    0  368   25.00000   28.92930  15.7%     -  245s
     0     0   28.92895    0  372   25.00000   28.92895  15.7%     -  246s
     0     0   28.91568    0  335   25.00000   28.91568  15.7%     -  254s
     0     0   28.90991    0  354   25.00000   28.90991  15.6%     -  257s
     0     0   28.90649    0  365   25.00000   28.90649  15.6%     -  259s
     0     0   28.90055    0  346   25.00000   28.90055  15.6%     -  261s
     0     0   28.89875    0  369   25.00000   28.89875  15.6%     -  262s
     0     0   28.89817    0  354   25.00000   28.89817  15.6%     -  263s
     0     0   28.86995    0  346   25.00000   28.86995  15.5%     -  271s
H    0     0                      26.0000000   28.86995  11.0%     -  272s
     0     0   28.85433    0  342   26.00000   28.85433  11.0%     -  274s
     0     0   28.84803    0  346   26.00000   28.84803  11.0%     -  276s
     0     0   28.84491    0  342   26.00000   28.84491  10.9%     -  277s
     0     0   28.84466    0  344   26.00000   28.84466  10.9%     -  278s
     0     0   28.82199    0  333   26.00000   28.82199  10.9%     -  286s
     0     0   28.81054    0  333   26.00000   28.81054  10.8%     -  289s
     0     0   28.80590    0  347   26.00000   28.80590  10.8%     -  291s
     0     0   28.80369    0  339   26.00000   28.80369  10.8%     -  292s
     0     0   28.80292    0  350   26.00000   28.80292  10.8%     -  293s
     0     0   28.79050    0  337   26.00000   28.79050  10.7%     -  301s
     0     0   28.77876    0  369   26.00000   28.77876  10.7%     -  304s
     0     0   28.77349    0  378   26.00000   28.77349  10.7%     -  307s
     0     0   28.77227    0  367   26.00000   28.77227  10.7%     -  308s
     0     0   28.77138    0  361   26.00000   28.77138  10.7%     -  310s
     0     0   28.77089    0  354   26.00000   28.77089  10.7%     -  311s
     0     0   28.75195    0  349   26.00000   28.75195  10.6%     -  319s
     0     0   28.74073    0  332   26.00000   28.74073  10.5%     -  322s
     0     0   28.73738    0  356   26.00000   28.73738  10.5%     -  323s
     0     0   28.73613    0  347   26.00000   28.73613  10.5%     -  324s
     0     0   28.73487    0  345   26.00000   28.73487  10.5%     -  326s
     0     0   28.73481    0  348   26.00000   28.73481  10.5%     -  327s
     0     0   28.72403    0  336   26.00000   28.72403  10.5%     -  334s
     0     0   28.71551    0  345   26.00000   28.71551  10.4%     -  337s
     0     0   28.71013    0  354   26.00000   28.71013  10.4%     -  340s
     0     0   28.70937    0  356   26.00000   28.70937  10.4%     -  341s
     0     0   28.69734    0  332   26.00000   28.69734  10.4%     -  349s
     0     0   28.69230    0  340   26.00000   28.69230  10.4%     -  351s
     0     0   28.68802    0  345   26.00000   28.68802  10.3%     -  353s
     0     0   28.68537    0  349   26.00000   28.68537  10.3%     -  354s
     0     0   28.68434    0  330   26.00000   28.68434  10.3%     -  356s
     0     0   28.68356    0  350   26.00000   28.68356  10.3%     -  357s
     0     0   28.67386    0  335   26.00000   28.67386  10.3%     -  364s
     0     0   28.67223    0  326   26.00000   28.67223  10.3%     -  366s
     0     0   28.67057    0  342   26.00000   28.67057  10.3%     -  368s
     0     0   28.66989    0  339   26.00000   28.66989  10.3%     -  369s
     0     0   28.65402    0  326   26.00000   28.65402  10.2%     -  377s
     0     0   28.65125    0  338   26.00000   28.65125  10.2%     -  380s
     0     0   28.65050    0  364   26.00000   28.65050  10.2%     -  381s
     0     0   28.64280    0  343   26.00000   28.64280  10.2%     -  390s
     0     0   28.63742    0  335   26.00000   28.63742  10.1%     -  393s
     0     0   28.63414    0  361   26.00000   28.63414  10.1%     -  395s
     0     0   28.63329    0  372   26.00000   28.63329  10.1%     -  396s
     0     0   28.63142    0  350   26.00000   28.63142  10.1%     -  403s
     0     0   28.62815    0  338   26.00000   28.62815  10.1%     -  405s
     0     0   28.62741    0  350   26.00000   28.62741  10.1%     -  406s
     0     0   28.62245    0  354   26.00000   28.62245  10.1%     -  413s
     0     0   28.62064    0  363   26.00000   28.62064  10.1%     -  415s
     0     0   28.62027    0  353   26.00000   28.62027  10.1%     -  416s
     0     0   28.61426    0  351   26.00000   28.61426  10.1%     -  423s
     0     0   28.61426    0  335   26.00000   28.61426  10.1%     -  427s
     0     2   28.61426    0  332   26.00000   28.61426  10.1%     -  476s
     1     4   28.55221    1  324   26.00000   28.61404  10.1%   298  485s
     3     8   28.35418    2  338   26.00000   28.55189  9.81%   391  523s
     7    12   28.04558    3  279   26.00000   28.35290  9.05%   652  555s
    11    14   27.76578    4  284   26.00000   28.35290  9.05%   657  578s
    15    14   27.26662    4  242   26.00000   28.35290  9.05%   824  593s
    19    12     cutoff    5        26.00000   28.35290  9.05%   713  608s
    23    13     cutoff    5        26.00000   28.35290  9.05%   688  632s
    29    14   27.18660    6  261   26.00000   28.35290  9.05%   624  652s
    35    10     cutoff    7        26.00000   28.35290  9.05%   594  662s
    43    11   27.05890    6  234   26.00000   28.35290  9.05%   511  684s
    50    12     cutoff    7        26.00000   28.19176  8.43%   464  705s
    57    11   28.04038    4  307   26.00000   28.18556  8.41%   464  718s
    61     8   27.75815    5  306   26.00000   28.18556  8.41%   465  737s
    68     9   27.30336    5  265   26.00000   28.18556  8.41%   453  774s
    73     9     cutoff    6        26.00000   28.18556  8.41%   500  792s
    77     9   27.25718    4  259   26.00000   27.87296  7.20%   501  822s
    82     4   27.12810    5  260   26.00000   27.87296  7.20%   486  835s
    89     1     cutoff    5        26.00000   27.87296  7.20%   461  841s
    92     2   27.42953    3  306   26.00000   27.42953  5.50%   455  854s
    93     2   27.10467    4  283   26.00000   27.42679  5.49%   455  861s

Cutting planes:
  Gomory: 1
  Cover: 2
  MIR: 180
  Zero half: 134
  RLT: 40
  BQP: 161

Explored 97 nodes (94802 simplex iterations) in 862.08 seconds
Thread count was 8 (of 8 available processors)

Solution count 6: 26 25 24 ... 7

Optimal solution found (tolerance 1.00e-04)
Best objective 2.600000000000e+01, best bound 2.600000000000e+01, gap 0.0000%
