
Gurobi 9.1.2 (win64, Java) logging started Sun Dec 19 06:46:45 2021

Academic license - for non-commercial use only - expires 2022-09-02
Gurobi Optimizer version 9.1.2 build v9.1.2rc0 (win64)
Thread count: 4 physical cores, 8 logical processors, using up to 8 threads
Optimize a model with 342260 rows, 600 columns and 1027200 nonzeros
Model fingerprint: 0x86125e62
Variable types: 0 continuous, 600 integer (600 binary)
Coefficient statistics:
  Matrix range     [1e+00, 1e+00]
  Objective range  [1e+00, 1e+00]
  Bounds range     [1e+00, 1e+00]
  RHS range        [1e+00, 1e+00]
Found heuristic solution: objective 6.0000000
Presolve time: 1.33s
Presolved: 342260 rows, 600 columns, 1027200 nonzeros
Variable types: 0 continuous, 600 integer (600 binary)

Root relaxation: objective 3.300000e+01, 15482 iterations, 1.83 seconds
Total elapsed time = 5.06s

    Nodes    |    Current Node    |     Objective Bounds      |     Work
 Expl Unexpl |  Obj  Depth IntInf | Incumbent    BestBd   Gap | It/Node Time

     0     0   33.00000    0  118    6.00000   33.00000   450%     -    5s
H    0     0                      15.0000000   33.00000   120%     -    5s
H    0     0                      18.0000000   33.00000  83.3%     -    5s
     0     0   31.15441    0  190   18.00000   31.15441  73.1%     -   16s
     0     0   31.11451    0  209   18.00000   31.11451  72.9%     -   17s
     0     0   31.10714    0  198   18.00000   31.10714  72.8%     -   18s
     0     0   31.10704    0  198   18.00000   31.10704  72.8%     -   18s
     0     0   29.26725    0  197   18.00000   29.26725  62.6%     -   27s
H    0     0                      20.0000000   29.26725  46.3%     -   27s
     0     0   28.93104    0  196   20.00000   28.93104  44.7%     -   29s
     0     0   28.84248    0  203   20.00000   28.84248  44.2%     -   30s
     0     0   28.82472    0  199   20.00000   28.82472  44.1%     -   31s
     0     0   28.82316    0  204   20.00000   28.82316  44.1%     -   32s
     0     0   28.81927    0  204   20.00000   28.81927  44.1%     -   32s
     0     0   28.81804    0  205   20.00000   28.81804  44.1%     -   33s
     0     0   28.81774    0  208   20.00000   28.81774  44.1%     -   33s
     0     0   27.68257    0  225   20.00000   27.68257  38.4%     -   41s
     0     0   27.48820    0  238   20.00000   27.48820  37.4%     -   43s
     0     0   27.46637    0  243   20.00000   27.46637  37.3%     -   44s
     0     0   27.46154    0  248   20.00000   27.46154  37.3%     -   45s
     0     0   27.44243    0  249   20.00000   27.44243  37.2%     -   45s
     0     0   27.43366    0  243   20.00000   27.43366  37.2%     -   46s
     0     0   27.43115    0  246   20.00000   27.43115  37.2%     -   47s
     0     0   27.43000    0  246   20.00000   27.43000  37.2%     -   47s
     0     0   27.42986    0  247   20.00000   27.42986  37.1%     -   48s
     0     0   26.83929    0  231   20.00000   26.83929  34.2%     -   53s
     0     0   26.78146    0  234   20.00000   26.78146  33.9%     -   55s
     0     0   26.76583    0  242   20.00000   26.76583  33.8%     -   56s
     0     0   26.75989    0  236   20.00000   26.75989  33.8%     -   57s
     0     0   26.75334    0  242   20.00000   26.75334  33.8%     -   58s
     0     0   26.75193    0  237   20.00000   26.75193  33.8%     -   58s
     0     0   26.75141    0  246   20.00000   26.75141  33.8%     -   59s
     0     0   26.58542    0  236   20.00000   26.58542  32.9%     -   63s
H    0     0                      21.0000000   26.58542  26.6%     -   64s
     0     0   26.49048    0  234   21.00000   26.49048  26.1%     -   66s
     0     0   26.44965    0  248   21.00000   26.44965  26.0%     -   67s
     0     0   26.43019    0  251   21.00000   26.43019  25.9%     -   68s
     0     0   26.42314    0  249   21.00000   26.42314  25.8%     -   69s
     0     0   26.41607    0  260   21.00000   26.41607  25.8%     -   69s
     0     0   26.41553    0  261   21.00000   26.41553  25.8%     -   70s
     0     0   26.33842    0  233   21.00000   26.33842  25.4%     -   74s
     0     0   26.27010    0  241   21.00000   26.27010  25.1%     -   76s
     0     0   26.25110    0  248   21.00000   26.25110  25.0%     -   77s
     0     0   26.23505    0  258   21.00000   26.23505  24.9%     -   78s
     0     0   26.23131    0  243   21.00000   26.23131  24.9%     -   78s
     0     0   26.22956    0  250   21.00000   26.22956  24.9%     -   79s
     0     0   26.22834    0  256   21.00000   26.22834  24.9%     -   80s
     0     0   26.22739    0  250   21.00000   26.22739  24.9%     -   80s
     0     0   26.22702    0  249   21.00000   26.22702  24.9%     -   81s
     0     0   26.15105    0  249   21.00000   26.15105  24.5%     -   84s
     0     0   26.13682    0  249   21.00000   26.13682  24.5%     -   86s
     0     0   26.13346    0  250   21.00000   26.13346  24.4%     -   87s
     0     0   26.13057    0  247   21.00000   26.13057  24.4%     -   87s
     0     0   26.12900    0  246   21.00000   26.12900  24.4%     -   88s
     0     0   26.12840    0  252   21.00000   26.12840  24.4%     -   88s
     0     0   26.11914    0  250   21.00000   26.11914  24.4%     -   92s
     0     0   26.09609    0  225   21.00000   26.09609  24.3%     -   93s
     0     0   26.09174    0  241   21.00000   26.09174  24.2%     -   94s
     0     0   26.08762    0  251   21.00000   26.08762  24.2%     -   95s
     0     0   26.08678    0  252   21.00000   26.08678  24.2%     -   95s
     0     0   26.08674    0  242   21.00000   26.08674  24.2%     -   96s
     0     0   26.04754    0  243   21.00000   26.04754  24.0%     -   99s
H    0     0                      22.0000000   26.04754  18.4%     -   99s
     0     0   26.04035    0  248   22.00000   26.04035  18.4%     -  100s
     0     0   26.03110    0  238   22.00000   26.03110  18.3%     -  101s
     0     0   26.02789    0  235   22.00000   26.02789  18.3%     -  102s
     0     0   26.02478    0  232   22.00000   26.02478  18.3%     -  102s
     0     0   26.02478    0  232   22.00000   26.02478  18.3%     -  103s
     0     0   25.97531    0  224   22.00000   25.97531  18.1%     -  106s
     0     0   25.96397    0  234   22.00000   25.96397  18.0%     -  107s
     0     0   25.95743    0  237   22.00000   25.95743  18.0%     -  108s
     0     0   25.95697    0  235   22.00000   25.95697  18.0%     -  108s
     0     0   25.95330    0  228   22.00000   25.95330  18.0%     -  111s
     0     0   25.94993    0  230   22.00000   25.94993  18.0%     -  112s
     0     0   25.94987    0  229   22.00000   25.94987  18.0%     -  113s
     0     0   25.94787    0  221   22.00000   25.94787  17.9%     -  116s
     0     0   25.94322    0  246   22.00000   25.94322  17.9%     -  117s
     0     0   25.94279    0  235   22.00000   25.94279  17.9%     -  117s
     0     0   25.92322    0  225   22.00000   25.92322  17.8%     -  121s
     0     0   25.90941    0  206   22.00000   25.90941  17.8%     -  122s
     0     0   25.90675    0  225   22.00000   25.90675  17.8%     -  123s
     0     0   25.90565    0  231   22.00000   25.90565  17.8%     -  123s
     0     0   25.90522    0  220   22.00000   25.90522  17.8%     -  124s
     0     0   25.89644    0  201   22.00000   25.89644  17.7%     -  127s
     0     0   25.89617    0  210   22.00000   25.89617  17.7%     -  128s
     0     0   25.89529    0  206   22.00000   25.89529  17.7%     -  131s
     0     0   25.89420    0  207   22.00000   25.89420  17.7%     -  131s
     0     0   25.89375    0  212   22.00000   25.89375  17.7%     -  132s
     0     0   25.89110    0  223   22.00000   25.89110  17.7%     -  135s
     0     0   25.89016    0  218   22.00000   25.89016  17.7%     -  136s
     0     0   25.88969    0  223   22.00000   25.88969  17.7%     -  137s
     0     0   25.88544    0  230   22.00000   25.88544  17.7%     -  140s
     0     0   25.88544    0  211   22.00000   25.88544  17.7%     -  142s
H    0     0                      23.0000000   25.88544  12.5%     -  145s
     0     2   25.88544    0  200   23.00000   25.88544  12.5%     -  155s
     3     6   25.32277    2  173   23.00000   25.47691  10.8%   312  163s
     7    10   25.19484    3  174   23.00000   25.32001  10.1%   309  168s
    11    12   25.07061    4  173   23.00000   25.18794  9.51%   302  171s
    19    14   25.07061    5  170   23.00000   25.17456  9.45%   286  175s
    28    19   24.41335    7  167   23.00000   25.17456  9.45%   255  181s
    32    22   24.26500    7  187   23.00000   25.17456  9.45%   249  185s
    49    20     cutoff   10        23.00000   25.01353  8.75%   207  194s
    57    21   24.32117    5  180   23.00000   24.90475  8.28%   242  198s
    64    17   24.04078    6  153   23.00000   24.90475  8.28%   236  201s
    72    19     cutoff    7        23.00000   24.90475  8.28%   220  205s
    84    15     cutoff    8        23.00000   24.90475  8.28%   209  212s
    96    17   24.39940    7  144   23.00000   24.90475  8.28%   199  216s
   102    18   24.19323    8  129   23.00000   24.90475  8.28%   199  220s
   113    13     cutoff    9        23.00000   24.90475  8.28%   187  225s
   122    11     cutoff    9        23.00000   24.74397  7.58%   183  232s
   130     1     cutoff    7        23.00000   24.40686  6.12%   185  236s

Cutting planes:
  Gomory: 2
  Cover: 1
  MIR: 192
  Zero half: 74
  RLT: 53
  BQP: 70

Explored 141 nodes (54002 simplex iterations) in 236.47 seconds
Thread count was 8 (of 8 available processors)

Solution count 7: 23 22 21 ... 6

Optimal solution found (tolerance 1.00e-04)
Best objective 2.300000000000e+01, best bound 2.300000000000e+01, gap 0.0000%
