
Gurobi 9.1.2 (win64, Java) logging started Sun Dec 19 08:22:53 2021

Academic license - for non-commercial use only - expires 2022-09-02
Gurobi Optimizer version 9.1.2 build v9.1.2rc0 (win64)
Thread count: 4 physical cores, 8 logical processors, using up to 8 threads
Optimize a model with 1012950 rows, 1125 columns and 3039750 nonzeros
Model fingerprint: 0xc474eac4
Variable types: 0 continuous, 1125 integer (1125 binary)
Coefficient statistics:
  Matrix range     [1e+00, 1e+00]
  Objective range  [1e+00, 1e+00]
  Bounds range     [1e+00, 1e+00]
  RHS range        [1e+00, 1e+00]
Found heuristic solution: objective 4.0000000
Presolve time: 4.91s
Presolved: 1012950 rows, 1125 columns, 3039750 nonzeros
Variable types: 0 continuous, 1125 integer (1125 binary)

Root simplex log...

Iteration    Objective       Primal Inf.    Dual Inf.      Time
       0    7.5000000e+01   0.000000e+00   3.984000e+03      9s
   14983    4.3486672e+01   0.000000e+00   1.808926e+05     10s
   26336    4.0750000e+01   0.000000e+00   0.000000e+00     12s
   26336    4.0750000e+01   0.000000e+00   0.000000e+00     13s

Root relaxation: objective 4.075000e+01, 26336 iterations, 6.50 seconds
Total elapsed time = 22.62s

    Nodes    |    Current Node    |     Objective Bounds      |     Work
 Expl Unexpl |  Obj  Depth IntInf | Incumbent    BestBd   Gap | It/Node Time

     0     0   40.75000    0  147    4.00000   40.75000   919%     -   24s
H    0     0                      17.0000000   40.75000   140%     -   25s
H    0     0                      20.0000000   40.75000   104%     -   25s
     0     0   38.51957    0  224   20.00000   38.51957  92.6%     -   57s
H    0     0                      23.0000000   38.51957  67.5%     -   59s
H    0     0                      28.0000000   38.51957  37.6%     -   60s
     0     0   38.51957    0  226   28.00000   38.51957  37.6%     -   61s
     0     0   36.01933    0  256   28.00000   36.01933  28.6%     -   88s
     0     0   35.64909    0  264   28.00000   35.64909  27.3%     -   98s
     0     0   35.57158    0  266   28.00000   35.57158  27.0%     -  102s
     0     0   35.52606    0  264   28.00000   35.52606  26.9%     -  106s
     0     0   35.51544    0  275   28.00000   35.51544  26.8%     -  109s
     0     0   35.51260    0  281   28.00000   35.51260  26.8%     -  111s
     0     0   35.50828    0  276   28.00000   35.50828  26.8%     -  113s
     0     0   35.50752    0  275   28.00000   35.50752  26.8%     -  115s
     0     0   35.50748    0  276   28.00000   35.50748  26.8%     -  117s
     0     0   34.26079    0  262   28.00000   34.26079  22.4%     -  141s
H    0     0                      30.0000000   34.26079  14.2%     -  143s
     0     0   33.96270    0  260   30.00000   33.96270  13.2%     -  152s
     0     0   33.93102    0  263   30.00000   33.93102  13.1%     -  157s
     0     0   33.92381    0  273   30.00000   33.92381  13.1%     -  159s
     0     0   33.92080    0  274   30.00000   33.92080  13.1%     -  161s
     0     0   33.91873    0  291   30.00000   33.91873  13.1%     -  163s
     0     0   33.91870    0  294   30.00000   33.91870  13.1%     -  165s
     0     0   33.26223    0  262   30.00000   33.26223  10.9%     -  188s
     0     0   33.16325    0  293   30.00000   33.16325  10.5%     -  197s
     0     0   33.13458    0  303   30.00000   33.13458  10.4%     -  201s
     0     0   33.13015    0  296   30.00000   33.13015  10.4%     -  204s
     0     0   33.12700    0  270   30.00000   33.12700  10.4%     -  207s
     0     0   33.12651    0  302   30.00000   33.12651  10.4%     -  209s
     0     0   32.88098    0  321   30.00000   32.88098  9.60%     -  224s
     0     0   32.83126    0  334   30.00000   32.83126  9.44%     -  230s
     0     0   32.81411    0  348   30.00000   32.81411  9.38%     -  234s
     0     0   32.80686    0  340   30.00000   32.80686  9.36%     -  237s
     0     0   32.80188    0  348   30.00000   32.80188  9.34%     -  240s
     0     0   32.80134    0  355   30.00000   32.80134  9.34%     -  242s
     0     0   32.66061    0  329   30.00000   32.66061  8.87%     -  257s
     0     0   32.61380    0  294   30.00000   32.61380  8.71%     -  263s
     0     0   32.59881    0  296   30.00000   32.59881  8.66%     -  266s
     0     0   32.59445    0  305   30.00000   32.59445  8.65%     -  269s
     0     0   32.59401    0  306   30.00000   32.59401  8.65%     -  271s
     0     0   32.53581    0  300   30.00000   32.53581  8.45%     -  283s
     0     0   32.51854    0  287   30.00000   32.51854  8.40%     -  288s
     0     0   32.51798    0  276   30.00000   32.51798  8.39%     -  290s
     0     0   32.47387    0  308   30.00000   32.47387  8.25%     -  300s
     0     0   32.44593    0  307   30.00000   32.44593  8.15%     -  307s
     0     0   32.43734    0  310   30.00000   32.43734  8.12%     -  309s
     0     0   32.43420    0  323   30.00000   32.43420  8.11%     -  312s
     0     0   32.43307    0  328   30.00000   32.43307  8.11%     -  314s
     0     0   32.43300    0  327   30.00000   32.43300  8.11%     -  315s
     0     0   32.40310    0  319   30.00000   32.40310  8.01%     -  327s
     0     0   32.38699    0  335   30.00000   32.38699  7.96%     -  333s
     0     0   32.38439    0  369   30.00000   32.38439  7.95%     -  336s
     0     0   32.38239    0  345   30.00000   32.38239  7.94%     -  338s
     0     0   32.38180    0  348   30.00000   32.38180  7.94%     -  340s
     0     0   32.35302    0  362   30.00000   32.35302  7.84%     -  354s
     0     0   32.34736    0  363   30.00000   32.34736  7.82%     -  358s
     0     0   32.34518    0  353   30.00000   32.34518  7.82%     -  361s
     0     0   32.34071    0  376   30.00000   32.34071  7.80%     -  364s
     0     0   32.34031    0  376   30.00000   32.34031  7.80%     -  366s
     0     0   32.30118    0  330   30.00000   32.30118  7.67%     -  381s
     0     0   32.28533    0  370   30.00000   32.28533  7.62%     -  386s
     0     0   32.28286    0  336   30.00000   32.28286  7.61%     -  389s
     0     0   32.28203    0  329   30.00000   32.28203  7.61%     -  391s
     0     0   32.26326    0  321   30.00000   32.26326  7.54%     -  401s
     0     0   32.25930    0  348   30.00000   32.25930  7.53%     -  405s
     0     0   32.25846    0  332   30.00000   32.25846  7.53%     -  408s
     0     0   32.24698    0  325   30.00000   32.24698  7.49%     -  417s
     0     0   32.23497    0  335   30.00000   32.23497  7.45%     -  422s
     0     0   32.23428    0  336   30.00000   32.23428  7.45%     -  424s
     0     0   32.22030    0  311   30.00000   32.22030  7.40%     -  434s
     0     0   32.21542    0  320   30.00000   32.21542  7.38%     -  438s
     0     0   32.21360    0  334   30.00000   32.21360  7.38%     -  440s
     0     0   32.21298    0  333   30.00000   32.21298  7.38%     -  443s
     0     0   32.20953    0  302   30.00000   32.20953  7.37%     -  451s
     0     0   32.20795    0  333   30.00000   32.20795  7.36%     -  455s
     0     0   32.20757    0  337   30.00000   32.20757  7.36%     -  457s
     0     0   32.19390    0  326   30.00000   32.19390  7.31%     -  467s
     0     0   32.18421    0  320   30.00000   32.18421  7.28%     -  472s
     0     0   32.18203    0  334   30.00000   32.18203  7.27%     -  474s
     0     0   32.18163    0  339   30.00000   32.18163  7.27%     -  476s
     0     0   32.16986    0  308   30.00000   32.16986  7.23%     -  487s
     0     0   32.16365    0  323   30.00000   32.16365  7.21%     -  491s
     0     0   32.16217    0  322   30.00000   32.16217  7.21%     -  493s
     0     0   32.16121    0  320   30.00000   32.16121  7.20%     -  495s
     0     0   32.16069    0  351   30.00000   32.16069  7.20%     -  497s
     0     0   32.15140    0  316   30.00000   32.15140  7.17%     -  507s
     0     0   32.15016    0  351   30.00000   32.15016  7.17%     -  511s
     0     0   32.14972    0  356   30.00000   32.14972  7.17%     -  513s
     0     0   32.14442    0  341   30.00000   32.14442  7.15%     -  524s
     0     0   32.14247    0  369   30.00000   32.14247  7.14%     -  527s
     0     0   32.14194    0  363   30.00000   32.14194  7.14%     -  529s
     0     0   32.12701    0  317   30.00000   32.12701  7.09%     -  540s
     0     0   32.11396    0  294   30.00000   32.11396  7.05%     -  545s
     0     0   32.10734    0  333   30.00000   32.10734  7.02%     -  548s
     0     0   32.10493    0  364   30.00000   32.10493  7.02%     -  552s
     0     0   32.10402    0  320   30.00000   32.10402  7.01%     -  554s
     0     0   32.10388    0  308   30.00000   32.10388  7.01%     -  556s
     0     0   32.10216    0  342   30.00000   32.10216  7.01%     -  564s
     0     0   32.10200    0  348   30.00000   32.10200  7.01%     -  567s
     0     0   32.09593    0  315   30.00000   32.09593  6.99%     -  577s
     0     0   32.09547    0  302   30.00000   32.09547  6.98%     -  581s
     0     0   32.09381    0  357   30.00000   32.09381  6.98%     -  590s
     0     0   32.09381    0  316   30.00000   32.09381  6.98%     -  598s
     0     2   32.09381    0  315   30.00000   32.09381  6.98%     -  643s
     1     4   32.06611    1  276   30.00000   32.09380  6.98%   256  651s
     3     8   32.05631    2  270   30.00000   32.06611  6.89%   231  662s
     7    12   31.97919    3  260   30.00000   32.05631  6.85%   307  696s
    11    16   31.24746    4  244   30.00000   32.05631  6.85%   709  733s
    15    20   31.88416    4  268   30.00000   32.05631  6.85%   661  750s
    19    22   31.51793    5  300   30.00000   32.05631  6.85%   598  778s
    23    23   31.64249    5  256   30.00000   32.05631  6.85%   564  802s
    28    23   31.39893    6  286   30.00000   32.05631  6.85%   519  823s
    32    23     cutoff    6        30.00000   32.05631  6.85%   550  845s
    36    23   31.25284    7  278   30.00000   32.05631  6.85%   526  863s
    41    24   31.35061    7  262   30.00000   32.05631  6.85%   491  872s
    46    26   31.07888    8  238   30.00000   32.05631  6.85%   457  895s
    52    24     cutoff    9        30.00000   32.04551  6.82%   428  943s
    62    24   31.84628    4  341   30.00000   32.04551  6.82%   403  978s
    70    28   31.35143    5  316   30.00000   32.04551  6.82%   395  998s
    74    27     cutoff    6        30.00000   32.04551  6.82%   402 1019s
    79    31   31.07658    6  312   30.00000   32.04551  6.82%   403 1040s
    83    26     cutoff    7        30.00000   32.04551  6.82%   396 1077s
    94    26   31.52323    6  318   30.00000   32.04551  6.82%   376 1131s
   100    27   31.11735    7  310   30.00000   32.04551  6.82%   392 1189s
   106    26     cutoff    8        30.00000   32.04551  6.82%   394 1240s
   117    29   31.09708    7  261   30.00000   32.04551  6.82%   383 1286s
   126    28     cutoff    8        30.00000   31.90187  6.34%   374 1324s
   133    29   31.78866    4  338   30.00000   31.90149  6.34%   396 1369s
   140    28   31.37071    5  290   30.00000   31.90149  6.34%   397 1410s
   149    32   31.17003    6  278   30.00000   31.90149  6.34%   385 1454s
   155    24     cutoff    8        30.00000   31.84605  6.15%   382 1505s
   173    20   31.46276    5  314   30.00000   31.84429  6.15%   366 1555s
   183    19   31.37100    6  319   30.00000   31.84429  6.15%   359 1599s
   192    20     cutoff    7        30.00000   31.84429  6.15%   356 1658s
   201    20     cutoff    7        30.00000   31.80865  6.03%   354 1703s
   213    15   31.57902    6  309   30.00000   31.80865  6.03%   348 1750s
   224    14   31.38313    7  298   30.00000   31.80865  6.03%   343 1799s

Cutting planes:
  Gomory: 8
  MIR: 354
  Zero half: 168
  RLT: 61
  BQP: 243

Explored 234 nodes (124777 simplex iterations) in 1800.91 seconds
Thread count was 8 (of 8 available processors)

Solution count 6: 30 28 23 ... 4

Time limit reached
Best objective 3.000000000000e+01, best bound 3.100000000000e+01, gap 3.3333%
