
Gurobi 9.1.2 (win64, Java) logging started Sun Dec 19 06:50:43 2021

Academic license - for non-commercial use only - expires 2022-09-02
Gurobi Optimizer version 9.1.2 build v9.1.2rc0 (win64)
Thread count: 4 physical cores, 8 logical processors, using up to 8 threads
Optimize a model with 479140 rows, 840 columns and 1438080 nonzeros
Model fingerprint: 0x375b8742
Variable types: 0 continuous, 840 integer (840 binary)
Coefficient statistics:
  Matrix range     [1e+00, 1e+00]
  Objective range  [1e+00, 1e+00]
  Bounds range     [1e+00, 1e+00]
  RHS range        [1e+00, 1e+00]
Found heuristic solution: objective 3.0000000
Presolve time: 1.95s
Presolved: 479140 rows, 840 columns, 1438080 nonzeros
Variable types: 0 continuous, 840 integer (840 binary)

Root relaxation: objective 3.352778e+01, 8933 iterations, 1.95 seconds
Total elapsed time = 6.16s

    Nodes    |    Current Node    |     Objective Bounds      |     Work
 Expl Unexpl |  Obj  Depth IntInf | Incumbent    BestBd   Gap | It/Node Time

     0     0   33.52778    0  146    3.00000   33.52778  1018%     -    8s
H    0     0                      21.0000000   33.52778  59.7%     -    8s
H    0     0                      22.0000000   33.52778  52.4%     -    8s
     0     0   31.70189    0  170   22.00000   31.70189  44.1%     -   17s
H    0     0                      23.0000000   31.70189  37.8%     -   18s
     0     0   31.56840    0  159   23.00000   31.56840  37.3%     -   19s
     0     0   31.55480    0  158   23.00000   31.55480  37.2%     -   20s
     0     0   31.55480    0  158   23.00000   31.55480  37.2%     -   20s
     0     0   30.47841    0  189   23.00000   30.47841  32.5%     -   26s
     0     0   30.21134    0  187   23.00000   30.21134  31.4%     -   29s
     0     0   30.10573    0  195   23.00000   30.10573  30.9%     -   30s
     0     0   30.08913    0  197   23.00000   30.08913  30.8%     -   31s
     0     0   30.08608    0  195   23.00000   30.08608  30.8%     -   32s
     0     0   30.08518    0  198   23.00000   30.08518  30.8%     -   33s
     0     0   30.08444    0  198   23.00000   30.08444  30.8%     -   34s
     0     0   30.08441    0  199   23.00000   30.08441  30.8%     -   34s
     0     0   29.30031    0  193   23.00000   29.30031  27.4%     -   40s
H    0     0                      26.0000000   29.30031  12.7%     -   41s
     0     0   29.14961    0  187   26.00000   29.14961  12.1%     -   42s
     0     0   29.11863    0  193   26.00000   29.11863  12.0%     -   44s
     0     0   29.09533    0  206   26.00000   29.09533  11.9%     -   44s
     0     0   29.09065    0  198   26.00000   29.09065  11.9%     -   45s
     0     0   29.08907    0  200   26.00000   29.08907  11.9%     -   46s
     0     0   29.08842    0  196   26.00000   29.08842  11.9%     -   47s
     0     0   29.08821    0  196   26.00000   29.08821  11.9%     -   47s
     0     0   28.56332    0  196   26.00000   28.56332  9.86%     -   53s
H    0     0                      27.0000000   28.56332  5.79%     -   54s
     0     0   28.52422    0  205   27.00000   28.52422  5.65%     -   55s
     0     0   28.50070    0  201   27.00000   28.50070  5.56%     -   56s
     0     0   28.49873    0  205   27.00000   28.49873  5.55%     -   57s
     0     0   28.49542    0  206   27.00000   28.49542  5.54%     -   58s
     0     0   28.49379    0  209   27.00000   28.49379  5.53%     -   59s
     0     0   28.49253    0  208   27.00000   28.49253  5.53%     -   59s
     0     0   28.49137    0  204   27.00000   28.49137  5.52%     -   60s
     0     0   28.49098    0  209   27.00000   28.49098  5.52%     -   61s
     0     0   28.23804    0  201   27.00000   28.23804  4.59%     -   66s
     0     0   28.20341    0  197   27.00000   28.20341  4.46%     -   68s
     0     0   28.19463    0  185   27.00000   28.19463  4.42%     -   69s
     0     0   28.19005    0  189   27.00000   28.19005  4.41%     -   70s
     0     0   28.18800    0  191   27.00000   28.18800  4.40%     -   71s
     0     0   28.18792    0  191   27.00000   28.18792  4.40%     -   72s
     0     0   28.08572    0  159   27.00000   28.08572  4.02%     -   79s
     0     0 infeasible    0        27.00000   27.00000  0.00%     -   84s

Explored 1 nodes (15442 simplex iterations) in 84.59 seconds
Thread count was 8 (of 8 available processors)

Solution count 6: 27 26 23 ... 3

Optimal solution found (tolerance 1.00e-04)
Best objective 2.700000000000e+01, best bound 2.700000000000e+01, gap 0.0000%
