
Gurobi 9.1.2 (win64, Java) logging started Sun Dec 19 13:02:29 2021

Academic license - for non-commercial use only - expires 2022-09-02
Gurobi Optimizer version 9.1.2 build v9.1.2rc0 (win64)
Thread count: 4 physical cores, 8 logical processors, using up to 8 threads
Optimize a model with 1975485 rows, 1700 columns and 5927900 nonzeros
Model fingerprint: 0x8bbda40b
Variable types: 0 continuous, 1700 integer (1700 binary)
Coefficient statistics:
  Matrix range     [1e+00, 1e+00]
  Objective range  [1e+00, 1e+00]
  Bounds range     [1e+00, 1e+00]
  RHS range        [1e+00, 1e+00]
Found heuristic solution: objective 1.0000000
Presolve removed 0 rows and 0 columns (presolve time = 5s) ...
Presolve removed 0 rows and 0 columns (presolve time = 13s) ...
Presolve time: 12.86s
Presolved: 1975485 rows, 1700 columns, 5927900 nonzeros
Variable types: 0 continuous, 1700 integer (1700 binary)

Root simplex log...

Iteration    Objective       Primal Inf.    Dual Inf.      Time
       0    8.5000000e+01   0.000000e+00   4.560000e+03     23s
     572    5.3898952e+01   0.000000e+00   6.135868e+05     25s
    1964    5.1113610e+01   0.000000e+00   5.348393e+05     30s
    3356    5.0112611e+01   0.000000e+00   3.914074e+05     35s
    4516    4.8889934e+01   0.000000e+00   4.781555e+05     40s
    5908    4.7956560e+01   0.000000e+00   2.368749e+03     45s
    7184    4.7260775e+01   0.000000e+00   5.050587e+04     50s
    8576    4.6685737e+01   0.000000e+00   2.022854e+03     55s
    9968    4.6337843e+01   0.000000e+00   1.145949e+05     60s
   11244    4.6088669e+01   0.000000e+00   6.211098e+04     65s
   12404    4.5847892e+01   0.000000e+00   1.442399e+03     70s
   13680    4.5606789e+01   0.000000e+00   4.938470e+02     75s
   14474    4.5500000e+01   0.000000e+00   0.000000e+00     79s
   14474    4.5500000e+01   0.000000e+00   0.000000e+00     80s

Root relaxation: objective 4.550000e+01, 14474 iterations, 63.90 seconds
Total elapsed time = 90.31s

    Nodes    |    Current Node    |     Objective Bounds      |     Work
 Expl Unexpl |  Obj  Depth IntInf | Incumbent    BestBd   Gap | It/Node Time

     0     0   45.50000    0  165    1.00000   45.50000  4450%     -   97s
H    0     0                      24.0000000   45.50000  89.6%     -   98s
H    0     0                      30.0000000   45.50000  51.7%     -   99s
     0     0   43.22305    0  264   30.00000   43.22305  44.1%     -  179s
     0     0   43.20350    0  276   30.00000   43.20350  44.0%     -  193s
     0     0   43.19247    0  273   30.00000   43.19247  44.0%     -  198s
     0     0   43.19174    0  275   30.00000   43.19174  44.0%     -  203s
     0     0   41.58366    0  261   30.00000   41.58366  38.6%     -  259s
     0     0   41.03905    0  276   30.00000   41.03905  36.8%     -  289s
     0     0   40.81112    0  284   30.00000   40.81112  36.0%     -  305s
     0     0   40.70746    0  286   30.00000   40.70746  35.7%     -  317s
     0     0   40.62776    0  299   30.00000   40.62776  35.4%     -  329s
     0     0   40.61058    0  297   30.00000   40.61058  35.4%     -  336s
     0     0   40.60629    0  299   30.00000   40.60629  35.4%     -  342s
     0     0   40.60413    0  296   30.00000   40.60413  35.3%     -  347s
     0     0   40.60398    0  291   30.00000   40.60398  35.3%     -  351s
     0     0   38.89788    0  311   30.00000   38.89788  29.7%     -  423s
     0     0   38.57931    0  330   30.00000   38.57931  28.6%     -  454s
     0     0   38.43005    0  322   30.00000   38.43005  28.1%     -  471s
     0     0   38.39339    0  319   30.00000   38.39339  28.0%     -  482s
     0     0   38.37882    0  320   30.00000   38.37882  27.9%     -  490s
     0     0   38.37238    0  340   30.00000   38.37238  27.9%     -  498s
     0     0   38.36413    0  326   30.00000   38.36413  27.9%     -  505s
     0     0   38.36165    0  338   30.00000   38.36165  27.9%     -  511s
     0     0   38.36045    0  335   30.00000   38.36045  27.9%     -  516s
     0     0   38.35997    0  342   30.00000   38.35997  27.9%     -  520s
     0     0   37.64529    0  331   30.00000   37.64529  25.5%     -  575s
     0     0   37.49588    0  347   30.00000   37.49588  25.0%     -  601s
     0     0   37.43930    0  342   30.00000   37.43930  24.8%     -  613s
     0     0   37.40598    0  340   30.00000   37.40598  24.7%     -  623s
     0     0   37.39606    0  346   30.00000   37.39606  24.7%     -  631s
     0     0   37.39010    0  360   30.00000   37.39010  24.6%     -  638s
     0     0   37.38516    0  373   30.00000   37.38516  24.6%     -  645s
     0     0   37.38184    0  354   30.00000   37.38184  24.6%     -  650s
     0     0   37.38086    0  355   30.00000   37.38086  24.6%     -  655s
     0     0   37.38068    0  357   30.00000   37.38068  24.6%     -  659s
     0     0   37.23262    0  344   30.00000   37.23262  24.1%     -  693s
H    0     0                      32.0000000   37.23262  16.4%     -  696s
H    0     0                      33.0000000   37.23262  12.8%     -  697s
H    0     0                      34.0000000   37.23262  9.51%     -  698s
     0     0   37.18206    0  344   34.00000   37.18206  9.36%     -  709s
     0     0   37.17059    0  359   34.00000   37.17059  9.33%     -  718s
     0     0   37.16585    0  358   34.00000   37.16585  9.31%     -  725s
     0     0   37.16510    0  363   34.00000   37.16510  9.31%     -  730s
     0     0   37.08265    0  351   34.00000   37.08265  9.07%     -  759s
     0     0   37.06530    0  346   34.00000   37.06530  9.02%     -  772s
     0     0   37.05598    0  354   34.00000   37.05598  8.99%     -  779s
     0     0   37.04797    0  365   34.00000   37.04797  8.96%     -  788s
     0     0   37.04691    0  370   34.00000   37.04691  8.96%     -  794s
     0     0   37.04663    0  375   34.00000   37.04663  8.96%     -  799s
     0     0   36.99623    0  364   34.00000   36.99623  8.81%     -  826s
H    0     0                      35.0000000   36.99623  5.70%     -  831s
     0     0   36.97005    0  355   35.00000   36.97005  5.63%     -  839s
     0     0   36.96619    0  374   35.00000   36.96619  5.62%     -  845s
     0     0   36.96497    0  363   35.00000   36.96497  5.61%     -  850s
     0     0   36.96472    0  365   35.00000   36.96472  5.61%     -  854s
     0     0   36.95319    0  341   35.00000   36.95319  5.58%     -  876s
     0     0   36.93349    0  345   35.00000   36.93349  5.52%     -  889s
     0     0   36.92629    0  362   35.00000   36.92629  5.50%     -  896s
     0     0   36.92420    0  353   35.00000   36.92420  5.50%     -  901s
     0     0   36.92394    0  367   35.00000   36.92394  5.50%     -  906s
     0     0   36.88951    0  338   35.00000   36.88951  5.40%     -  929s
     0     0   36.86813    0  360   35.00000   36.86813  5.34%     -  943s
     0     0   36.86153    0  367   35.00000   36.86153  5.32%     -  949s
     0     0   36.86061    0  371   35.00000   36.86061  5.32%     -  954s
     0     0   36.85880    0  353   35.00000   36.85880  5.31%     -  960s
     0     0   36.85756    0  356   35.00000   36.85756  5.31%     -  965s
     0     0   36.85673    0  360   35.00000   36.85673  5.30%     -  970s
     0     0   36.84497    0  370   35.00000   36.84497  5.27%     -  992s
     0     0   36.84076    0  361   35.00000   36.84076  5.26%     - 1001s
     0     0   36.83777    0  385   35.00000   36.83777  5.25%     - 1006s
     0     0   36.83684    0  373   35.00000   36.83684  5.25%     - 1010s
     0     0   36.83655    0  364   35.00000   36.83655  5.25%     - 1015s
     0     0   36.82511    0  350   35.00000   36.82511  5.21%     - 1033s
     0     0   36.82252    0  342   35.00000   36.82252  5.21%     - 1042s
     0     0   36.82192    0  333   35.00000   36.82192  5.21%     - 1046s
     0     0   36.81836    0  348   35.00000   36.81836  5.20%     - 1066s
     0     0   36.81626    0  365   35.00000   36.81626  5.19%     - 1074s
     0     0   36.81607    0  357   35.00000   36.81607  5.19%     - 1078s
     0     0   36.81128    0  369   35.00000   36.81128  5.18%     - 1095s
     0     0   36.81080    0  379   35.00000   36.81080  5.17%     - 1105s
     0     0   36.80555    0  351   35.00000   36.80555  5.16%     - 1123s
     0     0   36.80555    0  327   35.00000   36.80555  5.16%     - 1142s
     0     2   36.80555    0  327   35.00000   36.80555  5.16%     - 1213s
     1     4   36.64432    1  311   35.00000   36.80521  5.16%   490 1254s
     3     4   36.53276    2  277   35.00000   36.64419  4.70%   450 1294s
     7     5   36.39456    3  292   35.00000   36.53263  4.38%   403 1333s
    11     5   36.39456    4  291   35.00000   36.39456  3.98%   519 1338s
    15     5   36.03951    5  323   35.00000   36.39456  3.98%   431 1393s
    19     1     cutoff    6        35.00000   36.36681  3.91%   398 1419s
    23     0     cutoff    6        35.00000   35.99996  2.86%   420 1422s

Cutting planes:
  Gomory: 8
  Cover: 2
  MIR: 259
  Zero half: 149
  RLT: 53
  BQP: 129

Explored 24 nodes (42703 simplex iterations) in 1423.39 seconds
Thread count was 8 (of 8 available processors)

Solution count 7: 35 34 33 ... 1

Optimal solution found (tolerance 1.00e-04)
Best objective 3.500000000000e+01, best bound 3.500000000000e+01, gap 0.0000%
