
Gurobi 9.1.2 (win64, Java) logging started Sun Dec 19 13:56:48 2021

Academic license - for non-commercial use only - expires 2022-09-02
Gurobi Optimizer version 9.1.2 build v9.1.2rc0 (win64)
Thread count: 4 physical cores, 8 logical processors, using up to 8 threads
Optimize a model with 2864415 rows, 2465 columns and 8595455 nonzeros
Model fingerprint: 0xc4f2f9fa
Variable types: 0 continuous, 2465 integer (2465 binary)
Coefficient statistics:
  Matrix range     [1e+00, 1e+00]
  Objective range  [1e+00, 1e+00]
  Bounds range     [1e+00, 1e+00]
  RHS range        [1e+00, 1e+00]
Found heuristic solution: objective 1.0000000
Presolve removed 0 rows and 0 columns (presolve time = 6s) ...
Presolve removed 0 rows and 0 columns (presolve time = 12s) ...
Presolve removed 0 rows and 0 columns (presolve time = 20s) ...
Presolve time: 19.59s
Presolved: 2864415 rows, 2465 columns, 8595455 nonzeros
Variable types: 0 continuous, 2465 integer (2465 binary)

Root simplex log...

Iteration    Objective       Primal Inf.    Dual Inf.      Time
       0    8.5000000e+01   0.000000e+00   3.363000e+03     35s
    1437    5.0697653e+01   0.000000e+00   8.338359e+04     40s
    2865    4.8870697e+01   0.000000e+00   2.738773e+05     45s
    4293    4.8238360e+01   0.000000e+00   1.620737e+05     50s
    5619    4.7617887e+01   0.000000e+00   1.501925e+04     55s
    6192    4.7500000e+01   0.000000e+00   0.000000e+00     61s
    6192    4.7500000e+01   0.000000e+00   0.000000e+00     62s

Root relaxation: objective 4.750000e+01, 6192 iterations, 36.93 seconds
Total elapsed time = 79.56s
Total elapsed time = 88.23s
Total elapsed time = 93.26s

    Nodes    |    Current Node    |     Objective Bounds      |     Work
 Expl Unexpl |  Obj  Depth IntInf | Incumbent    BestBd   Gap | It/Node Time

     0     0   47.50000    0  149    1.00000   47.50000  4650%     -   99s
H    0     0                      32.0000000   47.50000  48.4%     -   99s
H    0     0                      33.0000000   47.50000  43.9%     -  102s
     0     0   45.12500    0  200   33.00000   45.12500  36.7%     -  162s
H    0     0                      35.0000000   45.12500  28.9%     -  173s
     0     0   44.75000    0  198   35.00000   44.75000  27.9%     -  196s
     0     0   44.75000    0  195   35.00000   44.75000  27.9%     -  203s
     0     0   43.57917    0  227   35.00000   43.57917  24.5%     -  246s
     0     0   43.53078    0  218   35.00000   43.53078  24.4%     -  265s
     0     0   43.51355    0  215   35.00000   43.51355  24.3%     -  272s
     0     0   43.49741    0  215   35.00000   43.49741  24.3%     -  279s
     0     0   43.49698    0  213   35.00000   43.49698  24.3%     -  284s
     0     0   43.49691    0  212   35.00000   43.49691  24.3%     -  289s
     0     0   41.91556    0  244   35.00000   41.91556  19.8%     -  343s
H    0     0                      36.0000000   41.91556  16.4%     -  349s
     0     0   41.74872    0  257   36.00000   41.74872  16.0%     -  361s
     0     0   41.69567    0  258   36.00000   41.69567  15.8%     -  369s
     0     0   41.65572    0  244   36.00000   41.65572  15.7%     -  378s
     0     0   41.62617    0  270   36.00000   41.62617  15.6%     -  385s
     0     0   41.61734    0  263   36.00000   41.61734  15.6%     -  391s
     0     0   41.60972    0  258   36.00000   41.60972  15.6%     -  398s
     0     0   41.60972    0  261   36.00000   41.60972  15.6%     -  403s
     0     0   40.92057    0  247   36.00000   40.92057  13.7%     -  435s
     0     0   40.87950    0  254   36.00000   40.87950  13.6%     -  448s
     0     0   40.84012    0  259   36.00000   40.84012  13.4%     -  456s
     0     0   40.81718    0  261   36.00000   40.81718  13.4%     -  463s
     0     0   40.81313    0  259   36.00000   40.81313  13.4%     -  470s
     0     0   40.81185    0  248   36.00000   40.81185  13.4%     -  475s
     0     0   40.81085    0  250   36.00000   40.81085  13.4%     -  481s
     0     0   40.81000    0  253   36.00000   40.81000  13.4%     -  486s
     0     0   40.81000    0  255   36.00000   40.81000  13.4%     -  491s
     0     0   40.64081    0  242   36.00000   40.64081  12.9%     -  515s
     0     0   40.60256    0  273   36.00000   40.60256  12.8%     -  529s
     0     0   40.58835    0  285   36.00000   40.58835  12.7%     -  536s
     0     0   40.58378    0  294   36.00000   40.58378  12.7%     -  542s
     0     0   40.57959    0  273   36.00000   40.57959  12.7%     -  548s
     0     0   40.57825    0  282   36.00000   40.57825  12.7%     -  553s
     0     0   40.57814    0  285   36.00000   40.57814  12.7%     -  559s
     0     0   40.46597    0  269   36.00000   40.46597  12.4%     -  582s
     0     0   40.44389    0  269   36.00000   40.44389  12.3%     -  594s
     0     0   40.42166    0  271   36.00000   40.42166  12.3%     -  600s
     0     0   40.41149    0  257   36.00000   40.41149  12.3%     -  607s
     0     0   40.40939    0  284   36.00000   40.40939  12.2%     -  614s
     0     0   40.40771    0  281   36.00000   40.40771  12.2%     -  619s
     0     0   40.40755    0  284   36.00000   40.40755  12.2%     -  624s
     0     0   40.29513    0  277   36.00000   40.29513  11.9%     -  646s
H    0     0                      37.0000000   40.29513  8.91%     -  653s
     0     0   40.26458    0  283   37.00000   40.26458  8.82%     -  659s
     0     0   40.25903    0  288   37.00000   40.25903  8.81%     -  665s
     0     0   40.25812    0  290   37.00000   40.25812  8.81%     -  672s
     0     0   40.25809    0  285   37.00000   40.25809  8.81%     -  677s
     0     0   40.19802    0  278   37.00000   40.19802  8.64%     -  701s
H    0     0                      38.0000000   40.19802  5.78%     -  708s
     0     0   40.18456    0  275   38.00000   40.18456  5.75%     -  714s
     0     0   40.18106    0  265   38.00000   40.18106  5.74%     -  721s
     0     0   40.17280    0  271   38.00000   40.17280  5.72%     -  728s
     0     0   40.17042    0  275   38.00000   40.17042  5.71%     -  733s
     0     0   40.16602    0  267   38.00000   40.16602  5.70%     -  738s
     0     0   40.16339    0  268   38.00000   40.16339  5.69%     -  744s
     0     0   40.16337    0  283   38.00000   40.16337  5.69%     -  750s
     0     0   40.07907    0  260   38.00000   40.07907  5.47%     -  771s
     0     0   40.06707    0  266   38.00000   40.06707  5.44%     -  781s
     0     0   40.06373    0  275   38.00000   40.06373  5.43%     -  788s
     0     0   40.05991    0  271   38.00000   40.05991  5.42%     -  795s
     0     0   40.05822    0  274   38.00000   40.05822  5.42%     -  800s
     0     0   40.05781    0  277   38.00000   40.05781  5.42%     -  806s
     0     0   40.03206    0  271   38.00000   40.03206  5.35%     -  824s
     0     0   40.01667    0  272   38.00000   40.01667  5.31%     -  835s
     0     0   40.01342    0  288   38.00000   40.01342  5.30%     -  841s
     0     0   40.01182    0  280   38.00000   40.01182  5.29%     -  846s
     0     0   40.01127    0  276   38.00000   40.01127  5.29%     -  851s
     0     0   39.96590    0  269   38.00000   39.96590  5.17%     -  871s
     0     0   39.95838    0  275   38.00000   39.95838  5.15%     -  882s
     0     0   39.95749    0  279   38.00000   39.95749  5.15%     -  887s
     0     0   39.95673    0  281   38.00000   39.95673  5.15%     -  892s
     0     0   39.95668    0  282   38.00000   39.95668  5.15%     -  898s
     0     0   39.89238    0  231   38.00000   39.89238  4.98%     -  917s
     0     0   39.87464    0  230   38.00000   39.87464  4.93%     -  931s
     0     0   39.86423    0  251   38.00000   39.86423  4.91%     -  938s
     0     0   39.84098    0  240   38.00000   39.84098  4.84%     -  946s
     0     0   39.83930    0  258   38.00000   39.83930  4.84%     -  953s
     0     0   39.83685    0  242   38.00000   39.83685  4.83%     -  958s
     0     0   39.83572    0  259   38.00000   39.83572  4.83%     -  964s
     0     0   39.83560    0  251   38.00000   39.83560  4.83%     -  969s
     0     0   39.78449    0  240   38.00000   39.78449  4.70%     -  986s
     0     0   39.77582    0  260   38.00000   39.77582  4.67%     -  997s
     0     0   39.77260    0  250   38.00000   39.77260  4.66%     - 1004s
     0     0   39.76997    0  271   38.00000   39.76997  4.66%     - 1010s
     0     0   39.76953    0  270   38.00000   39.76953  4.66%     - 1015s
     0     0   39.70275    0  228   38.00000   39.70275  4.48%     - 1034s
     0     0   39.66262    0  228   38.00000   39.66262  4.38%     - 1047s
     0     0   39.65711    0  227   38.00000   39.65711  4.36%     - 1053s
     0     0   39.65577    0  241   38.00000   39.65577  4.36%     - 1058s
     0     0   39.65577    0  250   38.00000   39.65577  4.36%     - 1063s
     0     0   39.62138    0  204   38.00000   39.62138  4.27%     - 1084s
     0     0   39.61263    0  208   38.00000   39.61263  4.24%     - 1096s
     0     0   39.61263    0  218   38.00000   39.61263  4.24%     - 1100s
     0     0   39.48793    0  202   38.00000   39.48793  3.92%     - 1121s
     0     0   39.47677    0  198   38.00000   39.47677  3.89%     - 1135s
     0     0   39.46873    0  195   38.00000   39.46873  3.87%     - 1140s
     0     0   39.46713    0  206   38.00000   39.46713  3.86%     - 1146s
     0     0   39.46699    0  200   38.00000   39.46699  3.86%     - 1150s
     0     0   39.11215    0  153   38.00000   39.11215  2.93%     - 1171s
     0     0   39.11111    0  164   38.00000   39.11111  2.92%     - 1183s
     0     0   39.11111    0  163   38.00000   39.11111  2.92%     - 1191s
     0     0     cutoff    0        38.00000   38.00000  0.00%     - 1206s

Cutting planes:
  Gomory: 4
  Cover: 1
  Clique: 534
  MIR: 78
  Zero half: 68
  RLT: 69
  BQP: 85

Explored 1 nodes (22023 simplex iterations) in 1206.61 seconds
Thread count was 8 (of 8 available processors)

Solution count 7: 38 37 36 ... 1

Optimal solution found (tolerance 1.00e-04)
Best objective 3.800000000000e+01, best bound 3.800000000000e+01, gap 0.0000%
