
Gurobi 9.1.2 (win64, Java) logging started Sun Dec 19 13:26:25 2021

Academic license - for non-commercial use only - expires 2022-09-02
Gurobi Optimizer version 9.1.2 build v9.1.2rc0 (win64)
Thread count: 4 physical cores, 8 logical processors, using up to 8 threads
Optimize a model with 2469335 rows, 2125 columns and 7409875 nonzeros
Model fingerprint: 0x62432dc1
Variable types: 0 continuous, 2125 integer (2125 binary)
Coefficient statistics:
  Matrix range     [1e+00, 1e+00]
  Objective range  [1e+00, 1e+00]
  Bounds range     [1e+00, 1e+00]
  RHS range        [1e+00, 1e+00]
Found heuristic solution: objective 2.0000000
Presolve removed 0 rows and 0 columns (presolve time = 5s) ...
Presolve removed 0 rows and 0 columns (presolve time = 11s) ...
Presolve removed 0 rows and 0 columns (presolve time = 19s) ...
Presolve time: 18.79s
Presolved: 2469335 rows, 2125 columns, 7409875 nonzeros
Variable types: 0 continuous, 2125 integer (2125 binary)

Root simplex log...

Iteration    Objective       Primal Inf.    Dual Inf.      Time
       0    8.5000000e+01   0.000000e+00   3.120000e+03     30s
    1643    5.1608925e+01   0.000000e+00   4.527759e+04     35s
    3179    4.9692879e+01   0.000000e+00   4.647558e+03     40s
    4715    4.8597735e+01   0.000000e+00   1.573204e+05     45s
    6123    4.8053505e+01   0.000000e+00   2.123210e+04     50s
    7459    4.7500000e+01   0.000000e+00   0.000000e+00     56s
    7459    4.7500000e+01   0.000000e+00   0.000000e+00     57s

Root relaxation: objective 4.750000e+01, 7459 iterations, 34.50 seconds
Total elapsed time = 66.86s
Total elapsed time = 71.10s

    Nodes    |    Current Node    |     Objective Bounds      |     Work
 Expl Unexpl |  Obj  Depth IntInf | Incumbent    BestBd   Gap | It/Node Time

     0     0   47.50000    0  148    2.00000   47.50000  2275%     -   76s
H    0     0                      37.0000000   47.50000  28.4%     -   77s
     0     0   46.38489    0  220   37.00000   46.38489  25.4%     -  126s
H    0     0                      38.0000000   46.38489  22.1%     -  133s
     0     0   46.38489    0  220   38.00000   46.38489  22.1%     -  135s
     0     0   44.71600    0  224   38.00000   44.71600  17.7%     -  166s
     0     0   44.64362    0  209   38.00000   44.64362  17.5%     -  175s
     0     0   44.63701    0  215   38.00000   44.63701  17.5%     -  181s
     0     0   44.60687    0  222   38.00000   44.60687  17.4%     -  186s
     0     0   44.56942    0  232   38.00000   44.56942  17.3%     -  191s
     0     0   44.56661    0  237   38.00000   44.56661  17.3%     -  196s
     0     0   44.56083    0  237   38.00000   44.56083  17.3%     -  201s
     0     0   44.56010    0  235   38.00000   44.56010  17.3%     -  205s
     0     0   44.55828    0  237   38.00000   44.55828  17.3%     -  210s
     0     0   44.55822    0  237   38.00000   44.55822  17.3%     -  214s
     0     0   43.26764    0  245   38.00000   43.26764  13.9%     -  244s
H    0     0                      39.0000000   43.26764  10.9%     -  250s
     0     0   43.03677    0  251   39.00000   43.03677  10.4%     -  259s
     0     0   42.97170    0  225   39.00000   42.97170  10.2%     -  266s
     0     0   42.96833    0  229   39.00000   42.96833  10.2%     -  271s
     0     0   42.96719    0  235   39.00000   42.96719  10.2%     -  276s
     0     0   42.96719    0  234   39.00000   42.96719  10.2%     -  279s
     0     0   42.36018    0  242   39.00000   42.36018  8.62%     -  303s
     0     0   42.27468    0  252   39.00000   42.27468  8.40%     -  315s
     0     0   42.21342    0  264   39.00000   42.21342  8.24%     -  323s
     0     0   42.20190    0  267   39.00000   42.20190  8.21%     -  329s
     0     0   42.19696    0  261   39.00000   42.19696  8.20%     -  335s
     0     0   42.19598    0  259   39.00000   42.19598  8.19%     -  340s
     0     0   42.19492    0  265   39.00000   42.19492  8.19%     -  345s
     0     0   42.19350    0  269   39.00000   42.19350  8.19%     -  350s
     0     0   42.19348    0  267   39.00000   42.19348  8.19%     -  354s
     0     0   42.06642    0  259   39.00000   42.06642  7.86%     -  374s
     0     0   42.00885    0  247   39.00000   42.00885  7.72%     -  385s
     0     0   41.98098    0  262   39.00000   41.98098  7.64%     -  391s
     0     0   41.95456    0  261   39.00000   41.95456  7.58%     -  397s
     0     0   41.93674    0  263   39.00000   41.93674  7.53%     -  403s
     0     0   41.92942    0  270   39.00000   41.92942  7.51%     -  408s
     0     0   41.92697    0  274   39.00000   41.92697  7.51%     -  412s
     0     0   41.92695    0  278   39.00000   41.92695  7.51%     -  416s
     0     0   41.82279    0  274   39.00000   41.82279  7.24%     -  437s
     0     0   41.78560    0  288   39.00000   41.78560  7.14%     -  448s
     0     0   41.77912    0  288   39.00000   41.77912  7.13%     -  453s
     0     0   41.77191    0  293   39.00000   41.77191  7.11%     -  460s
     0     0   41.76878    0  289   39.00000   41.76878  7.10%     -  466s
     0     0   41.76711    0  295   39.00000   41.76711  7.10%     -  471s
     0     0   41.76707    0  301   39.00000   41.76707  7.10%     -  476s
     0     0   41.67376    0  298   39.00000   41.67376  6.86%     -  498s
     0     0   41.64176    0  290   39.00000   41.64176  6.77%     -  509s
     0     0   41.63733    0  306   39.00000   41.63733  6.76%     -  515s
     0     0   41.63059    0  300   39.00000   41.63059  6.75%     -  521s
     0     0   41.62952    0  300   39.00000   41.62952  6.74%     -  527s
     0     0   41.62933    0  312   39.00000   41.62933  6.74%     -  532s
     0     0   41.51622    0  247   39.00000   41.51622  6.45%     -  550s
     0     0   41.50361    0  266   39.00000   41.50361  6.42%     -  560s
     0     0   41.50262    0  270   39.00000   41.50262  6.42%     -  565s
     0     0   41.50262    0  275   39.00000   41.50262  6.42%     -  569s
     0     0   41.47483    0  254   39.00000   41.47483  6.35%     -  584s
     0     0   41.47146    0  263   39.00000   41.47146  6.34%     -  592s
     0     0   41.46939    0  261   39.00000   41.46939  6.33%     -  596s
     0     0   41.46610    0  263   39.00000   41.46610  6.32%     -  601s
     0     0   41.46521    0  270   39.00000   41.46521  6.32%     -  606s
     0     0   41.46183    0  259   39.00000   41.46183  6.31%     -  611s
     0     0   41.46068    0  260   39.00000   41.46068  6.31%     -  616s
     0     0   41.45989    0  265   39.00000   41.45989  6.31%     -  620s
     0     0   41.45974    0  267   39.00000   41.45974  6.31%     -  624s
     0     0   41.36701    0  250   39.00000   41.36701  6.07%     -  640s
     0     0   41.35446    0  246   39.00000   41.35446  6.04%     -  649s
     0     0   41.33280    0  243   39.00000   41.33280  5.98%     -  655s
     0     0   41.33155    0  251   39.00000   41.33155  5.98%     -  660s
     0     0   41.33019    0  252   39.00000   41.33019  5.97%     -  665s
     0     0   41.32951    0  252   39.00000   41.32951  5.97%     -  669s
     0     0   41.32951    0  255   39.00000   41.32951  5.97%     -  674s
     0     0   41.30126    0  263   39.00000   41.30126  5.90%     -  689s
     0     0   41.29451    0  261   39.00000   41.29451  5.88%     -  698s
     0     0   41.29376    0  263   39.00000   41.29376  5.88%     -  703s
     0     0   41.28671    0  257   39.00000   41.28671  5.86%     -  708s
     0     0   41.28593    0  259   39.00000   41.28593  5.86%     -  712s
     0     0   41.28591    0  263   39.00000   41.28591  5.86%     -  716s
     0     0   41.26769    0  265   39.00000   41.26769  5.81%     -  731s
     0     0   41.26254    0  279   39.00000   41.26254  5.80%     -  739s
     0     0   41.25963    0  265   39.00000   41.25963  5.79%     -  744s
     0     0   41.25944    0  276   39.00000   41.25944  5.79%     -  748s
     0     0   41.24162    0  267   39.00000   41.24162  5.75%     -  764s
     0     0   41.22070    0  259   39.00000   41.22070  5.69%     -  773s
     0     0   41.21929    0  256   39.00000   41.21929  5.69%     -  778s
     0     0   41.21856    0  261   39.00000   41.21856  5.69%     -  782s
     0     0   41.21842    0  262   39.00000   41.21842  5.69%     -  786s
     0     0   41.18535    0  250   39.00000   41.18535  5.60%     -  801s
     0     0   41.16084    0  267   39.00000   41.16084  5.54%     -  811s
     0     0   41.14908    0  269   39.00000   41.14908  5.51%     -  816s
     0     0   41.14867    0  269   39.00000   41.14867  5.51%     -  821s
     0     0   41.14704    0  245   39.00000   41.14704  5.51%     -  838s
     0     0   41.14700    0  274   39.00000   41.14700  5.51%     -  846s
     0     0   41.10725    0  242   39.00000   41.10725  5.40%     -  862s
     0     0   41.09516    0  261   39.00000   41.09516  5.37%     -  871s
     0     0   41.09097    0  264   39.00000   41.09097  5.36%     -  878s
     0     0   41.08904    0  257   39.00000   41.08904  5.36%     -  882s
     0     0   41.08904    0  256   39.00000   41.08904  5.36%     -  887s
     0     0   41.07185    0  242   39.00000   41.07185  5.31%     -  901s
     0     0   41.07166    0  243   39.00000   41.07166  5.31%     -  909s
     0     0   41.06896    0  258   39.00000   41.06896  5.31%     -  922s
     0     0   41.06738    0  252   39.00000   41.06738  5.30%     -  930s
     0     0   41.06738    0  253   39.00000   41.06738  5.30%     -  935s
     0     0   41.03570    0  243   39.00000   41.03570  5.22%     -  950s
     0     0   41.03023    0  234   39.00000   41.03023  5.21%     -  958s
     0     0   41.02189    0  246   39.00000   41.02189  5.18%     -  963s
     0     0   41.02035    0  259   39.00000   41.02035  5.18%     -  968s
     0     0   41.01895    0  271   39.00000   41.01895  5.18%     -  974s
     0     0   41.01789    0  283   39.00000   41.01789  5.17%     -  980s
     0     0   41.01789    0  284   39.00000   41.01789  5.17%     -  985s
     0     0   41.01398    0  254   39.00000   41.01398  5.16%     - 1000s
     0     0   41.01363    0  258   39.00000   41.01363  5.16%     - 1008s
     0     0   41.01180    0  262   39.00000   41.01180  5.16%     - 1026s
     0     0   41.01158    0  247   39.00000   41.01158  5.16%     - 1034s
     0     0   41.01147    0  252   39.00000   41.01147  5.16%     - 1048s
     0     0   41.01147    0  227   39.00000   41.01147  5.16%     - 1081s
     0     2   41.01147    0  222   39.00000   41.01147  5.16%     - 1152s
     1     4   40.76859    1  211   39.00000   41.00495  5.14%   515 1165s
     3     8   40.67058    2  176   39.00000   40.76859  4.53%   330 1176s
     7    12   40.67058    3  181   39.00000   40.67058  4.28%   185 1200s
    11    16   40.64695    3  223   39.00000   40.67058  4.28%   296 1210s
    15    20   40.67058    4  163   39.00000   40.67058  4.28%   256 1217s
    19    24   40.61896    5  154   39.00000   40.67058  4.28%   230 1226s
    23    29   40.61896    6  156   39.00000   40.67058  4.28%   209 1243s
    28    32   40.17273    8  133   39.00000   40.67058  4.28%   213 1266s
    32    33     cutoff    9        39.00000   40.67058  4.28%   200 1278s
    37    31     cutoff    9        39.00000   40.67058  4.28%   194 1286s
    43    32     cutoff    9        39.00000   40.67058  4.28%   199 1301s
    48    28     cutoff    9        39.00000   40.67058  4.28%   188 1312s
    55    29   40.56290    4  202   39.00000   40.67058  4.28%   190 1342s
    62    33   40.43335    5  244   39.00000   40.67058  4.28%   194 1383s
    66    37   40.31897    6  212   39.00000   40.67058  4.28%   202 1409s
    72    36     cutoff    7        39.00000   40.67058  4.28%   207 1425s
    81    39     cutoff    6        39.00000   40.67058  4.28%   200 1442s
    88    33     cutoff    9        39.00000   40.66683  4.27%   193 1483s
    98    35   40.31526    6  227   39.00000   40.66683  4.27%   187 1534s
   106    36   40.27130    7  227   39.00000   40.66683  4.27%   192 1549s
   111    34     cutoff    8        39.00000   40.66683  4.27%   204 1583s
   119    38   40.16536    7  215   39.00000   40.66683  4.27%   211 1610s
   125    37     cutoff    8        39.00000   40.66683  4.27%   211 1640s
   132    35     cutoff    7        39.00000   40.66683  4.27%   215 1665s
   142    35     cutoff    7        39.00000   40.65466  4.24%   207 1695s
   152    35   40.53826    6  208   39.00000   40.65466  4.24%   208 1744s
   161    41   40.27535    7  171   39.00000   40.65466  4.24%   209 1768s
   168    39   40.20398    8  168   39.00000   40.65466  4.24%   209 1800s

Cutting planes:
  Gomory: 4
  MIR: 378
  GUB cover: 1
  Zero half: 187
  RLT: 113
  BQP: 187

Explored 178 nodes (58314 simplex iterations) in 1802.61 seconds
Thread count was 8 (of 8 available processors)

Solution count 4: 39 38 37 2 

Time limit reached
Best objective 3.900000000000e+01, best bound 4.000000000000e+01, gap 2.5641%
