
Gurobi 9.1.2 (win64, Java) logging started Sun Dec 19 06:52:09 2021

Academic license - for non-commercial use only - expires 2022-09-02
Gurobi Optimizer version 9.1.2 build v9.1.2rc0 (win64)
Thread count: 4 physical cores, 8 logical processors, using up to 8 threads
Optimize a model with 650240 rows, 1140 columns and 1951680 nonzeros
Model fingerprint: 0x4b78f4e5
Variable types: 0 continuous, 1140 integer (1140 binary)
Coefficient statistics:
  Matrix range     [1e+00, 1e+00]
  Objective range  [1e+00, 1e+00]
  Bounds range     [1e+00, 1e+00]
  RHS range        [1e+00, 1e+00]
Found heuristic solution: objective 4.0000000
Presolve time: 2.69s
Presolved: 650240 rows, 1140 columns, 1951680 nonzeros
Variable types: 0 continuous, 1140 integer (1140 binary)

Root simplex log...

Iteration    Objective       Primal Inf.    Dual Inf.      Time
    4582    3.3500053e+01   0.000000e+00   1.545474e+06      5s
   13034    3.3000000e+01   0.000000e+00   0.000000e+00      6s
   13034    3.3000000e+01   0.000000e+00   0.000000e+00      6s

Root relaxation: objective 3.300000e+01, 13034 iterations, 2.94 seconds

    Nodes    |    Current Node    |     Objective Bounds      |     Work
 Expl Unexpl |  Obj  Depth IntInf | Incumbent    BestBd   Gap | It/Node Time

     0     0   33.00000    0  120    4.00000   33.00000   725%     -    9s
H    0     0                      20.0000000   33.00000  65.0%     -    9s
H    0     0                      21.0000000   33.00000  57.1%     -    9s
     0     0   31.36719    0  157   21.00000   31.36719  49.4%     -   20s
     0     0   31.25000    0  152   21.00000   31.25000  48.8%     -   22s
     0     0   31.25000    0  152   21.00000   31.25000  48.8%     -   23s
     0     0   29.83227    0  160   21.00000   29.83227  42.1%     -   29s
H    0     0                      22.0000000   29.83227  35.6%     -   30s
     0     0   29.75871    0  178   22.00000   29.75871  35.3%     -   32s
     0     0   29.74692    0  182   22.00000   29.74692  35.2%     -   33s
     0     0   29.74341    0  183   22.00000   29.74341  35.2%     -   34s
     0     0   29.74325    0  183   22.00000   29.74325  35.2%     -   35s
     0     0   28.57521    0  196   22.00000   28.57521  29.9%     -   42s
H    0     0                      23.0000000   28.57521  24.2%     -   43s
H    0     0                      24.0000000   28.57521  19.1%     -   43s
     0     0   28.46110    0  198   24.00000   28.46110  18.6%     -   46s
     0     0   28.37232    0  197   24.00000   28.37232  18.2%     -   48s
     0     0   28.34998    0  203   24.00000   28.34998  18.1%     -   49s
     0     0   28.34868    0  205   24.00000   28.34868  18.1%     -   50s
     0     0   28.34834    0  207   24.00000   28.34834  18.1%     -   51s
     0     0   28.13064    0  208   24.00000   28.13064  17.2%     -   57s
H    0     0                      26.0000000   28.13064  8.19%     -   58s
     0     0   28.06216    0  201   26.00000   28.06216  7.93%     -   61s
     0     0   28.04210    0  212   26.00000   28.04210  7.85%     -   62s
     0     0   28.04047    0  217   26.00000   28.04047  7.85%     -   64s
     0     0   28.03909    0  213   26.00000   28.03909  7.84%     -   65s
     0     0   28.03737    0  219   26.00000   28.03737  7.84%     -   66s
     0     0   28.03536    0  230   26.00000   28.03536  7.83%     -   67s
     0     0   28.03412    0  230   26.00000   28.03412  7.82%     -   69s
     0     0   28.03409    0  229   26.00000   28.03409  7.82%     -   70s
     0     0   27.87368    0  212   26.00000   27.87368  7.21%     -   76s
     0     0   27.83970    0  205   26.00000   27.83970  7.08%     -   78s
     0     0   27.83498    0  210   26.00000   27.83498  7.06%     -   80s
     0     0   27.83236    0  206   26.00000   27.83236  7.05%     -   81s
     0     0   27.83055    0  206   26.00000   27.83055  7.04%     -   82s
     0     0   27.82927    0  207   26.00000   27.82927  7.04%     -   83s
     0     0   27.82889    0  210   26.00000   27.82889  7.03%     -   84s
     0     0   27.68409    0  219   26.00000   27.68409  6.48%     -   91s
     0     0   27.65661    0  225   26.00000   27.65661  6.37%     -   94s
     0     0   27.65082    0  216   26.00000   27.65082  6.35%     -   95s
     0     0   27.64894    0  215   26.00000   27.64894  6.34%     -   96s
     0     0   27.64823    0  228   26.00000   27.64823  6.34%     -   98s
     0     0   27.64794    0  225   26.00000   27.64794  6.34%     -   99s
     0     0   27.58257    0  218   26.00000   27.58257  6.09%     -  104s
     0     0   27.56965    0  220   26.00000   27.56965  6.04%     -  106s
     0     0   27.56235    0  217   26.00000   27.56235  6.01%     -  108s
     0     0   27.56166    0  221   26.00000   27.56166  6.01%     -  109s
     0     0   27.56148    0  226   26.00000   27.56148  6.01%     -  110s
     0     0   27.44238    0  207   26.00000   27.44238  5.55%     -  115s
H    0     0                      27.0000000   27.44238  1.64%     -  116s
     0     0   27.44238    0  207   27.00000   27.44238  1.64%     -  116s

Cutting planes:
  Gomory: 6
  Clique: 2
  MIR: 70
  Zero half: 37
  RLT: 30
  BQP: 45

Explored 1 nodes (18085 simplex iterations) in 116.84 seconds
Thread count was 8 (of 8 available processors)

Solution count 8: 27 26 24 ... 4

Optimal solution found (tolerance 1.00e-04)
Best objective 2.700000000000e+01, best bound 2.700000000000e+01, gap 0.0000%
