
Gurobi 9.1.2 (win64, Java) logging started Sun Dec 19 07:16:03 2021

Academic license - for non-commercial use only - expires 2022-09-02
Gurobi Optimizer version 9.1.2 build v9.1.2rc0 (win64)
Thread count: 4 physical cores, 8 logical processors, using up to 8 threads
Optimize a model with 273770 rows, 350 columns and 821450 nonzeros
Model fingerprint: 0x85687906
Variable types: 0 continuous, 350 integer (350 binary)
Coefficient statistics:
  Matrix range     [1e+00, 1e+00]
  Objective range  [1e+00, 1e+00]
  Bounds range     [1e+00, 1e+00]
  RHS range        [1e+00, 1e+00]
Found heuristic solution: objective 9.0000000
Presolve time: 1.12s
Presolved: 273770 rows, 350 columns, 821450 nonzeros
Variable types: 0 continuous, 350 integer (350 binary)

Starting sifting (using dual simplex for sub-problems)...

    Iter     Pivots    Primal Obj      Dual Obj        Time
       0         70    -infinity     -1.4000000e+01      2s
       1        352  -6.3002151e+01  -3.8508428e+01      3s
       2       1035  -4.0259786e+01  -4.0259173e+01      3s

Sifting complete


Root relaxation: objective 4.025000e+01, 1333 iterations, 1.00 seconds

    Nodes    |    Current Node    |     Objective Bounds      |     Work
 Expl Unexpl |  Obj  Depth IntInf | Incumbent    BestBd   Gap | It/Node Time

     0     0   40.25000    0  140    9.00000   40.25000   347%     -    4s
H    0     0                      11.0000000   40.25000   266%     -    4s
H    0     0                      25.0000000   40.25000  61.0%     -    4s
     0     0   36.88635    0  224   25.00000   36.88635  47.5%     -   18s
H    0     0                      26.0000000   36.88635  41.9%     -   19s
     0     0   36.88407    0  225   26.00000   36.88407  41.9%     -   19s
     0     0   36.88343    0  227   26.00000   36.88343  41.9%     -   20s
     0     0   34.76257    0  224   26.00000   34.76257  33.7%     -   31s
     0     0   34.48765    0  218   26.00000   34.48765  32.6%     -   34s
     0     0   34.41993    0  223   26.00000   34.41993  32.4%     -   36s
     0     0   34.39166    0  229   26.00000   34.39166  32.3%     -   37s
     0     0   34.38925    0  231   26.00000   34.38925  32.3%     -   37s
     0     0   34.38689    0  229   26.00000   34.38689  32.3%     -   38s
     0     0   34.38628    0  230   26.00000   34.38628  32.3%     -   38s
     0     0   34.38623    0  231   26.00000   34.38623  32.3%     -   39s
     0     0   33.73612    0  231   26.00000   33.73612  29.8%     -   46s
H    0     0                      29.0000000   33.73612  16.3%     -   47s
     0     0   33.54981    0  229   29.00000   33.54981  15.7%     -   49s
     0     0   33.49161    0  238   29.00000   33.49161  15.5%     -   50s
     0     0   33.45683    0  239   29.00000   33.45683  15.4%     -   51s
     0     0   33.44431    0  235   29.00000   33.44431  15.3%     -   52s
     0     0   33.43678    0  236   29.00000   33.43678  15.3%     -   53s
     0     0   33.43318    0  236   29.00000   33.43318  15.3%     -   54s
     0     0   33.43094    0  235   29.00000   33.43094  15.3%     -   54s
     0     0   33.42833    0  239   29.00000   33.42833  15.3%     -   55s
     0     0   33.42803    0  240   29.00000   33.42803  15.3%     -   55s
     0     0   33.16337    0  225   29.00000   33.16337  14.4%     -   60s
     0     0   33.06985    0  238   29.00000   33.06985  14.0%     -   62s
     0     0   33.04848    0  228   29.00000   33.04848  14.0%     -   63s
     0     0   33.03622    0  238   29.00000   33.03622  13.9%     -   64s
     0     0   33.02924    0  237   29.00000   33.02924  13.9%     -   65s
     0     0   33.02249    0  242   29.00000   33.02249  13.9%     -   66s
     0     0   33.01773    0  236   29.00000   33.01773  13.9%     -   67s
     0     0   33.01695    0  238   29.00000   33.01695  13.9%     -   67s
     0     0   33.01588    0  238   29.00000   33.01588  13.8%     -   68s
     0     0   33.01584    0  238   29.00000   33.01584  13.8%     -   68s
     0     0   32.95814    0  237   29.00000   32.95814  13.6%     -   72s
     0     0   32.92518    0  234   29.00000   32.92518  13.5%     -   74s
     0     0   32.90088    0  236   29.00000   32.90088  13.5%     -   75s
     0     0   32.89293    0  234   29.00000   32.89293  13.4%     -   76s
     0     0   32.88732    0  236   29.00000   32.88732  13.4%     -   77s
     0     0   32.88594    0  240   29.00000   32.88594  13.4%     -   78s
     0     0   32.88491    0  239   29.00000   32.88491  13.4%     -   78s
     0     0   32.88448    0  241   29.00000   32.88448  13.4%     -   79s
     0     0   32.86352    0  232   29.00000   32.86352  13.3%     -   83s
     0     0   32.85038    0  218   29.00000   32.85038  13.3%     -   84s
     0     0   32.83852    0  228   29.00000   32.83852  13.2%     -   85s
     0     0   32.83110    0  232   29.00000   32.83110  13.2%     -   86s
     0     0   32.82786    0  232   29.00000   32.82786  13.2%     -   87s
     0     0   32.82674    0  236   29.00000   32.82674  13.2%     -   87s
     0     0   32.82626    0  227   29.00000   32.82626  13.2%     -   88s
     0     0   32.80189    0  231   29.00000   32.80189  13.1%     -   92s
     0     0   32.80000    0  164   29.00000   32.80000  13.1%     -   93s
     0     0   32.80000    0  164   29.00000   32.80000  13.1%     -   96s
H    0     0                      31.0000000   32.80000  5.81%     -  105s
     0     2   32.80000    0  164   31.00000   32.80000  5.81%     -  110s
     1     2   32.57089    1  212   31.00000   32.79952  5.80%   489  115s
     5     2   32.05494    3  204   31.00000   32.25646  4.05%   281  120s

Cutting planes:
  MIR: 238
  Zero half: 39
  RLT: 191
  BQP: 24

Explored 9 nodes (9792 simplex iterations) in 120.82 seconds
Thread count was 8 (of 8 available processors)

Solution count 6: 31 29 26 ... 9

Optimal solution found (tolerance 1.00e-04)
Best objective 3.100000000000e+01, best bound 3.100000000000e+01, gap 0.0000%
