
Gurobi 9.1.2 (win64, Java) logging started Sun Dec 19 06:33:26 2021

Academic license - for non-commercial use only - expires 2022-09-02
Gurobi Optimizer version 9.1.2 build v9.1.2rc0 (win64)
Thread count: 4 physical cores, 8 logical processors, using up to 8 threads
Optimize a model with 85290 rows, 630 columns and 256410 nonzeros
Model fingerprint: 0xcf750e26
Variable types: 0 continuous, 630 integer (630 binary)
Coefficient statistics:
  Matrix range     [1e+00, 1e+00]
  Objective range  [1e+00, 1e+00]
  Bounds range     [1e+00, 1e+00]
  RHS range        [1e+00, 1e+00]
Found heuristic solution: objective -0.0000000
Presolve time: 0.38s
Presolved: 85290 rows, 630 columns, 256410 nonzeros
Variable types: 0 continuous, 630 integer (630 binary)

Starting sifting (using dual simplex for sub-problems)...

    Iter     Pivots    Primal Obj      Dual Obj        Time
       0         30    -infinity     -1.0000000e+00      1s
       1         59  -3.0000000e+01  -1.5500000e+01      1s
       2        176  -2.3500000e+01  -1.8166667e+01      1s
       3        235  -2.3500000e+01  -2.0833333e+01      1s

Sifting complete


Root relaxation: objective 2.350000e+01, 296 iterations, 0.22 seconds

    Nodes    |    Current Node    |     Objective Bounds      |     Work
 Expl Unexpl |  Obj  Depth IntInf | Incumbent    BestBd   Gap | It/Node Time

     0     0   23.50000    0    8   -0.00000   23.50000      -     -    0s
H    0     0                      22.0000000   23.50000  6.82%     -    0s
H    0     0                      23.0000000   23.50000  2.17%     -    0s
     0     0   23.50000    0    8   23.00000   23.50000  2.17%     -    0s

Explored 1 nodes (296 simplex iterations) in 0.78 seconds
Thread count was 8 (of 8 available processors)

Solution count 3: 23 22 -0 

Optimal solution found (tolerance 1.00e-04)
Best objective 2.300000000000e+01, best bound 2.300000000000e+01, gap 0.0000%
