
Gurobi 9.1.2 (win64, Java) logging started Sun Dec 19 08:01:14 2021

Academic license - for non-commercial use only - expires 2022-09-02
Gurobi Optimizer version 9.1.2 build v9.1.2rc0 (win64)
Thread count: 4 physical cores, 8 logical processors, using up to 8 threads
Optimize a model with 675325 rows, 750 columns and 2026500 nonzeros
Model fingerprint: 0x8a2343dc
Variable types: 0 continuous, 750 integer (750 binary)
Coefficient statistics:
  Matrix range     [1e+00, 1e+00]
  Objective range  [1e+00, 1e+00]
  Bounds range     [1e+00, 1e+00]
  RHS range        [1e+00, 1e+00]
Found heuristic solution: objective 8.0000000
Presolve time: 2.75s
Presolved: 675325 rows, 750 columns, 2026500 nonzeros
Variable types: 0 continuous, 750 integer (750 binary)

Root simplex log...

Iteration    Objective       Primal Inf.    Dual Inf.      Time
       0    7.5000000e+01   0.000000e+00   5.894000e+03      5s
   51136    4.0000000e+01   0.000000e+00   0.000000e+00     10s
   51136    4.0000000e+01   0.000000e+00   0.000000e+00     10s

Root relaxation: objective 4.000000e+01, 51136 iterations, 6.34 seconds
Total elapsed time = 17.73s

    Nodes    |    Current Node    |     Objective Bounds      |     Work
 Expl Unexpl |  Obj  Depth IntInf | Incumbent    BestBd   Gap | It/Node Time

     0     0   40.00000    0  150    8.00000   40.00000   400%     -   20s
H    0     0                      20.0000000   40.00000   100%     -   20s
     0     0   37.78394    0  251   20.00000   37.78394  88.9%     -   77s
H    0     0                      24.0000000   37.78394  57.4%     -   80s
     0     0   37.76373    0  245   24.00000   37.76373  57.3%     -   82s
     0     0   37.76371    0  248   24.00000   37.76371  57.3%     -   83s
     0     0   35.40415    0  272   24.00000   35.40415  47.5%     -  119s
     0     0   35.12490    0  255   24.00000   35.12490  46.4%     -  129s
     0     0   35.07243    0  274   24.00000   35.07243  46.1%     -  133s
     0     0   35.06743    0  274   24.00000   35.06743  46.1%     -  135s
     0     0   35.06411    0  279   24.00000   35.06411  46.1%     -  137s
     0     0   35.06192    0  281   24.00000   35.06192  46.1%     -  138s
     0     0   35.06152    0  282   24.00000   35.06152  46.1%     -  139s
     0     0   33.23906    0  310   24.00000   33.23906  38.5%     -  170s
H    0     0                      25.0000000   33.23906  33.0%     -  173s
     0     0   32.86525    0  310   25.00000   32.86525  31.5%     -  184s
     0     0   32.75588    0  309   25.00000   32.75588  31.0%     -  189s
     0     0   32.73273    0  317   25.00000   32.73273  30.9%     -  191s
     0     0   32.72034    0  321   25.00000   32.72034  30.9%     -  194s
     0     0   32.71876    0  324   25.00000   32.71876  30.9%     -  195s
     0     0   32.71814    0  327   25.00000   32.71814  30.9%     -  197s
     0     0   31.90903    0  336   25.00000   31.90903  27.6%     -  228s
     0     0   31.81003    0  314   25.00000   31.81003  27.2%     -  236s
     0     0   31.78113    0  318   25.00000   31.78113  27.1%     -  240s
     0     0   31.77316    0  325   25.00000   31.77316  27.1%     -  243s
     0     0   31.76889    0  342   25.00000   31.76889  27.1%     -  245s
     0     0   31.76830    0  330   25.00000   31.76830  27.1%     -  246s
     0     0   31.55745    0  334   25.00000   31.55745  26.2%     -  261s
H    0     0                      26.0000000   31.55745  21.4%     -  262s
H    0     0                      27.0000000   31.55745  16.9%     -  262s
     0     0   31.50921    0  337   27.00000   31.50921  16.7%     -  267s
     0     0   31.48667    0  331   27.00000   31.48667  16.6%     -  271s
     0     0   31.47989    0  342   27.00000   31.47989  16.6%     -  274s
     0     0   31.47889    0  349   27.00000   31.47889  16.6%     -  275s
     0     0   31.47829    0  353   27.00000   31.47829  16.6%     -  277s
     0     0   31.34988    0  343   27.00000   31.34988  16.1%     -  291s
     0     0   31.31769    0  332   27.00000   31.31769  16.0%     -  297s
     0     0   31.30765    0  354   27.00000   31.30765  16.0%     -  300s
     0     0   31.30339    0  343   27.00000   31.30339  15.9%     -  302s
     0     0   31.30088    0  364   27.00000   31.30088  15.9%     -  304s
     0     0   31.30059    0  359   27.00000   31.30059  15.9%     -  305s
     0     0   31.20769    0  328   27.00000   31.20769  15.6%     -  319s
     0     0   31.18845    0  353   27.00000   31.18845  15.5%     -  324s
     0     0   31.18426    0  343   27.00000   31.18426  15.5%     -  326s
     0     0   31.17899    0  355   27.00000   31.17899  15.5%     -  329s
     0     0   31.17820    0  369   27.00000   31.17820  15.5%     -  330s
     0     0   31.14839    0  347   27.00000   31.14839  15.4%     -  341s
     0     0   31.13655    0  366   27.00000   31.13655  15.3%     -  345s
     0     0   31.12924    0  335   27.00000   31.12924  15.3%     -  348s
     0     0   31.12855    0  352   27.00000   31.12855  15.3%     -  350s
     0     0   31.10129    0  329   27.00000   31.10129  15.2%     -  360s
     0     0   31.09435    0  323   27.00000   31.09435  15.2%     -  364s
     0     0   31.09143    0  319   27.00000   31.09143  15.2%     -  366s
     0     0   31.09080    0  323   27.00000   31.09080  15.2%     -  368s
     0     0   31.08383    0  347   27.00000   31.08383  15.1%     -  375s
     0     0   31.07760    0  343   27.00000   31.07760  15.1%     -  378s
     0     0   31.07707    0  349   27.00000   31.07707  15.1%     -  380s
     0     0   31.05921    0  326   27.00000   31.05921  15.0%     -  390s
     0     0   31.05202    0  351   27.00000   31.05202  15.0%     -  393s
     0     0   31.04882    0  348   27.00000   31.04882  15.0%     -  395s
     0     0   31.04669    0  352   27.00000   31.04669  15.0%     -  397s
     0     0   31.04544    0  369   27.00000   31.04544  15.0%     -  399s
     0     0   31.04536    0  350   27.00000   31.04536  15.0%     -  400s
     0     0   31.03230    0  332   27.00000   31.03230  14.9%     -  410s
     0     0   31.02556    0  371   27.00000   31.02556  14.9%     -  414s
     0     0   31.02358    0  383   27.00000   31.02358  14.9%     -  415s
     0     0   31.02244    0  384   27.00000   31.02244  14.9%     -  417s
     0     0   31.02225    0  385   27.00000   31.02225  14.9%     -  418s
     0     0   31.01473    0  336   27.00000   31.01473  14.9%     -  428s
     0     0   31.01128    0  365   27.00000   31.01128  14.9%     -  432s
     0     0   31.01025    0  335   27.00000   31.01025  14.9%     -  434s
     0     0   31.01002    0  334   27.00000   31.01002  14.9%     -  435s
     0     0   31.00328    0  356   27.00000   31.00328  14.8%     -  443s
     0     0   30.99836    0  352   27.00000   30.99836  14.8%     -  447s
     0     0   30.99693    0  358   27.00000   30.99693  14.8%     -  449s
     0     0   30.99629    0  346   27.00000   30.99629  14.8%     -  451s
     0     0   30.99079    0  327   27.00000   30.99079  14.8%     -  460s
     0     0   30.98595    0  346   27.00000   30.98595  14.8%     -  464s
     0     0   30.98419    0  325   27.00000   30.98419  14.8%     -  465s
     0     0   30.98395    0  346   27.00000   30.98395  14.8%     -  467s
     0     0   30.98069    0  359   27.00000   30.98069  14.7%     -  476s
     0     0   30.97873    0  342   27.00000   30.97873  14.7%     -  478s
     0     0   30.97826    0  353   27.00000   30.97826  14.7%     -  480s
     0     0   30.97126    0  328   27.00000   30.97126  14.7%     -  489s
     0     0   30.97058    0  318   27.00000   30.97058  14.7%     -  492s
     0     0   30.96928    0  326   27.00000   30.96928  14.7%     -  500s
     0     0   30.96735    0  350   27.00000   30.96735  14.7%     -  504s
     0     0   30.96673    0  345   27.00000   30.96673  14.7%     -  506s
     0     0   30.96403    0  339   27.00000   30.96403  14.7%     -  515s
     0     0   30.96353    0  346   27.00000   30.96353  14.7%     -  518s
     0     0   30.96158    0  340   27.00000   30.96158  14.7%     -  527s
     0     0   30.96158    0  321   27.00000   30.96158  14.7%     -  532s
     0     2   30.96158    0  319   27.00000   30.96158  14.7%     -  603s
     1     4   30.85092    1  316   27.00000   30.96130  14.7%   348  624s
     3     8   30.63570    2  332   27.00000   30.85070  14.3%   530  665s
     7    12   30.39831    3  312   27.00000   30.60872  13.4%   523  690s
    11    16   30.30716    4  293   27.00000   30.60872  13.4%   459  717s
    15    20   28.58684    4  287   27.00000   30.60872  13.4%   631  752s
    19    24   28.47350    5  283   27.00000   30.60872  13.4%   704  783s
    23    28   28.17129    5  256   27.00000   30.60872  13.4%   685  813s
    27    30     cutoff    6        27.00000   30.60872  13.4%   642  832s
H   28    30                      28.0000000   30.60872  9.32%   619  832s
    39    16     cutoff    6        28.00000   30.35572  8.41%   472  861s
    47    18   29.05954    4  248   28.00000   30.30174  8.22%   447  903s
    51    16     cutoff    5        28.00000   30.30174  8.22%   438  912s
    55    20   29.62560    6  271   28.00000   30.30174  8.22%   440  934s
    59    22   29.45606    7  260   28.00000   30.30174  8.22%   463  968s
    63    22     cutoff    7        28.00000   30.30174  8.22%   520  997s
    67    20   29.13973    8  242   28.00000   30.30174  8.22%   525 1015s
    71    20     cutoff    9        28.00000   30.30174  8.22%   504 1035s
    75    18   29.04274    9  237   28.00000   30.30174  8.22%   494 1047s
    81    19     cutoff   10        28.00000   30.30174  8.22%   464 1074s
    87    17   29.01743    9  277   28.00000   30.30174  8.22%   456 1096s
    93    18     cutoff    9        28.00000   30.30174  8.22%   438 1109s
    98    21     cutoff   10        28.00000   29.90549  6.81%   423 1137s
   103    22   29.30163    4  157   28.00000   29.90549  6.81%   421 1154s
   107    21   29.12079    5  167   28.00000   29.90549  6.81%   415 1164s
   112    10   29.12079    6  165   28.00000   29.90549  6.81%   402 1185s
   125    12   29.29722    6  274   28.00000   29.70895  6.10%   381 1239s
   129    12   29.22461    7  295   28.00000   29.47061  5.25%   387 1256s
   135     4     cutoff    8        28.00000   29.47061  5.25%   377 1277s
   145     2     cutoff    9        28.00000   29.16111  4.15%   363 1293s
   149     0     cutoff    6        28.00000   29.08624  3.88%   359 1295s

Cutting planes:
  Gomory: 3
  MIR: 152
  Zero half: 79
  RLT: 39
  BQP: 103

Explored 151 nodes (132609 simplex iterations) in 1296.24 seconds
Thread count was 8 (of 8 available processors)

Solution count 7: 28 27 26 ... 8

Optimal solution found (tolerance 1.00e-04)
Best objective 2.800000000000e+01, best bound 2.800000000000e+01, gap 0.0000%
