
Gurobi 9.1.2 (win64, Java) logging started Sun Dec 19 06:33:27 2021

Academic license - for non-commercial use only - expires 2022-09-02
Gurobi Optimizer version 9.1.2 build v9.1.2rc0 (win64)
Thread count: 4 physical cores, 8 logical processors, using up to 8 threads
Optimize a model with 32760 rows, 175 columns and 98350 nonzeros
Model fingerprint: 0xa97258b3
Variable types: 0 continuous, 175 integer (175 binary)
Coefficient statistics:
  Matrix range     [1e+00, 1e+00]
  Objective range  [1e+00, 1e+00]
  Bounds range     [1e+00, 1e+00]
  RHS range        [1e+00, 1e+00]
Found heuristic solution: objective 13.0000000
Presolve time: 0.11s
Presolved: 32760 rows, 175 columns, 98350 nonzeros
Variable types: 0 continuous, 175 integer (175 binary)

Starting sifting (using dual simplex for sub-problems)...

    Iter     Pivots    Primal Obj      Dual Obj        Time
       0         35    -infinity     -2.0000000e+00      0s
       1         90  -3.4000383e+01  -1.8005003e+01      0s
       2        293  -2.1338781e+01  -2.0005703e+01      0s

Sifting complete


Root relaxation: objective 2.100000e+01, 409 iterations, 0.10 seconds

    Nodes    |    Current Node    |     Objective Bounds      |     Work
 Expl Unexpl |  Obj  Depth IntInf | Incumbent    BestBd   Gap | It/Node Time

     0     0   21.00000    0   73   13.00000   21.00000  61.5%     -    0s
H    0     0                      19.0000000   21.00000  10.5%     -    0s
H    0     0                      20.0000000   21.00000  5.00%     -    0s

Cutting planes:
  Gomory: 2
  Clique: 156
  MIR: 3
  Zero half: 44
  RLT: 35
  BQP: 14

Explored 1 nodes (497 simplex iterations) in 1.14 seconds
Thread count was 8 (of 8 available processors)

Solution count 3: 20 19 13 

Optimal solution found (tolerance 1.00e-04)
Best objective 2.000000000000e+01, best bound 2.000000000000e+01, gap 0.0000%
