
Gurobi 9.1.2 (win64, Java) logging started Sun Dec 19 09:23:11 2021

Academic license - for non-commercial use only - expires 2022-09-02
Gurobi Optimizer version 9.1.2 build v9.1.2rc0 (win64)
Thread count: 4 physical cores, 8 logical processors, using up to 8 threads
Optimize a model with 1418100 rows, 1575 columns and 4255650 nonzeros
Model fingerprint: 0xb8c59ac2
Variable types: 0 continuous, 1575 integer (1575 binary)
Coefficient statistics:
  Matrix range     [1e+00, 1e+00]
  Objective range  [1e+00, 1e+00]
  Bounds range     [1e+00, 1e+00]
  RHS range        [1e+00, 1e+00]
Found heuristic solution: objective 2.0000000
Presolve removed 0 rows and 0 columns (presolve time = 6s) ...
Presolve time: 8.17s
Presolved: 1418100 rows, 1575 columns, 4255650 nonzeros
Variable types: 0 continuous, 1575 integer (1575 binary)

Root simplex log...

Iteration    Objective       Primal Inf.    Dual Inf.      Time
       0    7.5000000e+01   0.000000e+00   2.698000e+03     15s
   12297    4.2250000e+01   0.000000e+00   0.000000e+00     19s
   12297    4.2250000e+01   0.000000e+00   0.000000e+00     19s

Root relaxation: objective 4.225000e+01, 12297 iterations, 9.06 seconds
Total elapsed time = 32.38s

    Nodes    |    Current Node    |     Objective Bounds      |     Work
 Expl Unexpl |  Obj  Depth IntInf | Incumbent    BestBd   Gap | It/Node Time

     0     0   42.25000    0  139    2.00000   42.25000  2013%     -   35s
H    0     0                      29.0000000   42.25000  45.7%     -   35s
H    0     0                      30.0000000   42.25000  40.8%     -   36s
H    0     0                      31.0000000   42.25000  36.3%     -   37s
     0     0   40.38242    0  190   31.00000   40.38242  30.3%     -   71s
H    0     0                      33.0000000   40.38242  22.4%     -   76s
     0     0   40.32450    0  188   33.00000   40.32450  22.2%     -   78s
     0     0   40.32450    0  189   33.00000   40.32450  22.2%     -   80s
     0     0   38.82771    0  227   33.00000   38.82771  17.7%     -  100s
     0     0   38.48625    0  229   33.00000   38.48625  16.6%     -  110s
     0     0   38.47713    0  227   33.00000   38.47713  16.6%     -  113s
     0     0   38.47663    0  234   33.00000   38.47663  16.6%     -  116s
     0     0   38.47594    0  235   33.00000   38.47594  16.6%     -  119s
     0     0   38.47594    0  235   33.00000   38.47594  16.6%     -  121s
     0     0   37.38114    0  221   33.00000   37.38114  13.3%     -  141s
H    0     0                      34.0000000   37.38114  9.94%     -  144s
     0     0   37.24152    0  229   34.00000   37.24152  9.53%     -  149s
     0     0   37.21437    0  235   34.00000   37.21437  9.45%     -  153s
     0     0   37.20002    0  238   34.00000   37.20002  9.41%     -  156s
     0     0   37.19715    0  233   34.00000   37.19715  9.40%     -  159s
     0     0   37.19632    0  231   34.00000   37.19632  9.40%     -  161s
     0     0   37.19583    0  232   34.00000   37.19583  9.40%     -  164s
     0     0   36.75822    0  244   34.00000   36.75822  8.11%     -  179s
     0     0   36.70017    0  247   34.00000   36.70017  7.94%     -  186s
     0     0   36.68175    0  251   34.00000   36.68175  7.89%     -  189s
     0     0   36.67729    0  257   34.00000   36.67729  7.87%     -  192s
     0     0   36.67521    0  255   34.00000   36.67521  7.87%     -  194s
     0     0   36.67100    0  253   34.00000   36.67100  7.86%     -  197s
     0     0   36.67050    0  255   34.00000   36.67050  7.85%     -  200s
     0     0   36.53408    0  240   34.00000   36.53408  7.45%     -  213s
     0     0   36.51197    0  250   34.00000   36.51197  7.39%     -  218s
     0     0   36.48992    0  264   34.00000   36.48992  7.32%     -  222s
     0     0   36.47992    0  266   34.00000   36.47992  7.29%     -  225s
     0     0   36.47527    0  267   34.00000   36.47527  7.28%     -  227s
     0     0   36.47033    0  264   34.00000   36.47033  7.27%     -  230s
     0     0   36.47024    0  266   34.00000   36.47024  7.27%     -  232s
     0     0   36.41738    0  248   34.00000   36.41738  7.11%     -  243s
     0     0   36.40404    0  248   34.00000   36.40404  7.07%     -  248s
     0     0   36.40038    0  251   34.00000   36.40038  7.06%     -  251s
     0     0   36.39932    0  253   34.00000   36.39932  7.06%     -  253s
     0     0   36.39898    0  255   34.00000   36.39898  7.06%     -  256s
     0     0   36.29890    0  225   34.00000   36.29890  6.76%     -  267s
     0     0   36.26892    0  235   34.00000   36.26892  6.67%     -  272s
     0     0   36.25370    0  233   34.00000   36.25370  6.63%     -  275s
     0     0   36.24841    0  250   34.00000   36.24841  6.61%     -  278s
     0     0   36.24408    0  253   34.00000   36.24408  6.60%     -  281s
     0     0   36.24213    0  259   34.00000   36.24213  6.59%     -  283s
     0     0   36.24069    0  264   34.00000   36.24069  6.59%     -  286s
     0     0   36.24069    0  264   34.00000   36.24069  6.59%     -  288s
     0     0   36.21303    0  222   34.00000   36.21303  6.51%     -  298s
     0     0   36.20204    0  236   34.00000   36.20204  6.48%     -  303s
     0     0   36.19568    0  249   34.00000   36.19568  6.46%     -  306s
     0     0   36.19531    0  249   34.00000   36.19531  6.46%     -  309s
     0     0   36.14302    0  222   34.00000   36.14302  6.30%     -  318s
     0     0   36.13693    0  231   34.00000   36.13693  6.29%     -  323s
     0     0   36.13107    0  254   34.00000   36.13107  6.27%     -  326s
     0     0   36.12944    0  257   34.00000   36.12944  6.26%     -  329s
     0     0   36.12889    0  243   34.00000   36.12889  6.26%     -  331s
     0     0   36.10596    0  244   34.00000   36.10596  6.19%     -  341s
     0     0   36.10420    0  233   34.00000   36.10420  6.19%     -  345s
     0     0   36.10370    0  235   34.00000   36.10370  6.19%     -  348s
     0     0   36.04332    0  246   34.00000   36.04332  6.01%     -  357s
     0     0   36.03959    0  259   34.00000   36.03959  6.00%     -  362s
     0     0   36.03667    0  272   34.00000   36.03667  5.99%     -  365s
     0     0   36.03435    0  264   34.00000   36.03435  5.98%     -  367s
     0     0   36.03418    0  266   34.00000   36.03418  5.98%     -  369s
     0     0   35.97628    0  244   34.00000   35.97628  5.81%     -  379s
     0     0   35.95518    0  247   34.00000   35.95518  5.75%     -  385s
     0     0   35.95083    0  255   34.00000   35.95083  5.74%     -  388s
     0     0   35.94755    0  265   34.00000   35.94755  5.73%     -  390s
     0     0   35.94723    0  270   34.00000   35.94723  5.73%     -  393s
     0     0   35.92906    0  243   34.00000   35.92906  5.67%     -  404s
     0     0   35.92204    0  241   34.00000   35.92204  5.65%     -  410s
     0     0   35.91397    0  232   34.00000   35.91397  5.63%     -  412s
     0     0   35.91371    0  243   34.00000   35.91371  5.63%     -  415s
     0     0   35.90988    0  235   34.00000   35.90988  5.62%     -  425s
     0     0   35.90771    0  244   34.00000   35.90771  5.61%     -  429s
     0     0   35.90612    0  252   34.00000   35.90612  5.61%     -  432s
     0     0   35.90599    0  242   34.00000   35.90599  5.61%     -  434s
     0     0   35.87861    0  231   34.00000   35.87861  5.53%     -  444s
     0     0   35.87075    0  246   34.00000   35.87075  5.50%     -  449s
     0     0   35.86990    0  246   34.00000   35.86990  5.50%     -  451s
     0     0   35.86990    0  250   34.00000   35.86990  5.50%     -  454s
     0     0   35.85174    0  237   34.00000   35.85174  5.45%     -  463s
     0     0   35.85066    0  235   34.00000   35.85066  5.44%     -  467s
     0     0   35.85039    0  239   34.00000   35.85039  5.44%     -  469s
     0     0   35.82249    0  231   34.00000   35.82249  5.36%     -  477s
     0     0   35.81643    0  227   34.00000   35.81643  5.34%     -  482s
     0     0   35.81232    0  214   34.00000   35.81232  5.33%     -  485s
     0     0   35.81084    0  227   34.00000   35.81084  5.33%     -  487s
     0     0   35.81047    0  227   34.00000   35.81047  5.32%     -  490s
     0     0   35.78252    0  243   34.00000   35.78252  5.24%     -  500s
     0     0   35.78103    0  236   34.00000   35.78103  5.24%     -  505s
     0     0   35.78030    0  238   34.00000   35.78030  5.24%     -  507s
     0     0   35.78030    0  240   34.00000   35.78030  5.24%     -  509s
     0     0   35.76839    0  207   34.00000   35.76839  5.20%     -  517s
     0     0   35.75411    0  222   34.00000   35.75411  5.16%     -  522s
     0     0   35.74951    0  223   34.00000   35.74951  5.15%     -  524s
     0     0   35.74951    0  227   34.00000   35.74951  5.15%     -  527s
     0     0   35.73692    0  232   34.00000   35.73692  5.11%     -  537s
     0     0   35.72790    0  236   34.00000   35.72790  5.08%     -  542s
     0     0   35.72565    0  240   34.00000   35.72565  5.08%     -  546s
     0     0   35.72456    0  243   34.00000   35.72456  5.07%     -  548s
     0     0   35.72388    0  246   34.00000   35.72388  5.07%     -  551s
     0     0   35.72358    0  248   34.00000   35.72358  5.07%     -  553s
     0     0   35.58996    0  229   34.00000   35.58996  4.68%     -  564s
     0     0   35.58396    0  246   34.00000   35.58396  4.66%     -  568s
     0     0   35.58387    0  250   34.00000   35.58387  4.66%     -  570s
     0     0   35.16768    0  202   34.00000   35.16768  3.43%     -  585s
     0     0   35.11463    0  205   34.00000   35.11463  3.28%     -  591s
     0     0   35.10214    0  215   34.00000   35.10214  3.24%     -  595s
     0     0   35.09831    0  227   34.00000   35.09831  3.23%     -  597s
     0     0   35.08966    0  217   34.00000   35.08966  3.20%     -  600s
     0     0   35.08669    0  217   34.00000   35.08669  3.20%     -  602s
     0     0   35.08588    0  221   34.00000   35.08588  3.19%     -  605s
     0     0   35.08587    0  221   34.00000   35.08587  3.19%     -  607s
     0     0     cutoff    0        34.00000   34.00000  0.00%     -  620s

Cutting planes:
  Gomory: 4
  Cover: 2
  Clique: 350
  MIR: 80
  Zero half: 36
  RLT: 69
  BQP: 74

Explored 1 nodes (23544 simplex iterations) in 620.87 seconds
Thread count was 8 (of 8 available processors)

Solution count 6: 34 33 31 ... 2

Optimal solution found (tolerance 1.00e-04)
Best objective 3.400000000000e+01, best bound 3.400000000000e+01, gap 0.0000%
