
Gurobi 9.1.2 (win64, Java) logging started Sun Dec 19 11:02:44 2021

Academic license - for non-commercial use only - expires 2022-09-02
Gurobi Optimizer version 9.1.2 build v9.1.2rc0 (win64)
Thread count: 4 physical cores, 8 logical processors, using up to 8 threads
Optimize a model with 1971920 rows, 1920 columns and 5917440 nonzeros
Model fingerprint: 0x3aec9e54
Variable types: 0 continuous, 1920 integer (1920 binary)
Coefficient statistics:
  Matrix range     [1e+00, 1e+00]
  Objective range  [1e+00, 1e+00]
  Bounds range     [1e+00, 1e+00]
  RHS range        [1e+00, 1e+00]
Found heuristic solution: objective 2.0000000
Presolve removed 0 rows and 0 columns (presolve time = 8s) ...
Presolve removed 0 rows and 0 columns (presolve time = 10s) ...
Presolve time: 10.36s
Presolved: 1971920 rows, 1920 columns, 5917440 nonzeros
Variable types: 0 continuous, 1920 integer (1920 binary)

Root simplex log...

Iteration    Objective       Primal Inf.    Dual Inf.      Time
       0    8.0000000e+01   0.000000e+00   3.628000e+03     19s
   10784    4.8249284e+01   0.000000e+00   2.258298e+05     21s
   28650    4.4250000e+01   0.000000e+00   0.000000e+00     26s
   28650    4.4250000e+01   0.000000e+00   0.000000e+00     27s

Root relaxation: objective 4.425000e+01, 28650 iterations, 13.85 seconds
Total elapsed time = 45.33s

    Nodes    |    Current Node    |     Objective Bounds      |     Work
 Expl Unexpl |  Obj  Depth IntInf | Incumbent    BestBd   Gap | It/Node Time

     0     0   44.25000    0  144    2.00000   44.25000  2113%     -   52s
H    0     0                      24.0000000   44.25000  84.4%     -   53s
H    0     0                      28.0000000   44.25000  58.0%     -   54s
     0     0   41.91667    0  181   28.00000   41.91667  49.7%     -   98s
H    0     0                      29.0000000   41.91667  44.5%     -  104s
     0     0   41.91667    0  180   29.00000   41.91667  44.5%     -  106s
     0     0   39.34064    0  220   29.00000   39.34064  35.7%     -  128s
H    0     0                      30.0000000   39.34064  31.1%     -  132s
     0     0   39.22996    0  216   30.00000   39.22996  30.8%     -  136s
     0     0   39.22331    0  232   30.00000   39.22331  30.7%     -  141s
     0     0   39.22331    0  237   30.00000   39.22331  30.7%     -  144s
     0     0   37.65238    0  239   30.00000   37.65238  25.5%     -  174s
     0     0   37.40833    0  248   30.00000   37.40833  24.7%     -  186s
     0     0   37.35457    0  265   30.00000   37.35457  24.5%     -  192s
     0     0   37.33065    0  266   30.00000   37.33065  24.4%     -  198s
     0     0   37.32087    0  275   30.00000   37.32087  24.4%     -  203s
     0     0   37.32045    0  270   30.00000   37.32045  24.4%     -  207s
     0     0   36.77366    0  274   30.00000   36.77366  22.6%     -  232s
H    0     0                      31.0000000   36.77366  18.6%     -  236s
     0     0   36.68615    0  282   31.00000   36.68615  18.3%     -  244s
     0     0   36.66852    0  286   31.00000   36.66852  18.3%     -  249s
     0     0   36.65596    0  288   31.00000   36.65596  18.2%     -  254s
     0     0   36.65371    0  289   31.00000   36.65371  18.2%     -  259s
     0     0   36.65356    0  294   31.00000   36.65356  18.2%     -  263s
     0     0   36.41638    0  275   31.00000   36.41638  17.5%     -  282s
H    0     0                      33.0000000   36.41638  10.4%     -  287s
     0     0   36.37723    0  295   33.00000   36.37723  10.2%     -  292s
     0     0   36.36536    0  302   33.00000   36.36536  10.2%     -  298s
     0     0   36.35575    0  307   33.00000   36.35575  10.2%     -  304s
     0     0   36.34818    0  315   33.00000   36.34818  10.1%     -  309s
     0     0   36.34623    0  314   33.00000   36.34623  10.1%     -  313s
     0     0   36.34253    0  312   33.00000   36.34253  10.1%     -  316s
     0     0   36.34240    0  312   33.00000   36.34240  10.1%     -  320s
     0     0   36.20855    0  292   33.00000   36.20855  9.72%     -  339s
     0     0   36.17171    0  302   33.00000   36.17171  9.61%     -  350s
     0     0   36.16455    0  315   33.00000   36.16455  9.59%     -  355s
     0     0   36.15598    0  291   33.00000   36.15598  9.56%     -  359s
     0     0   36.14790    0  312   33.00000   36.14790  9.54%     -  364s
     0     0   36.14318    0  335   33.00000   36.14318  9.52%     -  368s
     0     0   36.14157    0  341   33.00000   36.14157  9.52%     -  373s
     0     0   36.14079    0  334   33.00000   36.14079  9.52%     -  376s
     0     0   36.03649    0  325   33.00000   36.03649  9.20%     -  398s
     0     0   36.00323    0  318   33.00000   36.00323  9.10%     -  408s
     0     0   35.99514    0  320   33.00000   35.99514  9.08%     -  414s
     0     0   35.99237    0  326   33.00000   35.99237  9.07%     -  418s
     0     0   35.99224    0  332   33.00000   35.99224  9.07%     -  422s
     0     0   35.90542    0  295   33.00000   35.90542  8.80%     -  443s
     0     0   35.84324    0  301   33.00000   35.84324  8.62%     -  455s
     0     0   35.83216    0  324   33.00000   35.83216  8.58%     -  460s
     0     0   35.82675    0  307   33.00000   35.82675  8.57%     -  465s
     0     0   35.82496    0  315   33.00000   35.82496  8.56%     -  469s
     0     0   35.82298    0  324   33.00000   35.82298  8.55%     -  474s
     0     0   35.82262    0  312   33.00000   35.82262  8.55%     -  478s
     0     0   35.80857    0  314   33.00000   35.80857  8.51%     -  492s
     0     0   35.80752    0  315   33.00000   35.80752  8.51%     -  499s
     0     0   35.80695    0  316   33.00000   35.80695  8.51%     -  503s
     0     0   35.76108    0  326   33.00000   35.76108  8.37%     -  521s
     0     0   35.73774    0  344   33.00000   35.73774  8.30%     -  531s
     0     0   35.73228    0  321   33.00000   35.73228  8.28%     -  536s
     0     0   35.72926    0  323   33.00000   35.72926  8.27%     -  540s
     0     0   35.72839    0  333   33.00000   35.72839  8.27%     -  544s
     0     0   35.72820    0  326   33.00000   35.72820  8.27%     -  548s
     0     0   35.71399    0  315   33.00000   35.71399  8.22%     -  562s
     0     0   35.71121    0  310   33.00000   35.71121  8.22%     -  570s
     0     0   35.70825    0  326   33.00000   35.70825  8.21%     -  575s
     0     0   35.70807    0  322   33.00000   35.70807  8.21%     -  578s
     0     0   35.68746    0  329   33.00000   35.68746  8.14%     -  593s
     0     0   35.66899    0  327   33.00000   35.66899  8.09%     -  602s
     0     0   35.66685    0  331   33.00000   35.66685  8.08%     -  606s
     0     0   35.66561    0  338   33.00000   35.66561  8.08%     -  610s
     0     0   35.66527    0  325   33.00000   35.66527  8.08%     -  614s
     0     0   35.64697    0  339   33.00000   35.64697  8.02%     -  632s
     0     0   35.63706    0  313   33.00000   35.63706  7.99%     -  640s
     0     0   35.63687    0  323   33.00000   35.63687  7.99%     -  644s
     0     0   35.62529    0  328   33.00000   35.62529  7.96%     -  658s
     0     0   35.61836    0  322   33.00000   35.61836  7.93%     -  666s
     0     0   35.61219    0  350   33.00000   35.61219  7.92%     -  671s
     0     0   35.61169    0  355   33.00000   35.61169  7.91%     -  675s
     0     0   35.57476    0  289   33.00000   35.57476  7.80%     -  694s
     0     0   35.55398    0  290   33.00000   35.55398  7.74%     -  703s
     0     0   35.54767    0  286   33.00000   35.54767  7.72%     -  707s
     0     0   35.54695    0  304   33.00000   35.54695  7.72%     -  710s
     0     0   35.53745    0  301   33.00000   35.53745  7.69%     -  725s
     0     0   35.53535    0  313   33.00000   35.53535  7.68%     -  732s
     0     0   35.53498    0  315   33.00000   35.53498  7.68%     -  736s
     0     0   35.50895    0  326   33.00000   35.50895  7.60%     -  754s
     0     0   35.50521    0  349   33.00000   35.50521  7.59%     -  760s
     0     0   35.50377    0  347   33.00000   35.50377  7.59%     -  764s
     0     0   35.50372    0  348   33.00000   35.50372  7.59%     -  768s
     0     0   35.48930    0  296   33.00000   35.48930  7.54%     -  784s
     0     0   35.48641    0  302   33.00000   35.48641  7.53%     -  792s
     0     0   35.48288    0  304   33.00000   35.48288  7.52%     -  797s
     0     0   35.48183    0  331   33.00000   35.48183  7.52%     -  801s
     0     0   35.48139    0  317   33.00000   35.48139  7.52%     -  805s
     0     0   35.46817    0  315   33.00000   35.46817  7.48%     -  819s
     0     0   35.46438    0  336   33.00000   35.46438  7.47%     -  826s
     0     0   35.46366    0  354   33.00000   35.46366  7.47%     -  830s
     0     0   35.45177    0  305   33.00000   35.45177  7.43%     -  844s
     0     0   35.44645    0  316   33.00000   35.44645  7.41%     -  853s
     0     0   35.44441    0  325   33.00000   35.44441  7.41%     -  857s
     0     0   35.44406    0  307   33.00000   35.44406  7.41%     -  861s
     0     0   35.41785    0  298   33.00000   35.41785  7.33%     -  876s
     0     0   35.40736    0  334   33.00000   35.40736  7.30%     -  884s
     0     0   35.40277    0  336   33.00000   35.40277  7.28%     -  888s
     0     0   35.40264    0  336   33.00000   35.40264  7.28%     -  891s
     0     0   35.39007    0  283   33.00000   35.39007  7.24%     -  905s
     0     0   35.38760    0  287   33.00000   35.38760  7.24%     -  912s
     0     0   35.38742    0  271   33.00000   35.38742  7.23%     -  915s
     0     0   35.37722    0  316   33.00000   35.37722  7.20%     -  930s
     0     0   35.37697    0  336   33.00000   35.37697  7.20%     -  936s
     0     0   35.34460    0  299   33.00000   35.34460  7.10%     -  952s
     0     0   35.34427    0  295   33.00000   35.34427  7.10%     -  958s
     0     0   35.33183    0  267   33.00000   35.33183  7.07%     -  972s
     0     0   35.32786    0  281   33.00000   35.32786  7.05%     -  979s
     0     0   35.32763    0  274   33.00000   35.32763  7.05%     -  982s
     0     0   35.31869    0  275   33.00000   35.31869  7.03%     -  995s
     0     0   35.31821    0  292   33.00000   35.31821  7.02%     - 1002s
     0     0   35.31514    0  273   33.00000   35.31514  7.02%     - 1015s
     0     0   35.31476    0  271   33.00000   35.31476  7.01%     - 1022s
     0     0   35.30797    0  270   33.00000   35.30797  6.99%     - 1034s
     0     0   35.30797    0  232   33.00000   35.30797  6.99%     - 1056s
     0     2   35.30797    0  226   33.00000   35.30797  6.99%     - 1130s
     1     4   35.30147    1  229   33.00000   35.30797  6.99%   218 1139s
     3     8   35.28674    2  219   33.00000   35.30147  6.97%   217 1162s
     7    12   35.04075    3  300   33.00000   35.29193  6.95%   439 1193s
    11    16   35.22099    3  220   33.00000   35.28988  6.94%   471 1215s
    15    20   35.12550    4  215   33.00000   35.22099  6.73%   452 1231s
    19    24   35.13782    4  270   33.00000   35.13782  6.48%   407 1247s
    23    26   34.92215    5  253   33.00000   35.13782  6.48%   380 1271s
    27    30   34.58014    6  243   33.00000   35.13782  6.48%   388 1308s
    31    34   34.83049    6  244   33.00000   35.13782  6.48%   398 1323s
    35    32   34.53458    7  223   33.00000   35.13782  6.48%   385 1332s
    41    37   34.32225    8  212   33.00000   35.13782  6.48%   345 1348s
    46    35     cutoff    8        33.00000   35.13782  6.48%   331 1358s
    54    34   34.17662   10  231   33.00000   35.13782  6.48%   299 1373s
    62    34     cutoff   11        33.00000   35.12423  6.44%   274 1419s
    70    38   34.74388    6  318   33.00000   35.12423  6.44%   278 1450s
    74    40   34.55738    7  285   33.00000   35.12423  6.44%   283 1508s
    78    45   34.55738    8  283   33.00000   35.12423  6.44%   294 1532s
    83    44     cutoff   10        33.00000   35.12423  6.44%   313 1580s
    92    50   34.23693   11  247   33.00000   35.12423  6.44%   322 1601s
    98    51   34.13198   14  247   33.00000   35.12423  6.44%   319 1625s
   107    51     cutoff   16        33.00000   35.12423  6.44%   312 1656s
   117    47     cutoff   16        33.00000   35.12423  6.44%   303 1700s
   129    44   34.01795   14  236   33.00000   35.12423  6.44%   316 1731s
   141    46   34.08801   14  241   33.00000   35.12423  6.44%   302 1780s
   151    44     cutoff   16        33.00000   35.12423  6.44%   296 1800s

Cutting planes:
  Gomory: 14
  Cover: 2
  MIR: 330
  Zero half: 136
  RLT: 51
  BQP: 225

Explored 163 nodes (91608 simplex iterations) in 1801.89 seconds
Thread count was 8 (of 8 available processors)

Solution count 7: 33 31 30 ... 2

Time limit reached
Best objective 3.300000000000e+01, best bound 3.500000000000e+01, gap 6.0606%
