
Gurobi 9.1.2 (win64, Java) logging started Sun Dec 19 10:09:14 2021

Academic license - for non-commercial use only - expires 2022-09-02
Gurobi Optimizer version 9.1.2 build v9.1.2rc0 (win64)
Thread count: 4 physical cores, 8 logical processors, using up to 8 threads
Optimize a model with 1232480 rows, 1200 columns and 3698400 nonzeros
Model fingerprint: 0x1db43d0b
Variable types: 0 continuous, 1200 integer (1200 binary)
Coefficient statistics:
  Matrix range     [1e+00, 1e+00]
  Objective range  [1e+00, 1e+00]
  Bounds range     [1e+00, 1e+00]
  RHS range        [1e+00, 1e+00]
Found heuristic solution: objective 6.0000000
Presolve removed 0 rows and 0 columns (presolve time = 6s) ...
Presolve time: 6.07s
Presolved: 1232480 rows, 1200 columns, 3698400 nonzeros
Variable types: 0 continuous, 1200 integer (1200 binary)

Root simplex log...

Iteration    Objective       Primal Inf.    Dual Inf.      Time
       0    8.0000000e+01   0.000000e+00   5.367000e+03     11s
   35512    4.2264773e+01   0.000000e+00   2.270408e+06     15s
   39364    4.2250000e+01   0.000000e+00   0.000000e+00     16s
   39364    4.2250000e+01   0.000000e+00   0.000000e+00     17s

Root relaxation: objective 4.225000e+01, 39364 iterations, 9.35 seconds
Total elapsed time = 24.90s
Total elapsed time = 27.22s

    Nodes    |    Current Node    |     Objective Bounds      |     Work
 Expl Unexpl |  Obj  Depth IntInf | Incumbent    BestBd   Gap | It/Node Time

     0     0   42.25000    0  158    6.00000   42.25000   604%     -   29s
H    0     0                      15.0000000   42.25000   182%     -   30s
H    0     0                      18.0000000   42.25000   135%     -   30s
H    0     0                      19.0000000   42.25000   122%     -   31s
     0     0   39.83697    0  267   19.00000   39.83697   110%     -  119s
H    0     0                      20.0000000   39.83697  99.2%     -  123s
     0     0   39.81704    0  264   20.00000   39.81704  99.1%     -  127s
     0     0   39.81385    0  261   20.00000   39.81385  99.1%     -  129s
     0     0   39.81365    0  264   20.00000   39.81365  99.1%     -  132s
     0     0   36.87711    0  310   20.00000   36.87711  84.4%     -  201s
H    0     0                      21.0000000   36.87711  75.6%     -  205s
     0     0   36.64702    0  298   21.00000   36.64702  74.5%     -  217s
     0     0   36.50689    0  303   21.00000   36.50689  73.8%     -  228s
     0     0   36.47453    0  302   21.00000   36.47453  73.7%     -  233s
     0     0   36.47114    0  305   21.00000   36.47114  73.7%     -  237s
     0     0   36.46859    0  312   21.00000   36.46859  73.7%     -  239s
     0     0   36.46810    0  316   21.00000   36.46810  73.7%     -  242s
     0     0   34.62427    0  328   21.00000   34.62427  64.9%     -  301s
H    0     0                      22.0000000   34.62427  57.4%     -  303s
H    0     0                      23.0000000   34.62427  50.5%     -  303s
     0     0   34.36120    0  344   23.00000   34.36120  49.4%     -  319s
     0     0   34.29374    0  363   23.00000   34.29374  49.1%     -  328s
     0     0   34.27705    0  356   23.00000   34.27705  49.0%     -  333s
     0     0   34.27421    0  362   23.00000   34.27421  49.0%     -  336s
     0     0   34.27153    0  371   23.00000   34.27153  49.0%     -  339s
     0     0   34.27086    0  365   23.00000   34.27086  49.0%     -  342s
     0     0   33.58285    0  376   23.00000   33.58285  46.0%     -  385s
     0     0   33.42400    0  382   23.00000   33.42400  45.3%     -  403s
     0     0   33.38468    0  381   23.00000   33.38468  45.2%     -  411s
     0     0   33.36181    0  389   23.00000   33.36181  45.1%     -  417s
     0     0   33.35138    0  394   23.00000   33.35138  45.0%     -  423s
     0     0   33.34321    0  392   23.00000   33.34321  45.0%     -  427s
     0     0   33.33794    0  398   23.00000   33.33794  44.9%     -  431s
     0     0   33.33362    0  397   23.00000   33.33362  44.9%     -  434s
     0     0   33.33106    0  382   23.00000   33.33106  44.9%     -  437s
     0     0   33.33013    0  391   23.00000   33.33013  44.9%     -  440s
     0     0   33.32993    0  396   23.00000   33.32993  44.9%     -  442s
     0     0   33.08752    0  388   23.00000   33.08752  43.9%     -  471s
     0     0   32.96807    0  412   23.00000   32.96807  43.3%     -  488s
     0     0   32.94902    0  429   23.00000   32.94902  43.3%     -  496s
     0     0   32.93508    0  432   23.00000   32.93508  43.2%     -  501s
     0     0   32.93279    0  437   23.00000   32.93279  43.2%     -  504s
     0     0   32.93080    0  429   23.00000   32.93080  43.2%     -  508s
     0     0   32.93033    0  435   23.00000   32.93033  43.2%     -  511s
     0     0   32.79343    0  410   23.00000   32.79343  42.6%     -  539s
     0     0   32.70775    0  418   23.00000   32.70775  42.2%     -  555s
     0     0   32.68880    0  420   23.00000   32.68880  42.1%     -  562s
     0     0   32.67724    0  424   23.00000   32.67724  42.1%     -  567s
     0     0   32.66809    0  426   23.00000   32.66809  42.0%     -  573s
     0     0   32.66410    0  432   23.00000   32.66410  42.0%     -  577s
     0     0   32.66306    0  437   23.00000   32.66306  42.0%     -  580s
     0     0   32.66258    0  443   23.00000   32.66258  42.0%     -  582s
     0     0   32.59763    0  443   23.00000   32.59763  41.7%     -  605s
     0     0   32.56372    0  462   23.00000   32.56372  41.6%     -  616s
     0     0   32.54820    0  454   23.00000   32.54820  41.5%     -  622s
     0     0   32.54162    0  451   23.00000   32.54162  41.5%     -  627s
     0     0   32.53983    0  450   23.00000   32.53983  41.5%     -  629s
     0     0   32.53938    0  456   23.00000   32.53938  41.5%     -  632s
     0     0   32.48865    0  440   23.00000   32.48865  41.3%     -  651s
     0     0   32.46806    0  461   23.00000   32.46806  41.2%     -  661s
     0     0   32.45847    0  470   23.00000   32.45847  41.1%     -  666s
     0     0   32.45639    0  465   23.00000   32.45639  41.1%     -  671s
     0     0   32.45459    0  464   23.00000   32.45459  41.1%     -  674s
     0     0   32.45373    0  464   23.00000   32.45373  41.1%     -  677s
     0     0   32.38638    0  442   23.00000   32.38638  40.8%     -  700s
     0     0   32.36747    0  458   23.00000   32.36747  40.7%     -  710s
     0     0   32.35625    0  461   23.00000   32.35625  40.7%     -  717s
     0     0   32.35048    0  471   23.00000   32.35048  40.7%     -  722s
     0     0   32.34772    0  480   23.00000   32.34772  40.6%     -  726s
     0     0   32.34582    0  482   23.00000   32.34582  40.6%     -  729s
     0     0   32.34450    0  482   23.00000   32.34450  40.6%     -  732s
     0     0   32.34422    0  483   23.00000   32.34422  40.6%     -  735s
     0     0   32.29875    0  454   23.00000   32.29875  40.4%     -  755s
     0     0   32.25667    0  486   23.00000   32.25667  40.2%     -  768s
     0     0   32.24835    0  477   23.00000   32.24835  40.2%     -  774s
     0     0   32.24598    0  468   23.00000   32.24598  40.2%     -  779s
     0     0   32.24487    0  491   23.00000   32.24487  40.2%     -  782s
     0     0   32.24319    0  495   23.00000   32.24319  40.2%     -  785s
     0     0   32.24223    0  500   23.00000   32.24223  40.2%     -  788s
     0     0   32.19727    0  463   23.00000   32.19727  40.0%     -  811s
H    0     0                      24.0000000   32.19727  34.2%     -  813s
     0     0   32.18438    0  463   24.00000   32.18438  34.1%     -  819s
     0     0   32.17775    0  470   24.00000   32.17775  34.1%     -  825s
     0     0   32.17477    0  492   24.00000   32.17477  34.1%     -  828s
     0     0   32.17342    0  494   24.00000   32.17342  34.1%     -  832s
     0     0   32.17259    0  483   24.00000   32.17259  34.1%     -  834s
     0     0   32.15702    0  471   24.00000   32.15702  34.0%     -  851s
     0     0   32.15266    0  502   24.00000   32.15266  34.0%     -  858s
     0     0   32.15047    0  496   24.00000   32.15047  34.0%     -  862s
     0     0   32.14958    0  497   24.00000   32.14958  34.0%     -  865s
     0     0   32.13029    0  500   24.00000   32.13029  33.9%     -  884s
     0     0   32.12203    0  501   24.00000   32.12203  33.8%     -  893s
     0     0   32.11935    0  513   24.00000   32.11935  33.8%     -  896s
     0     0   32.11761    0  511   24.00000   32.11761  33.8%     -  900s
     0     0   32.11529    0  518   24.00000   32.11529  33.8%     -  903s
     0     0   32.11518    0  521   24.00000   32.11518  33.8%     -  906s
     0     0   32.09547    0  476   24.00000   32.09547  33.7%     -  924s
     0     0   32.09058    0  509   24.00000   32.09058  33.7%     -  932s
     0     0   32.08760    0  477   24.00000   32.08760  33.7%     -  937s
     0     0   32.08605    0  514   24.00000   32.08605  33.7%     -  942s
     0     0   32.08540    0  492   24.00000   32.08540  33.7%     -  944s
     0     0   32.07062    0  484   24.00000   32.07062  33.6%     -  963s
     0     0   32.06211    0  499   24.00000   32.06211  33.6%     -  971s
     0     0   32.05997    0  497   24.00000   32.05997  33.6%     -  975s
     0     0   32.05905    0  492   24.00000   32.05905  33.6%     -  979s
     0     0   32.04430    0  482   24.00000   32.04430  33.5%     -  996s
     0     0   32.03890    0  474   24.00000   32.03890  33.5%     - 1003s
     0     0   32.03654    0  479   24.00000   32.03654  33.5%     - 1007s
     0     0   32.03592    0  481   24.00000   32.03592  33.5%     - 1009s
     0     0   32.01663    0  509   24.00000   32.01663  33.4%     - 1027s
     0     0   32.00849    0  488   24.00000   32.00849  33.4%     - 1036s
     0     0   32.00521    0  506   24.00000   32.00521  33.4%     - 1040s
     0     0   32.00418    0  493   24.00000   32.00418  33.4%     - 1043s
     0     0   31.99667    0  522   24.00000   31.99667  33.3%     - 1060s
     0     0   31.99222    0  474   24.00000   31.99222  33.3%     - 1067s
     0     0   31.99068    0  477   24.00000   31.99068  33.3%     - 1070s
     0     0   31.98954    0  485   24.00000   31.98954  33.3%     - 1073s
     0     0   31.98908    0  485   24.00000   31.98908  33.3%     - 1076s
     0     0   31.98653    0  451   24.00000   31.98653  33.3%     - 1091s
     0     0   31.98503    0  479   24.00000   31.98503  33.3%     - 1096s
     0     0   31.98354    0  486   24.00000   31.98354  33.3%     - 1100s
     0     0   31.98262    0  488   24.00000   31.98262  33.3%     - 1104s
     0     0   31.97885    0  473   24.00000   31.97885  33.2%     - 1118s
     0     0   31.97567    0  503   24.00000   31.97567  33.2%     - 1125s
     0     0   31.97437    0  484   24.00000   31.97437  33.2%     - 1127s
     0     0   31.97377    0  485   24.00000   31.97377  33.2%     - 1131s
     0     0   31.97144    0  505   24.00000   31.97144  33.2%     - 1146s
     0     0   31.97144    0  487   24.00000   31.97144  33.2%     - 1157s
H    0     0                      26.0000000   31.97144  23.0%     - 1258s
H    0     0                      27.0000000   31.97144  18.4%     - 1341s
     0     2   31.97144    0  482   27.00000   31.97144  18.4%     - 1353s
     1     4   31.89188    1  440   27.00000   31.95873  18.4%   395 1396s
     3     8   31.89188    2  435   27.00000   31.89188  18.1%   423 1452s
     7    12   31.63951    3  465   27.00000   31.87935  18.1%   545 1564s
    11    16   31.44144    4  425   27.00000   31.87935  18.1%   718 1638s
    15    20   31.18563    5  459   27.00000   31.87935  18.1%   931 1747s
    19    24   31.05478    6  436   27.00000   31.87935  18.1%   962 1797s

Cutting planes:
  Gomory: 6
  Cover: 2
  MIR: 249
  Zero half: 275
  RLT: 57
  BQP: 295

Explored 23 nodes (97837 simplex iterations) in 1800.81 seconds
Thread count was 8 (of 8 available processors)

Solution count 10: 27 26 24 ... 15

Time limit reached
Best objective 2.700000000000e+01, best bound 3.100000000000e+01, gap 14.8148%
