
Gurobi 9.1.2 (win64, Java) logging started Sun Dec 19 06:38:54 2021

Academic license - for non-commercial use only - expires 2022-09-02
Gurobi Optimizer version 9.1.2 build v9.1.2rc0 (win64)
Thread count: 4 physical cores, 8 logical processors, using up to 8 threads
Optimize a model with 131230 rows, 275 columns and 393800 nonzeros
Model fingerprint: 0x0d769c10
Variable types: 0 continuous, 275 integer (275 binary)
Coefficient statistics:
  Matrix range     [1e+00, 1e+00]
  Objective range  [1e+00, 1e+00]
  Bounds range     [1e+00, 1e+00]
  RHS range        [1e+00, 1e+00]
Found heuristic solution: objective 14.0000000
Presolve time: 0.39s
Presolved: 131230 rows, 275 columns, 393800 nonzeros
Variable types: 0 continuous, 275 integer (275 binary)

Starting sifting (using dual simplex for sub-problems)...

    Iter     Pivots    Primal Obj      Dual Obj        Time
       0         55    -infinity     -5.0000000e+00      1s
       1        226  -5.2500814e+01  -2.8757535e+01      1s
       2       1135  -3.1257858e+01  -3.1255611e+01      1s

Sifting complete


Root relaxation: objective 3.125000e+01, 1618 iterations, 0.38 seconds

    Nodes    |    Current Node    |     Objective Bounds      |     Work
 Expl Unexpl |  Obj  Depth IntInf | Incumbent    BestBd   Gap | It/Node Time

     0     0   31.25000    0  110   14.00000   31.25000   123%     -    1s
H    0     0                      19.0000000   31.25000  64.5%     -    1s
H    0     0                      20.0000000   31.25000  56.3%     -    1s
     0     0   27.96353    0  177   20.00000   27.96353  39.8%     -    6s
     0     0   26.32927    0  177   20.00000   26.32927  31.6%     -   11s
     0     0   26.19086    0  189   20.00000   26.19086  31.0%     -   12s
     0     0   26.07746    0  184   20.00000   26.07746  30.4%     -   13s
     0     0   26.04407    0  187   20.00000   26.04407  30.2%     -   13s
     0     0   26.02897    0  191   20.00000   26.02897  30.1%     -   13s
     0     0   26.02121    0  188   20.00000   26.02121  30.1%     -   13s
     0     0   26.01967    0  189   20.00000   26.01967  30.1%     -   14s
     0     0   26.01923    0  189   20.00000   26.01923  30.1%     -   14s
     0     0   25.37795    0  202   20.00000   25.37795  26.9%     -   17s
H    0     0                      22.0000000   25.37795  15.4%     -   17s
     0     0   25.23506    0  189   22.00000   25.23506  14.7%     -   18s
     0     0   25.12907    0  196   22.00000   25.12907  14.2%     -   18s
     0     0   25.10677    0  205   22.00000   25.10677  14.1%     -   19s
     0     0   25.10026    0  209   22.00000   25.10026  14.1%     -   19s
     0     0   25.09604    0  213   22.00000   25.09604  14.1%     -   19s
     0     0   25.09401    0  213   22.00000   25.09401  14.1%     -   19s
     0     0   25.09243    0  209   22.00000   25.09243  14.1%     -   20s
     0     0   25.09242    0  212   22.00000   25.09242  14.1%     -   20s
     0     0   24.89132    0  203   22.00000   24.89132  13.1%     -   22s
     0     0   24.82044    0  210   22.00000   24.82044  12.8%     -   23s
     0     0   24.77762    0  206   22.00000   24.77762  12.6%     -   23s
     0     0   24.75558    0  205   22.00000   24.75558  12.5%     -   24s
     0     0   24.74697    0  206   22.00000   24.74697  12.5%     -   24s
     0     0   24.74461    0  208   22.00000   24.74461  12.5%     -   24s
     0     0   24.73908    0  204   22.00000   24.73908  12.5%     -   24s
     0     0   24.73813    0  204   22.00000   24.73813  12.4%     -   25s
     0     0   24.73723    0  204   22.00000   24.73723  12.4%     -   25s
     0     0   24.73681    0  210   22.00000   24.73681  12.4%     -   25s
     0     0   24.72235    0  190   22.00000   24.72235  12.4%     -   27s
     0     0   24.68946    0  186   22.00000   24.68946  12.2%     -   27s
     0     0   24.68417    0  189   22.00000   24.68417  12.2%     -   28s
     0     0   24.68060    0  189   22.00000   24.68060  12.2%     -   28s
     0     0   24.67838    0  206   22.00000   24.67838  12.2%     -   28s
     0     0   24.67708    0  190   22.00000   24.67708  12.2%     -   28s
     0     0   24.67674    0  189   22.00000   24.67674  12.2%     -   29s
     0     0   24.67541    0  189   22.00000   24.67541  12.2%     -   30s
     0     0   24.67336    0  205   22.00000   24.67336  12.2%     -   31s
     0     0   24.67213    0  180   22.00000   24.67213  12.1%     -   31s
     0     0   24.67081    0  189   22.00000   24.67081  12.1%     -   31s
     0     0   24.67066    0  190   22.00000   24.67066  12.1%     -   31s
     0     0   24.65319    0  208   22.00000   24.65319  12.1%     -   33s
     0     0   24.64496    0  188   22.00000   24.64496  12.0%     -   33s
     0     0   24.63735    0  209   22.00000   24.63735  12.0%     -   34s
     0     0   24.63105    0  211   22.00000   24.63105  12.0%     -   34s
     0     0   24.62549    0  192   22.00000   24.62549  11.9%     -   34s
     0     0   24.62431    0  189   22.00000   24.62431  11.9%     -   34s
     0     0   24.62376    0  190   22.00000   24.62376  11.9%     -   35s
     0     0   24.60577    0  199   22.00000   24.60577  11.8%     -   37s
     0     0   24.59325    0  202   22.00000   24.59325  11.8%     -   37s
     0     0   24.59109    0  203   22.00000   24.59109  11.8%     -   37s
     0     0   24.58771    0  206   22.00000   24.58771  11.8%     -   38s
     0     0   24.58454    0  208   22.00000   24.58454  11.7%     -   38s
     0     0   24.58309    0  203   22.00000   24.58309  11.7%     -   38s
     0     0   24.58233    0  204   22.00000   24.58233  11.7%     -   38s
     0     0   24.58211    0  203   22.00000   24.58211  11.7%     -   39s
     0     0   24.58196    0  206   22.00000   24.58196  11.7%     -   40s
     0     0   24.58145    0  212   22.00000   24.58145  11.7%     -   40s
     0     0   24.58092    0  207   22.00000   24.58092  11.7%     -   42s
     0     0   24.57874    0  181   22.00000   24.57874  11.7%     -   43s
     0     0   24.57679    0  187   22.00000   24.57679  11.7%     -   43s
     0     0   24.57645    0  208   22.00000   24.57645  11.7%     -   43s
     0     0   24.57610    0  210   22.00000   24.57610  11.7%     -   44s
     0     0   24.57602    0  212   22.00000   24.57602  11.7%     -   45s
     0     0   24.57553    0  200   22.00000   24.57553  11.7%     -   46s
     0     0   24.57553    0  195   22.00000   24.57553  11.7%     -   47s
     0     2   24.57553    0  185   22.00000   24.57553  11.7%     -   54s
     1     4   24.50724    1  178   22.00000   24.57257  11.7%   207   55s
     7     8   24.22342    3  154   22.00000   24.44626  11.1%   210   60s
    23     4     cutoff    4        22.00000   23.72462  7.84%   202   65s

Cutting planes:
  MIR: 98
  Zero half: 29
  RLT: 74
  BQP: 18

Explored 37 nodes (15365 simplex iterations) in 67.44 seconds
Thread count was 8 (of 8 available processors)

Solution count 4: 22 20 19 14 

Optimal solution found (tolerance 1.00e-04)
Best objective 2.200000000000e+01, best bound 2.200000000000e+01, gap 0.0000%
