
Gurobi 9.1.2 (win64, Java) logging started Sun Dec 19 06:33:42 2021

Academic license - for non-commercial use only - expires 2022-09-02
Gurobi Optimizer version 9.1.2 build v9.1.2rc0 (win64)
Thread count: 4 physical cores, 8 logical processors, using up to 8 threads
Optimize a model with 49440 rows, 200 columns and 148400 nonzeros
Model fingerprint: 0x721546bc
Variable types: 0 continuous, 200 integer (200 binary)
Coefficient statistics:
  Matrix range     [1e+00, 1e+00]
  Objective range  [1e+00, 1e+00]
  Bounds range     [1e+00, 1e+00]
  RHS range        [1e+00, 1e+00]
Found heuristic solution: objective 6.0000000
Presolve time: 0.15s
Presolved: 49440 rows, 200 columns, 148400 nonzeros
Variable types: 0 continuous, 200 integer (200 binary)

Starting sifting (using dual simplex for sub-problems)...

    Iter     Pivots    Primal Obj      Dual Obj        Time
       0         40    -infinity     -7.0000000e+00      0s
       1        140  -3.6501240e+01  -2.1755060e+01      0s
       2        798  -2.2756741e+01  -2.2754974e+01      0s

Sifting complete


Root relaxation: objective 2.275000e+01, 1037 iterations, 0.16 seconds

    Nodes    |    Current Node    |     Objective Bounds      |     Work
 Expl Unexpl |  Obj  Depth IntInf | Incumbent    BestBd   Gap | It/Node Time

     0     0   22.75000    0   80    6.00000   22.75000   279%     -    0s
H    0     0                      11.0000000   22.75000   107%     -    0s
H    0     0                      13.0000000   22.75000  75.0%     -    0s
     0     0   20.59389    0  129   13.00000   20.59389  58.4%     -    2s
     0     0   20.58624    0  127   13.00000   20.58624  58.4%     -    2s
     0     0   20.58479    0  126   13.00000   20.58479  58.3%     -    2s
H    0     0                      14.0000000   19.99254  42.8%     -    5s
     0     0   18.77955    0  132   14.00000   18.77955  34.1%     -    5s
     0     0   18.68646    0  135   14.00000   18.68646  33.5%     -    5s
     0     0   18.64044    0  128   14.00000   18.64044  33.1%     -    5s
     0     0   18.61990    0  136   14.00000   18.61990  33.0%     -    6s
     0     0   18.60263    0  135   14.00000   18.60263  32.9%     -    6s
     0     0   18.59662    0  137   14.00000   18.59662  32.8%     -    6s
     0     0   18.59336    0  136   14.00000   18.59336  32.8%     -    6s
     0     0   18.59239    0  140   14.00000   18.59239  32.8%     -    6s
     0     0   18.59193    0  131   14.00000   18.59193  32.8%     -    6s
     0     0   18.59151    0  132   14.00000   18.59151  32.8%     -    6s
     0     0   18.59140    0  131   14.00000   18.59140  32.8%     -    7s
     0     0   18.29339    0  141   14.00000   18.29339  30.7%     -    8s
H    0     0                      15.0000000   18.29339  22.0%     -    8s
     0     0   18.19863    0  146   15.00000   18.19863  21.3%     -    8s
     0     0   18.18455    0  150   15.00000   18.18455  21.2%     -    9s
     0     0   18.16506    0  150   15.00000   18.16506  21.1%     -    9s
     0     0   18.15995    0  151   15.00000   18.15995  21.1%     -    9s
     0     0   18.15806    0  149   15.00000   18.15806  21.1%     -    9s
     0     0   18.15715    0  148   15.00000   18.15715  21.0%     -    9s
     0     0   18.15630    0  152   15.00000   18.15630  21.0%     -    9s
     0     0   18.15625    0  151   15.00000   18.15625  21.0%     -    9s
     0     0   18.03704    0  146   15.00000   18.03704  20.2%     -   11s
     0     0   17.97807    0  149   15.00000   17.97807  19.9%     -   11s
     0     0   17.94809    0  155   15.00000   17.94809  19.7%     -   11s
     0     0   17.93609    0  158   15.00000   17.93609  19.6%     -   11s
     0     0   17.93309    0  158   15.00000   17.93309  19.6%     -   12s
     0     0   17.93159    0  158   15.00000   17.93159  19.5%     -   12s
     0     0   17.93122    0  157   15.00000   17.93122  19.5%     -   12s
     0     0   17.89054    0  150   15.00000   17.89054  19.3%     -   13s
     0     0   17.87318    0  154   15.00000   17.87318  19.2%     -   13s
     0     0   17.86730    0  158   15.00000   17.86730  19.1%     -   14s
     0     0   17.86302    0  158   15.00000   17.86302  19.1%     -   14s
     0     0   17.86290    0  160   15.00000   17.86290  19.1%     -   14s
     0     0   17.85326    0  156   15.00000   17.85326  19.0%     -   15s
     0     0   17.84957    0  162   15.00000   17.84957  19.0%     -   15s
     0     0   17.84933    0  163   15.00000   17.84933  19.0%     -   15s
     0     0   17.83736    0  157   15.00000   17.83736  18.9%     -   16s
     0     0   17.83425    0  160   15.00000   17.83425  18.9%     -   16s
     0     0   17.83335    0  160   15.00000   17.83335  18.9%     -   16s
     0     0   17.83126    0  164   15.00000   17.83126  18.9%     -   17s
     0     0   17.83114    0  165   15.00000   17.83114  18.9%     -   17s
     0     0   17.64607    0  165   15.00000   17.64607  17.6%     -   17s
     0     0   17.64103    0  165   15.00000   17.64103  17.6%     -   18s
     0     0   17.64103    0  168   15.00000   17.64103  17.6%     -   18s
     0     0   17.63462    0  166   15.00000   17.63462  17.6%     -   18s
     0     0   17.50000    0  164   15.00000   17.50000  16.7%     -   18s
     0     0   17.50000    0  165   15.00000   17.50000  16.7%     -   19s
     0     0   17.44444    0  160   15.00000   17.44444  16.3%     -   19s
     0     0   17.44444    0  151   15.00000   17.44444  16.3%     -   20s
     0     2   17.44444    0  151   15.00000   17.44444  16.3%     -   21s
*   23    13               6      16.0000000   17.44444  9.03%   164   24s
    36     3   17.24735    4  126   16.00000   17.24735  7.80%   117   25s

Cutting planes:
  Gomory: 1
  MIR: 114
  Zero half: 58
  RLT: 33
  BQP: 28

Explored 45 nodes (8446 simplex iterations) in 25.39 seconds
Thread count was 8 (of 8 available processors)

Solution count 6: 16 15 14 ... 6

Optimal solution found (tolerance 1.00e-04)
Best objective 1.600000000000e+01, best bound 1.600000000000e+01, gap 0.0000%
